[1.243s] DEBUG:colcon:Command line arguments: ['/usr/bin/colcon', 'build']
[1.243s] DEBUG:colcon:Parsed command line arguments: Namespace(allow_overriding=[], ament_cmake_args=None, base_paths=['.'], build_base='build', catkin_cmake_args=None, catkin_skip_building_tests=False, cmake_args=None, cmake_clean_cache=False, cmake_clean_first=False, cmake_force_configure=False, cmake_target=None, cmake_target_skip_unavailable=False, continue_on_error=False, event_handlers=None, executor='parallel', ignore_user_meta=False, install_base='install', log_base=None, log_level=None, main=<bound method BuildVerb.main of <colcon_core.verb.build.BuildVerb object at 0x7fac95e3d0>>, merge_install=False, metas=['./colcon.meta'], packages_above=None, packages_above_and_dependencies=None, packages_above_depth=None, packages_end=None, packages_ignore=None, packages_ignore_regex=None, packages_select=None, packages_select_build_failed=False, packages_select_by_dep=None, packages_select_regex=None, packages_select_test_failures=False, packages_skip=None, packages_skip_build_finished=False, packages_skip_by_dep=None, packages_skip_regex=None, packages_skip_test_passed=False, packages_skip_up_to=None, packages_start=None, packages_up_to=None, packages_up_to_regex=None, parallel_workers=4, paths=None, symlink_install=False, test_result_base=None, verb_extension=<colcon_core.verb.build.BuildVerb object at 0x7fac95e3d0>, verb_name='build', verb_parser=<colcon_defaults.argument_parser.defaults.DefaultArgumentsDecorator object at 0x7fac96f0a0>)
[3.051s] Level 1:colcon.colcon_core.package_discovery:discover_packages(colcon_meta) check parameters
[3.052s] Level 1:colcon.colcon_core.package_discovery:discover_packages(recursive) check parameters
[3.053s] Level 1:colcon.colcon_core.package_discovery:discover_packages(ignore) check parameters
[3.053s] Level 1:colcon.colcon_core.package_discovery:discover_packages(path) check parameters
[3.053s] Level 1:colcon.colcon_core.package_discovery:discover_packages(colcon_meta) discover
[3.054s] Level 1:colcon.colcon_core.package_discovery:discover_packages(recursive) discover
[3.054s] INFO:colcon.colcon_core.package_discovery:Crawling recursively for packages in '/home/puzzlebot/github/mini_challenges_eq5'
[3.055s] Level 1:colcon.colcon_core.package_identification:_identify(.) by extensions ['ignore', 'ignore_ament_install']
[3.055s] Level 1:colcon.colcon_core.package_identification:_identify(.) by extension 'ignore'
[3.056s] Level 1:colcon.colcon_core.package_identification:_identify(.) by extension 'ignore_ament_install'
[3.056s] Level 1:colcon.colcon_core.package_identification:_identify(.) by extensions ['colcon_pkg']
[3.057s] Level 1:colcon.colcon_core.package_identification:_identify(.) by extension 'colcon_pkg'
[3.057s] Level 1:colcon.colcon_core.package_identification:_identify(.) by extensions ['colcon_meta']
[3.057s] Level 1:colcon.colcon_core.package_identification:_identify(.) by extension 'colcon_meta'
[3.057s] Level 1:colcon.colcon_core.package_identification:_identify(.) by extensions ['ros']
[3.058s] Level 1:colcon.colcon_core.package_identification:_identify(.) by extension 'ros'
[3.150s] Level 1:colcon.colcon_core.package_identification:_identify(.) by extensions ['cmake', 'python']
[3.150s] Level 1:colcon.colcon_core.package_identification:_identify(.) by extension 'cmake'
[3.161s] Level 1:colcon.colcon_core.package_identification:_identify(.) by extension 'python'
[3.161s] Level 1:colcon.colcon_core.package_identification:_identify(.) by extensions ['python_setup_py']
[3.162s] Level 1:colcon.colcon_core.package_identification:_identify(.) by extension 'python_setup_py'
[3.162s] Level 1:colcon.colcon_core.package_identification:_identify(build) by extensions ['ignore', 'ignore_ament_install']
[3.163s] Level 1:colcon.colcon_core.package_identification:_identify(build) by extension 'ignore'
[3.163s] Level 1:colcon.colcon_core.package_identification:_identify(build) ignored
[3.164s] Level 1:colcon.colcon_core.package_identification:_identify(install) by extensions ['ignore', 'ignore_ament_install']
[3.164s] Level 1:colcon.colcon_core.package_identification:_identify(install) by extension 'ignore'
[3.164s] Level 1:colcon.colcon_core.package_identification:_identify(install) ignored
[3.169s] Level 1:colcon.colcon_core.package_identification:_identify(log) by extensions ['ignore', 'ignore_ament_install']
[3.170s] Level 1:colcon.colcon_core.package_identification:_identify(log) by extension 'ignore'
[3.170s] Level 1:colcon.colcon_core.package_identification:_identify(log) ignored
[3.171s] Level 1:colcon.colcon_core.package_identification:_identify(src) by extensions ['ignore', 'ignore_ament_install']
[3.171s] Level 1:colcon.colcon_core.package_identification:_identify(src) by extension 'ignore'
[3.172s] Level 1:colcon.colcon_core.package_identification:_identify(src) by extension 'ignore_ament_install'
[3.172s] Level 1:colcon.colcon_core.package_identification:_identify(src) by extensions ['colcon_pkg']
[3.172s] Level 1:colcon.colcon_core.package_identification:_identify(src) by extension 'colcon_pkg'
[3.173s] Level 1:colcon.colcon_core.package_identification:_identify(src) by extensions ['colcon_meta']
[3.173s] Level 1:colcon.colcon_core.package_identification:_identify(src) by extension 'colcon_meta'
[3.173s] Level 1:colcon.colcon_core.package_identification:_identify(src) by extensions ['ros']
[3.173s] Level 1:colcon.colcon_core.package_identification:_identify(src) by extension 'ros'
[3.174s] Level 1:colcon.colcon_core.package_identification:_identify(src) by extensions ['cmake', 'python']
[3.174s] Level 1:colcon.colcon_core.package_identification:_identify(src) by extension 'cmake'
[3.174s] Level 1:colcon.colcon_core.package_identification:_identify(src) by extension 'python'
[3.175s] Level 1:colcon.colcon_core.package_identification:_identify(src) by extensions ['python_setup_py']
[3.175s] Level 1:colcon.colcon_core.package_identification:_identify(src) by extension 'python_setup_py'
[3.176s] Level 1:colcon.colcon_core.package_identification:_identify(src/final_challenge) by extensions ['ignore', 'ignore_ament_install']
[3.176s] Level 1:colcon.colcon_core.package_identification:_identify(src/final_challenge) by extension 'ignore'
[3.176s] Level 1:colcon.colcon_core.package_identification:_identify(src/final_challenge) by extension 'ignore_ament_install'
[3.177s] Level 1:colcon.colcon_core.package_identification:_identify(src/final_challenge) by extensions ['colcon_pkg']
[3.177s] Level 1:colcon.colcon_core.package_identification:_identify(src/final_challenge) by extension 'colcon_pkg'
[3.177s] Level 1:colcon.colcon_core.package_identification:_identify(src/final_challenge) by extensions ['colcon_meta']
[3.178s] Level 1:colcon.colcon_core.package_identification:_identify(src/final_challenge) by extension 'colcon_meta'
[3.178s] Level 1:colcon.colcon_core.package_identification:_identify(src/final_challenge) by extensions ['ros']
[3.178s] Level 1:colcon.colcon_core.package_identification:_identify(src/final_challenge) by extension 'ros'
[3.211s] DEBUG:colcon.colcon_core.package_identification:Package 'src/final_challenge' with type 'ros.ament_python' and name 'final_challenge'
[3.211s] Level 1:colcon.colcon_core.package_identification:_identify(src/mini_challenge_2) by extensions ['ignore', 'ignore_ament_install']
[3.212s] Level 1:colcon.colcon_core.package_identification:_identify(src/mini_challenge_2) by extension 'ignore'
[3.212s] Level 1:colcon.colcon_core.package_identification:_identify(src/mini_challenge_2) by extension 'ignore_ament_install'
[3.213s] Level 1:colcon.colcon_core.package_identification:_identify(src/mini_challenge_2) by extensions ['colcon_pkg']
[3.214s] Level 1:colcon.colcon_core.package_identification:_identify(src/mini_challenge_2) by extension 'colcon_pkg'
[3.214s] Level 1:colcon.colcon_core.package_identification:_identify(src/mini_challenge_2) by extensions ['colcon_meta']
[3.215s] Level 1:colcon.colcon_core.package_identification:_identify(src/mini_challenge_2) by extension 'colcon_meta'
[3.215s] Level 1:colcon.colcon_core.package_identification:_identify(src/mini_challenge_2) by extensions ['ros']
[3.215s] Level 1:colcon.colcon_core.package_identification:_identify(src/mini_challenge_2) by extension 'ros'
[3.219s] DEBUG:colcon.colcon_core.package_identification:Package 'src/mini_challenge_2' with type 'ros.ament_python' and name 'mini_challenge_2'
[3.220s] Level 1:colcon.colcon_core.package_identification:_identify(src/mini_challenge_3) by extensions ['ignore', 'ignore_ament_install']
[3.221s] Level 1:colcon.colcon_core.package_identification:_identify(src/mini_challenge_3) by extension 'ignore'
[3.221s] Level 1:colcon.colcon_core.package_identification:_identify(src/mini_challenge_3) by extension 'ignore_ament_install'
[3.222s] Level 1:colcon.colcon_core.package_identification:_identify(src/mini_challenge_3) by extensions ['colcon_pkg']
[3.223s] Level 1:colcon.colcon_core.package_identification:_identify(src/mini_challenge_3) by extension 'colcon_pkg'
[3.223s] Level 1:colcon.colcon_core.package_identification:_identify(src/mini_challenge_3) by extensions ['colcon_meta']
[3.224s] Level 1:colcon.colcon_core.package_identification:_identify(src/mini_challenge_3) by extension 'colcon_meta'
[3.224s] Level 1:colcon.colcon_core.package_identification:_identify(src/mini_challenge_3) by extensions ['ros']
[3.237s] Level 1:colcon.colcon_core.package_identification:_identify(src/mini_challenge_3) by extension 'ros'
[3.242s] DEBUG:colcon.colcon_core.package_identification:Package 'src/mini_challenge_3' with type 'ros.ament_python' and name 'mini_challenge_3'
[3.243s] Level 1:colcon.colcon_core.package_identification:_identify(src/mini_challenge_4) by extensions ['ignore', 'ignore_ament_install']
[3.243s] Level 1:colcon.colcon_core.package_identification:_identify(src/mini_challenge_4) by extension 'ignore'
[3.243s] Level 1:colcon.colcon_core.package_identification:_identify(src/mini_challenge_4) by extension 'ignore_ament_install'
[3.244s] Level 1:colcon.colcon_core.package_identification:_identify(src/mini_challenge_4) by extensions ['colcon_pkg']
[3.244s] Level 1:colcon.colcon_core.package_identification:_identify(src/mini_challenge_4) by extension 'colcon_pkg'
[3.244s] Level 1:colcon.colcon_core.package_identification:_identify(src/mini_challenge_4) by extensions ['colcon_meta']
[3.244s] Level 1:colcon.colcon_core.package_identification:_identify(src/mini_challenge_4) by extension 'colcon_meta'
[3.245s] Level 1:colcon.colcon_core.package_identification:_identify(src/mini_challenge_4) by extensions ['ros']
[3.245s] Level 1:colcon.colcon_core.package_identification:_identify(src/mini_challenge_4) by extension 'ros'
[3.249s] DEBUG:colcon.colcon_core.package_identification:Package 'src/mini_challenge_4' with type 'ros.ament_python' and name 'mini_challenge_4'
[3.250s] Level 1:colcon.colcon_core.package_identification:_identify(src/signal_msg) by extensions ['ignore', 'ignore_ament_install']
[3.251s] Level 1:colcon.colcon_core.package_identification:_identify(src/signal_msg) by extension 'ignore'
[3.251s] Level 1:colcon.colcon_core.package_identification:_identify(src/signal_msg) by extension 'ignore_ament_install'
[3.252s] Level 1:colcon.colcon_core.package_identification:_identify(src/signal_msg) by extensions ['colcon_pkg']
[3.252s] Level 1:colcon.colcon_core.package_identification:_identify(src/signal_msg) by extension 'colcon_pkg'
[3.252s] Level 1:colcon.colcon_core.package_identification:_identify(src/signal_msg) by extensions ['colcon_meta']
[3.252s] Level 1:colcon.colcon_core.package_identification:_identify(src/signal_msg) by extension 'colcon_meta'
[3.253s] Level 1:colcon.colcon_core.package_identification:_identify(src/signal_msg) by extensions ['ros']
[3.253s] Level 1:colcon.colcon_core.package_identification:_identify(src/signal_msg) by extension 'ros'
[3.256s] DEBUG:colcon.colcon_core.package_identification:Package 'src/signal_msg' with type 'ros.ament_cmake' and name 'signal_msg'
[3.257s] Level 1:colcon.colcon_core.package_identification:_identify(src/yolo_msg) by extensions ['ignore', 'ignore_ament_install']
[3.258s] Level 1:colcon.colcon_core.package_identification:_identify(src/yolo_msg) by extension 'ignore'
[3.259s] Level 1:colcon.colcon_core.package_identification:_identify(src/yolo_msg) by extension 'ignore_ament_install'
[3.259s] Level 1:colcon.colcon_core.package_identification:_identify(src/yolo_msg) by extensions ['colcon_pkg']
[3.260s] Level 1:colcon.colcon_core.package_identification:_identify(src/yolo_msg) by extension 'colcon_pkg'
[3.261s] Level 1:colcon.colcon_core.package_identification:_identify(src/yolo_msg) by extensions ['colcon_meta']
[3.261s] Level 1:colcon.colcon_core.package_identification:_identify(src/yolo_msg) by extension 'colcon_meta'
[3.262s] Level 1:colcon.colcon_core.package_identification:_identify(src/yolo_msg) by extensions ['ros']
[3.263s] Level 1:colcon.colcon_core.package_identification:_identify(src/yolo_msg) by extension 'ros'
[3.266s] DEBUG:colcon.colcon_core.package_identification:Package 'src/yolo_msg' with type 'ros.ament_cmake' and name 'yolo_msg'
[3.267s] Level 1:colcon.colcon_core.package_discovery:discover_packages(recursive) using defaults
[3.268s] Level 1:colcon.colcon_core.package_discovery:discover_packages(ignore) discover
[3.269s] Level 1:colcon.colcon_core.package_discovery:discover_packages(ignore) using defaults
[3.269s] Level 1:colcon.colcon_core.package_discovery:discover_packages(path) discover
[3.270s] Level 1:colcon.colcon_core.package_discovery:discover_packages(path) using defaults
[3.430s] Level 1:colcon.colcon_core.package_discovery:discover_packages(prefix_path) check parameters
[3.430s] Level 1:colcon.colcon_core.package_discovery:discover_packages(prefix_path) discover
[3.442s] DEBUG:colcon.colcon_installed_package_information.package_discovery:Found 3 installed packages in /home/puzzlebot/ros2_ws/install
[3.446s] DEBUG:colcon.colcon_installed_package_information.package_discovery:Found 5 installed packages in /home/puzzlebot/ros2_packages_ws/install
[3.454s] DEBUG:colcon.colcon_installed_package_information.package_discovery:Found 281 installed packages in /opt/ros/humble
[3.464s] Level 1:colcon.colcon_core.package_discovery:discover_packages(prefix_path) using defaults
[3.898s] Level 5:colcon.colcon_core.verb:set package 'mini_challenge_2' build argument 'cmake_args' from command line to 'None'
[3.899s] Level 5:colcon.colcon_core.verb:set package 'mini_challenge_2' build argument 'cmake_target' from command line to 'None'
[3.899s] Level 5:colcon.colcon_core.verb:set package 'mini_challenge_2' build argument 'cmake_target_skip_unavailable' from command line to 'False'
[3.899s] Level 5:colcon.colcon_core.verb:set package 'mini_challenge_2' build argument 'cmake_clean_cache' from command line to 'False'
[3.899s] Level 5:colcon.colcon_core.verb:set package 'mini_challenge_2' build argument 'cmake_clean_first' from command line to 'False'
[3.899s] Level 5:colcon.colcon_core.verb:set package 'mini_challenge_2' build argument 'cmake_force_configure' from command line to 'False'
[3.899s] Level 5:colcon.colcon_core.verb:set package 'mini_challenge_2' build argument 'ament_cmake_args' from command line to 'None'
[3.900s] Level 5:colcon.colcon_core.verb:set package 'mini_challenge_2' build argument 'catkin_cmake_args' from command line to 'None'
[3.900s] Level 5:colcon.colcon_core.verb:set package 'mini_challenge_2' build argument 'catkin_skip_building_tests' from command line to 'False'
[3.900s] DEBUG:colcon.colcon_core.verb:Building package 'mini_challenge_2' with the following arguments: {'ament_cmake_args': None, 'build_base': '/home/puzzlebot/github/mini_challenges_eq5/build/mini_challenge_2', 'catkin_cmake_args': None, 'catkin_skip_building_tests': False, 'cmake_args': None, 'cmake_clean_cache': False, 'cmake_clean_first': False, 'cmake_force_configure': False, 'cmake_target': None, 'cmake_target_skip_unavailable': False, 'install_base': '/home/puzzlebot/github/mini_challenges_eq5/install/mini_challenge_2', 'merge_install': False, 'path': '/home/puzzlebot/github/mini_challenges_eq5/src/mini_challenge_2', 'symlink_install': False, 'test_result_base': None}
[3.903s] Level 5:colcon.colcon_core.verb:set package 'mini_challenge_3' build argument 'cmake_args' from command line to 'None'
[3.903s] Level 5:colcon.colcon_core.verb:set package 'mini_challenge_3' build argument 'cmake_target' from command line to 'None'
[3.903s] Level 5:colcon.colcon_core.verb:set package 'mini_challenge_3' build argument 'cmake_target_skip_unavailable' from command line to 'False'
[3.903s] Level 5:colcon.colcon_core.verb:set package 'mini_challenge_3' build argument 'cmake_clean_cache' from command line to 'False'
[3.904s] Level 5:colcon.colcon_core.verb:set package 'mini_challenge_3' build argument 'cmake_clean_first' from command line to 'False'
[3.904s] Level 5:colcon.colcon_core.verb:set package 'mini_challenge_3' build argument 'cmake_force_configure' from command line to 'False'
[3.904s] Level 5:colcon.colcon_core.verb:set package 'mini_challenge_3' build argument 'ament_cmake_args' from command line to 'None'
[3.904s] Level 5:colcon.colcon_core.verb:set package 'mini_challenge_3' build argument 'catkin_cmake_args' from command line to 'None'
[3.904s] Level 5:colcon.colcon_core.verb:set package 'mini_challenge_3' build argument 'catkin_skip_building_tests' from command line to 'False'
[3.904s] DEBUG:colcon.colcon_core.verb:Building package 'mini_challenge_3' with the following arguments: {'ament_cmake_args': None, 'build_base': '/home/puzzlebot/github/mini_challenges_eq5/build/mini_challenge_3', 'catkin_cmake_args': None, 'catkin_skip_building_tests': False, 'cmake_args': None, 'cmake_clean_cache': False, 'cmake_clean_first': False, 'cmake_force_configure': False, 'cmake_target': None, 'cmake_target_skip_unavailable': False, 'install_base': '/home/puzzlebot/github/mini_challenges_eq5/install/mini_challenge_3', 'merge_install': False, 'path': '/home/puzzlebot/github/mini_challenges_eq5/src/mini_challenge_3', 'symlink_install': False, 'test_result_base': None}
[3.907s] Level 5:colcon.colcon_core.verb:set package 'mini_challenge_4' build argument 'cmake_args' from command line to 'None'
[3.907s] Level 5:colcon.colcon_core.verb:set package 'mini_challenge_4' build argument 'cmake_target' from command line to 'None'
[3.907s] Level 5:colcon.colcon_core.verb:set package 'mini_challenge_4' build argument 'cmake_target_skip_unavailable' from command line to 'False'
[3.907s] Level 5:colcon.colcon_core.verb:set package 'mini_challenge_4' build argument 'cmake_clean_cache' from command line to 'False'
[3.908s] Level 5:colcon.colcon_core.verb:set package 'mini_challenge_4' build argument 'cmake_clean_first' from command line to 'False'
[3.908s] Level 5:colcon.colcon_core.verb:set package 'mini_challenge_4' build argument 'cmake_force_configure' from command line to 'False'
[3.908s] Level 5:colcon.colcon_core.verb:set package 'mini_challenge_4' build argument 'ament_cmake_args' from command line to 'None'
[3.908s] Level 5:colcon.colcon_core.verb:set package 'mini_challenge_4' build argument 'catkin_cmake_args' from command line to 'None'
[3.908s] Level 5:colcon.colcon_core.verb:set package 'mini_challenge_4' build argument 'catkin_skip_building_tests' from command line to 'False'
[3.908s] DEBUG:colcon.colcon_core.verb:Building package 'mini_challenge_4' with the following arguments: {'ament_cmake_args': None, 'build_base': '/home/puzzlebot/github/mini_challenges_eq5/build/mini_challenge_4', 'catkin_cmake_args': None, 'catkin_skip_building_tests': False, 'cmake_args': None, 'cmake_clean_cache': False, 'cmake_clean_first': False, 'cmake_force_configure': False, 'cmake_target': None, 'cmake_target_skip_unavailable': False, 'install_base': '/home/puzzlebot/github/mini_challenges_eq5/install/mini_challenge_4', 'merge_install': False, 'path': '/home/puzzlebot/github/mini_challenges_eq5/src/mini_challenge_4', 'symlink_install': False, 'test_result_base': None}
[3.911s] Level 5:colcon.colcon_core.verb:set package 'signal_msg' build argument 'cmake_args' from command line to 'None'
[3.911s] Level 5:colcon.colcon_core.verb:set package 'signal_msg' build argument 'cmake_target' from command line to 'None'
[3.911s] Level 5:colcon.colcon_core.verb:set package 'signal_msg' build argument 'cmake_target_skip_unavailable' from command line to 'False'
[3.911s] Level 5:colcon.colcon_core.verb:set package 'signal_msg' build argument 'cmake_clean_cache' from command line to 'False'
[3.912s] Level 5:colcon.colcon_core.verb:set package 'signal_msg' build argument 'cmake_clean_first' from command line to 'False'
[3.912s] Level 5:colcon.colcon_core.verb:set package 'signal_msg' build argument 'cmake_force_configure' from command line to 'False'
[3.912s] Level 5:colcon.colcon_core.verb:set package 'signal_msg' build argument 'ament_cmake_args' from command line to 'None'
[3.912s] Level 5:colcon.colcon_core.verb:set package 'signal_msg' build argument 'catkin_cmake_args' from command line to 'None'
[3.912s] Level 5:colcon.colcon_core.verb:set package 'signal_msg' build argument 'catkin_skip_building_tests' from command line to 'False'
[3.913s] DEBUG:colcon.colcon_core.verb:Building package 'signal_msg' with the following arguments: {'ament_cmake_args': None, 'build_base': '/home/puzzlebot/github/mini_challenges_eq5/build/signal_msg', 'catkin_cmake_args': None, 'catkin_skip_building_tests': False, 'cmake_args': None, 'cmake_clean_cache': False, 'cmake_clean_first': False, 'cmake_force_configure': False, 'cmake_target': None, 'cmake_target_skip_unavailable': False, 'install_base': '/home/puzzlebot/github/mini_challenges_eq5/install/signal_msg', 'merge_install': False, 'path': '/home/puzzlebot/github/mini_challenges_eq5/src/signal_msg', 'symlink_install': False, 'test_result_base': None}
[3.915s] Level 5:colcon.colcon_core.verb:set package 'yolo_msg' build argument 'cmake_args' from command line to 'None'
[3.915s] Level 5:colcon.colcon_core.verb:set package 'yolo_msg' build argument 'cmake_target' from command line to 'None'
[3.915s] Level 5:colcon.colcon_core.verb:set package 'yolo_msg' build argument 'cmake_target_skip_unavailable' from command line to 'False'
[3.916s] Level 5:colcon.colcon_core.verb:set package 'yolo_msg' build argument 'cmake_clean_cache' from command line to 'False'
[3.916s] Level 5:colcon.colcon_core.verb:set package 'yolo_msg' build argument 'cmake_clean_first' from command line to 'False'
[3.916s] Level 5:colcon.colcon_core.verb:set package 'yolo_msg' build argument 'cmake_force_configure' from command line to 'False'
[3.916s] Level 5:colcon.colcon_core.verb:set package 'yolo_msg' build argument 'ament_cmake_args' from command line to 'None'
[3.916s] Level 5:colcon.colcon_core.verb:set package 'yolo_msg' build argument 'catkin_cmake_args' from command line to 'None'
[3.917s] Level 5:colcon.colcon_core.verb:set package 'yolo_msg' build argument 'catkin_skip_building_tests' from command line to 'False'
[3.917s] DEBUG:colcon.colcon_core.verb:Building package 'yolo_msg' with the following arguments: {'ament_cmake_args': None, 'build_base': '/home/puzzlebot/github/mini_challenges_eq5/build/yolo_msg', 'catkin_cmake_args': None, 'catkin_skip_building_tests': False, 'cmake_args': None, 'cmake_clean_cache': False, 'cmake_clean_first': False, 'cmake_force_configure': False, 'cmake_target': None, 'cmake_target_skip_unavailable': False, 'install_base': '/home/puzzlebot/github/mini_challenges_eq5/install/yolo_msg', 'merge_install': False, 'path': '/home/puzzlebot/github/mini_challenges_eq5/src/yolo_msg', 'symlink_install': False, 'test_result_base': None}
[3.919s] Level 5:colcon.colcon_core.verb:set package 'final_challenge' build argument 'cmake_args' from command line to 'None'
[3.920s] Level 5:colcon.colcon_core.verb:set package 'final_challenge' build argument 'cmake_target' from command line to 'None'
[3.920s] Level 5:colcon.colcon_core.verb:set package 'final_challenge' build argument 'cmake_target_skip_unavailable' from command line to 'False'
[3.920s] Level 5:colcon.colcon_core.verb:set package 'final_challenge' build argument 'cmake_clean_cache' from command line to 'False'
[3.920s] Level 5:colcon.colcon_core.verb:set package 'final_challenge' build argument 'cmake_clean_first' from command line to 'False'
[3.920s] Level 5:colcon.colcon_core.verb:set package 'final_challenge' build argument 'cmake_force_configure' from command line to 'False'
[3.921s] Level 5:colcon.colcon_core.verb:set package 'final_challenge' build argument 'ament_cmake_args' from command line to 'None'
[3.921s] Level 5:colcon.colcon_core.verb:set package 'final_challenge' build argument 'catkin_cmake_args' from command line to 'None'
[3.921s] Level 5:colcon.colcon_core.verb:set package 'final_challenge' build argument 'catkin_skip_building_tests' from command line to 'False'
[3.921s] DEBUG:colcon.colcon_core.verb:Building package 'final_challenge' with the following arguments: {'ament_cmake_args': None, 'build_base': '/home/puzzlebot/github/mini_challenges_eq5/build/final_challenge', 'catkin_cmake_args': None, 'catkin_skip_building_tests': False, 'cmake_args': None, 'cmake_clean_cache': False, 'cmake_clean_first': False, 'cmake_force_configure': False, 'cmake_target': None, 'cmake_target_skip_unavailable': False, 'install_base': '/home/puzzlebot/github/mini_challenges_eq5/install/final_challenge', 'merge_install': False, 'path': '/home/puzzlebot/github/mini_challenges_eq5/src/final_challenge', 'symlink_install': False, 'test_result_base': None}
[3.922s] INFO:colcon.colcon_core.executor:Executing jobs using 'parallel' executor
[3.926s] DEBUG:colcon.colcon_parallel_executor.executor.parallel:run_until_complete
[3.929s] INFO:colcon.colcon_ros.task.ament_cmake.build:Building ROS package in '/home/puzzlebot/github/mini_challenges_eq5/src/signal_msg' with build type 'ament_cmake'
[3.929s] INFO:colcon.colcon_cmake.task.cmake.build:Building CMake package in '/home/puzzlebot/github/mini_challenges_eq5/src/signal_msg'
[3.943s] INFO:colcon.colcon_core.plugin_system:Skipping extension 'colcon_core.shell.bat': Not used on non-Windows systems
[3.944s] INFO:colcon.colcon_core.shell:Skip shell extension 'powershell' for command environment: Not usable outside of PowerShell
[3.945s] DEBUG:colcon.colcon_core.shell:Skip shell extension 'dsv' for command environment
[3.989s] INFO:colcon.colcon_ros.task.ament_cmake.build:Building ROS package in '/home/puzzlebot/github/mini_challenges_eq5/src/yolo_msg' with build type 'ament_cmake'
[3.991s] INFO:colcon.colcon_cmake.task.cmake.build:Building CMake package in '/home/puzzlebot/github/mini_challenges_eq5/src/yolo_msg'
[3.994s] INFO:colcon.colcon_core.shell:Skip shell extension 'powershell' for command environment: Not usable outside of PowerShell
[3.994s] DEBUG:colcon.colcon_core.shell:Skip shell extension 'dsv' for command environment
[4.057s] INFO:colcon.colcon_ros.task.ament_python.build:Building ROS package in '/home/puzzlebot/github/mini_challenges_eq5/src/mini_challenge_2' with build type 'ament_python'
[4.058s] Level 1:colcon.colcon_core.shell:create_environment_hook('mini_challenge_2', 'ament_prefix_path')
[4.061s] INFO:colcon.colcon_core.shell:Creating environment hook '/home/puzzlebot/github/mini_challenges_eq5/install/mini_challenge_2/share/mini_challenge_2/hook/ament_prefix_path.ps1'
[4.069s] INFO:colcon.colcon_core.shell:Creating environment descriptor '/home/puzzlebot/github/mini_challenges_eq5/install/mini_challenge_2/share/mini_challenge_2/hook/ament_prefix_path.dsv'
[4.076s] INFO:colcon.colcon_core.shell:Creating environment hook '/home/puzzlebot/github/mini_challenges_eq5/install/mini_challenge_2/share/mini_challenge_2/hook/ament_prefix_path.sh'
[4.082s] INFO:colcon.colcon_core.shell:Skip shell extension 'powershell' for command environment: Not usable outside of PowerShell
[4.082s] DEBUG:colcon.colcon_core.shell:Skip shell extension 'dsv' for command environment
[4.149s] INFO:colcon.colcon_ros.task.ament_python.build:Building ROS package in '/home/puzzlebot/github/mini_challenges_eq5/src/mini_challenge_3' with build type 'ament_python'
[4.150s] Level 1:colcon.colcon_core.shell:create_environment_hook('mini_challenge_3', 'ament_prefix_path')
[4.152s] INFO:colcon.colcon_core.shell:Creating environment hook '/home/puzzlebot/github/mini_challenges_eq5/install/mini_challenge_3/share/mini_challenge_3/hook/ament_prefix_path.ps1'
[4.156s] INFO:colcon.colcon_core.shell:Creating environment descriptor '/home/puzzlebot/github/mini_challenges_eq5/install/mini_challenge_3/share/mini_challenge_3/hook/ament_prefix_path.dsv'
[4.157s] INFO:colcon.colcon_core.shell:Creating environment hook '/home/puzzlebot/github/mini_challenges_eq5/install/mini_challenge_3/share/mini_challenge_3/hook/ament_prefix_path.sh'
[4.162s] INFO:colcon.colcon_core.shell:Skip shell extension 'powershell' for command environment: Not usable outside of PowerShell
[4.162s] DEBUG:colcon.colcon_core.shell:Skip shell extension 'dsv' for command environment
[4.310s] DEBUG:colcon.colcon_core.event_handler.log_command:Invoking command in '/home/puzzlebot/github/mini_challenges_eq5/build/signal_msg': CMAKE_PREFIX_PATH=/home/puzzlebot/ros2_ws/install/ros2_bag_to_image:/home/puzzlebot/ros2_ws/install/puzzlebot_ros:/home/puzzlebot/ros2_ws/install/camera_compressor:/opt/ros/humble:/home/puzzlebot/ros2_packages_ws/install/ros_deep_learning:/home/puzzlebot/ros2_packages_ws/install/micro_ros_setup:/home/puzzlebot/ros2_packages_ws/install/micro_ros_agent:/home/puzzlebot/ros2_packages_ws/install/micro_ros_msgs:/home/puzzlebot/ros2_packages_ws/install/camera_info_publisher /usr/bin/cmake /home/puzzlebot/github/mini_challenges_eq5/src/signal_msg -DCMAKE_INSTALL_PREFIX=/home/puzzlebot/github/mini_challenges_eq5/install/signal_msg
[4.360s] DEBUG:colcon.colcon_core.event_handler.log_command:Invoking command in '/home/puzzlebot/github/mini_challenges_eq5/build/yolo_msg': CMAKE_PREFIX_PATH=/home/puzzlebot/ros2_ws/install/ros2_bag_to_image:/home/puzzlebot/ros2_ws/install/puzzlebot_ros:/home/puzzlebot/ros2_ws/install/camera_compressor:/opt/ros/humble:/home/puzzlebot/ros2_packages_ws/install/ros_deep_learning:/home/puzzlebot/ros2_packages_ws/install/micro_ros_setup:/home/puzzlebot/ros2_packages_ws/install/micro_ros_agent:/home/puzzlebot/ros2_packages_ws/install/micro_ros_msgs:/home/puzzlebot/ros2_packages_ws/install/camera_info_publisher /usr/bin/cmake /home/puzzlebot/github/mini_challenges_eq5/src/yolo_msg -DCMAKE_INSTALL_PREFIX=/home/puzzlebot/github/mini_challenges_eq5/install/yolo_msg
[6.929s] INFO:colcon.colcon_core.task.python.build:Building Python package in '/home/puzzlebot/github/mini_challenges_eq5/src/mini_challenge_2'
[6.931s] INFO:colcon.colcon_core.shell:Skip shell extension 'powershell' for command environment: Not usable outside of PowerShell
[6.932s] DEBUG:colcon.colcon_core.shell:Skip shell extension 'dsv' for command environment
[8.740s] INFO:colcon.colcon_core.task.python.build:Building Python package in '/home/puzzlebot/github/mini_challenges_eq5/src/mini_challenge_3'
[8.742s] INFO:colcon.colcon_core.shell:Skip shell extension 'powershell' for command environment: Not usable outside of PowerShell
[8.743s] DEBUG:colcon.colcon_core.shell:Skip shell extension 'dsv' for command environment
[11.124s] DEBUG:colcon.colcon_core.event_handler.log_command:Invoking command in '/home/puzzlebot/github/mini_challenges_eq5/src/mini_challenge_2': PYTHONPATH=/home/puzzlebot/github/mini_challenges_eq5/build/mini_challenge_2/prefix_override:/home/puzzlebot/github/mini_challenges_eq5/install/mini_challenge_2/lib/python3.8/site-packages:${PYTHONPATH} /usr/bin/python3 -W ignore:setup.py install is deprecated setup.py egg_info --egg-base ../../build/mini_challenge_2 build --build-base /home/puzzlebot/github/mini_challenges_eq5/build/mini_challenge_2/build install --record /home/puzzlebot/github/mini_challenges_eq5/build/mini_challenge_2/install.log --single-version-externally-managed install_data
[11.153s] DEBUG:colcon.colcon_core.event_handler.log_command:Invoking command in '/home/puzzlebot/github/mini_challenges_eq5/src/mini_challenge_3': PYTHONPATH=/home/puzzlebot/github/mini_challenges_eq5/build/mini_challenge_3/prefix_override:/home/puzzlebot/github/mini_challenges_eq5/install/mini_challenge_3/lib/python3.8/site-packages:${PYTHONPATH} /usr/bin/python3 -W ignore:setup.py install is deprecated setup.py egg_info --egg-base ../../build/mini_challenge_3 build --build-base /home/puzzlebot/github/mini_challenges_eq5/build/mini_challenge_3/build install --record /home/puzzlebot/github/mini_challenges_eq5/build/mini_challenge_3/install.log --single-version-externally-managed install_data
[13.038s] DEBUG:colcon.colcon_core.event_handler.log_command:Invoked command in '/home/puzzlebot/github/mini_challenges_eq5/src/mini_challenge_2' returned '0': PYTHONPATH=/home/puzzlebot/github/mini_challenges_eq5/build/mini_challenge_2/prefix_override:/home/puzzlebot/github/mini_challenges_eq5/install/mini_challenge_2/lib/python3.8/site-packages:${PYTHONPATH} /usr/bin/python3 -W ignore:setup.py install is deprecated setup.py egg_info --egg-base ../../build/mini_challenge_2 build --build-base /home/puzzlebot/github/mini_challenges_eq5/build/mini_challenge_2/build install --record /home/puzzlebot/github/mini_challenges_eq5/build/mini_challenge_2/install.log --single-version-externally-managed install_data
[13.048s] Level 1:colcon.colcon_core.environment:checking '/home/puzzlebot/github/mini_challenges_eq5/install/mini_challenge_2' for CMake module files
[13.063s] Level 1:colcon.colcon_core.environment:checking '/home/puzzlebot/github/mini_challenges_eq5/install/mini_challenge_2' for CMake config files
[13.067s] Level 1:colcon.colcon_core.environment:checking '/home/puzzlebot/github/mini_challenges_eq5/install/mini_challenge_2/lib'
[13.069s] Level 1:colcon.colcon_core.environment:checking '/home/puzzlebot/github/mini_challenges_eq5/install/mini_challenge_2/bin'
[13.069s] Level 1:colcon.colcon_core.environment:checking '/home/puzzlebot/github/mini_challenges_eq5/install/mini_challenge_2/lib/pkgconfig/mini_challenge_2.pc'
[13.071s] Level 1:colcon.colcon_core.environment:checking '/home/puzzlebot/github/mini_challenges_eq5/install/mini_challenge_2/lib/python3.8/site-packages'
[13.072s] Level 1:colcon.colcon_core.shell:create_environment_hook('mini_challenge_2', 'pythonpath')
[13.074s] INFO:colcon.colcon_core.shell:Creating environment hook '/home/puzzlebot/github/mini_challenges_eq5/install/mini_challenge_2/share/mini_challenge_2/hook/pythonpath.ps1'
[13.085s] INFO:colcon.colcon_core.shell:Creating environment descriptor '/home/puzzlebot/github/mini_challenges_eq5/install/mini_challenge_2/share/mini_challenge_2/hook/pythonpath.dsv'
[13.087s] INFO:colcon.colcon_core.shell:Creating environment hook '/home/puzzlebot/github/mini_challenges_eq5/install/mini_challenge_2/share/mini_challenge_2/hook/pythonpath.sh'
[13.091s] Level 1:colcon.colcon_core.environment:checking '/home/puzzlebot/github/mini_challenges_eq5/install/mini_challenge_2/bin'
[13.092s] Level 1:colcon.colcon_core.environment:create_environment_scripts_only(mini_challenge_2)
[13.093s] INFO:colcon.colcon_core.shell:Creating package script '/home/puzzlebot/github/mini_challenges_eq5/install/mini_challenge_2/share/mini_challenge_2/package.ps1'
[13.099s] INFO:colcon.colcon_core.shell:Creating package descriptor '/home/puzzlebot/github/mini_challenges_eq5/install/mini_challenge_2/share/mini_challenge_2/package.dsv'
[13.106s] INFO:colcon.colcon_core.shell:Creating package script '/home/puzzlebot/github/mini_challenges_eq5/install/mini_challenge_2/share/mini_challenge_2/package.sh'
[13.111s] INFO:colcon.colcon_core.shell:Creating package script '/home/puzzlebot/github/mini_challenges_eq5/install/mini_challenge_2/share/mini_challenge_2/package.bash'
[13.116s] INFO:colcon.colcon_core.shell:Creating package script '/home/puzzlebot/github/mini_challenges_eq5/install/mini_challenge_2/share/mini_challenge_2/package.zsh'
[13.120s] Level 1:colcon.colcon_core.environment:create_file_with_runtime_dependencies(/home/puzzlebot/github/mini_challenges_eq5/install/mini_challenge_2/share/colcon-core/packages/mini_challenge_2)
[13.128s] INFO:colcon.colcon_ros.task.ament_python.build:Building ROS package in '/home/puzzlebot/github/mini_challenges_eq5/src/mini_challenge_4' with build type 'ament_python'
[13.130s] Level 1:colcon.colcon_core.shell:create_environment_hook('mini_challenge_4', 'ament_prefix_path')
[13.131s] INFO:colcon.colcon_core.shell:Creating environment hook '/home/puzzlebot/github/mini_challenges_eq5/install/mini_challenge_4/share/mini_challenge_4/hook/ament_prefix_path.ps1'
[13.136s] INFO:colcon.colcon_core.shell:Creating environment descriptor '/home/puzzlebot/github/mini_challenges_eq5/install/mini_challenge_4/share/mini_challenge_4/hook/ament_prefix_path.dsv'
[13.139s] INFO:colcon.colcon_core.shell:Creating environment hook '/home/puzzlebot/github/mini_challenges_eq5/install/mini_challenge_4/share/mini_challenge_4/hook/ament_prefix_path.sh'
[13.143s] INFO:colcon.colcon_core.shell:Skip shell extension 'powershell' for command environment: Not usable outside of PowerShell
[13.144s] DEBUG:colcon.colcon_core.shell:Skip shell extension 'dsv' for command environment
[13.188s] Level 1:colcon.colcon_core.environment:checking '/home/puzzlebot/github/mini_challenges_eq5/install/mini_challenge_3' for CMake module files
[13.192s] Level 1:colcon.colcon_core.environment:checking '/home/puzzlebot/github/mini_challenges_eq5/install/mini_challenge_3' for CMake config files
[13.190s] DEBUG:colcon.colcon_core.event_handler.log_command:Invoked command in '/home/puzzlebot/github/mini_challenges_eq5/src/mini_challenge_3' returned '0': PYTHONPATH=/home/puzzlebot/github/mini_challenges_eq5/build/mini_challenge_3/prefix_override:/home/puzzlebot/github/mini_challenges_eq5/install/mini_challenge_3/lib/python3.8/site-packages:${PYTHONPATH} /usr/bin/python3 -W ignore:setup.py install is deprecated setup.py egg_info --egg-base ../../build/mini_challenge_3 build --build-base /home/puzzlebot/github/mini_challenges_eq5/build/mini_challenge_3/build install --record /home/puzzlebot/github/mini_challenges_eq5/build/mini_challenge_3/install.log --single-version-externally-managed install_data
[13.196s] Level 1:colcon.colcon_core.environment:checking '/home/puzzlebot/github/mini_challenges_eq5/install/mini_challenge_3/lib'
[13.196s] Level 1:colcon.colcon_core.environment:checking '/home/puzzlebot/github/mini_challenges_eq5/install/mini_challenge_3/bin'
[13.197s] Level 1:colcon.colcon_core.environment:checking '/home/puzzlebot/github/mini_challenges_eq5/install/mini_challenge_3/lib/pkgconfig/mini_challenge_3.pc'
[13.198s] Level 1:colcon.colcon_core.environment:checking '/home/puzzlebot/github/mini_challenges_eq5/install/mini_challenge_3/lib/python3.8/site-packages'
[13.199s] Level 1:colcon.colcon_core.shell:create_environment_hook('mini_challenge_3', 'pythonpath')
[13.200s] INFO:colcon.colcon_core.shell:Creating environment hook '/home/puzzlebot/github/mini_challenges_eq5/install/mini_challenge_3/share/mini_challenge_3/hook/pythonpath.ps1'
[13.203s] INFO:colcon.colcon_core.shell:Creating environment descriptor '/home/puzzlebot/github/mini_challenges_eq5/install/mini_challenge_3/share/mini_challenge_3/hook/pythonpath.dsv'
[13.209s] INFO:colcon.colcon_core.shell:Creating environment hook '/home/puzzlebot/github/mini_challenges_eq5/install/mini_challenge_3/share/mini_challenge_3/hook/pythonpath.sh'
[13.211s] Level 1:colcon.colcon_core.environment:checking '/home/puzzlebot/github/mini_challenges_eq5/install/mini_challenge_3/bin'
[13.217s] Level 1:colcon.colcon_core.environment:create_environment_scripts_only(mini_challenge_3)
[13.219s] INFO:colcon.colcon_core.shell:Creating package script '/home/puzzlebot/github/mini_challenges_eq5/install/mini_challenge_3/share/mini_challenge_3/package.ps1'
[13.222s] INFO:colcon.colcon_core.shell:Creating package descriptor '/home/puzzlebot/github/mini_challenges_eq5/install/mini_challenge_3/share/mini_challenge_3/package.dsv'
[13.226s] INFO:colcon.colcon_core.shell:Creating package script '/home/puzzlebot/github/mini_challenges_eq5/install/mini_challenge_3/share/mini_challenge_3/package.sh'
[13.230s] INFO:colcon.colcon_core.shell:Creating package script '/home/puzzlebot/github/mini_challenges_eq5/install/mini_challenge_3/share/mini_challenge_3/package.bash'
[13.232s] INFO:colcon.colcon_core.shell:Creating package script '/home/puzzlebot/github/mini_challenges_eq5/install/mini_challenge_3/share/mini_challenge_3/package.zsh'
[13.234s] Level 1:colcon.colcon_core.environment:create_file_with_runtime_dependencies(/home/puzzlebot/github/mini_challenges_eq5/install/mini_challenge_3/share/colcon-core/packages/mini_challenge_3)
[15.714s] INFO:colcon.colcon_core.task.python.build:Building Python package in '/home/puzzlebot/github/mini_challenges_eq5/src/mini_challenge_4'
[15.716s] INFO:colcon.colcon_core.shell:Skip shell extension 'powershell' for command environment: Not usable outside of PowerShell
[15.716s] DEBUG:colcon.colcon_core.shell:Skip shell extension 'dsv' for command environment
[18.231s] DEBUG:colcon.colcon_core.event_handler.log_command:Invoking command in '/home/puzzlebot/github/mini_challenges_eq5/src/mini_challenge_4': PYTHONPATH=/home/puzzlebot/github/mini_challenges_eq5/build/mini_challenge_4/prefix_override:/home/puzzlebot/github/mini_challenges_eq5/install/mini_challenge_4/lib/python3.8/site-packages:${PYTHONPATH} /usr/bin/python3 -W ignore:setup.py install is deprecated setup.py egg_info --egg-base ../../build/mini_challenge_4 build --build-base /home/puzzlebot/github/mini_challenges_eq5/build/mini_challenge_4/build install --record /home/puzzlebot/github/mini_challenges_eq5/build/mini_challenge_4/install.log --single-version-externally-managed install_data
[20.452s] Level 1:colcon.colcon_core.environment:checking '/home/puzzlebot/github/mini_challenges_eq5/install/mini_challenge_4' for CMake module files
[20.455s] DEBUG:colcon.colcon_core.event_handler.log_command:Invoked command in '/home/puzzlebot/github/mini_challenges_eq5/src/mini_challenge_4' returned '0': PYTHONPATH=/home/puzzlebot/github/mini_challenges_eq5/build/mini_challenge_4/prefix_override:/home/puzzlebot/github/mini_challenges_eq5/install/mini_challenge_4/lib/python3.8/site-packages:${PYTHONPATH} /usr/bin/python3 -W ignore:setup.py install is deprecated setup.py egg_info --egg-base ../../build/mini_challenge_4 build --build-base /home/puzzlebot/github/mini_challenges_eq5/build/mini_challenge_4/build install --record /home/puzzlebot/github/mini_challenges_eq5/build/mini_challenge_4/install.log --single-version-externally-managed install_data
[20.458s] Level 1:colcon.colcon_core.environment:checking '/home/puzzlebot/github/mini_challenges_eq5/install/mini_challenge_4' for CMake config files
[20.462s] Level 1:colcon.colcon_core.environment:checking '/home/puzzlebot/github/mini_challenges_eq5/install/mini_challenge_4/lib'
[20.464s] Level 1:colcon.colcon_core.environment:checking '/home/puzzlebot/github/mini_challenges_eq5/install/mini_challenge_4/bin'
[20.466s] Level 1:colcon.colcon_core.environment:checking '/home/puzzlebot/github/mini_challenges_eq5/install/mini_challenge_4/lib/pkgconfig/mini_challenge_4.pc'
[20.468s] Level 1:colcon.colcon_core.environment:checking '/home/puzzlebot/github/mini_challenges_eq5/install/mini_challenge_4/lib/python3.8/site-packages'
[20.473s] Level 1:colcon.colcon_core.shell:create_environment_hook('mini_challenge_4', 'pythonpath')
[20.474s] INFO:colcon.colcon_core.shell:Creating environment hook '/home/puzzlebot/github/mini_challenges_eq5/install/mini_challenge_4/share/mini_challenge_4/hook/pythonpath.ps1'
[20.479s] INFO:colcon.colcon_core.shell:Creating environment descriptor '/home/puzzlebot/github/mini_challenges_eq5/install/mini_challenge_4/share/mini_challenge_4/hook/pythonpath.dsv'
[20.488s] INFO:colcon.colcon_core.shell:Creating environment hook '/home/puzzlebot/github/mini_challenges_eq5/install/mini_challenge_4/share/mini_challenge_4/hook/pythonpath.sh'
[20.492s] Level 1:colcon.colcon_core.environment:checking '/home/puzzlebot/github/mini_challenges_eq5/install/mini_challenge_4/bin'
[20.492s] Level 1:colcon.colcon_core.environment:create_environment_scripts_only(mini_challenge_4)
[20.495s] INFO:colcon.colcon_core.shell:Creating package script '/home/puzzlebot/github/mini_challenges_eq5/install/mini_challenge_4/share/mini_challenge_4/package.ps1'
[20.504s] INFO:colcon.colcon_core.shell:Creating package descriptor '/home/puzzlebot/github/mini_challenges_eq5/install/mini_challenge_4/share/mini_challenge_4/package.dsv'
[20.513s] INFO:colcon.colcon_core.shell:Creating package script '/home/puzzlebot/github/mini_challenges_eq5/install/mini_challenge_4/share/mini_challenge_4/package.sh'
[20.516s] INFO:colcon.colcon_core.shell:Creating package script '/home/puzzlebot/github/mini_challenges_eq5/install/mini_challenge_4/share/mini_challenge_4/package.bash'
[20.518s] INFO:colcon.colcon_core.shell:Creating package script '/home/puzzlebot/github/mini_challenges_eq5/install/mini_challenge_4/share/mini_challenge_4/package.zsh'
[20.519s] Level 1:colcon.colcon_core.environment:create_file_with_runtime_dependencies(/home/puzzlebot/github/mini_challenges_eq5/install/mini_challenge_4/share/colcon-core/packages/mini_challenge_4)
[21.968s] DEBUG:colcon.colcon_core.event_handler.log_command:Invoked command in '/home/puzzlebot/github/mini_challenges_eq5/build/yolo_msg' returned '0': CMAKE_PREFIX_PATH=/home/puzzlebot/ros2_ws/install/ros2_bag_to_image:/home/puzzlebot/ros2_ws/install/puzzlebot_ros:/home/puzzlebot/ros2_ws/install/camera_compressor:/opt/ros/humble:/home/puzzlebot/ros2_packages_ws/install/ros_deep_learning:/home/puzzlebot/ros2_packages_ws/install/micro_ros_setup:/home/puzzlebot/ros2_packages_ws/install/micro_ros_agent:/home/puzzlebot/ros2_packages_ws/install/micro_ros_msgs:/home/puzzlebot/ros2_packages_ws/install/camera_info_publisher /usr/bin/cmake /home/puzzlebot/github/mini_challenges_eq5/src/yolo_msg -DCMAKE_INSTALL_PREFIX=/home/puzzlebot/github/mini_challenges_eq5/install/yolo_msg
[21.971s] DEBUG:colcon.colcon_core.event_handler.log_command:Invoking command in '/home/puzzlebot/github/mini_challenges_eq5/build/yolo_msg': CMAKE_PREFIX_PATH=/home/puzzlebot/ros2_ws/install/ros2_bag_to_image:/home/puzzlebot/ros2_ws/install/puzzlebot_ros:/home/puzzlebot/ros2_ws/install/camera_compressor:/opt/ros/humble:/home/puzzlebot/ros2_packages_ws/install/ros_deep_learning:/home/puzzlebot/ros2_packages_ws/install/micro_ros_setup:/home/puzzlebot/ros2_packages_ws/install/micro_ros_agent:/home/puzzlebot/ros2_packages_ws/install/micro_ros_msgs:/home/puzzlebot/ros2_packages_ws/install/camera_info_publisher /usr/bin/cmake --build /home/puzzlebot/github/mini_challenges_eq5/build/yolo_msg -- -j4 -l4
[22.094s] DEBUG:colcon.colcon_core.event_handler.log_command:Invoked command in '/home/puzzlebot/github/mini_challenges_eq5/build/signal_msg' returned '0': CMAKE_PREFIX_PATH=/home/puzzlebot/ros2_ws/install/ros2_bag_to_image:/home/puzzlebot/ros2_ws/install/puzzlebot_ros:/home/puzzlebot/ros2_ws/install/camera_compressor:/opt/ros/humble:/home/puzzlebot/ros2_packages_ws/install/ros_deep_learning:/home/puzzlebot/ros2_packages_ws/install/micro_ros_setup:/home/puzzlebot/ros2_packages_ws/install/micro_ros_agent:/home/puzzlebot/ros2_packages_ws/install/micro_ros_msgs:/home/puzzlebot/ros2_packages_ws/install/camera_info_publisher /usr/bin/cmake /home/puzzlebot/github/mini_challenges_eq5/src/signal_msg -DCMAKE_INSTALL_PREFIX=/home/puzzlebot/github/mini_challenges_eq5/install/signal_msg
[22.110s] DEBUG:colcon.colcon_core.event_handler.log_command:Invoking command in '/home/puzzlebot/github/mini_challenges_eq5/build/signal_msg': CMAKE_PREFIX_PATH=/home/puzzlebot/ros2_ws/install/ros2_bag_to_image:/home/puzzlebot/ros2_ws/install/puzzlebot_ros:/home/puzzlebot/ros2_ws/install/camera_compressor:/opt/ros/humble:/home/puzzlebot/ros2_packages_ws/install/ros_deep_learning:/home/puzzlebot/ros2_packages_ws/install/micro_ros_setup:/home/puzzlebot/ros2_packages_ws/install/micro_ros_agent:/home/puzzlebot/ros2_packages_ws/install/micro_ros_msgs:/home/puzzlebot/ros2_packages_ws/install/camera_info_publisher /usr/bin/cmake --build /home/puzzlebot/github/mini_challenges_eq5/build/signal_msg -- -j4 -l4
[55.914s] DEBUG:colcon.colcon_core.event_handler.log_command:Invoked command in '/home/puzzlebot/github/mini_challenges_eq5/build/signal_msg' returned '0': CMAKE_PREFIX_PATH=/home/puzzlebot/ros2_ws/install/ros2_bag_to_image:/home/puzzlebot/ros2_ws/install/puzzlebot_ros:/home/puzzlebot/ros2_ws/install/camera_compressor:/opt/ros/humble:/home/puzzlebot/ros2_packages_ws/install/ros_deep_learning:/home/puzzlebot/ros2_packages_ws/install/micro_ros_setup:/home/puzzlebot/ros2_packages_ws/install/micro_ros_agent:/home/puzzlebot/ros2_packages_ws/install/micro_ros_msgs:/home/puzzlebot/ros2_packages_ws/install/camera_info_publisher /usr/bin/cmake --build /home/puzzlebot/github/mini_challenges_eq5/build/signal_msg -- -j4 -l4
[56.400s] DEBUG:colcon.colcon_core.event_handler.log_command:Invoking command in '/home/puzzlebot/github/mini_challenges_eq5/build/signal_msg': CMAKE_PREFIX_PATH=/home/puzzlebot/ros2_ws/install/ros2_bag_to_image:/home/puzzlebot/ros2_ws/install/puzzlebot_ros:/home/puzzlebot/ros2_ws/install/camera_compressor:/opt/ros/humble:/home/puzzlebot/ros2_packages_ws/install/ros_deep_learning:/home/puzzlebot/ros2_packages_ws/install/micro_ros_setup:/home/puzzlebot/ros2_packages_ws/install/micro_ros_agent:/home/puzzlebot/ros2_packages_ws/install/micro_ros_msgs:/home/puzzlebot/ros2_packages_ws/install/camera_info_publisher /usr/bin/cmake --install /home/puzzlebot/github/mini_challenges_eq5/build/signal_msg
[56.834s] Level 1:colcon.colcon_core.environment:create_environment_scripts_only(signal_msg)
[56.836s] Level 1:colcon.colcon_core.environment:checking '/home/puzzlebot/github/mini_challenges_eq5/install/signal_msg' for CMake module files
[56.839s] Level 1:colcon.colcon_core.environment:checking '/home/puzzlebot/github/mini_challenges_eq5/install/signal_msg' for CMake config files
[56.842s] DEBUG:colcon.colcon_core.event_handler.log_command:Invoked command in '/home/puzzlebot/github/mini_challenges_eq5/build/signal_msg' returned '0': CMAKE_PREFIX_PATH=/home/puzzlebot/ros2_ws/install/ros2_bag_to_image:/home/puzzlebot/ros2_ws/install/puzzlebot_ros:/home/puzzlebot/ros2_ws/install/camera_compressor:/opt/ros/humble:/home/puzzlebot/ros2_packages_ws/install/ros_deep_learning:/home/puzzlebot/ros2_packages_ws/install/micro_ros_setup:/home/puzzlebot/ros2_packages_ws/install/micro_ros_agent:/home/puzzlebot/ros2_packages_ws/install/micro_ros_msgs:/home/puzzlebot/ros2_packages_ws/install/camera_info_publisher /usr/bin/cmake --install /home/puzzlebot/github/mini_challenges_eq5/build/signal_msg
[56.847s] Level 1:colcon.colcon_core.shell:create_environment_hook('signal_msg', 'cmake_prefix_path')
[56.849s] INFO:colcon.colcon_core.shell:Creating environment hook '/home/puzzlebot/github/mini_challenges_eq5/install/signal_msg/share/signal_msg/hook/cmake_prefix_path.ps1'
[56.852s] INFO:colcon.colcon_core.shell:Creating environment descriptor '/home/puzzlebot/github/mini_challenges_eq5/install/signal_msg/share/signal_msg/hook/cmake_prefix_path.dsv'
[56.853s] INFO:colcon.colcon_core.shell:Creating environment hook '/home/puzzlebot/github/mini_challenges_eq5/install/signal_msg/share/signal_msg/hook/cmake_prefix_path.sh'
[56.857s] Level 1:colcon.colcon_core.environment:checking '/home/puzzlebot/github/mini_challenges_eq5/install/signal_msg/lib'
[56.858s] Level 1:colcon.colcon_core.shell:create_environment_hook('signal_msg', 'ld_library_path_lib')
[56.860s] INFO:colcon.colcon_core.shell:Creating environment hook '/home/puzzlebot/github/mini_challenges_eq5/install/signal_msg/share/signal_msg/hook/ld_library_path_lib.ps1'
[56.862s] INFO:colcon.colcon_core.shell:Creating environment descriptor '/home/puzzlebot/github/mini_challenges_eq5/install/signal_msg/share/signal_msg/hook/ld_library_path_lib.dsv'
[56.864s] INFO:colcon.colcon_core.shell:Creating environment hook '/home/puzzlebot/github/mini_challenges_eq5/install/signal_msg/share/signal_msg/hook/ld_library_path_lib.sh'
[56.867s] Level 1:colcon.colcon_core.environment:checking '/home/puzzlebot/github/mini_challenges_eq5/install/signal_msg/bin'
[56.867s] Level 1:colcon.colcon_core.environment:checking '/home/puzzlebot/github/mini_challenges_eq5/install/signal_msg/lib/pkgconfig/signal_msg.pc'
[56.869s] Level 1:colcon.colcon_core.environment:checking '/home/puzzlebot/github/mini_challenges_eq5/install/signal_msg/lib/python3.8/site-packages'
[56.869s] Level 1:colcon.colcon_core.shell:create_environment_hook('signal_msg', 'pythonpath')
[56.871s] INFO:colcon.colcon_core.shell:Creating environment hook '/home/puzzlebot/github/mini_challenges_eq5/install/signal_msg/share/signal_msg/hook/pythonpath.ps1'
[56.873s] INFO:colcon.colcon_core.shell:Creating environment descriptor '/home/puzzlebot/github/mini_challenges_eq5/install/signal_msg/share/signal_msg/hook/pythonpath.dsv'
[56.875s] INFO:colcon.colcon_core.shell:Creating environment hook '/home/puzzlebot/github/mini_challenges_eq5/install/signal_msg/share/signal_msg/hook/pythonpath.sh'
[56.878s] Level 1:colcon.colcon_core.environment:checking '/home/puzzlebot/github/mini_challenges_eq5/install/signal_msg/bin'
[56.880s] INFO:colcon.colcon_core.shell:Creating package script '/home/puzzlebot/github/mini_challenges_eq5/install/signal_msg/share/signal_msg/package.ps1'
[56.883s] INFO:colcon.colcon_core.shell:Creating package descriptor '/home/puzzlebot/github/mini_challenges_eq5/install/signal_msg/share/signal_msg/package.dsv'
[56.887s] INFO:colcon.colcon_core.shell:Creating package script '/home/puzzlebot/github/mini_challenges_eq5/install/signal_msg/share/signal_msg/package.sh'
[56.890s] INFO:colcon.colcon_core.shell:Creating package script '/home/puzzlebot/github/mini_challenges_eq5/install/signal_msg/share/signal_msg/package.bash'
[56.892s] INFO:colcon.colcon_core.shell:Creating package script '/home/puzzlebot/github/mini_challenges_eq5/install/signal_msg/share/signal_msg/package.zsh'
[56.894s] Level 1:colcon.colcon_core.environment:create_file_with_runtime_dependencies(/home/puzzlebot/github/mini_challenges_eq5/install/signal_msg/share/colcon-core/packages/signal_msg)
[57.511s] Level 1:colcon.colcon_core.environment:create_environment_scripts_only(signal_msg)
[57.518s] Level 1:colcon.colcon_core.environment:checking '/home/puzzlebot/github/mini_challenges_eq5/install/signal_msg' for CMake module files
[57.523s] Level 1:colcon.colcon_core.environment:checking '/home/puzzlebot/github/mini_challenges_eq5/install/signal_msg' for CMake config files
[57.527s] Level 1:colcon.colcon_core.shell:create_environment_hook('signal_msg', 'cmake_prefix_path')
[57.529s] INFO:colcon.colcon_core.shell:Creating environment hook '/home/puzzlebot/github/mini_challenges_eq5/install/signal_msg/share/signal_msg/hook/cmake_prefix_path.ps1'
[57.531s] INFO:colcon.colcon_core.shell:Creating environment descriptor '/home/puzzlebot/github/mini_challenges_eq5/install/signal_msg/share/signal_msg/hook/cmake_prefix_path.dsv'
[57.533s] INFO:colcon.colcon_core.shell:Creating environment hook '/home/puzzlebot/github/mini_challenges_eq5/install/signal_msg/share/signal_msg/hook/cmake_prefix_path.sh'
[57.539s] Level 1:colcon.colcon_core.environment:checking '/home/puzzlebot/github/mini_challenges_eq5/install/signal_msg/lib'
[57.540s] Level 1:colcon.colcon_core.shell:create_environment_hook('signal_msg', 'ld_library_path_lib')
[57.542s] INFO:colcon.colcon_core.shell:Creating environment hook '/home/puzzlebot/github/mini_challenges_eq5/install/signal_msg/share/signal_msg/hook/ld_library_path_lib.ps1'
[57.550s] INFO:colcon.colcon_core.shell:Creating environment descriptor '/home/puzzlebot/github/mini_challenges_eq5/install/signal_msg/share/signal_msg/hook/ld_library_path_lib.dsv'
[57.552s] INFO:colcon.colcon_core.shell:Creating environment hook '/home/puzzlebot/github/mini_challenges_eq5/install/signal_msg/share/signal_msg/hook/ld_library_path_lib.sh'
[57.555s] Level 1:colcon.colcon_core.environment:checking '/home/puzzlebot/github/mini_challenges_eq5/install/signal_msg/bin'
[57.555s] Level 1:colcon.colcon_core.environment:checking '/home/puzzlebot/github/mini_challenges_eq5/install/signal_msg/lib/pkgconfig/signal_msg.pc'
[57.557s] Level 1:colcon.colcon_core.environment:checking '/home/puzzlebot/github/mini_challenges_eq5/install/signal_msg/lib/python3.8/site-packages'
[57.558s] Level 1:colcon.colcon_core.shell:create_environment_hook('signal_msg', 'pythonpath')
[57.559s] INFO:colcon.colcon_core.shell:Creating environment hook '/home/puzzlebot/github/mini_challenges_eq5/install/signal_msg/share/signal_msg/hook/pythonpath.ps1'
[57.561s] INFO:colcon.colcon_core.shell:Creating environment descriptor '/home/puzzlebot/github/mini_challenges_eq5/install/signal_msg/share/signal_msg/hook/pythonpath.dsv'
[57.563s] INFO:colcon.colcon_core.shell:Creating environment hook '/home/puzzlebot/github/mini_challenges_eq5/install/signal_msg/share/signal_msg/hook/pythonpath.sh'
[57.566s] Level 1:colcon.colcon_core.environment:checking '/home/puzzlebot/github/mini_challenges_eq5/install/signal_msg/bin'
[57.569s] INFO:colcon.colcon_core.shell:Creating package script '/home/puzzlebot/github/mini_challenges_eq5/install/signal_msg/share/signal_msg/package.ps1'
[57.572s] INFO:colcon.colcon_core.shell:Creating package descriptor '/home/puzzlebot/github/mini_challenges_eq5/install/signal_msg/share/signal_msg/package.dsv'
[57.577s] INFO:colcon.colcon_core.shell:Creating package script '/home/puzzlebot/github/mini_challenges_eq5/install/signal_msg/share/signal_msg/package.sh'
[57.580s] INFO:colcon.colcon_core.shell:Creating package script '/home/puzzlebot/github/mini_challenges_eq5/install/signal_msg/share/signal_msg/package.bash'
[57.582s] INFO:colcon.colcon_core.shell:Creating package script '/home/puzzlebot/github/mini_challenges_eq5/install/signal_msg/share/signal_msg/package.zsh'
[57.585s] Level 1:colcon.colcon_core.environment:create_file_with_runtime_dependencies(/home/puzzlebot/github/mini_challenges_eq5/install/signal_msg/share/colcon-core/packages/signal_msg)
[64.982s] DEBUG:colcon.colcon_core.event_handler.log_command:Invoked command in '/home/puzzlebot/github/mini_challenges_eq5/build/yolo_msg' returned '0': CMAKE_PREFIX_PATH=/home/puzzlebot/ros2_ws/install/ros2_bag_to_image:/home/puzzlebot/ros2_ws/install/puzzlebot_ros:/home/puzzlebot/ros2_ws/install/camera_compressor:/opt/ros/humble:/home/puzzlebot/ros2_packages_ws/install/ros_deep_learning:/home/puzzlebot/ros2_packages_ws/install/micro_ros_setup:/home/puzzlebot/ros2_packages_ws/install/micro_ros_agent:/home/puzzlebot/ros2_packages_ws/install/micro_ros_msgs:/home/puzzlebot/ros2_packages_ws/install/camera_info_publisher /usr/bin/cmake --build /home/puzzlebot/github/mini_challenges_eq5/build/yolo_msg -- -j4 -l4
[65.334s] DEBUG:colcon.colcon_core.event_handler.log_command:Invoking command in '/home/puzzlebot/github/mini_challenges_eq5/build/yolo_msg': CMAKE_PREFIX_PATH=/home/puzzlebot/ros2_ws/install/ros2_bag_to_image:/home/puzzlebot/ros2_ws/install/puzzlebot_ros:/home/puzzlebot/ros2_ws/install/camera_compressor:/opt/ros/humble:/home/puzzlebot/ros2_packages_ws/install/ros_deep_learning:/home/puzzlebot/ros2_packages_ws/install/micro_ros_setup:/home/puzzlebot/ros2_packages_ws/install/micro_ros_agent:/home/puzzlebot/ros2_packages_ws/install/micro_ros_msgs:/home/puzzlebot/ros2_packages_ws/install/camera_info_publisher /usr/bin/cmake --install /home/puzzlebot/github/mini_challenges_eq5/build/yolo_msg
[65.783s] Level 1:colcon.colcon_core.environment:create_environment_scripts_only(yolo_msg)
[65.785s] Level 1:colcon.colcon_core.environment:checking '/home/puzzlebot/github/mini_challenges_eq5/install/yolo_msg' for CMake module files
[65.790s] DEBUG:colcon.colcon_core.event_handler.log_command:Invoked command in '/home/puzzlebot/github/mini_challenges_eq5/build/yolo_msg' returned '0': CMAKE_PREFIX_PATH=/home/puzzlebot/ros2_ws/install/ros2_bag_to_image:/home/puzzlebot/ros2_ws/install/puzzlebot_ros:/home/puzzlebot/ros2_ws/install/camera_compressor:/opt/ros/humble:/home/puzzlebot/ros2_packages_ws/install/ros_deep_learning:/home/puzzlebot/ros2_packages_ws/install/micro_ros_setup:/home/puzzlebot/ros2_packages_ws/install/micro_ros_agent:/home/puzzlebot/ros2_packages_ws/install/micro_ros_msgs:/home/puzzlebot/ros2_packages_ws/install/camera_info_publisher /usr/bin/cmake --install /home/puzzlebot/github/mini_challenges_eq5/build/yolo_msg
[65.792s] Level 1:colcon.colcon_core.environment:checking '/home/puzzlebot/github/mini_challenges_eq5/install/yolo_msg' for CMake config files
[65.796s] Level 1:colcon.colcon_core.shell:create_environment_hook('yolo_msg', 'cmake_prefix_path')
[65.798s] INFO:colcon.colcon_core.shell:Creating environment hook '/home/puzzlebot/github/mini_challenges_eq5/install/yolo_msg/share/yolo_msg/hook/cmake_prefix_path.ps1'
[65.800s] INFO:colcon.colcon_core.shell:Creating environment descriptor '/home/puzzlebot/github/mini_challenges_eq5/install/yolo_msg/share/yolo_msg/hook/cmake_prefix_path.dsv'
[65.812s] INFO:colcon.colcon_core.shell:Creating environment hook '/home/puzzlebot/github/mini_challenges_eq5/install/yolo_msg/share/yolo_msg/hook/cmake_prefix_path.sh'
[65.815s] Level 1:colcon.colcon_core.environment:checking '/home/puzzlebot/github/mini_challenges_eq5/install/yolo_msg/lib'
[65.816s] Level 1:colcon.colcon_core.shell:create_environment_hook('yolo_msg', 'ld_library_path_lib')
[65.817s] INFO:colcon.colcon_core.shell:Creating environment hook '/home/puzzlebot/github/mini_challenges_eq5/install/yolo_msg/share/yolo_msg/hook/ld_library_path_lib.ps1'
[65.819s] INFO:colcon.colcon_core.shell:Creating environment descriptor '/home/puzzlebot/github/mini_challenges_eq5/install/yolo_msg/share/yolo_msg/hook/ld_library_path_lib.dsv'
[65.821s] INFO:colcon.colcon_core.shell:Creating environment hook '/home/puzzlebot/github/mini_challenges_eq5/install/yolo_msg/share/yolo_msg/hook/ld_library_path_lib.sh'
[65.823s] Level 1:colcon.colcon_core.environment:checking '/home/puzzlebot/github/mini_challenges_eq5/install/yolo_msg/bin'
[65.823s] Level 1:colcon.colcon_core.environment:checking '/home/puzzlebot/github/mini_challenges_eq5/install/yolo_msg/lib/pkgconfig/yolo_msg.pc'
[65.824s] Level 1:colcon.colcon_core.environment:checking '/home/puzzlebot/github/mini_challenges_eq5/install/yolo_msg/lib/python3.8/site-packages'
[65.825s] Level 1:colcon.colcon_core.shell:create_environment_hook('yolo_msg', 'pythonpath')
[65.826s] INFO:colcon.colcon_core.shell:Creating environment hook '/home/puzzlebot/github/mini_challenges_eq5/install/yolo_msg/share/yolo_msg/hook/pythonpath.ps1'
[65.828s] INFO:colcon.colcon_core.shell:Creating environment descriptor '/home/puzzlebot/github/mini_challenges_eq5/install/yolo_msg/share/yolo_msg/hook/pythonpath.dsv'
[65.830s] INFO:colcon.colcon_core.shell:Creating environment hook '/home/puzzlebot/github/mini_challenges_eq5/install/yolo_msg/share/yolo_msg/hook/pythonpath.sh'
[65.832s] Level 1:colcon.colcon_core.environment:checking '/home/puzzlebot/github/mini_challenges_eq5/install/yolo_msg/bin'
[65.835s] INFO:colcon.colcon_core.shell:Creating package script '/home/puzzlebot/github/mini_challenges_eq5/install/yolo_msg/share/yolo_msg/package.ps1'
[65.837s] INFO:colcon.colcon_core.shell:Creating package descriptor '/home/puzzlebot/github/mini_challenges_eq5/install/yolo_msg/share/yolo_msg/package.dsv'
[65.841s] INFO:colcon.colcon_core.shell:Creating package script '/home/puzzlebot/github/mini_challenges_eq5/install/yolo_msg/share/yolo_msg/package.sh'
[65.844s] INFO:colcon.colcon_core.shell:Creating package script '/home/puzzlebot/github/mini_challenges_eq5/install/yolo_msg/share/yolo_msg/package.bash'
[65.846s] INFO:colcon.colcon_core.shell:Creating package script '/home/puzzlebot/github/mini_challenges_eq5/install/yolo_msg/share/yolo_msg/package.zsh'
[65.849s] Level 1:colcon.colcon_core.environment:create_file_with_runtime_dependencies(/home/puzzlebot/github/mini_challenges_eq5/install/yolo_msg/share/colcon-core/packages/yolo_msg)
[66.337s] Level 1:colcon.colcon_core.environment:create_environment_scripts_only(yolo_msg)
[66.339s] Level 1:colcon.colcon_core.environment:checking '/home/puzzlebot/github/mini_challenges_eq5/install/yolo_msg' for CMake module files
[66.343s] Level 1:colcon.colcon_core.environment:checking '/home/puzzlebot/github/mini_challenges_eq5/install/yolo_msg' for CMake config files
[66.346s] Level 1:colcon.colcon_core.shell:create_environment_hook('yolo_msg', 'cmake_prefix_path')
[66.347s] INFO:colcon.colcon_core.shell:Creating environment hook '/home/puzzlebot/github/mini_challenges_eq5/install/yolo_msg/share/yolo_msg/hook/cmake_prefix_path.ps1'
[66.350s] INFO:colcon.colcon_core.shell:Creating environment descriptor '/home/puzzlebot/github/mini_challenges_eq5/install/yolo_msg/share/yolo_msg/hook/cmake_prefix_path.dsv'
[66.352s] INFO:colcon.colcon_core.shell:Creating environment hook '/home/puzzlebot/github/mini_challenges_eq5/install/yolo_msg/share/yolo_msg/hook/cmake_prefix_path.sh'
[66.355s] Level 1:colcon.colcon_core.environment:checking '/home/puzzlebot/github/mini_challenges_eq5/install/yolo_msg/lib'
[66.356s] Level 1:colcon.colcon_core.shell:create_environment_hook('yolo_msg', 'ld_library_path_lib')
[66.358s] INFO:colcon.colcon_core.shell:Creating environment hook '/home/puzzlebot/github/mini_challenges_eq5/install/yolo_msg/share/yolo_msg/hook/ld_library_path_lib.ps1'
[66.360s] INFO:colcon.colcon_core.shell:Creating environment descriptor '/home/puzzlebot/github/mini_challenges_eq5/install/yolo_msg/share/yolo_msg/hook/ld_library_path_lib.dsv'
[66.362s] INFO:colcon.colcon_core.shell:Creating environment hook '/home/puzzlebot/github/mini_challenges_eq5/install/yolo_msg/share/yolo_msg/hook/ld_library_path_lib.sh'
[66.364s] Level 1:colcon.colcon_core.environment:checking '/home/puzzlebot/github/mini_challenges_eq5/install/yolo_msg/bin'
[66.365s] Level 1:colcon.colcon_core.environment:checking '/home/puzzlebot/github/mini_challenges_eq5/install/yolo_msg/lib/pkgconfig/yolo_msg.pc'
[66.366s] Level 1:colcon.colcon_core.environment:checking '/home/puzzlebot/github/mini_challenges_eq5/install/yolo_msg/lib/python3.8/site-packages'
[66.367s] Level 1:colcon.colcon_core.shell:create_environment_hook('yolo_msg', 'pythonpath')
[66.368s] INFO:colcon.colcon_core.shell:Creating environment hook '/home/puzzlebot/github/mini_challenges_eq5/install/yolo_msg/share/yolo_msg/hook/pythonpath.ps1'
[66.370s] INFO:colcon.colcon_core.shell:Creating environment descriptor '/home/puzzlebot/github/mini_challenges_eq5/install/yolo_msg/share/yolo_msg/hook/pythonpath.dsv'
[66.372s] INFO:colcon.colcon_core.shell:Creating environment hook '/home/puzzlebot/github/mini_challenges_eq5/install/yolo_msg/share/yolo_msg/hook/pythonpath.sh'
[66.375s] Level 1:colcon.colcon_core.environment:checking '/home/puzzlebot/github/mini_challenges_eq5/install/yolo_msg/bin'
[66.377s] INFO:colcon.colcon_core.shell:Creating package script '/home/puzzlebot/github/mini_challenges_eq5/install/yolo_msg/share/yolo_msg/package.ps1'
[66.380s] INFO:colcon.colcon_core.shell:Creating package descriptor '/home/puzzlebot/github/mini_challenges_eq5/install/yolo_msg/share/yolo_msg/package.dsv'
[66.383s] INFO:colcon.colcon_core.shell:Creating package script '/home/puzzlebot/github/mini_challenges_eq5/install/yolo_msg/share/yolo_msg/package.sh'
[66.386s] INFO:colcon.colcon_core.shell:Creating package script '/home/puzzlebot/github/mini_challenges_eq5/install/yolo_msg/share/yolo_msg/package.bash'
[66.388s] INFO:colcon.colcon_core.shell:Creating package script '/home/puzzlebot/github/mini_challenges_eq5/install/yolo_msg/share/yolo_msg/package.zsh'
[66.391s] Level 1:colcon.colcon_core.environment:create_file_with_runtime_dependencies(/home/puzzlebot/github/mini_challenges_eq5/install/yolo_msg/share/colcon-core/packages/yolo_msg)
[66.396s] INFO:colcon.colcon_ros.task.ament_python.build:Building ROS package in '/home/puzzlebot/github/mini_challenges_eq5/src/final_challenge' with build type 'ament_python'
[66.399s] Level 1:colcon.colcon_core.shell:create_environment_hook('final_challenge', 'ament_prefix_path')
[66.401s] INFO:colcon.colcon_core.shell:Creating environment hook '/home/puzzlebot/github/mini_challenges_eq5/install/final_challenge/share/final_challenge/hook/ament_prefix_path.ps1'
[66.406s] INFO:colcon.colcon_core.shell:Creating environment descriptor '/home/puzzlebot/github/mini_challenges_eq5/install/final_challenge/share/final_challenge/hook/ament_prefix_path.dsv'
[66.409s] INFO:colcon.colcon_core.shell:Creating environment hook '/home/puzzlebot/github/mini_challenges_eq5/install/final_challenge/share/final_challenge/hook/ament_prefix_path.sh'
[66.414s] INFO:colcon.colcon_core.shell:Skip shell extension 'powershell' for command environment: Not usable outside of PowerShell
[66.414s] DEBUG:colcon.colcon_core.shell:Skip shell extension 'dsv' for command environment
[67.989s] INFO:colcon.colcon_core.task.python.build:Building Python package in '/home/puzzlebot/github/mini_challenges_eq5/src/final_challenge'
[67.992s] INFO:colcon.colcon_core.shell:Skip shell extension 'powershell' for command environment: Not usable outside of PowerShell
[67.992s] DEBUG:colcon.colcon_core.shell:Skip shell extension 'dsv' for command environment
[70.511s] DEBUG:colcon.colcon_core.event_handler.log_command:Invoking command in '/home/puzzlebot/github/mini_challenges_eq5/src/final_challenge': AMENT_PREFIX_PATH=/home/puzzlebot/github/mini_challenges_eq5/install/yolo_msg:/home/puzzlebot/github/mini_challenges_eq5/install/signal_msg:${AMENT_PREFIX_PATH} CMAKE_PREFIX_PATH=/home/puzzlebot/github/mini_challenges_eq5/install/yolo_msg:/home/puzzlebot/github/mini_challenges_eq5/install/signal_msg:${CMAKE_PREFIX_PATH} LD_LIBRARY_PATH=/home/puzzlebot/github/mini_challenges_eq5/install/yolo_msg/lib:/home/puzzlebot/github/mini_challenges_eq5/install/signal_msg/lib:${LD_LIBRARY_PATH} PYTHONPATH=/home/puzzlebot/github/mini_challenges_eq5/build/final_challenge/prefix_override:/home/puzzlebot/github/mini_challenges_eq5/install/final_challenge/lib/python3.8/site-packages:/home/puzzlebot/github/mini_challenges_eq5/install/yolo_msg/lib/python3.8/site-packages:/home/puzzlebot/github/mini_challenges_eq5/install/signal_msg/lib/python3.8/site-packages:${PYTHONPATH} /usr/bin/python3 -W ignore:setup.py install is deprecated setup.py egg_info --egg-base ../../build/final_challenge build --build-base /home/puzzlebot/github/mini_challenges_eq5/build/final_challenge/build install --record /home/puzzlebot/github/mini_challenges_eq5/build/final_challenge/install.log --single-version-externally-managed install_data
[72.584s] Level 1:colcon.colcon_core.environment:checking '/home/puzzlebot/github/mini_challenges_eq5/install/final_challenge' for CMake module files
[72.586s] DEBUG:colcon.colcon_core.event_handler.log_command:Invoked command in '/home/puzzlebot/github/mini_challenges_eq5/src/final_challenge' returned '0': AMENT_PREFIX_PATH=/home/puzzlebot/github/mini_challenges_eq5/install/yolo_msg:/home/puzzlebot/github/mini_challenges_eq5/install/signal_msg:${AMENT_PREFIX_PATH} CMAKE_PREFIX_PATH=/home/puzzlebot/github/mini_challenges_eq5/install/yolo_msg:/home/puzzlebot/github/mini_challenges_eq5/install/signal_msg:${CMAKE_PREFIX_PATH} LD_LIBRARY_PATH=/home/puzzlebot/github/mini_challenges_eq5/install/yolo_msg/lib:/home/puzzlebot/github/mini_challenges_eq5/install/signal_msg/lib:${LD_LIBRARY_PATH} PYTHONPATH=/home/puzzlebot/github/mini_challenges_eq5/build/final_challenge/prefix_override:/home/puzzlebot/github/mini_challenges_eq5/install/final_challenge/lib/python3.8/site-packages:/home/puzzlebot/github/mini_challenges_eq5/install/yolo_msg/lib/python3.8/site-packages:/home/puzzlebot/github/mini_challenges_eq5/install/signal_msg/lib/python3.8/site-packages:${PYTHONPATH} /usr/bin/python3 -W ignore:setup.py install is deprecated setup.py egg_info --egg-base ../../build/final_challenge build --build-base /home/puzzlebot/github/mini_challenges_eq5/build/final_challenge/build install --record /home/puzzlebot/github/mini_challenges_eq5/build/final_challenge/install.log --single-version-externally-managed install_data
[72.590s] Level 1:colcon.colcon_core.environment:checking '/home/puzzlebot/github/mini_challenges_eq5/install/final_challenge' for CMake config files
[72.593s] Level 1:colcon.colcon_core.environment:checking '/home/puzzlebot/github/mini_challenges_eq5/install/final_challenge/lib'
[72.593s] Level 1:colcon.colcon_core.environment:checking '/home/puzzlebot/github/mini_challenges_eq5/install/final_challenge/bin'
[72.594s] Level 1:colcon.colcon_core.environment:checking '/home/puzzlebot/github/mini_challenges_eq5/install/final_challenge/lib/pkgconfig/final_challenge.pc'
[72.595s] Level 1:colcon.colcon_core.environment:checking '/home/puzzlebot/github/mini_challenges_eq5/install/final_challenge/lib/python3.8/site-packages'
[72.595s] Level 1:colcon.colcon_core.shell:create_environment_hook('final_challenge', 'pythonpath')
[72.597s] INFO:colcon.colcon_core.shell:Creating environment hook '/home/puzzlebot/github/mini_challenges_eq5/install/final_challenge/share/final_challenge/hook/pythonpath.ps1'
[72.598s] INFO:colcon.colcon_core.shell:Creating environment descriptor '/home/puzzlebot/github/mini_challenges_eq5/install/final_challenge/share/final_challenge/hook/pythonpath.dsv'
[72.602s] INFO:colcon.colcon_core.shell:Creating environment hook '/home/puzzlebot/github/mini_challenges_eq5/install/final_challenge/share/final_challenge/hook/pythonpath.sh'
[72.606s] Level 1:colcon.colcon_core.environment:checking '/home/puzzlebot/github/mini_challenges_eq5/install/final_challenge/bin'
[72.607s] Level 1:colcon.colcon_core.environment:create_environment_scripts_only(final_challenge)
[72.609s] INFO:colcon.colcon_core.shell:Creating package script '/home/puzzlebot/github/mini_challenges_eq5/install/final_challenge/share/final_challenge/package.ps1'
[72.614s] INFO:colcon.colcon_core.shell:Creating package descriptor '/home/puzzlebot/github/mini_challenges_eq5/install/final_challenge/share/final_challenge/package.dsv'
[72.618s] INFO:colcon.colcon_core.shell:Creating package script '/home/puzzlebot/github/mini_challenges_eq5/install/final_challenge/share/final_challenge/package.sh'
[72.623s] INFO:colcon.colcon_core.shell:Creating package script '/home/puzzlebot/github/mini_challenges_eq5/install/final_challenge/share/final_challenge/package.bash'
[72.624s] INFO:colcon.colcon_core.shell:Creating package script '/home/puzzlebot/github/mini_challenges_eq5/install/final_challenge/share/final_challenge/package.zsh'
[72.626s] Level 1:colcon.colcon_core.environment:create_file_with_runtime_dependencies(/home/puzzlebot/github/mini_challenges_eq5/install/final_challenge/share/colcon-core/packages/final_challenge)
[72.628s] DEBUG:colcon.colcon_parallel_executor.executor.parallel:closing loop
[72.628s] DEBUG:colcon.colcon_parallel_executor.executor.parallel:loop closed
[72.629s] DEBUG:colcon.colcon_parallel_executor.executor.parallel:run_until_complete finished with '0'
[72.629s] DEBUG:colcon.colcon_core.event_reactor:joining thread
[72.671s] INFO:colcon.colcon_core.plugin_system:Skipping extension 'colcon_notification.desktop_notification.terminal_notifier': Not used on non-Darwin systems
[72.672s] INFO:colcon.colcon_core.plugin_system:Skipping extension 'colcon_notification.desktop_notification.win32': Not used on non-Windows systems
[72.672s] INFO:colcon.colcon_notification.desktop_notification:Sending desktop notification using 'notify2'
[72.899s] DEBUG:colcon.colcon_core.event_reactor:joined thread
[72.901s] INFO:colcon.colcon_core.shell:Creating prefix script '/home/puzzlebot/github/mini_challenges_eq5/install/local_setup.ps1'
[72.906s] INFO:colcon.colcon_core.shell:Creating prefix util module '/home/puzzlebot/github/mini_challenges_eq5/install/_local_setup_util_ps1.py'
[72.914s] INFO:colcon.colcon_core.shell:Creating prefix chain script '/home/puzzlebot/github/mini_challenges_eq5/install/setup.ps1'
[72.924s] INFO:colcon.colcon_core.shell:Creating prefix script '/home/puzzlebot/github/mini_challenges_eq5/install/local_setup.sh'
[72.927s] INFO:colcon.colcon_core.shell:Creating prefix util module '/home/puzzlebot/github/mini_challenges_eq5/install/_local_setup_util_sh.py'
[72.930s] INFO:colcon.colcon_core.shell:Creating prefix chain script '/home/puzzlebot/github/mini_challenges_eq5/install/setup.sh'
[72.940s] INFO:colcon.colcon_core.shell:Creating prefix script '/home/puzzlebot/github/mini_challenges_eq5/install/local_setup.bash'
[72.943s] INFO:colcon.colcon_core.shell:Creating prefix chain script '/home/puzzlebot/github/mini_challenges_eq5/install/setup.bash'
[72.953s] INFO:colcon.colcon_core.shell:Creating prefix script '/home/puzzlebot/github/mini_challenges_eq5/install/local_setup.zsh'
[72.957s] INFO:colcon.colcon_core.shell:Creating prefix chain script '/home/puzzlebot/github/mini_challenges_eq5/install/setup.zsh'
