[1.596s] DEBUG:colcon:Command line arguments: ['/usr/bin/colcon', 'build', '--packages-select', 'final_challenge']
[1.597s] DEBUG:colcon:Parsed command line arguments: Namespace(allow_overriding=[], ament_cmake_args=None, base_paths=['.'], build_base='build', catkin_cmake_args=None, catkin_skip_building_tests=False, cmake_args=None, cmake_clean_cache=False, cmake_clean_first=False, cmake_force_configure=False, cmake_target=None, cmake_target_skip_unavailable=False, continue_on_error=False, event_handlers=None, executor='parallel', ignore_user_meta=False, install_base='install', log_base=None, log_level=None, main=<bound method BuildVerb.main of <colcon_core.verb.build.BuildVerb object at 0x7f9ea7d6a0>>, merge_install=False, metas=['./colcon.meta'], packages_above=None, packages_above_and_dependencies=None, packages_above_depth=None, packages_end=None, packages_ignore=None, packages_ignore_regex=None, packages_select=['final_challenge'], packages_select_build_failed=False, packages_select_by_dep=None, packages_select_regex=None, packages_select_test_failures=False, packages_skip=None, packages_skip_build_finished=False, packages_skip_by_dep=None, packages_skip_regex=None, packages_skip_test_passed=False, packages_skip_up_to=None, packages_start=None, packages_up_to=None, packages_up_to_regex=None, parallel_workers=4, paths=None, symlink_install=False, test_result_base=None, verb_extension=<colcon_core.verb.build.BuildVerb object at 0x7f9ea7d6a0>, verb_name='build', verb_parser=<colcon_defaults.argument_parser.defaults.DefaultArgumentsDecorator object at 0x7f9ea87370>)
[2.767s] Level 1:colcon.colcon_core.package_discovery:discover_packages(colcon_meta) check parameters
[2.767s] Level 1:colcon.colcon_core.package_discovery:discover_packages(recursive) check parameters
[2.768s] Level 1:colcon.colcon_core.package_discovery:discover_packages(ignore) check parameters
[2.768s] Level 1:colcon.colcon_core.package_discovery:discover_packages(path) check parameters
[2.768s] Level 1:colcon.colcon_core.package_discovery:discover_packages(colcon_meta) discover
[2.768s] Level 1:colcon.colcon_core.package_discovery:discover_packages(recursive) discover
[2.768s] INFO:colcon.colcon_core.package_discovery:Crawling recursively for packages in '/home/puzzlebot/github/mini_challenges_eq5'
[2.769s] Level 1:colcon.colcon_core.package_identification:_identify(.) by extensions ['ignore', 'ignore_ament_install']
[2.769s] Level 1:colcon.colcon_core.package_identification:_identify(.) by extension 'ignore'
[2.770s] Level 1:colcon.colcon_core.package_identification:_identify(.) by extension 'ignore_ament_install'
[2.770s] Level 1:colcon.colcon_core.package_identification:_identify(.) by extensions ['colcon_pkg']
[2.770s] Level 1:colcon.colcon_core.package_identification:_identify(.) by extension 'colcon_pkg'
[2.770s] Level 1:colcon.colcon_core.package_identification:_identify(.) by extensions ['colcon_meta']
[2.770s] Level 1:colcon.colcon_core.package_identification:_identify(.) by extension 'colcon_meta'
[2.771s] Level 1:colcon.colcon_core.package_identification:_identify(.) by extensions ['ros']
[2.771s] Level 1:colcon.colcon_core.package_identification:_identify(.) by extension 'ros'
[3.170s] Level 1:colcon.colcon_core.package_identification:_identify(.) by extensions ['cmake', 'python']
[3.171s] Level 1:colcon.colcon_core.package_identification:_identify(.) by extension 'cmake'
[3.171s] Level 1:colcon.colcon_core.package_identification:_identify(.) by extension 'python'
[3.171s] Level 1:colcon.colcon_core.package_identification:_identify(.) by extensions ['python_setup_py']
[3.171s] Level 1:colcon.colcon_core.package_identification:_identify(.) by extension 'python_setup_py'
[3.172s] Level 1:colcon.colcon_core.package_identification:_identify(build) by extensions ['ignore', 'ignore_ament_install']
[3.172s] Level 1:colcon.colcon_core.package_identification:_identify(build) by extension 'ignore'
[3.173s] Level 1:colcon.colcon_core.package_identification:_identify(build) ignored
[3.173s] Level 1:colcon.colcon_core.package_identification:_identify(install) by extensions ['ignore', 'ignore_ament_install']
[3.174s] Level 1:colcon.colcon_core.package_identification:_identify(install) by extension 'ignore'
[3.174s] Level 1:colcon.colcon_core.package_identification:_identify(install) ignored
[3.176s] Level 1:colcon.colcon_core.package_identification:_identify(log) by extensions ['ignore', 'ignore_ament_install']
[3.176s] Level 1:colcon.colcon_core.package_identification:_identify(log) by extension 'ignore'
[3.177s] Level 1:colcon.colcon_core.package_identification:_identify(log) ignored
[3.186s] Level 1:colcon.colcon_core.package_identification:_identify(src) by extensions ['ignore', 'ignore_ament_install']
[3.187s] Level 1:colcon.colcon_core.package_identification:_identify(src) by extension 'ignore'
[3.187s] Level 1:colcon.colcon_core.package_identification:_identify(src) by extension 'ignore_ament_install'
[3.187s] Level 1:colcon.colcon_core.package_identification:_identify(src) by extensions ['colcon_pkg']
[3.188s] Level 1:colcon.colcon_core.package_identification:_identify(src) by extension 'colcon_pkg'
[3.188s] Level 1:colcon.colcon_core.package_identification:_identify(src) by extensions ['colcon_meta']
[3.188s] Level 1:colcon.colcon_core.package_identification:_identify(src) by extension 'colcon_meta'
[3.188s] Level 1:colcon.colcon_core.package_identification:_identify(src) by extensions ['ros']
[3.188s] Level 1:colcon.colcon_core.package_identification:_identify(src) by extension 'ros'
[3.189s] Level 1:colcon.colcon_core.package_identification:_identify(src) by extensions ['cmake', 'python']
[3.189s] Level 1:colcon.colcon_core.package_identification:_identify(src) by extension 'cmake'
[3.189s] Level 1:colcon.colcon_core.package_identification:_identify(src) by extension 'python'
[3.189s] Level 1:colcon.colcon_core.package_identification:_identify(src) by extensions ['python_setup_py']
[3.189s] Level 1:colcon.colcon_core.package_identification:_identify(src) by extension 'python_setup_py'
[3.191s] Level 1:colcon.colcon_core.package_identification:_identify(src/final_challenge) by extensions ['ignore', 'ignore_ament_install']
[3.192s] Level 1:colcon.colcon_core.package_identification:_identify(src/final_challenge) by extension 'ignore'
[3.192s] Level 1:colcon.colcon_core.package_identification:_identify(src/final_challenge) by extension 'ignore_ament_install'
[3.192s] Level 1:colcon.colcon_core.package_identification:_identify(src/final_challenge) by extensions ['colcon_pkg']
[3.192s] Level 1:colcon.colcon_core.package_identification:_identify(src/final_challenge) by extension 'colcon_pkg'
[3.193s] Level 1:colcon.colcon_core.package_identification:_identify(src/final_challenge) by extensions ['colcon_meta']
[3.193s] Level 1:colcon.colcon_core.package_identification:_identify(src/final_challenge) by extension 'colcon_meta'
[3.193s] Level 1:colcon.colcon_core.package_identification:_identify(src/final_challenge) by extensions ['ros']
[3.193s] Level 1:colcon.colcon_core.package_identification:_identify(src/final_challenge) by extension 'ros'
[3.285s] DEBUG:colcon.colcon_core.package_identification:Package 'src/final_challenge' with type 'ros.ament_python' and name 'final_challenge'
[3.292s] Level 1:colcon.colcon_core.package_identification:_identify(src/mini_challenge_2) by extensions ['ignore', 'ignore_ament_install']
[3.293s] Level 1:colcon.colcon_core.package_identification:_identify(src/mini_challenge_2) by extension 'ignore'
[3.293s] Level 1:colcon.colcon_core.package_identification:_identify(src/mini_challenge_2) by extension 'ignore_ament_install'
[3.293s] Level 1:colcon.colcon_core.package_identification:_identify(src/mini_challenge_2) by extensions ['colcon_pkg']
[3.293s] Level 1:colcon.colcon_core.package_identification:_identify(src/mini_challenge_2) by extension 'colcon_pkg'
[3.294s] Level 1:colcon.colcon_core.package_identification:_identify(src/mini_challenge_2) by extensions ['colcon_meta']
[3.294s] Level 1:colcon.colcon_core.package_identification:_identify(src/mini_challenge_2) by extension 'colcon_meta'
[3.294s] Level 1:colcon.colcon_core.package_identification:_identify(src/mini_challenge_2) by extensions ['ros']
[3.294s] Level 1:colcon.colcon_core.package_identification:_identify(src/mini_challenge_2) by extension 'ros'
[3.363s] DEBUG:colcon.colcon_core.package_identification:Package 'src/mini_challenge_2' with type 'ros.ament_python' and name 'mini_challenge_2'
[3.365s] Level 1:colcon.colcon_core.package_identification:_identify(src/mini_challenge_3) by extensions ['ignore', 'ignore_ament_install']
[3.366s] Level 1:colcon.colcon_core.package_identification:_identify(src/mini_challenge_3) by extension 'ignore'
[3.366s] Level 1:colcon.colcon_core.package_identification:_identify(src/mini_challenge_3) by extension 'ignore_ament_install'
[3.367s] Level 1:colcon.colcon_core.package_identification:_identify(src/mini_challenge_3) by extensions ['colcon_pkg']
[3.367s] Level 1:colcon.colcon_core.package_identification:_identify(src/mini_challenge_3) by extension 'colcon_pkg'
[3.368s] Level 1:colcon.colcon_core.package_identification:_identify(src/mini_challenge_3) by extensions ['colcon_meta']
[3.368s] Level 1:colcon.colcon_core.package_identification:_identify(src/mini_challenge_3) by extension 'colcon_meta'
[3.369s] Level 1:colcon.colcon_core.package_identification:_identify(src/mini_challenge_3) by extensions ['ros']
[3.369s] Level 1:colcon.colcon_core.package_identification:_identify(src/mini_challenge_3) by extension 'ros'
[3.406s] DEBUG:colcon.colcon_core.package_identification:Package 'src/mini_challenge_3' with type 'ros.ament_python' and name 'mini_challenge_3'
[3.425s] Level 1:colcon.colcon_core.package_identification:_identify(src/mini_challenge_4) by extensions ['ignore', 'ignore_ament_install']
[3.426s] Level 1:colcon.colcon_core.package_identification:_identify(src/mini_challenge_4) by extension 'ignore'
[3.427s] Level 1:colcon.colcon_core.package_identification:_identify(src/mini_challenge_4) by extension 'ignore_ament_install'
[3.427s] Level 1:colcon.colcon_core.package_identification:_identify(src/mini_challenge_4) by extensions ['colcon_pkg']
[3.428s] Level 1:colcon.colcon_core.package_identification:_identify(src/mini_challenge_4) by extension 'colcon_pkg'
[3.428s] Level 1:colcon.colcon_core.package_identification:_identify(src/mini_challenge_4) by extensions ['colcon_meta']
[3.429s] Level 1:colcon.colcon_core.package_identification:_identify(src/mini_challenge_4) by extension 'colcon_meta'
[3.429s] Level 1:colcon.colcon_core.package_identification:_identify(src/mini_challenge_4) by extensions ['ros']
[3.429s] Level 1:colcon.colcon_core.package_identification:_identify(src/mini_challenge_4) by extension 'ros'
[3.464s] DEBUG:colcon.colcon_core.package_identification:Package 'src/mini_challenge_4' with type 'ros.ament_python' and name 'mini_challenge_4'
[3.528s] Level 1:colcon.colcon_core.package_identification:_identify(src/signal_msg) by extensions ['ignore', 'ignore_ament_install']
[3.529s] Level 1:colcon.colcon_core.package_identification:_identify(src/signal_msg) by extension 'ignore'
[3.530s] Level 1:colcon.colcon_core.package_identification:_identify(src/signal_msg) by extension 'ignore_ament_install'
[3.530s] Level 1:colcon.colcon_core.package_identification:_identify(src/signal_msg) by extensions ['colcon_pkg']
[3.531s] Level 1:colcon.colcon_core.package_identification:_identify(src/signal_msg) by extension 'colcon_pkg'
[3.531s] Level 1:colcon.colcon_core.package_identification:_identify(src/signal_msg) by extensions ['colcon_meta']
[3.532s] Level 1:colcon.colcon_core.package_identification:_identify(src/signal_msg) by extension 'colcon_meta'
[3.532s] Level 1:colcon.colcon_core.package_identification:_identify(src/signal_msg) by extensions ['ros']
[3.532s] Level 1:colcon.colcon_core.package_identification:_identify(src/signal_msg) by extension 'ros'
[3.537s] DEBUG:colcon.colcon_core.package_identification:Package 'src/signal_msg' with type 'ros.ament_cmake' and name 'signal_msg'
[3.539s] Level 1:colcon.colcon_core.package_identification:_identify(src/yolo_msg) by extensions ['ignore', 'ignore_ament_install']
[3.540s] Level 1:colcon.colcon_core.package_identification:_identify(src/yolo_msg) by extension 'ignore'
[3.540s] Level 1:colcon.colcon_core.package_identification:_identify(src/yolo_msg) by extension 'ignore_ament_install'
[3.541s] Level 1:colcon.colcon_core.package_identification:_identify(src/yolo_msg) by extensions ['colcon_pkg']
[3.541s] Level 1:colcon.colcon_core.package_identification:_identify(src/yolo_msg) by extension 'colcon_pkg'
[3.542s] Level 1:colcon.colcon_core.package_identification:_identify(src/yolo_msg) by extensions ['colcon_meta']
[3.542s] Level 1:colcon.colcon_core.package_identification:_identify(src/yolo_msg) by extension 'colcon_meta'
[3.543s] Level 1:colcon.colcon_core.package_identification:_identify(src/yolo_msg) by extensions ['ros']
[3.543s] Level 1:colcon.colcon_core.package_identification:_identify(src/yolo_msg) by extension 'ros'
[3.546s] DEBUG:colcon.colcon_core.package_identification:Package 'src/yolo_msg' with type 'ros.ament_cmake' and name 'yolo_msg'
[3.546s] Level 1:colcon.colcon_core.package_discovery:discover_packages(recursive) using defaults
[3.547s] Level 1:colcon.colcon_core.package_discovery:discover_packages(ignore) discover
[3.547s] Level 1:colcon.colcon_core.package_discovery:discover_packages(ignore) using defaults
[3.547s] Level 1:colcon.colcon_core.package_discovery:discover_packages(path) discover
[3.547s] Level 1:colcon.colcon_core.package_discovery:discover_packages(path) using defaults
[3.716s] INFO:colcon.colcon_core.package_selection:Skipping not selected package 'mini_challenge_2' in 'src/mini_challenge_2'
[3.716s] INFO:colcon.colcon_core.package_selection:Skipping not selected package 'mini_challenge_3' in 'src/mini_challenge_3'
[3.716s] INFO:colcon.colcon_core.package_selection:Skipping not selected package 'mini_challenge_4' in 'src/mini_challenge_4'
[3.717s] INFO:colcon.colcon_core.package_selection:Skipping not selected package 'signal_msg' in 'src/signal_msg'
[3.717s] INFO:colcon.colcon_core.package_selection:Skipping not selected package 'yolo_msg' in 'src/yolo_msg'
[3.720s] Level 1:colcon.colcon_core.package_discovery:discover_packages(prefix_path) check parameters
[3.720s] Level 1:colcon.colcon_core.package_discovery:discover_packages(prefix_path) discover
[3.784s] DEBUG:colcon.colcon_installed_package_information.package_discovery:Found 8 installed packages in /home/puzzlebot/github/mini_challenges_eq5/install
[3.797s] DEBUG:colcon.colcon_installed_package_information.package_discovery:Found 3 installed packages in /home/puzzlebot/ros2_ws/install
[3.852s] DEBUG:colcon.colcon_installed_package_information.package_discovery:Found 5 installed packages in /home/puzzlebot/ros2_packages_ws/install
[3.865s] DEBUG:colcon.colcon_installed_package_information.package_discovery:Found 281 installed packages in /opt/ros/humble
[3.876s] Level 1:colcon.colcon_core.package_discovery:discover_packages(prefix_path) using defaults
[4.857s] Level 5:colcon.colcon_core.verb:set package 'final_challenge' build argument 'cmake_args' from command line to 'None'
[4.857s] Level 5:colcon.colcon_core.verb:set package 'final_challenge' build argument 'cmake_target' from command line to 'None'
[4.857s] Level 5:colcon.colcon_core.verb:set package 'final_challenge' build argument 'cmake_target_skip_unavailable' from command line to 'False'
[4.858s] Level 5:colcon.colcon_core.verb:set package 'final_challenge' build argument 'cmake_clean_cache' from command line to 'False'
[4.858s] Level 5:colcon.colcon_core.verb:set package 'final_challenge' build argument 'cmake_clean_first' from command line to 'False'
[4.858s] Level 5:colcon.colcon_core.verb:set package 'final_challenge' build argument 'cmake_force_configure' from command line to 'False'
[4.858s] Level 5:colcon.colcon_core.verb:set package 'final_challenge' build argument 'ament_cmake_args' from command line to 'None'
[4.858s] Level 5:colcon.colcon_core.verb:set package 'final_challenge' build argument 'catkin_cmake_args' from command line to 'None'
[4.858s] Level 5:colcon.colcon_core.verb:set package 'final_challenge' build argument 'catkin_skip_building_tests' from command line to 'False'
[4.858s] DEBUG:colcon.colcon_core.verb:Building package 'final_challenge' with the following arguments: {'ament_cmake_args': None, 'build_base': '/home/puzzlebot/github/mini_challenges_eq5/build/final_challenge', 'catkin_cmake_args': None, 'catkin_skip_building_tests': False, 'cmake_args': None, 'cmake_clean_cache': False, 'cmake_clean_first': False, 'cmake_force_configure': False, 'cmake_target': None, 'cmake_target_skip_unavailable': False, 'install_base': '/home/puzzlebot/github/mini_challenges_eq5/install/final_challenge', 'merge_install': False, 'path': '/home/puzzlebot/github/mini_challenges_eq5/src/final_challenge', 'symlink_install': False, 'test_result_base': None}
[4.859s] INFO:colcon.colcon_core.executor:Executing jobs using 'parallel' executor
[4.864s] DEBUG:colcon.colcon_parallel_executor.executor.parallel:run_until_complete
[4.865s] INFO:colcon.colcon_ros.task.ament_python.build:Building ROS package in '/home/puzzlebot/github/mini_challenges_eq5/src/final_challenge' with build type 'ament_python'
[4.865s] Level 1:colcon.colcon_core.shell:create_environment_hook('final_challenge', 'ament_prefix_path')
[4.978s] INFO:colcon.colcon_core.plugin_system:Skipping extension 'colcon_core.shell.bat': Not used on non-Windows systems
[4.980s] INFO:colcon.colcon_core.shell:Creating environment hook '/home/puzzlebot/github/mini_challenges_eq5/install/final_challenge/share/final_challenge/hook/ament_prefix_path.ps1'
[5.003s] INFO:colcon.colcon_core.shell:Creating environment descriptor '/home/puzzlebot/github/mini_challenges_eq5/install/final_challenge/share/final_challenge/hook/ament_prefix_path.dsv'
[5.006s] INFO:colcon.colcon_core.shell:Creating environment hook '/home/puzzlebot/github/mini_challenges_eq5/install/final_challenge/share/final_challenge/hook/ament_prefix_path.sh'
[5.023s] INFO:colcon.colcon_core.shell:Skip shell extension 'powershell' for command environment: Not usable outside of PowerShell
[5.023s] DEBUG:colcon.colcon_core.shell:Skip shell extension 'dsv' for command environment
[6.979s] INFO:colcon.colcon_core.task.python.build:Building Python package in '/home/puzzlebot/github/mini_challenges_eq5/src/final_challenge'
[6.982s] INFO:colcon.colcon_core.shell:Skip shell extension 'powershell' for command environment: Not usable outside of PowerShell
[6.983s] DEBUG:colcon.colcon_core.shell:Skip shell extension 'dsv' for command environment
[10.122s] DEBUG:colcon.colcon_core.event_handler.log_command:Invoking command in '/home/puzzlebot/github/mini_challenges_eq5/src/final_challenge': CMAKE_PREFIX_PATH=/home/puzzlebot/github/mini_challenges_eq5/install/yolo_msg:/home/puzzlebot/github/mini_challenges_eq5/install/signal_msg:/home/puzzlebot/github/mini_challenges_eq5/install/usb_cam:/home/puzzlebot/github/mini_challenges_eq5/install/challenge_msgs:/home/puzzlebot/ros2_ws/install/ros2_bag_to_image:/home/puzzlebot/ros2_packages_ws/install/ros_deep_learning:/home/puzzlebot/ros2_packages_ws/install/micro_ros_setup:/home/puzzlebot/ros2_packages_ws/install/micro_ros_agent:/home/puzzlebot/ros2_packages_ws/install/micro_ros_msgs:/home/puzzlebot/ros2_packages_ws/install/camera_info_publisher LD_LIBRARY_PATH=/home/puzzlebot/github/mini_challenges_eq5/install/yolo_msg/lib:/home/puzzlebot/github/mini_challenges_eq5/install/signal_msg/lib:/home/puzzlebot/github/mini_challenges_eq5/install/usb_cam/lib:/home/puzzlebot/github/mini_challenges_eq5/install/challenge_msgs/lib:/home/puzzlebot/ros2_ws/install/ros2_bag_to_image/lib:/home/puzzlebot/ros2_packages_ws/install/micro_ros_agent/lib:/home/puzzlebot/ros2_packages_ws/install/micro_ros_msgs/lib:/opt/ros/humble/opt/rviz_ogre_vendor/lib:/opt/ros/humble/lib/aarch64-linux-gnu:/opt/ros/humble/lib PYTHONPATH=/home/puzzlebot/github/mini_challenges_eq5/build/final_challenge/prefix_override:/home/puzzlebot/github/mini_challenges_eq5/install/final_challenge/lib/python3.8/site-packages:/home/puzzlebot/github/mini_challenges_eq5/install/yolo_msg/lib/python3.8/site-packages:/home/puzzlebot/github/mini_challenges_eq5/install/signal_msg/lib/python3.8/site-packages:/home/puzzlebot/github/mini_challenges_eq5/install/final_challenge/lib/python3.8/site-packages:/home/puzzlebot/github/mini_challenges_eq5/install/mini_challenge_4/lib/python3.10/site-packages:/home/puzzlebot/github/mini_challenges_eq5/install/mini_challenge_3/lib/python3.10/site-packages:/home/puzzlebot/github/mini_challenges_eq5/install/mini_challenge_2/lib/python3.10/site-packages:/home/puzzlebot/github/mini_challenges_eq5/install/challenge_msgs/local/lib/python3.10/dist-packages:/home/puzzlebot/ros2_ws/install/puzzlebot_ros/lib/python3.8/site-packages:/home/puzzlebot/ros2_ws/install/camera_compressor/lib/python3.8/site-packages:/home/puzzlebot/ros2_packages_ws/install/micro_ros_msgs/lib/python3.8/site-packages:/opt/ros/humble/lib/python3.8/site-packages /usr/bin/python3 -W ignore:setup.py install is deprecated setup.py egg_info --egg-base ../../build/final_challenge build --build-base /home/puzzlebot/github/mini_challenges_eq5/build/final_challenge/build install --record /home/puzzlebot/github/mini_challenges_eq5/build/final_challenge/install.log --single-version-externally-managed install_data
[11.837s] DEBUG:colcon.colcon_core.event_handler.log_command:Invoked command in '/home/puzzlebot/github/mini_challenges_eq5/src/final_challenge' returned '0': CMAKE_PREFIX_PATH=/home/puzzlebot/github/mini_challenges_eq5/install/yolo_msg:/home/puzzlebot/github/mini_challenges_eq5/install/signal_msg:/home/puzzlebot/github/mini_challenges_eq5/install/usb_cam:/home/puzzlebot/github/mini_challenges_eq5/install/challenge_msgs:/home/puzzlebot/ros2_ws/install/ros2_bag_to_image:/home/puzzlebot/ros2_packages_ws/install/ros_deep_learning:/home/puzzlebot/ros2_packages_ws/install/micro_ros_setup:/home/puzzlebot/ros2_packages_ws/install/micro_ros_agent:/home/puzzlebot/ros2_packages_ws/install/micro_ros_msgs:/home/puzzlebot/ros2_packages_ws/install/camera_info_publisher LD_LIBRARY_PATH=/home/puzzlebot/github/mini_challenges_eq5/install/yolo_msg/lib:/home/puzzlebot/github/mini_challenges_eq5/install/signal_msg/lib:/home/puzzlebot/github/mini_challenges_eq5/install/usb_cam/lib:/home/puzzlebot/github/mini_challenges_eq5/install/challenge_msgs/lib:/home/puzzlebot/ros2_ws/install/ros2_bag_to_image/lib:/home/puzzlebot/ros2_packages_ws/install/micro_ros_agent/lib:/home/puzzlebot/ros2_packages_ws/install/micro_ros_msgs/lib:/opt/ros/humble/opt/rviz_ogre_vendor/lib:/opt/ros/humble/lib/aarch64-linux-gnu:/opt/ros/humble/lib PYTHONPATH=/home/puzzlebot/github/mini_challenges_eq5/build/final_challenge/prefix_override:/home/puzzlebot/github/mini_challenges_eq5/install/final_challenge/lib/python3.8/site-packages:/home/puzzlebot/github/mini_challenges_eq5/install/yolo_msg/lib/python3.8/site-packages:/home/puzzlebot/github/mini_challenges_eq5/install/signal_msg/lib/python3.8/site-packages:/home/puzzlebot/github/mini_challenges_eq5/install/final_challenge/lib/python3.8/site-packages:/home/puzzlebot/github/mini_challenges_eq5/install/mini_challenge_4/lib/python3.10/site-packages:/home/puzzlebot/github/mini_challenges_eq5/install/mini_challenge_3/lib/python3.10/site-packages:/home/puzzlebot/github/mini_challenges_eq5/install/mini_challenge_2/lib/python3.10/site-packages:/home/puzzlebot/github/mini_challenges_eq5/install/challenge_msgs/local/lib/python3.10/dist-packages:/home/puzzlebot/ros2_ws/install/puzzlebot_ros/lib/python3.8/site-packages:/home/puzzlebot/ros2_ws/install/camera_compressor/lib/python3.8/site-packages:/home/puzzlebot/ros2_packages_ws/install/micro_ros_msgs/lib/python3.8/site-packages:/opt/ros/humble/lib/python3.8/site-packages /usr/bin/python3 -W ignore:setup.py install is deprecated setup.py egg_info --egg-base ../../build/final_challenge build --build-base /home/puzzlebot/github/mini_challenges_eq5/build/final_challenge/build install --record /home/puzzlebot/github/mini_challenges_eq5/build/final_challenge/install.log --single-version-externally-managed install_data
[11.859s] Level 1:colcon.colcon_core.environment:checking '/home/puzzlebot/github/mini_challenges_eq5/install/final_challenge' for CMake module files
[11.862s] Level 1:colcon.colcon_core.environment:checking '/home/puzzlebot/github/mini_challenges_eq5/install/final_challenge' for CMake config files
[11.866s] Level 1:colcon.colcon_core.environment:checking '/home/puzzlebot/github/mini_challenges_eq5/install/final_challenge/lib'
[11.867s] Level 1:colcon.colcon_core.environment:checking '/home/puzzlebot/github/mini_challenges_eq5/install/final_challenge/bin'
[11.868s] Level 1:colcon.colcon_core.environment:checking '/home/puzzlebot/github/mini_challenges_eq5/install/final_challenge/lib/pkgconfig/final_challenge.pc'
[11.869s] Level 1:colcon.colcon_core.environment:checking '/home/puzzlebot/github/mini_challenges_eq5/install/final_challenge/lib/python3.8/site-packages'
[11.869s] Level 1:colcon.colcon_core.shell:create_environment_hook('final_challenge', 'pythonpath')
[11.870s] INFO:colcon.colcon_core.shell:Creating environment hook '/home/puzzlebot/github/mini_challenges_eq5/install/final_challenge/share/final_challenge/hook/pythonpath.ps1'
[11.872s] INFO:colcon.colcon_core.shell:Creating environment descriptor '/home/puzzlebot/github/mini_challenges_eq5/install/final_challenge/share/final_challenge/hook/pythonpath.dsv'
[11.874s] INFO:colcon.colcon_core.shell:Creating environment hook '/home/puzzlebot/github/mini_challenges_eq5/install/final_challenge/share/final_challenge/hook/pythonpath.sh'
[11.877s] Level 1:colcon.colcon_core.environment:checking '/home/puzzlebot/github/mini_challenges_eq5/install/final_challenge/bin'
[11.877s] Level 1:colcon.colcon_core.environment:create_environment_scripts_only(final_challenge)
[11.879s] INFO:colcon.colcon_core.shell:Creating package script '/home/puzzlebot/github/mini_challenges_eq5/install/final_challenge/share/final_challenge/package.ps1'
[11.885s] INFO:colcon.colcon_core.shell:Creating package descriptor '/home/puzzlebot/github/mini_challenges_eq5/install/final_challenge/share/final_challenge/package.dsv'
[11.888s] INFO:colcon.colcon_core.shell:Creating package script '/home/puzzlebot/github/mini_challenges_eq5/install/final_challenge/share/final_challenge/package.sh'
[11.893s] INFO:colcon.colcon_core.shell:Creating package script '/home/puzzlebot/github/mini_challenges_eq5/install/final_challenge/share/final_challenge/package.bash'
[11.898s] INFO:colcon.colcon_core.shell:Creating package script '/home/puzzlebot/github/mini_challenges_eq5/install/final_challenge/share/final_challenge/package.zsh'
[11.902s] Level 1:colcon.colcon_core.environment:create_file_with_runtime_dependencies(/home/puzzlebot/github/mini_challenges_eq5/install/final_challenge/share/colcon-core/packages/final_challenge)
[11.904s] DEBUG:colcon.colcon_parallel_executor.executor.parallel:closing loop
[11.904s] DEBUG:colcon.colcon_parallel_executor.executor.parallel:loop closed
[11.905s] DEBUG:colcon.colcon_parallel_executor.executor.parallel:run_until_complete finished with '0'
[11.905s] DEBUG:colcon.colcon_core.event_reactor:joining thread
[11.946s] INFO:colcon.colcon_core.plugin_system:Skipping extension 'colcon_notification.desktop_notification.terminal_notifier': Not used on non-Darwin systems
[11.946s] INFO:colcon.colcon_core.plugin_system:Skipping extension 'colcon_notification.desktop_notification.win32': Not used on non-Windows systems
[11.947s] INFO:colcon.colcon_notification.desktop_notification:Sending desktop notification using 'notify2'
[12.581s] DEBUG:colcon.colcon_core.event_reactor:joined thread
[12.583s] INFO:colcon.colcon_core.shell:Creating prefix script '/home/puzzlebot/github/mini_challenges_eq5/install/local_setup.ps1'
[12.592s] INFO:colcon.colcon_core.shell:Creating prefix util module '/home/puzzlebot/github/mini_challenges_eq5/install/_local_setup_util_ps1.py'
[12.609s] INFO:colcon.colcon_core.shell:Creating prefix chain script '/home/puzzlebot/github/mini_challenges_eq5/install/setup.ps1'
[12.634s] INFO:colcon.colcon_core.shell:Creating prefix script '/home/puzzlebot/github/mini_challenges_eq5/install/local_setup.sh'
[12.637s] INFO:colcon.colcon_core.shell:Creating prefix util module '/home/puzzlebot/github/mini_challenges_eq5/install/_local_setup_util_sh.py'
[12.639s] INFO:colcon.colcon_core.shell:Creating prefix chain script '/home/puzzlebot/github/mini_challenges_eq5/install/setup.sh'
[12.648s] INFO:colcon.colcon_core.shell:Creating prefix script '/home/puzzlebot/github/mini_challenges_eq5/install/local_setup.bash'
[12.652s] INFO:colcon.colcon_core.shell:Creating prefix chain script '/home/puzzlebot/github/mini_challenges_eq5/install/setup.bash'
[12.661s] INFO:colcon.colcon_core.shell:Creating prefix script '/home/puzzlebot/github/mini_challenges_eq5/install/local_setup.zsh'
[12.665s] INFO:colcon.colcon_core.shell:Creating prefix chain script '/home/puzzlebot/github/mini_challenges_eq5/install/setup.zsh'
