[2.127s] DEBUG:colcon:Command line arguments: ['/usr/bin/colcon', 'build', '--packages-select', 'final_challenge']
[2.127s] DEBUG:colcon:Parsed command line arguments: Namespace(allow_overriding=[], ament_cmake_args=None, base_paths=['.'], build_base='build', catkin_cmake_args=None, catkin_skip_building_tests=False, cmake_args=None, cmake_clean_cache=False, cmake_clean_first=False, cmake_force_configure=False, cmake_target=None, cmake_target_skip_unavailable=False, continue_on_error=False, event_handlers=None, executor='parallel', ignore_user_meta=False, install_base='install', log_base=None, log_level=None, main=<bound method BuildVerb.main of <colcon_core.verb.build.BuildVerb object at 0x7f97578fd0>>, merge_install=False, metas=['./colcon.meta'], packages_above=None, packages_above_and_dependencies=None, packages_above_depth=None, packages_end=None, packages_ignore=None, packages_ignore_regex=None, packages_select=['final_challenge'], packages_select_build_failed=False, packages_select_by_dep=None, packages_select_regex=None, packages_select_test_failures=False, packages_skip=None, packages_skip_build_finished=False, packages_skip_by_dep=None, packages_skip_regex=None, packages_skip_test_passed=False, packages_skip_up_to=None, packages_start=None, packages_up_to=None, packages_up_to_regex=None, parallel_workers=4, paths=None, symlink_install=False, test_result_base=None, verb_extension=<colcon_core.verb.build.BuildVerb object at 0x7f97578fd0>, verb_name='build', verb_parser=<colcon_defaults.argument_parser.defaults.DefaultArgumentsDecorator object at 0x7f97580490>)
[3.181s] Level 1:colcon.colcon_core.package_discovery:discover_packages(colcon_meta) check parameters
[3.182s] Level 1:colcon.colcon_core.package_discovery:discover_packages(recursive) check parameters
[3.182s] Level 1:colcon.colcon_core.package_discovery:discover_packages(ignore) check parameters
[3.182s] Level 1:colcon.colcon_core.package_discovery:discover_packages(path) check parameters
[3.182s] Level 1:colcon.colcon_core.package_discovery:discover_packages(colcon_meta) discover
[3.183s] Level 1:colcon.colcon_core.package_discovery:discover_packages(recursive) discover
[3.183s] INFO:colcon.colcon_core.package_discovery:Crawling recursively for packages in '/home/puzzlebot/github/mini_challenges_eq5'
[3.183s] Level 1:colcon.colcon_core.package_identification:_identify(.) by extensions ['ignore', 'ignore_ament_install']
[3.184s] Level 1:colcon.colcon_core.package_identification:_identify(.) by extension 'ignore'
[3.184s] Level 1:colcon.colcon_core.package_identification:_identify(.) by extension 'ignore_ament_install'
[3.184s] Level 1:colcon.colcon_core.package_identification:_identify(.) by extensions ['colcon_pkg']
[3.184s] Level 1:colcon.colcon_core.package_identification:_identify(.) by extension 'colcon_pkg'
[3.184s] Level 1:colcon.colcon_core.package_identification:_identify(.) by extensions ['colcon_meta']
[3.185s] Level 1:colcon.colcon_core.package_identification:_identify(.) by extension 'colcon_meta'
[3.185s] Level 1:colcon.colcon_core.package_identification:_identify(.) by extensions ['ros']
[3.185s] Level 1:colcon.colcon_core.package_identification:_identify(.) by extension 'ros'
[3.253s] Level 1:colcon.colcon_core.package_identification:_identify(.) by extensions ['cmake', 'python']
[3.254s] Level 1:colcon.colcon_core.package_identification:_identify(.) by extension 'cmake'
[3.254s] Level 1:colcon.colcon_core.package_identification:_identify(.) by extension 'python'
[3.255s] Level 1:colcon.colcon_core.package_identification:_identify(.) by extensions ['python_setup_py']
[3.255s] Level 1:colcon.colcon_core.package_identification:_identify(.) by extension 'python_setup_py'
[3.256s] Level 1:colcon.colcon_core.package_identification:_identify(build) by extensions ['ignore', 'ignore_ament_install']
[3.256s] Level 1:colcon.colcon_core.package_identification:_identify(build) by extension 'ignore'
[3.257s] Level 1:colcon.colcon_core.package_identification:_identify(build) ignored
[3.258s] Level 1:colcon.colcon_core.package_identification:_identify(install) by extensions ['ignore', 'ignore_ament_install']
[3.259s] Level 1:colcon.colcon_core.package_identification:_identify(install) by extension 'ignore'
[3.261s] Level 1:colcon.colcon_core.package_identification:_identify(install) ignored
[3.262s] Level 1:colcon.colcon_core.package_identification:_identify(log) by extensions ['ignore', 'ignore_ament_install']
[3.263s] Level 1:colcon.colcon_core.package_identification:_identify(log) by extension 'ignore'
[3.264s] Level 1:colcon.colcon_core.package_identification:_identify(log) ignored
[3.265s] Level 1:colcon.colcon_core.package_identification:_identify(src) by extensions ['ignore', 'ignore_ament_install']
[3.266s] Level 1:colcon.colcon_core.package_identification:_identify(src) by extension 'ignore'
[3.266s] Level 1:colcon.colcon_core.package_identification:_identify(src) by extension 'ignore_ament_install'
[3.267s] Level 1:colcon.colcon_core.package_identification:_identify(src) by extensions ['colcon_pkg']
[3.267s] Level 1:colcon.colcon_core.package_identification:_identify(src) by extension 'colcon_pkg'
[3.267s] Level 1:colcon.colcon_core.package_identification:_identify(src) by extensions ['colcon_meta']
[3.267s] Level 1:colcon.colcon_core.package_identification:_identify(src) by extension 'colcon_meta'
[3.268s] Level 1:colcon.colcon_core.package_identification:_identify(src) by extensions ['ros']
[3.268s] Level 1:colcon.colcon_core.package_identification:_identify(src) by extension 'ros'
[3.268s] Level 1:colcon.colcon_core.package_identification:_identify(src) by extensions ['cmake', 'python']
[3.268s] Level 1:colcon.colcon_core.package_identification:_identify(src) by extension 'cmake'
[3.269s] Level 1:colcon.colcon_core.package_identification:_identify(src) by extension 'python'
[3.269s] Level 1:colcon.colcon_core.package_identification:_identify(src) by extensions ['python_setup_py']
[3.269s] Level 1:colcon.colcon_core.package_identification:_identify(src) by extension 'python_setup_py'
[3.269s] Level 1:colcon.colcon_core.package_identification:_identify(src/final_challenge) by extensions ['ignore', 'ignore_ament_install']
[3.270s] Level 1:colcon.colcon_core.package_identification:_identify(src/final_challenge) by extension 'ignore'
[3.270s] Level 1:colcon.colcon_core.package_identification:_identify(src/final_challenge) by extension 'ignore_ament_install'
[3.270s] Level 1:colcon.colcon_core.package_identification:_identify(src/final_challenge) by extensions ['colcon_pkg']
[3.271s] Level 1:colcon.colcon_core.package_identification:_identify(src/final_challenge) by extension 'colcon_pkg'
[3.271s] Level 1:colcon.colcon_core.package_identification:_identify(src/final_challenge) by extensions ['colcon_meta']
[3.271s] Level 1:colcon.colcon_core.package_identification:_identify(src/final_challenge) by extension 'colcon_meta'
[3.271s] Level 1:colcon.colcon_core.package_identification:_identify(src/final_challenge) by extensions ['ros']
[3.271s] Level 1:colcon.colcon_core.package_identification:_identify(src/final_challenge) by extension 'ros'
[3.287s] DEBUG:colcon.colcon_core.package_identification:Package 'src/final_challenge' with type 'ros.ament_python' and name 'final_challenge'
[3.288s] Level 1:colcon.colcon_core.package_identification:_identify(src/mini_challenge_2) by extensions ['ignore', 'ignore_ament_install']
[3.288s] Level 1:colcon.colcon_core.package_identification:_identify(src/mini_challenge_2) by extension 'ignore'
[3.288s] Level 1:colcon.colcon_core.package_identification:_identify(src/mini_challenge_2) by extension 'ignore_ament_install'
[3.289s] Level 1:colcon.colcon_core.package_identification:_identify(src/mini_challenge_2) by extensions ['colcon_pkg']
[3.289s] Level 1:colcon.colcon_core.package_identification:_identify(src/mini_challenge_2) by extension 'colcon_pkg'
[3.289s] Level 1:colcon.colcon_core.package_identification:_identify(src/mini_challenge_2) by extensions ['colcon_meta']
[3.289s] Level 1:colcon.colcon_core.package_identification:_identify(src/mini_challenge_2) by extension 'colcon_meta'
[3.289s] Level 1:colcon.colcon_core.package_identification:_identify(src/mini_challenge_2) by extensions ['ros']
[3.290s] Level 1:colcon.colcon_core.package_identification:_identify(src/mini_challenge_2) by extension 'ros'
[3.293s] DEBUG:colcon.colcon_core.package_identification:Package 'src/mini_challenge_2' with type 'ros.ament_python' and name 'mini_challenge_2'
[3.294s] Level 1:colcon.colcon_core.package_identification:_identify(src/mini_challenge_3) by extensions ['ignore', 'ignore_ament_install']
[3.294s] Level 1:colcon.colcon_core.package_identification:_identify(src/mini_challenge_3) by extension 'ignore'
[3.294s] Level 1:colcon.colcon_core.package_identification:_identify(src/mini_challenge_3) by extension 'ignore_ament_install'
[3.295s] Level 1:colcon.colcon_core.package_identification:_identify(src/mini_challenge_3) by extensions ['colcon_pkg']
[3.295s] Level 1:colcon.colcon_core.package_identification:_identify(src/mini_challenge_3) by extension 'colcon_pkg'
[3.295s] Level 1:colcon.colcon_core.package_identification:_identify(src/mini_challenge_3) by extensions ['colcon_meta']
[3.295s] Level 1:colcon.colcon_core.package_identification:_identify(src/mini_challenge_3) by extension 'colcon_meta'
[3.295s] Level 1:colcon.colcon_core.package_identification:_identify(src/mini_challenge_3) by extensions ['ros']
[3.296s] Level 1:colcon.colcon_core.package_identification:_identify(src/mini_challenge_3) by extension 'ros'
[3.300s] DEBUG:colcon.colcon_core.package_identification:Package 'src/mini_challenge_3' with type 'ros.ament_python' and name 'mini_challenge_3'
[3.300s] Level 1:colcon.colcon_core.package_identification:_identify(src/mini_challenge_4) by extensions ['ignore', 'ignore_ament_install']
[3.301s] Level 1:colcon.colcon_core.package_identification:_identify(src/mini_challenge_4) by extension 'ignore'
[3.301s] Level 1:colcon.colcon_core.package_identification:_identify(src/mini_challenge_4) by extension 'ignore_ament_install'
[3.301s] Level 1:colcon.colcon_core.package_identification:_identify(src/mini_challenge_4) by extensions ['colcon_pkg']
[3.302s] Level 1:colcon.colcon_core.package_identification:_identify(src/mini_challenge_4) by extension 'colcon_pkg'
[3.302s] Level 1:colcon.colcon_core.package_identification:_identify(src/mini_challenge_4) by extensions ['colcon_meta']
[3.302s] Level 1:colcon.colcon_core.package_identification:_identify(src/mini_challenge_4) by extension 'colcon_meta'
[3.302s] Level 1:colcon.colcon_core.package_identification:_identify(src/mini_challenge_4) by extensions ['ros']
[3.302s] Level 1:colcon.colcon_core.package_identification:_identify(src/mini_challenge_4) by extension 'ros'
[3.306s] DEBUG:colcon.colcon_core.package_identification:Package 'src/mini_challenge_4' with type 'ros.ament_python' and name 'mini_challenge_4'
[3.307s] Level 1:colcon.colcon_core.package_identification:_identify(src/signal_msg) by extensions ['ignore', 'ignore_ament_install']
[3.307s] Level 1:colcon.colcon_core.package_identification:_identify(src/signal_msg) by extension 'ignore'
[3.307s] Level 1:colcon.colcon_core.package_identification:_identify(src/signal_msg) by extension 'ignore_ament_install'
[3.308s] Level 1:colcon.colcon_core.package_identification:_identify(src/signal_msg) by extensions ['colcon_pkg']
[3.308s] Level 1:colcon.colcon_core.package_identification:_identify(src/signal_msg) by extension 'colcon_pkg'
[3.308s] Level 1:colcon.colcon_core.package_identification:_identify(src/signal_msg) by extensions ['colcon_meta']
[3.308s] Level 1:colcon.colcon_core.package_identification:_identify(src/signal_msg) by extension 'colcon_meta'
[3.308s] Level 1:colcon.colcon_core.package_identification:_identify(src/signal_msg) by extensions ['ros']
[3.309s] Level 1:colcon.colcon_core.package_identification:_identify(src/signal_msg) by extension 'ros'
[3.311s] DEBUG:colcon.colcon_core.package_identification:Package 'src/signal_msg' with type 'ros.ament_cmake' and name 'signal_msg'
[3.312s] Level 1:colcon.colcon_core.package_identification:_identify(src/yolo_msg) by extensions ['ignore', 'ignore_ament_install']
[3.312s] Level 1:colcon.colcon_core.package_identification:_identify(src/yolo_msg) by extension 'ignore'
[3.312s] Level 1:colcon.colcon_core.package_identification:_identify(src/yolo_msg) by extension 'ignore_ament_install'
[3.313s] Level 1:colcon.colcon_core.package_identification:_identify(src/yolo_msg) by extensions ['colcon_pkg']
[3.313s] Level 1:colcon.colcon_core.package_identification:_identify(src/yolo_msg) by extension 'colcon_pkg'
[3.313s] Level 1:colcon.colcon_core.package_identification:_identify(src/yolo_msg) by extensions ['colcon_meta']
[3.313s] Level 1:colcon.colcon_core.package_identification:_identify(src/yolo_msg) by extension 'colcon_meta'
[3.314s] Level 1:colcon.colcon_core.package_identification:_identify(src/yolo_msg) by extensions ['ros']
[3.314s] Level 1:colcon.colcon_core.package_identification:_identify(src/yolo_msg) by extension 'ros'
[3.316s] DEBUG:colcon.colcon_core.package_identification:Package 'src/yolo_msg' with type 'ros.ament_cmake' and name 'yolo_msg'
[3.317s] Level 1:colcon.colcon_core.package_discovery:discover_packages(recursive) using defaults
[3.317s] Level 1:colcon.colcon_core.package_discovery:discover_packages(ignore) discover
[3.317s] Level 1:colcon.colcon_core.package_discovery:discover_packages(ignore) using defaults
[3.317s] Level 1:colcon.colcon_core.package_discovery:discover_packages(path) discover
[3.317s] Level 1:colcon.colcon_core.package_discovery:discover_packages(path) using defaults
[3.468s] INFO:colcon.colcon_core.package_selection:Skipping not selected package 'mini_challenge_2' in 'src/mini_challenge_2'
[3.468s] INFO:colcon.colcon_core.package_selection:Skipping not selected package 'mini_challenge_3' in 'src/mini_challenge_3'
[3.468s] INFO:colcon.colcon_core.package_selection:Skipping not selected package 'mini_challenge_4' in 'src/mini_challenge_4'
[3.468s] INFO:colcon.colcon_core.package_selection:Skipping not selected package 'signal_msg' in 'src/signal_msg'
[3.468s] INFO:colcon.colcon_core.package_selection:Skipping not selected package 'yolo_msg' in 'src/yolo_msg'
[3.471s] Level 1:colcon.colcon_core.package_discovery:discover_packages(prefix_path) check parameters
[3.471s] Level 1:colcon.colcon_core.package_discovery:discover_packages(prefix_path) discover
[3.495s] DEBUG:colcon.colcon_installed_package_information.package_discovery:Found 6 installed packages in /home/puzzlebot/github/mini_challenges_eq5/install
[3.498s] DEBUG:colcon.colcon_installed_package_information.package_discovery:Found 3 installed packages in /home/puzzlebot/ros2_ws/install
[3.501s] DEBUG:colcon.colcon_installed_package_information.package_discovery:Found 5 installed packages in /home/puzzlebot/ros2_packages_ws/install
[3.512s] DEBUG:colcon.colcon_installed_package_information.package_discovery:Found 281 installed packages in /opt/ros/humble
[3.523s] Level 1:colcon.colcon_core.package_discovery:discover_packages(prefix_path) using defaults
[4.144s] Level 5:colcon.colcon_core.verb:set package 'final_challenge' build argument 'cmake_args' from command line to 'None'
[4.144s] Level 5:colcon.colcon_core.verb:set package 'final_challenge' build argument 'cmake_target' from command line to 'None'
[4.144s] Level 5:colcon.colcon_core.verb:set package 'final_challenge' build argument 'cmake_target_skip_unavailable' from command line to 'False'
[4.144s] Level 5:colcon.colcon_core.verb:set package 'final_challenge' build argument 'cmake_clean_cache' from command line to 'False'
[4.145s] Level 5:colcon.colcon_core.verb:set package 'final_challenge' build argument 'cmake_clean_first' from command line to 'False'
[4.145s] Level 5:colcon.colcon_core.verb:set package 'final_challenge' build argument 'cmake_force_configure' from command line to 'False'
[4.145s] Level 5:colcon.colcon_core.verb:set package 'final_challenge' build argument 'ament_cmake_args' from command line to 'None'
[4.145s] Level 5:colcon.colcon_core.verb:set package 'final_challenge' build argument 'catkin_cmake_args' from command line to 'None'
[4.145s] Level 5:colcon.colcon_core.verb:set package 'final_challenge' build argument 'catkin_skip_building_tests' from command line to 'False'
[4.145s] DEBUG:colcon.colcon_core.verb:Building package 'final_challenge' with the following arguments: {'ament_cmake_args': None, 'build_base': '/home/puzzlebot/github/mini_challenges_eq5/build/final_challenge', 'catkin_cmake_args': None, 'catkin_skip_building_tests': False, 'cmake_args': None, 'cmake_clean_cache': False, 'cmake_clean_first': False, 'cmake_force_configure': False, 'cmake_target': None, 'cmake_target_skip_unavailable': False, 'install_base': '/home/puzzlebot/github/mini_challenges_eq5/install/final_challenge', 'merge_install': False, 'path': '/home/puzzlebot/github/mini_challenges_eq5/src/final_challenge', 'symlink_install': False, 'test_result_base': None}
[4.146s] INFO:colcon.colcon_core.executor:Executing jobs using 'parallel' executor
[4.150s] DEBUG:colcon.colcon_parallel_executor.executor.parallel:run_until_complete
[4.151s] INFO:colcon.colcon_ros.task.ament_python.build:Building ROS package in '/home/puzzlebot/github/mini_challenges_eq5/src/final_challenge' with build type 'ament_python'
[4.152s] Level 1:colcon.colcon_core.shell:create_environment_hook('final_challenge', 'ament_prefix_path')
[4.173s] INFO:colcon.colcon_core.plugin_system:Skipping extension 'colcon_core.shell.bat': Not used on non-Windows systems
[4.174s] INFO:colcon.colcon_core.shell:Creating environment hook '/home/puzzlebot/github/mini_challenges_eq5/install/final_challenge/share/final_challenge/hook/ament_prefix_path.ps1'
[4.177s] INFO:colcon.colcon_core.shell:Creating environment descriptor '/home/puzzlebot/github/mini_challenges_eq5/install/final_challenge/share/final_challenge/hook/ament_prefix_path.dsv'
[4.180s] INFO:colcon.colcon_core.shell:Creating environment hook '/home/puzzlebot/github/mini_challenges_eq5/install/final_challenge/share/final_challenge/hook/ament_prefix_path.sh'
[4.185s] INFO:colcon.colcon_core.shell:Skip shell extension 'powershell' for command environment: Not usable outside of PowerShell
[4.185s] DEBUG:colcon.colcon_core.shell:Skip shell extension 'dsv' for command environment
[5.548s] INFO:colcon.colcon_core.task.python.build:Building Python package in '/home/puzzlebot/github/mini_challenges_eq5/src/final_challenge'
[5.549s] INFO:colcon.colcon_core.shell:Skip shell extension 'powershell' for command environment: Not usable outside of PowerShell
[5.550s] DEBUG:colcon.colcon_core.shell:Skip shell extension 'dsv' for command environment
[7.972s] DEBUG:colcon.colcon_core.event_handler.log_command:Invoking command in '/home/puzzlebot/github/mini_challenges_eq5/src/final_challenge': PYTHONPATH=/home/puzzlebot/github/mini_challenges_eq5/build/final_challenge/prefix_override:/home/puzzlebot/github/mini_challenges_eq5/install/final_challenge/lib/python3.8/site-packages:/home/puzzlebot/github/mini_challenges_eq5/install/yolo_msg/lib/python3.8/site-packages:/home/puzzlebot/github/mini_challenges_eq5/install/signal_msg/lib/python3.8/site-packages:/home/puzzlebot/github/mini_challenges_eq5/install/final_challenge/lib/python3.8/site-packages:/home/puzzlebot/github/mini_challenges_eq5/install/mini_challenge_4/lib/python3.8/site-packages:/home/puzzlebot/github/mini_challenges_eq5/install/mini_challenge_3/lib/python3.8/site-packages:/home/puzzlebot/github/mini_challenges_eq5/install/mini_challenge_2/lib/python3.8/site-packages:/home/puzzlebot/ros2_ws/install/puzzlebot_ros/lib/python3.8/site-packages:/home/puzzlebot/ros2_ws/install/camera_compressor/lib/python3.8/site-packages:/home/puzzlebot/ros2_packages_ws/install/micro_ros_msgs/lib/python3.8/site-packages:/opt/ros/humble/lib/python3.8/site-packages /usr/bin/python3 -W ignore:setup.py install is deprecated setup.py egg_info --egg-base ../../build/final_challenge build --build-base /home/puzzlebot/github/mini_challenges_eq5/build/final_challenge/build install --record /home/puzzlebot/github/mini_challenges_eq5/build/final_challenge/install.log --single-version-externally-managed install_data
[9.531s] DEBUG:colcon.colcon_core.event_handler.log_command:Invoked command in '/home/puzzlebot/github/mini_challenges_eq5/src/final_challenge' returned '0': PYTHONPATH=/home/puzzlebot/github/mini_challenges_eq5/build/final_challenge/prefix_override:/home/puzzlebot/github/mini_challenges_eq5/install/final_challenge/lib/python3.8/site-packages:/home/puzzlebot/github/mini_challenges_eq5/install/yolo_msg/lib/python3.8/site-packages:/home/puzzlebot/github/mini_challenges_eq5/install/signal_msg/lib/python3.8/site-packages:/home/puzzlebot/github/mini_challenges_eq5/install/final_challenge/lib/python3.8/site-packages:/home/puzzlebot/github/mini_challenges_eq5/install/mini_challenge_4/lib/python3.8/site-packages:/home/puzzlebot/github/mini_challenges_eq5/install/mini_challenge_3/lib/python3.8/site-packages:/home/puzzlebot/github/mini_challenges_eq5/install/mini_challenge_2/lib/python3.8/site-packages:/home/puzzlebot/ros2_ws/install/puzzlebot_ros/lib/python3.8/site-packages:/home/puzzlebot/ros2_ws/install/camera_compressor/lib/python3.8/site-packages:/home/puzzlebot/ros2_packages_ws/install/micro_ros_msgs/lib/python3.8/site-packages:/opt/ros/humble/lib/python3.8/site-packages /usr/bin/python3 -W ignore:setup.py install is deprecated setup.py egg_info --egg-base ../../build/final_challenge build --build-base /home/puzzlebot/github/mini_challenges_eq5/build/final_challenge/build install --record /home/puzzlebot/github/mini_challenges_eq5/build/final_challenge/install.log --single-version-externally-managed install_data
[9.553s] Level 1:colcon.colcon_core.environment:checking '/home/puzzlebot/github/mini_challenges_eq5/install/final_challenge' for CMake module files
[9.556s] Level 1:colcon.colcon_core.environment:checking '/home/puzzlebot/github/mini_challenges_eq5/install/final_challenge' for CMake config files
[9.559s] Level 1:colcon.colcon_core.environment:checking '/home/puzzlebot/github/mini_challenges_eq5/install/final_challenge/lib'
[9.560s] Level 1:colcon.colcon_core.environment:checking '/home/puzzlebot/github/mini_challenges_eq5/install/final_challenge/bin'
[9.561s] Level 1:colcon.colcon_core.environment:checking '/home/puzzlebot/github/mini_challenges_eq5/install/final_challenge/lib/pkgconfig/final_challenge.pc'
[9.562s] Level 1:colcon.colcon_core.environment:checking '/home/puzzlebot/github/mini_challenges_eq5/install/final_challenge/lib/python3.8/site-packages'
[9.562s] Level 1:colcon.colcon_core.shell:create_environment_hook('final_challenge', 'pythonpath')
[9.564s] INFO:colcon.colcon_core.shell:Creating environment hook '/home/puzzlebot/github/mini_challenges_eq5/install/final_challenge/share/final_challenge/hook/pythonpath.ps1'
[9.566s] INFO:colcon.colcon_core.shell:Creating environment descriptor '/home/puzzlebot/github/mini_challenges_eq5/install/final_challenge/share/final_challenge/hook/pythonpath.dsv'
[9.568s] INFO:colcon.colcon_core.shell:Creating environment hook '/home/puzzlebot/github/mini_challenges_eq5/install/final_challenge/share/final_challenge/hook/pythonpath.sh'
[9.570s] Level 1:colcon.colcon_core.environment:checking '/home/puzzlebot/github/mini_challenges_eq5/install/final_challenge/bin'
[9.570s] Level 1:colcon.colcon_core.environment:create_environment_scripts_only(final_challenge)
[9.572s] INFO:colcon.colcon_core.shell:Creating package script '/home/puzzlebot/github/mini_challenges_eq5/install/final_challenge/share/final_challenge/package.ps1'
[9.576s] INFO:colcon.colcon_core.shell:Creating package descriptor '/home/puzzlebot/github/mini_challenges_eq5/install/final_challenge/share/final_challenge/package.dsv'
[9.580s] INFO:colcon.colcon_core.shell:Creating package script '/home/puzzlebot/github/mini_challenges_eq5/install/final_challenge/share/final_challenge/package.sh'
[9.584s] INFO:colcon.colcon_core.shell:Creating package script '/home/puzzlebot/github/mini_challenges_eq5/install/final_challenge/share/final_challenge/package.bash'
[9.589s] INFO:colcon.colcon_core.shell:Creating package script '/home/puzzlebot/github/mini_challenges_eq5/install/final_challenge/share/final_challenge/package.zsh'
[9.594s] Level 1:colcon.colcon_core.environment:create_file_with_runtime_dependencies(/home/puzzlebot/github/mini_challenges_eq5/install/final_challenge/share/colcon-core/packages/final_challenge)
[9.595s] DEBUG:colcon.colcon_parallel_executor.executor.parallel:closing loop
[9.596s] DEBUG:colcon.colcon_parallel_executor.executor.parallel:loop closed
[9.597s] DEBUG:colcon.colcon_parallel_executor.executor.parallel:run_until_complete finished with '0'
[9.597s] DEBUG:colcon.colcon_core.event_reactor:joining thread
[9.636s] INFO:colcon.colcon_core.plugin_system:Skipping extension 'colcon_notification.desktop_notification.terminal_notifier': Not used on non-Darwin systems
[9.636s] INFO:colcon.colcon_core.plugin_system:Skipping extension 'colcon_notification.desktop_notification.win32': Not used on non-Windows systems
[9.636s] INFO:colcon.colcon_notification.desktop_notification:Sending desktop notification using 'notify2'
[9.873s] DEBUG:colcon.colcon_core.event_reactor:joined thread
[9.875s] INFO:colcon.colcon_core.shell:Creating prefix script '/home/puzzlebot/github/mini_challenges_eq5/install/local_setup.ps1'
[9.881s] INFO:colcon.colcon_core.shell:Creating prefix util module '/home/puzzlebot/github/mini_challenges_eq5/install/_local_setup_util_ps1.py'
[9.891s] INFO:colcon.colcon_core.shell:Creating prefix chain script '/home/puzzlebot/github/mini_challenges_eq5/install/setup.ps1'
[9.899s] INFO:colcon.colcon_core.shell:Creating prefix script '/home/puzzlebot/github/mini_challenges_eq5/install/local_setup.sh'
[9.902s] INFO:colcon.colcon_core.shell:Creating prefix util module '/home/puzzlebot/github/mini_challenges_eq5/install/_local_setup_util_sh.py'
[9.905s] INFO:colcon.colcon_core.shell:Creating prefix chain script '/home/puzzlebot/github/mini_challenges_eq5/install/setup.sh'
[9.913s] INFO:colcon.colcon_core.shell:Creating prefix script '/home/puzzlebot/github/mini_challenges_eq5/install/local_setup.bash'
[9.916s] INFO:colcon.colcon_core.shell:Creating prefix chain script '/home/puzzlebot/github/mini_challenges_eq5/install/setup.bash'
[9.925s] INFO:colcon.colcon_core.shell:Creating prefix script '/home/puzzlebot/github/mini_challenges_eq5/install/local_setup.zsh'
[9.928s] INFO:colcon.colcon_core.shell:Creating prefix chain script '/home/puzzlebot/github/mini_challenges_eq5/install/setup.zsh'
