[1.665s] Invoking command in '/home/rllaguno/mini_challenges_eq5/src/mini_challenge_4': PYTHONPATH=/home/rllaguno/mini_challenges_eq5/build/mini_challenge_4/prefix_override:/home/rllaguno/mini_challenges_eq5/install/mini_challenge_4/lib/python3.10/site-packages:${PYTHONPATH} /usr/bin/python3 -W ignore:setup.py install is deprecated setup.py egg_info --egg-base ../../build/mini_challenge_4 build --build-base /home/rllaguno/mini_challenges_eq5/build/mini_challenge_4/build install --record /home/rllaguno/mini_challenges_eq5/build/mini_challenge_4/install.log --single-version-externally-managed install_data
[1.978s] running egg_info
[1.979s] writing ../../build/mini_challenge_4/mini_challenge_4.egg-info/PKG-INFO
[1.979s] writing dependency_links to ../../build/mini_challenge_4/mini_challenge_4.egg-info/dependency_links.txt
[1.980s] writing entry points to ../../build/mini_challenge_4/mini_challenge_4.egg-info/entry_points.txt
[1.980s] writing requirements to ../../build/mini_challenge_4/mini_challenge_4.egg-info/requires.txt
[1.980s] writing top-level names to ../../build/mini_challenge_4/mini_challenge_4.egg-info/top_level.txt
[1.982s] reading manifest file '../../build/mini_challenge_4/mini_challenge_4.egg-info/SOURCES.txt'
[1.982s] adding license file 'LICENSE'
[1.984s] writing manifest file '../../build/mini_challenge_4/mini_challenge_4.egg-info/SOURCES.txt'
[1.984s] running build
[1.985s] running build_py
[1.985s] copying mini_challenge_4/Controller.py -> /home/rllaguno/mini_challenges_eq5/build/mini_challenge_4/build/lib/mini_challenge_4
[1.985s] running install
[1.985s] running install_lib
[1.986s] copying /home/rllaguno/mini_challenges_eq5/build/mini_challenge_4/build/lib/mini_challenge_4/Controller.py -> /home/rllaguno/mini_challenges_eq5/install/mini_challenge_4/lib/python3.10/site-packages/mini_challenge_4
[1.987s] byte-compiling /home/rllaguno/mini_challenges_eq5/install/mini_challenge_4/lib/python3.10/site-packages/mini_challenge_4/Controller.py to Controller.cpython-310.pyc
[1.988s] running install_data
[1.988s] running install_egg_info
[1.990s] removing '/home/rllaguno/mini_challenges_eq5/install/mini_challenge_4/lib/python3.10/site-packages/mini_challenge_4-0.0.0-py3.10.egg-info' (and everything under it)
[1.991s] Copying ../../build/mini_challenge_4/mini_challenge_4.egg-info to /home/rllaguno/mini_challenges_eq5/install/mini_challenge_4/lib/python3.10/site-packages/mini_challenge_4-0.0.0-py3.10.egg-info
[1.992s] running install_scripts
[2.017s] Installing Controller script to /home/rllaguno/mini_challenges_eq5/install/mini_challenge_4/lib/mini_challenge_4
[2.017s] Installing Odometry script to /home/rllaguno/mini_challenges_eq5/install/mini_challenge_4/lib/mini_challenge_4
[2.017s] Installing Vision script to /home/rllaguno/mini_challenges_eq5/install/mini_challenge_4/lib/mini_challenge_4
[2.017s] writing list of installed files to '/home/rllaguno/mini_challenges_eq5/build/mini_challenge_4/install.log'
[2.059s] Invoked command in '/home/rllaguno/mini_challenges_eq5/src/mini_challenge_4' returned '0': PYTHONPATH=/home/rllaguno/mini_challenges_eq5/build/mini_challenge_4/prefix_override:/home/rllaguno/mini_challenges_eq5/install/mini_challenge_4/lib/python3.10/site-packages:${PYTHONPATH} /usr/bin/python3 -W ignore:setup.py install is deprecated setup.py egg_info --egg-base ../../build/mini_challenge_4 build --build-base /home/rllaguno/mini_challenges_eq5/build/mini_challenge_4/build install --record /home/rllaguno/mini_challenges_eq5/build/mini_challenge_4/install.log --single-version-externally-managed install_data
