[0.691s] Invoking command in '/home/rllaguno/mini_challenges_eq5/build/usb_cam': CMAKE_PREFIX_PATH=/opt/ros/humble /usr/bin/cmake /home/rllaguno/mini_challenges_eq5/src/usb_cam -DCMAKE_INSTALL_PREFIX=/home/rllaguno/mini_challenges_eq5/install/usb_cam
[1.866s] -- The C compiler identification is GNU 11.4.0
[3.195s] -- The CXX compiler identification is GNU 11.4.0
[3.331s] -- Detecting C compiler ABI info
[3.578s] -- Detecting C compiler ABI info - done
[3.588s] -- Check for working C compiler: /usr/bin/cc - skipped
[3.589s] -- Detecting C compile features
[3.600s] -- Detecting C compile features - done
[3.644s] -- Detecting CXX compiler ABI info
[3.861s] -- Detecting CXX compiler ABI info - done
[3.881s] -- Check for working CXX compiler: /usr/bin/c++ - skipped
[3.881s] -- Detecting CXX compile features
[3.882s] -- Detecting CXX compile features - done
[3.909s] -- Found ament_cmake_auto: 1.3.8 (/opt/ros/humble/share/ament_cmake_auto/cmake)
[4.308s] -- Found Python3: /usr/bin/python3 (found version "3.10.12") found components: Interpreter 
[5.129s] -- Found rosidl_generator_c: 3.1.5 (/opt/ros/humble/share/rosidl_generator_c/cmake)
[5.170s] -- Found rosidl_adapter: 3.1.5 (/opt/ros/humble/share/rosidl_adapter/cmake)
[5.217s] -- Found rosidl_generator_cpp: 3.1.5 (/opt/ros/humble/share/rosidl_generator_cpp/cmake)
[5.369s] -- Using all available rosidl_typesupport_c: rosidl_typesupport_fastrtps_c;rosidl_typesupport_introspection_c
[5.483s] -- Using all available rosidl_typesupport_cpp: rosidl_typesupport_fastrtps_cpp;rosidl_typesupport_introspection_cpp
[5.891s] -- Found rmw_implementation_cmake: 6.1.1 (/opt/ros/humble/share/rmw_implementation_cmake/cmake)
[5.914s] -- Found rmw_fastrtps_cpp: 6.2.6 (/opt/ros/humble/share/rmw_fastrtps_cpp/cmake)
[6.572s] -- Found OpenSSL: /usr/lib/x86_64-linux-gnu/libcrypto.so (found version "3.0.2")  
[6.693s] -- Found FastRTPS: /opt/ros/humble/include  
[6.809s] -- Using RMW implementation 'rmw_fastrtps_cpp' as default
[6.993s] -- Looking for pthread.h
[7.404s] -- Looking for pthread.h - found
[7.404s] -- Performing Test CMAKE_HAVE_LIBC_PTHREAD
[7.615s] -- Performing Test CMAKE_HAVE_LIBC_PTHREAD - Success
[7.617s] -- Found Threads: TRUE  
[9.039s] -- Found OpenCV: /usr (found version "4.5.4") 
[9.049s] -- Found PkgConfig: /usr/bin/pkg-config (found version "0.29.2") 
[9.050s] -- Checking for module 'libavcodec'
[9.118s] --   Found libavcodec, version 58.134.100
[9.219s] -- Checking for module 'libavutil'
[9.254s] --   Found libavutil, version 56.70.100
[9.351s] -- Checking for module 'libswscale'
[9.402s] --   Found libswscale, version 5.9.100
[9.557s] -- Found ament_lint_auto: 0.12.10 (/opt/ros/humble/share/ament_lint_auto/cmake)
[9.831s] -- Found gtest sources under '/opt/ros/humble/src/gtest_vendor': C++ tests using 'Google Test' will be built
[9.937s] -- Added test 'copyright' to check source files copyright and LICENSE
[9.952s] -- Added test 'cppcheck' to perform static code analysis on C / C++ code
[9.953s] -- Configured cppcheck include dirs: /home/rllaguno/mini_challenges_eq5/src/usb_cam/include
[9.953s] -- Configured cppcheck exclude dirs and/or files: 
[9.967s] -- Added test 'cpplint' to check C / C++ code against the Google style
[9.967s] -- Configured cpplint exclude dirs and/or files: 
[9.970s] -- Added test 'flake8' to check Python code syntax and style conventions
[9.974s] -- Added test 'lint_cmake' to check CMake code style
[9.977s] -- Added test 'pep257' to check Python code against some of the docstring style conventions in PEP 257
[9.991s] -- Added test 'uncrustify' to check C / C++ code style
[9.991s] -- Configured uncrustify additional arguments: 
[9.994s] -- Added test 'xmllint' to check XML markup files
[10.058s] -- Configuring done
[10.136s] -- Generating done
[10.139s] -- Build files have been written to: /home/rllaguno/mini_challenges_eq5/build/usb_cam
[10.156s] Invoked command in '/home/rllaguno/mini_challenges_eq5/build/usb_cam' returned '0': CMAKE_PREFIX_PATH=/opt/ros/humble /usr/bin/cmake /home/rllaguno/mini_challenges_eq5/src/usb_cam -DCMAKE_INSTALL_PREFIX=/home/rllaguno/mini_challenges_eq5/install/usb_cam
[10.160s] Invoking command in '/home/rllaguno/mini_challenges_eq5/build/usb_cam': CMAKE_PREFIX_PATH=/opt/ros/humble /usr/bin/cmake --build /home/rllaguno/mini_challenges_eq5/build/usb_cam -- -j16 -l16
[10.253s] [  7%] [32mBuilding CXX object gtest/CMakeFiles/gtest_main.dir/src/gtest_main.cc.o[0m
[10.264s] [ 14%] [32mBuilding CXX object CMakeFiles/usb_cam_node_exe.dir/rclcpp_components/node_main_usb_cam_node_exe.cpp.o[0m
[10.266s] [ 21%] [32mBuilding CXX object gtest/CMakeFiles/gtest.dir/src/gtest-all.cc.o[0m
[10.272s] [ 28%] [32mBuilding CXX object CMakeFiles/usb_cam.dir/src/usb_cam.cpp.o[0m
[15.944s] [ 35%] [32m[1mLinking CXX static library libgtest_main.a[0m
[19.128s] [ 42%] [32m[1mLinking CXX shared library libusb_cam.so[0m
[20.051s] [ 42%] Built target usb_cam
[20.106s] [ 50%] [32mBuilding CXX object CMakeFiles/usb_cam_node.dir/src/ros2/usb_cam_node.cpp.o[0m
[20.211s] [ 57%] [32m[1mLinking CXX static library libgtest.a[0m
[23.259s] [ 57%] Built target gtest_main
[23.364s] [ 57%] Built target gtest
[23.404s] [ 64%] [32mBuilding CXX object CMakeFiles/test_usb_cam_utils.dir/test/test_usb_cam_utils.cpp.o[0m
[23.419s] [ 71%] [32mBuilding CXX object CMakeFiles/test_pixel_formats.dir/test/test_pixel_formats.cpp.o[0m
[25.079s] [ 78%] [32m[1mLinking CXX executable test_usb_cam_utils[0m
[25.369s] [ 78%] Built target test_usb_cam_utils
[25.638s] [ 85%] [32m[1mLinking CXX executable test_pixel_formats[0m
[25.667s] [ 92%] [32m[1mLinking CXX executable usb_cam_node_exe[0m
[25.895s] [ 92%] Built target test_pixel_formats
[26.066s] [ 92%] Built target usb_cam_node_exe
[29.824s] [100%] [32m[1mLinking CXX shared library libusb_cam_node.so[0m
[30.346s] [100%] Built target usb_cam_node
[30.361s] Invoked command in '/home/rllaguno/mini_challenges_eq5/build/usb_cam' returned '0': CMAKE_PREFIX_PATH=/opt/ros/humble /usr/bin/cmake --build /home/rllaguno/mini_challenges_eq5/build/usb_cam -- -j16 -l16
[30.447s] Invoking command in '/home/rllaguno/mini_challenges_eq5/build/usb_cam': CMAKE_PREFIX_PATH=/opt/ros/humble /usr/bin/cmake --install /home/rllaguno/mini_challenges_eq5/build/usb_cam
[30.467s] -- Install configuration: ""
[30.468s] -- Installing: /home/rllaguno/mini_challenges_eq5/install/usb_cam/share/usb_cam/environment/library_path.sh
[30.468s] -- Installing: /home/rllaguno/mini_challenges_eq5/install/usb_cam/share/usb_cam/environment/library_path.dsv
[30.469s] -- Installing: /home/rllaguno/mini_challenges_eq5/install/usb_cam/lib/usb_cam/usb_cam_node_exe
[30.471s] -- Set runtime path of "/home/rllaguno/mini_challenges_eq5/install/usb_cam/lib/usb_cam/usb_cam_node_exe" to ""
[30.471s] -- Installing: /home/rllaguno/mini_challenges_eq5/install/usb_cam/lib/usb_cam/show_image.py
[30.471s] -- Installing: /home/rllaguno/mini_challenges_eq5/install/usb_cam/lib/libusb_cam.so
[30.474s] -- Installing: /home/rllaguno/mini_challenges_eq5/install/usb_cam/lib/libusb_cam_node.so
[30.492s] -- Set runtime path of "/home/rllaguno/mini_challenges_eq5/install/usb_cam/lib/libusb_cam_node.so" to ""
[30.492s] -- Installing: /home/rllaguno/mini_challenges_eq5/install/usb_cam/include
[30.492s] -- Installing: /home/rllaguno/mini_challenges_eq5/install/usb_cam/include/usb_cam
[30.493s] -- Installing: /home/rllaguno/mini_challenges_eq5/install/usb_cam/include/usb_cam/utils.hpp
[30.493s] -- Installing: /home/rllaguno/mini_challenges_eq5/install/usb_cam/include/usb_cam/constants.hpp
[30.493s] -- Installing: /home/rllaguno/mini_challenges_eq5/install/usb_cam/include/usb_cam/formats
[30.494s] -- Installing: /home/rllaguno/mini_challenges_eq5/install/usb_cam/include/usb_cam/formats/utils.hpp
[30.494s] -- Installing: /home/rllaguno/mini_challenges_eq5/install/usb_cam/include/usb_cam/formats/m420.hpp
[30.494s] -- Installing: /home/rllaguno/mini_challenges_eq5/install/usb_cam/include/usb_cam/formats/av_pixel_format_helper.hpp
[30.494s] -- Installing: /home/rllaguno/mini_challenges_eq5/install/usb_cam/include/usb_cam/formats/pixel_format_base.hpp
[30.495s] -- Installing: /home/rllaguno/mini_challenges_eq5/install/usb_cam/include/usb_cam/formats/mono.hpp
[30.495s] -- Installing: /home/rllaguno/mini_challenges_eq5/install/usb_cam/include/usb_cam/formats/rgb.hpp
[30.495s] -- Installing: /home/rllaguno/mini_challenges_eq5/install/usb_cam/include/usb_cam/formats/mjpeg.hpp
[30.496s] -- Installing: /home/rllaguno/mini_challenges_eq5/install/usb_cam/include/usb_cam/formats/uyvy.hpp
[30.496s] -- Installing: /home/rllaguno/mini_challenges_eq5/install/usb_cam/include/usb_cam/formats/yuyv.hpp
[30.496s] -- Installing: /home/rllaguno/mini_challenges_eq5/install/usb_cam/include/usb_cam/usb_cam.hpp
[30.497s] -- Installing: /home/rllaguno/mini_challenges_eq5/install/usb_cam/include/usb_cam/usb_cam_node.hpp
[30.497s] -- Installing: /home/rllaguno/mini_challenges_eq5/install/usb_cam/include/usb_cam/conversions.hpp
[30.498s] -- Up-to-date: /home/rllaguno/mini_challenges_eq5/install/usb_cam/lib/libusb_cam_node.so
[30.498s] -- Installing: /home/rllaguno/mini_challenges_eq5/install/usb_cam/share/usb_cam/launch
[30.499s] -- Installing: /home/rllaguno/mini_challenges_eq5/install/usb_cam/share/usb_cam/launch/camera_config.py
[30.499s] -- Installing: /home/rllaguno/mini_challenges_eq5/install/usb_cam/share/usb_cam/launch/__init__.py
[30.499s] -- Installing: /home/rllaguno/mini_challenges_eq5/install/usb_cam/share/usb_cam/launch/camera.launch.py
[30.500s] -- Installing: /home/rllaguno/mini_challenges_eq5/install/usb_cam/share/usb_cam/config
[30.500s] -- Installing: /home/rllaguno/mini_challenges_eq5/install/usb_cam/share/usb_cam/config/params_1.yaml
[30.500s] -- Installing: /home/rllaguno/mini_challenges_eq5/install/usb_cam/share/usb_cam/config/camera_info.yaml
[30.501s] -- Installing: /home/rllaguno/mini_challenges_eq5/install/usb_cam/share/usb_cam/config/params_2.yaml
[30.501s] -- Installing: /home/rllaguno/mini_challenges_eq5/install/usb_cam/share/ament_index/resource_index/package_run_dependencies/usb_cam
[30.502s] -- Installing: /home/rllaguno/mini_challenges_eq5/install/usb_cam/share/ament_index/resource_index/parent_prefix_path/usb_cam
[30.502s] -- Installing: /home/rllaguno/mini_challenges_eq5/install/usb_cam/share/usb_cam/environment/ament_prefix_path.sh
[30.503s] -- Installing: /home/rllaguno/mini_challenges_eq5/install/usb_cam/share/usb_cam/environment/ament_prefix_path.dsv
[30.503s] -- Installing: /home/rllaguno/mini_challenges_eq5/install/usb_cam/share/usb_cam/environment/path.sh
[30.503s] -- Installing: /home/rllaguno/mini_challenges_eq5/install/usb_cam/share/usb_cam/environment/path.dsv
[30.503s] -- Installing: /home/rllaguno/mini_challenges_eq5/install/usb_cam/share/usb_cam/local_setup.bash
[30.503s] -- Installing: /home/rllaguno/mini_challenges_eq5/install/usb_cam/share/usb_cam/local_setup.sh
[30.504s] -- Installing: /home/rllaguno/mini_challenges_eq5/install/usb_cam/share/usb_cam/local_setup.zsh
[30.504s] -- Installing: /home/rllaguno/mini_challenges_eq5/install/usb_cam/share/usb_cam/local_setup.dsv
[30.504s] -- Installing: /home/rllaguno/mini_challenges_eq5/install/usb_cam/share/usb_cam/package.dsv
[30.504s] -- Installing: /home/rllaguno/mini_challenges_eq5/install/usb_cam/share/ament_index/resource_index/packages/usb_cam
[30.504s] -- Installing: /home/rllaguno/mini_challenges_eq5/install/usb_cam/share/ament_index/resource_index/rclcpp_components/usb_cam
[30.505s] -- Installing: /home/rllaguno/mini_challenges_eq5/install/usb_cam/share/usb_cam/cmake/ament_cmake_export_libraries-extras.cmake
[30.505s] -- Installing: /home/rllaguno/mini_challenges_eq5/install/usb_cam/share/usb_cam/cmake/ament_cmake_export_dependencies-extras.cmake
[30.505s] -- Installing: /home/rllaguno/mini_challenges_eq5/install/usb_cam/share/usb_cam/cmake/ament_cmake_export_include_directories-extras.cmake
[30.505s] -- Installing: /home/rllaguno/mini_challenges_eq5/install/usb_cam/share/usb_cam/cmake/usb_camConfig.cmake
[30.505s] -- Installing: /home/rllaguno/mini_challenges_eq5/install/usb_cam/share/usb_cam/cmake/usb_camConfig-version.cmake
[30.506s] -- Installing: /home/rllaguno/mini_challenges_eq5/install/usb_cam/share/usb_cam/package.xml
[30.508s] Invoked command in '/home/rllaguno/mini_challenges_eq5/build/usb_cam' returned '0': CMAKE_PREFIX_PATH=/opt/ros/humble /usr/bin/cmake --install /home/rllaguno/mini_challenges_eq5/build/usb_cam
