[1.694s] Invoking command in '/home/rllaguno/mini_challenges_eq5/src/mini_challenge_2': PYTHONPATH=/home/rllaguno/mini_challenges_eq5/build/mini_challenge_2/prefix_override:/home/rllaguno/mini_challenges_eq5/install/mini_challenge_2/lib/python3.10/site-packages:${PYTHONPATH} /usr/bin/python3 -W ignore:setup.py install is deprecated setup.py egg_info --egg-base ../../build/mini_challenge_2 build --build-base /home/rllaguno/mini_challenges_eq5/build/mini_challenge_2/build install --record /home/rllaguno/mini_challenges_eq5/build/mini_challenge_2/install.log --single-version-externally-managed install_data
[2.021s] running egg_info
[2.022s] writing ../../build/mini_challenge_2/mini_challenge_2.egg-info/PKG-INFO
[2.022s] writing dependency_links to ../../build/mini_challenge_2/mini_challenge_2.egg-info/dependency_links.txt
[2.022s] writing entry points to ../../build/mini_challenge_2/mini_challenge_2.egg-info/entry_points.txt
[2.023s] writing requirements to ../../build/mini_challenge_2/mini_challenge_2.egg-info/requires.txt
[2.023s] writing top-level names to ../../build/mini_challenge_2/mini_challenge_2.egg-info/top_level.txt
[2.025s] reading manifest file '../../build/mini_challenge_2/mini_challenge_2.egg-info/SOURCES.txt'
[2.025s] adding license file 'LICENSE'
[2.027s] writing manifest file '../../build/mini_challenge_2/mini_challenge_2.egg-info/SOURCES.txt'
[2.028s] running build
[2.028s] running build_py
[2.028s] running install
[2.028s] running install_lib
[2.030s] running install_data
[2.030s] running install_egg_info
[2.032s] removing '/home/rllaguno/mini_challenges_eq5/install/mini_challenge_2/lib/python3.10/site-packages/mini_challenge_2-0.0.0-py3.10.egg-info' (and everything under it)
[2.033s] Copying ../../build/mini_challenge_2/mini_challenge_2.egg-info to /home/rllaguno/mini_challenges_eq5/install/mini_challenge_2/lib/python3.10/site-packages/mini_challenge_2-0.0.0-py3.10.egg-info
[2.034s] running install_scripts
[2.060s] Installing Controller script to /home/rllaguno/mini_challenges_eq5/install/mini_challenge_2/lib/mini_challenge_2
[2.061s] Installing Odometry script to /home/rllaguno/mini_challenges_eq5/install/mini_challenge_2/lib/mini_challenge_2
[2.061s] Installing PointGenerator script to /home/rllaguno/mini_challenges_eq5/install/mini_challenge_2/lib/mini_challenge_2
[2.061s] writing list of installed files to '/home/rllaguno/mini_challenges_eq5/build/mini_challenge_2/install.log'
[2.099s] Invoked command in '/home/rllaguno/mini_challenges_eq5/src/mini_challenge_2' returned '0': PYTHONPATH=/home/rllaguno/mini_challenges_eq5/build/mini_challenge_2/prefix_override:/home/rllaguno/mini_challenges_eq5/install/mini_challenge_2/lib/python3.10/site-packages:${PYTHONPATH} /usr/bin/python3 -W ignore:setup.py install is deprecated setup.py egg_info --egg-base ../../build/mini_challenge_2 build --build-base /home/rllaguno/mini_challenges_eq5/build/mini_challenge_2/build install --record /home/rllaguno/mini_challenges_eq5/build/mini_challenge_2/install.log --single-version-externally-managed install_data
