[0.023s] Invoking command in '/home/rllaguno/mini_challenges_eq5/build/challenge_msgs': CMAKE_PREFIX_PATH=${CMAKE_PREFIX_PATH}:/home/rllaguno/mini_challenges_eq5/install/mini_challenge_4:/home/rllaguno/mini_challenges_eq5/install/mini_challenge_3:/home/rllaguno/mini_challenges_eq5/install/mini_challenge_2:/opt/ros/humble /usr/bin/cmake --build /home/rllaguno/mini_challenges_eq5/build/challenge_msgs -- -j16 -l16
[0.498s] -- Found ament_cmake: 1.3.8 (/opt/ros/humble/share/ament_cmake/cmake)
[0.499s] -- Found rosidl_default_generators: 1.2.0 (/opt/ros/humble/share/rosidl_default_generators/cmake)
[0.499s] -- Using all available rosidl_typesupport_c: rosidl_typesupport_fastrtps_c;rosidl_typesupport_introspection_c
[0.500s] -- Found rosidl_adapter: 3.1.5 (/opt/ros/humble/share/rosidl_adapter/cmake)
[0.500s] -- Using all available rosidl_typesupport_cpp: rosidl_typesupport_fastrtps_cpp;rosidl_typesupport_introspection_cpp
[0.673s] -- Found ament_cmake_ros: 0.10.0 (/opt/ros/humble/share/ament_cmake_ros/cmake)
[0.968s] -- Using all available rosidl_typesupport_c: rosidl_typesupport_fastrtps_c;rosidl_typesupport_introspection_c
[1.452s] -- Using all available rosidl_typesupport_cpp: rosidl_typesupport_fastrtps_cpp;rosidl_typesupport_introspection_cpp
[1.532s] -- Found PythonInterp: /usr/bin/python3 (found suitable version "3.10.12", minimum required is "3.6") 
[1.568s] -- Found python_cmake_module: 0.10.0 (/opt/ros/humble/share/python_cmake_module/cmake)
[1.743s] -- Found PythonLibs: /usr/lib/x86_64-linux-gnu/libpython3.10.so (found suitable version "3.10.12", minimum required is "3.5") 
[1.743s] -- Using PYTHON_EXECUTABLE: /usr/bin/python3
[1.743s] -- Using PYTHON_INCLUDE_DIRS: /usr/include/python3.10
[1.743s] -- Using PYTHON_LIBRARIES: /usr/lib/x86_64-linux-gnu/libpython3.10.so
[1.792s] -- Found PythonExtra: .so  
[1.903s] -- Found ament_lint_auto: 0.12.10 (/opt/ros/humble/share/ament_lint_auto/cmake)
[1.957s] -- Added test 'lint_cmake' to check CMake code style
[1.959s] -- Added test 'xmllint' to check XML markup files
[1.964s] -- Configuring done
[2.019s] -- Generating done
[2.022s] -- Build files have been written to: /home/rllaguno/mini_challenges_eq5/build/challenge_msgs
[2.070s] [  3%] [34m[1mGenerating C code for ROS interfaces[0m
[2.078s] [  6%] [34m[1mGenerating C++ code for ROS interfaces[0m
[2.091s] [  6%] Built target ament_cmake_python_copy_challenge_msgs
[2.313s] [  6%] Built target challenge_msgs__cpp
[2.326s] [ 12%] [32mBuilding C object CMakeFiles/challenge_msgs__rosidl_generator_c.dir/rosidl_generator_c/challenge_msgs/msg/detail/error__functions.c.o[0m
[2.326s] [ 12%] [34m[1mGenerating C++ introspection for ROS interfaces[0m
[2.326s] [ 16%] [34m[1mGenerating C++ type support dispatch for ROS interfaces[0m
[2.328s] running egg_info
[2.328s] creating challenge_msgs.egg-info
[2.329s] writing challenge_msgs.egg-info/PKG-INFO
[2.329s] writing dependency_links to challenge_msgs.egg-info/dependency_links.txt
[2.329s] writing top-level names to challenge_msgs.egg-info/top_level.txt
[2.329s] writing manifest file 'challenge_msgs.egg-info/SOURCES.txt'
[2.331s] reading manifest file 'challenge_msgs.egg-info/SOURCES.txt'
[2.332s] writing manifest file 'challenge_msgs.egg-info/SOURCES.txt'
[2.334s] [ 19%] [34m[1mGenerating C++ type support for eProsima Fast-RTPS[0m
[2.372s] [ 19%] Built target ament_cmake_python_build_challenge_msgs_egg
[2.566s] [ 22%] [32m[1mLinking C shared library libchallenge_msgs__rosidl_generator_c.so[0m
[2.607s] [ 22%] Built target challenge_msgs__rosidl_generator_c
[2.610s] [ 25%] [32mBuilding CXX object CMakeFiles/challenge_msgs__rosidl_typesupport_cpp.dir/rosidl_typesupport_cpp/challenge_msgs/msg/error__type_support.cpp.o[0m
[2.618s] [ 29%] [34m[1mGenerating C type support for eProsima Fast-RTPS[0m
[2.620s] [ 35%] [34m[1mGenerating C introspection for ROS interfaces[0m
[2.620s] [ 35%] [34m[1mGenerating C type support dispatch for ROS interfaces[0m
[2.636s] [ 38%] [32mBuilding CXX object CMakeFiles/challenge_msgs__rosidl_typesupport_introspection_cpp.dir/rosidl_typesupport_introspection_cpp/challenge_msgs/msg/detail/error__type_support.cpp.o[0m
[2.826s] [ 41%] [32mBuilding CXX object CMakeFiles/challenge_msgs__rosidl_typesupport_fastrtps_cpp.dir/rosidl_typesupport_fastrtps_cpp/challenge_msgs/msg/detail/dds_fastrtps/error__type_support.cpp.o[0m
[2.950s] [ 45%] [32mBuilding CXX object CMakeFiles/challenge_msgs__rosidl_typesupport_c.dir/rosidl_typesupport_c/challenge_msgs/msg/error__type_support.cpp.o[0m
[2.986s] [ 48%] [32m[1mLinking CXX shared library libchallenge_msgs__rosidl_typesupport_cpp.so[0m
[2.992s] [ 54%] [32mBuilding C object CMakeFiles/challenge_msgs__rosidl_typesupport_introspection_c.dir/rosidl_typesupport_introspection_c/challenge_msgs/msg/detail/error__type_support.c.o[0m
[2.992s] [ 54%] [32mBuilding CXX object CMakeFiles/challenge_msgs__rosidl_typesupport_fastrtps_c.dir/rosidl_typesupport_fastrtps_c/challenge_msgs/msg/detail/error__type_support_c.cpp.o[0m
[2.997s] [ 58%] [32m[1mLinking CXX shared library libchallenge_msgs__rosidl_typesupport_c.so[0m
[3.023s] [ 61%] [32m[1mLinking CXX shared library libchallenge_msgs__rosidl_typesupport_introspection_cpp.so[0m
[3.031s] [ 61%] Built target challenge_msgs__rosidl_typesupport_cpp
[3.040s] [ 64%] [32m[1mLinking C shared library libchallenge_msgs__rosidl_typesupport_introspection_c.so[0m
[3.041s] [ 64%] Built target challenge_msgs__rosidl_typesupport_c
[3.065s] [ 64%] Built target challenge_msgs__rosidl_typesupport_introspection_cpp
[3.074s] [ 64%] Built target challenge_msgs__rosidl_typesupport_introspection_c
[3.258s] [ 67%] [32m[1mLinking CXX shared library libchallenge_msgs__rosidl_typesupport_fastrtps_cpp.so[0m
[3.304s] [ 70%] [32m[1mLinking CXX shared library libchallenge_msgs__rosidl_typesupport_fastrtps_c.so[0m
[3.368s] [ 70%] Built target challenge_msgs__rosidl_typesupport_fastrtps_cpp
[3.412s] [ 70%] Built target challenge_msgs__rosidl_typesupport_fastrtps_c
[3.441s] [ 70%] Built target challenge_msgs
[3.466s] [ 74%] [34m[1mGenerating Python code for ROS interfaces[0m
[3.734s] [ 74%] Built target challenge_msgs__py
[3.772s] [ 77%] [32mBuilding C object CMakeFiles/challenge_msgs__rosidl_generator_py.dir/rosidl_generator_py/challenge_msgs/msg/_error_s.c.o[0m
[4.203s] [ 80%] [32m[1mLinking C shared library rosidl_generator_py/challenge_msgs/libchallenge_msgs__rosidl_generator_py.so[0m
[4.282s] [ 80%] Built target challenge_msgs__rosidl_generator_py
[4.308s] [ 83%] [32mBuilding C object CMakeFiles/challenge_msgs__rosidl_typesupport_fastrtps_c__pyext.dir/rosidl_generator_py/challenge_msgs/_challenge_msgs_s.ep.rosidl_typesupport_fastrtps_c.c.o[0m
[4.316s] [ 87%] [32mBuilding C object CMakeFiles/challenge_msgs__rosidl_typesupport_introspection_c__pyext.dir/rosidl_generator_py/challenge_msgs/_challenge_msgs_s.ep.rosidl_typesupport_introspection_c.c.o[0m
[4.327s] [ 90%] [32mBuilding C object CMakeFiles/challenge_msgs__rosidl_typesupport_c__pyext.dir/rosidl_generator_py/challenge_msgs/_challenge_msgs_s.ep.rosidl_typesupport_c.c.o[0m
[4.421s] [ 93%] [32m[1mLinking C shared library rosidl_generator_py/challenge_msgs/challenge_msgs_s__rosidl_typesupport_c.cpython-310-x86_64-linux-gnu.so[0m
[4.424s] [ 96%] [32m[1mLinking C shared library rosidl_generator_py/challenge_msgs/challenge_msgs_s__rosidl_typesupport_fastrtps_c.cpython-310-x86_64-linux-gnu.so[0m
[4.426s] [100%] [32m[1mLinking C shared library rosidl_generator_py/challenge_msgs/challenge_msgs_s__rosidl_typesupport_introspection_c.cpython-310-x86_64-linux-gnu.so[0m
[4.467s] [100%] Built target challenge_msgs__rosidl_typesupport_c__pyext
[4.469s] [100%] Built target challenge_msgs__rosidl_typesupport_fastrtps_c__pyext
[4.481s] [100%] Built target challenge_msgs__rosidl_typesupport_introspection_c__pyext
[4.510s] Invoked command in '/home/rllaguno/mini_challenges_eq5/build/challenge_msgs' returned '0': CMAKE_PREFIX_PATH=${CMAKE_PREFIX_PATH}:/home/rllaguno/mini_challenges_eq5/install/mini_challenge_4:/home/rllaguno/mini_challenges_eq5/install/mini_challenge_3:/home/rllaguno/mini_challenges_eq5/install/mini_challenge_2:/opt/ros/humble /usr/bin/cmake --build /home/rllaguno/mini_challenges_eq5/build/challenge_msgs -- -j16 -l16
[4.586s] Invoking command in '/home/rllaguno/mini_challenges_eq5/build/challenge_msgs': CMAKE_PREFIX_PATH=${CMAKE_PREFIX_PATH}:/home/rllaguno/mini_challenges_eq5/install/mini_challenge_4:/home/rllaguno/mini_challenges_eq5/install/mini_challenge_3:/home/rllaguno/mini_challenges_eq5/install/mini_challenge_2:/opt/ros/humble /usr/bin/cmake --install /home/rllaguno/mini_challenges_eq5/build/challenge_msgs
[4.593s] -- Install configuration: ""
[4.593s] -- Installing: /home/rllaguno/mini_challenges_eq5/install/challenge_msgs/share/ament_index/resource_index/rosidl_interfaces/challenge_msgs
[4.593s] -- Installing: /home/rllaguno/mini_challenges_eq5/install/challenge_msgs/include/challenge_msgs/challenge_msgs
[4.594s] -- Installing: /home/rllaguno/mini_challenges_eq5/install/challenge_msgs/include/challenge_msgs/challenge_msgs/msg
[4.594s] -- Installing: /home/rllaguno/mini_challenges_eq5/install/challenge_msgs/include/challenge_msgs/challenge_msgs/msg/rosidl_generator_c__visibility_control.h
[4.594s] -- Installing: /home/rllaguno/mini_challenges_eq5/install/challenge_msgs/include/challenge_msgs/challenge_msgs/msg/error.h
[4.594s] -- Installing: /home/rllaguno/mini_challenges_eq5/install/challenge_msgs/include/challenge_msgs/challenge_msgs/msg/detail
[4.594s] -- Installing: /home/rllaguno/mini_challenges_eq5/install/challenge_msgs/include/challenge_msgs/challenge_msgs/msg/detail/error__functions.c
[4.595s] -- Installing: /home/rllaguno/mini_challenges_eq5/install/challenge_msgs/include/challenge_msgs/challenge_msgs/msg/detail/error__type_support.h
[4.595s] -- Installing: /home/rllaguno/mini_challenges_eq5/install/challenge_msgs/include/challenge_msgs/challenge_msgs/msg/detail/error__functions.h
[4.595s] -- Installing: /home/rllaguno/mini_challenges_eq5/install/challenge_msgs/include/challenge_msgs/challenge_msgs/msg/detail/error__struct.h
[4.595s] -- Installing: /home/rllaguno/mini_challenges_eq5/install/challenge_msgs/share/challenge_msgs/environment/library_path.sh
[4.596s] -- Installing: /home/rllaguno/mini_challenges_eq5/install/challenge_msgs/share/challenge_msgs/environment/library_path.dsv
[4.596s] -- Installing: /home/rllaguno/mini_challenges_eq5/install/challenge_msgs/lib/libchallenge_msgs__rosidl_generator_c.so
[4.596s] -- Set runtime path of "/home/rllaguno/mini_challenges_eq5/install/challenge_msgs/lib/libchallenge_msgs__rosidl_generator_c.so" to ""
[4.597s] -- Up-to-date: /home/rllaguno/mini_challenges_eq5/install/challenge_msgs/include/challenge_msgs/challenge_msgs
[4.597s] -- Up-to-date: /home/rllaguno/mini_challenges_eq5/install/challenge_msgs/include/challenge_msgs/challenge_msgs/msg
[4.597s] -- Installing: /home/rllaguno/mini_challenges_eq5/install/challenge_msgs/include/challenge_msgs/challenge_msgs/msg/rosidl_typesupport_fastrtps_c__visibility_control.h
[4.597s] -- Up-to-date: /home/rllaguno/mini_challenges_eq5/install/challenge_msgs/include/challenge_msgs/challenge_msgs/msg/detail
[4.598s] -- Installing: /home/rllaguno/mini_challenges_eq5/install/challenge_msgs/include/challenge_msgs/challenge_msgs/msg/detail/error__rosidl_typesupport_fastrtps_c.h
[4.598s] -- Installing: /home/rllaguno/mini_challenges_eq5/install/challenge_msgs/lib/libchallenge_msgs__rosidl_typesupport_fastrtps_c.so
[4.598s] -- Set runtime path of "/home/rllaguno/mini_challenges_eq5/install/challenge_msgs/lib/libchallenge_msgs__rosidl_typesupport_fastrtps_c.so" to ""
[4.599s] -- Up-to-date: /home/rllaguno/mini_challenges_eq5/install/challenge_msgs/include/challenge_msgs/challenge_msgs
[4.599s] -- Up-to-date: /home/rllaguno/mini_challenges_eq5/install/challenge_msgs/include/challenge_msgs/challenge_msgs/msg
[4.599s] -- Up-to-date: /home/rllaguno/mini_challenges_eq5/install/challenge_msgs/include/challenge_msgs/challenge_msgs/msg/detail
[4.599s] -- Installing: /home/rllaguno/mini_challenges_eq5/install/challenge_msgs/include/challenge_msgs/challenge_msgs/msg/detail/error__type_support.c
[4.600s] -- Installing: /home/rllaguno/mini_challenges_eq5/install/challenge_msgs/include/challenge_msgs/challenge_msgs/msg/detail/error__rosidl_typesupport_introspection_c.h
[4.600s] -- Installing: /home/rllaguno/mini_challenges_eq5/install/challenge_msgs/include/challenge_msgs/challenge_msgs/msg/rosidl_typesupport_introspection_c__visibility_control.h
[4.600s] -- Installing: /home/rllaguno/mini_challenges_eq5/install/challenge_msgs/lib/libchallenge_msgs__rosidl_typesupport_introspection_c.so
[4.601s] -- Set runtime path of "/home/rllaguno/mini_challenges_eq5/install/challenge_msgs/lib/libchallenge_msgs__rosidl_typesupport_introspection_c.so" to ""
[4.601s] -- Installing: /home/rllaguno/mini_challenges_eq5/install/challenge_msgs/lib/libchallenge_msgs__rosidl_typesupport_c.so
[4.601s] -- Set runtime path of "/home/rllaguno/mini_challenges_eq5/install/challenge_msgs/lib/libchallenge_msgs__rosidl_typesupport_c.so" to ""
[4.601s] -- Up-to-date: /home/rllaguno/mini_challenges_eq5/install/challenge_msgs/include/challenge_msgs/challenge_msgs
[4.602s] -- Up-to-date: /home/rllaguno/mini_challenges_eq5/install/challenge_msgs/include/challenge_msgs/challenge_msgs/msg
[4.602s] -- Up-to-date: /home/rllaguno/mini_challenges_eq5/install/challenge_msgs/include/challenge_msgs/challenge_msgs/msg/detail
[4.602s] -- Installing: /home/rllaguno/mini_challenges_eq5/install/challenge_msgs/include/challenge_msgs/challenge_msgs/msg/detail/error__struct.hpp
[4.602s] -- Installing: /home/rllaguno/mini_challenges_eq5/install/challenge_msgs/include/challenge_msgs/challenge_msgs/msg/detail/error__traits.hpp
[4.603s] -- Installing: /home/rllaguno/mini_challenges_eq5/install/challenge_msgs/include/challenge_msgs/challenge_msgs/msg/detail/error__builder.hpp
[4.603s] -- Installing: /home/rllaguno/mini_challenges_eq5/install/challenge_msgs/include/challenge_msgs/challenge_msgs/msg/error.hpp
[4.603s] -- Up-to-date: /home/rllaguno/mini_challenges_eq5/install/challenge_msgs/include/challenge_msgs/challenge_msgs
[4.603s] -- Up-to-date: /home/rllaguno/mini_challenges_eq5/install/challenge_msgs/include/challenge_msgs/challenge_msgs/msg
[4.603s] -- Installing: /home/rllaguno/mini_challenges_eq5/install/challenge_msgs/include/challenge_msgs/challenge_msgs/msg/rosidl_typesupport_fastrtps_cpp__visibility_control.h
[4.604s] -- Up-to-date: /home/rllaguno/mini_challenges_eq5/install/challenge_msgs/include/challenge_msgs/challenge_msgs/msg/detail
[4.604s] -- Installing: /home/rllaguno/mini_challenges_eq5/install/challenge_msgs/include/challenge_msgs/challenge_msgs/msg/detail/error__rosidl_typesupport_fastrtps_cpp.hpp
[4.604s] -- Installing: /home/rllaguno/mini_challenges_eq5/install/challenge_msgs/include/challenge_msgs/challenge_msgs/msg/detail/dds_fastrtps
[4.604s] -- Installing: /home/rllaguno/mini_challenges_eq5/install/challenge_msgs/lib/libchallenge_msgs__rosidl_typesupport_fastrtps_cpp.so
[4.605s] -- Set runtime path of "/home/rllaguno/mini_challenges_eq5/install/challenge_msgs/lib/libchallenge_msgs__rosidl_typesupport_fastrtps_cpp.so" to ""
[4.605s] -- Up-to-date: /home/rllaguno/mini_challenges_eq5/install/challenge_msgs/include/challenge_msgs/challenge_msgs
[4.605s] -- Up-to-date: /home/rllaguno/mini_challenges_eq5/install/challenge_msgs/include/challenge_msgs/challenge_msgs/msg
[4.605s] -- Up-to-date: /home/rllaguno/mini_challenges_eq5/install/challenge_msgs/include/challenge_msgs/challenge_msgs/msg/detail
[4.606s] -- Installing: /home/rllaguno/mini_challenges_eq5/install/challenge_msgs/include/challenge_msgs/challenge_msgs/msg/detail/error__rosidl_typesupport_introspection_cpp.hpp
[4.606s] -- Installing: /home/rllaguno/mini_challenges_eq5/install/challenge_msgs/include/challenge_msgs/challenge_msgs/msg/detail/error__type_support.cpp
[4.606s] -- Installing: /home/rllaguno/mini_challenges_eq5/install/challenge_msgs/lib/libchallenge_msgs__rosidl_typesupport_introspection_cpp.so
[4.606s] -- Set runtime path of "/home/rllaguno/mini_challenges_eq5/install/challenge_msgs/lib/libchallenge_msgs__rosidl_typesupport_introspection_cpp.so" to ""
[4.606s] -- Installing: /home/rllaguno/mini_challenges_eq5/install/challenge_msgs/lib/libchallenge_msgs__rosidl_typesupport_cpp.so
[4.607s] -- Set runtime path of "/home/rllaguno/mini_challenges_eq5/install/challenge_msgs/lib/libchallenge_msgs__rosidl_typesupport_cpp.so" to ""
[4.607s] -- Installing: /home/rllaguno/mini_challenges_eq5/install/challenge_msgs/share/challenge_msgs/environment/pythonpath.sh
[4.607s] -- Installing: /home/rllaguno/mini_challenges_eq5/install/challenge_msgs/share/challenge_msgs/environment/pythonpath.dsv
[4.607s] -- Installing: /home/rllaguno/mini_challenges_eq5/install/challenge_msgs/local/lib/python3.10/dist-packages/challenge_msgs-0.0.0-py3.10.egg-info
[4.608s] -- Installing: /home/rllaguno/mini_challenges_eq5/install/challenge_msgs/local/lib/python3.10/dist-packages/challenge_msgs-0.0.0-py3.10.egg-info/SOURCES.txt
[4.608s] -- Installing: /home/rllaguno/mini_challenges_eq5/install/challenge_msgs/local/lib/python3.10/dist-packages/challenge_msgs-0.0.0-py3.10.egg-info/top_level.txt
[4.608s] -- Installing: /home/rllaguno/mini_challenges_eq5/install/challenge_msgs/local/lib/python3.10/dist-packages/challenge_msgs-0.0.0-py3.10.egg-info/PKG-INFO
[4.608s] -- Installing: /home/rllaguno/mini_challenges_eq5/install/challenge_msgs/local/lib/python3.10/dist-packages/challenge_msgs-0.0.0-py3.10.egg-info/dependency_links.txt
[4.608s] -- Installing: /home/rllaguno/mini_challenges_eq5/install/challenge_msgs/local/lib/python3.10/dist-packages/challenge_msgs
[4.609s] -- Installing: /home/rllaguno/mini_challenges_eq5/install/challenge_msgs/local/lib/python3.10/dist-packages/challenge_msgs/libchallenge_msgs__rosidl_generator_py.so
[4.609s] -- Installing: /home/rllaguno/mini_challenges_eq5/install/challenge_msgs/local/lib/python3.10/dist-packages/challenge_msgs/challenge_msgs_s__rosidl_typesupport_introspection_c.cpython-310-x86_64-linux-gnu.so
[4.609s] -- Installing: /home/rllaguno/mini_challenges_eq5/install/challenge_msgs/local/lib/python3.10/dist-packages/challenge_msgs/__init__.py
[4.609s] -- Installing: /home/rllaguno/mini_challenges_eq5/install/challenge_msgs/local/lib/python3.10/dist-packages/challenge_msgs/msg
[4.609s] -- Installing: /home/rllaguno/mini_challenges_eq5/install/challenge_msgs/local/lib/python3.10/dist-packages/challenge_msgs/msg/_error.py
[4.609s] -- Installing: /home/rllaguno/mini_challenges_eq5/install/challenge_msgs/local/lib/python3.10/dist-packages/challenge_msgs/msg/__init__.py
[4.610s] -- Installing: /home/rllaguno/mini_challenges_eq5/install/challenge_msgs/local/lib/python3.10/dist-packages/challenge_msgs/msg/_error_s.c
[4.610s] -- Installing: /home/rllaguno/mini_challenges_eq5/install/challenge_msgs/local/lib/python3.10/dist-packages/challenge_msgs/_challenge_msgs_s.ep.rosidl_typesupport_introspection_c.c
[4.610s] -- Installing: /home/rllaguno/mini_challenges_eq5/install/challenge_msgs/local/lib/python3.10/dist-packages/challenge_msgs/_challenge_msgs_s.ep.rosidl_typesupport_fastrtps_c.c
[4.610s] -- Installing: /home/rllaguno/mini_challenges_eq5/install/challenge_msgs/local/lib/python3.10/dist-packages/challenge_msgs/challenge_msgs_s__rosidl_typesupport_c.cpython-310-x86_64-linux-gnu.so
[4.611s] -- Installing: /home/rllaguno/mini_challenges_eq5/install/challenge_msgs/local/lib/python3.10/dist-packages/challenge_msgs/_challenge_msgs_s.ep.rosidl_typesupport_c.c
[4.611s] -- Installing: /home/rllaguno/mini_challenges_eq5/install/challenge_msgs/local/lib/python3.10/dist-packages/challenge_msgs/challenge_msgs_s__rosidl_typesupport_fastrtps_c.cpython-310-x86_64-linux-gnu.so
[4.678s] Listing '/home/rllaguno/mini_challenges_eq5/install/challenge_msgs/local/lib/python3.10/dist-packages/challenge_msgs'...
[4.678s] Compiling '/home/rllaguno/mini_challenges_eq5/install/challenge_msgs/local/lib/python3.10/dist-packages/challenge_msgs/__init__.py'...
[4.679s] Listing '/home/rllaguno/mini_challenges_eq5/install/challenge_msgs/local/lib/python3.10/dist-packages/challenge_msgs/msg'...
[4.679s] Compiling '/home/rllaguno/mini_challenges_eq5/install/challenge_msgs/local/lib/python3.10/dist-packages/challenge_msgs/msg/__init__.py'...
[4.679s] Compiling '/home/rllaguno/mini_challenges_eq5/install/challenge_msgs/local/lib/python3.10/dist-packages/challenge_msgs/msg/_error.py'...
[4.682s] -- Installing: /home/rllaguno/mini_challenges_eq5/install/challenge_msgs/local/lib/python3.10/dist-packages/challenge_msgs/challenge_msgs_s__rosidl_typesupport_fastrtps_c.cpython-310-x86_64-linux-gnu.so
[4.683s] -- Set runtime path of "/home/rllaguno/mini_challenges_eq5/install/challenge_msgs/local/lib/python3.10/dist-packages/challenge_msgs/challenge_msgs_s__rosidl_typesupport_fastrtps_c.cpython-310-x86_64-linux-gnu.so" to ""
[4.683s] -- Installing: /home/rllaguno/mini_challenges_eq5/install/challenge_msgs/local/lib/python3.10/dist-packages/challenge_msgs/challenge_msgs_s__rosidl_typesupport_introspection_c.cpython-310-x86_64-linux-gnu.so
[4.683s] -- Set runtime path of "/home/rllaguno/mini_challenges_eq5/install/challenge_msgs/local/lib/python3.10/dist-packages/challenge_msgs/challenge_msgs_s__rosidl_typesupport_introspection_c.cpython-310-x86_64-linux-gnu.so" to ""
[4.684s] -- Installing: /home/rllaguno/mini_challenges_eq5/install/challenge_msgs/local/lib/python3.10/dist-packages/challenge_msgs/challenge_msgs_s__rosidl_typesupport_c.cpython-310-x86_64-linux-gnu.so
[4.684s] -- Set runtime path of "/home/rllaguno/mini_challenges_eq5/install/challenge_msgs/local/lib/python3.10/dist-packages/challenge_msgs/challenge_msgs_s__rosidl_typesupport_c.cpython-310-x86_64-linux-gnu.so" to ""
[4.684s] -- Installing: /home/rllaguno/mini_challenges_eq5/install/challenge_msgs/lib/libchallenge_msgs__rosidl_generator_py.so
[4.684s] -- Set runtime path of "/home/rllaguno/mini_challenges_eq5/install/challenge_msgs/lib/libchallenge_msgs__rosidl_generator_py.so" to ""
[4.685s] -- Installing: /home/rllaguno/mini_challenges_eq5/install/challenge_msgs/share/challenge_msgs/msg/Error.idl
[4.685s] -- Installing: /home/rllaguno/mini_challenges_eq5/install/challenge_msgs/share/challenge_msgs/msg/Error.msg
[4.685s] -- Up-to-date: /home/rllaguno/mini_challenges_eq5/install/challenge_msgs/share/ament_index/resource_index/package_run_dependencies/challenge_msgs
[4.686s] -- Up-to-date: /home/rllaguno/mini_challenges_eq5/install/challenge_msgs/share/ament_index/resource_index/parent_prefix_path/challenge_msgs
[4.686s] -- Up-to-date: /home/rllaguno/mini_challenges_eq5/install/challenge_msgs/share/challenge_msgs/environment/ament_prefix_path.sh
[4.686s] -- Installing: /home/rllaguno/mini_challenges_eq5/install/challenge_msgs/share/challenge_msgs/environment/ament_prefix_path.dsv
[4.687s] -- Up-to-date: /home/rllaguno/mini_challenges_eq5/install/challenge_msgs/share/challenge_msgs/environment/path.sh
[4.687s] -- Installing: /home/rllaguno/mini_challenges_eq5/install/challenge_msgs/share/challenge_msgs/environment/path.dsv
[4.687s] -- Up-to-date: /home/rllaguno/mini_challenges_eq5/install/challenge_msgs/share/challenge_msgs/local_setup.bash
[4.688s] -- Installing: /home/rllaguno/mini_challenges_eq5/install/challenge_msgs/share/challenge_msgs/local_setup.sh
[4.688s] -- Up-to-date: /home/rllaguno/mini_challenges_eq5/install/challenge_msgs/share/challenge_msgs/local_setup.zsh
[4.688s] -- Installing: /home/rllaguno/mini_challenges_eq5/install/challenge_msgs/share/challenge_msgs/local_setup.dsv
[4.688s] -- Installing: /home/rllaguno/mini_challenges_eq5/install/challenge_msgs/share/challenge_msgs/package.dsv
[4.689s] -- Up-to-date: /home/rllaguno/mini_challenges_eq5/install/challenge_msgs/share/ament_index/resource_index/packages/challenge_msgs
[4.689s] -- Installing: /home/rllaguno/mini_challenges_eq5/install/challenge_msgs/share/challenge_msgs/cmake/export_challenge_msgs__rosidl_generator_cExport.cmake
[4.689s] -- Installing: /home/rllaguno/mini_challenges_eq5/install/challenge_msgs/share/challenge_msgs/cmake/export_challenge_msgs__rosidl_generator_cExport-noconfig.cmake
[4.689s] -- Installing: /home/rllaguno/mini_challenges_eq5/install/challenge_msgs/share/challenge_msgs/cmake/export_challenge_msgs__rosidl_typesupport_fastrtps_cExport.cmake
[4.690s] -- Installing: /home/rllaguno/mini_challenges_eq5/install/challenge_msgs/share/challenge_msgs/cmake/export_challenge_msgs__rosidl_typesupport_fastrtps_cExport-noconfig.cmake
[4.690s] -- Installing: /home/rllaguno/mini_challenges_eq5/install/challenge_msgs/share/challenge_msgs/cmake/challenge_msgs__rosidl_typesupport_introspection_cExport.cmake
[4.690s] -- Installing: /home/rllaguno/mini_challenges_eq5/install/challenge_msgs/share/challenge_msgs/cmake/challenge_msgs__rosidl_typesupport_introspection_cExport-noconfig.cmake
[4.690s] -- Installing: /home/rllaguno/mini_challenges_eq5/install/challenge_msgs/share/challenge_msgs/cmake/challenge_msgs__rosidl_typesupport_cExport.cmake
[4.691s] -- Installing: /home/rllaguno/mini_challenges_eq5/install/challenge_msgs/share/challenge_msgs/cmake/challenge_msgs__rosidl_typesupport_cExport-noconfig.cmake
[4.691s] -- Installing: /home/rllaguno/mini_challenges_eq5/install/challenge_msgs/share/challenge_msgs/cmake/export_challenge_msgs__rosidl_generator_cppExport.cmake
[4.692s] -- Installing: /home/rllaguno/mini_challenges_eq5/install/challenge_msgs/share/challenge_msgs/cmake/export_challenge_msgs__rosidl_typesupport_fastrtps_cppExport.cmake
[4.692s] -- Installing: /home/rllaguno/mini_challenges_eq5/install/challenge_msgs/share/challenge_msgs/cmake/export_challenge_msgs__rosidl_typesupport_fastrtps_cppExport-noconfig.cmake
[4.693s] -- Installing: /home/rllaguno/mini_challenges_eq5/install/challenge_msgs/share/challenge_msgs/cmake/challenge_msgs__rosidl_typesupport_introspection_cppExport.cmake
[4.694s] -- Installing: /home/rllaguno/mini_challenges_eq5/install/challenge_msgs/share/challenge_msgs/cmake/challenge_msgs__rosidl_typesupport_introspection_cppExport-noconfig.cmake
[4.695s] -- Installing: /home/rllaguno/mini_challenges_eq5/install/challenge_msgs/share/challenge_msgs/cmake/challenge_msgs__rosidl_typesupport_cppExport.cmake
[4.695s] -- Installing: /home/rllaguno/mini_challenges_eq5/install/challenge_msgs/share/challenge_msgs/cmake/challenge_msgs__rosidl_typesupport_cppExport-noconfig.cmake
[4.695s] -- Installing: /home/rllaguno/mini_challenges_eq5/install/challenge_msgs/share/challenge_msgs/cmake/export_challenge_msgs__rosidl_generator_pyExport.cmake
[4.696s] -- Installing: /home/rllaguno/mini_challenges_eq5/install/challenge_msgs/share/challenge_msgs/cmake/export_challenge_msgs__rosidl_generator_pyExport-noconfig.cmake
[4.696s] -- Installing: /home/rllaguno/mini_challenges_eq5/install/challenge_msgs/share/challenge_msgs/cmake/rosidl_cmake-extras.cmake
[4.697s] -- Installing: /home/rllaguno/mini_challenges_eq5/install/challenge_msgs/share/challenge_msgs/cmake/ament_cmake_export_include_directories-extras.cmake
[4.697s] -- Installing: /home/rllaguno/mini_challenges_eq5/install/challenge_msgs/share/challenge_msgs/cmake/ament_cmake_export_libraries-extras.cmake
[4.697s] -- Installing: /home/rllaguno/mini_challenges_eq5/install/challenge_msgs/share/challenge_msgs/cmake/ament_cmake_export_targets-extras.cmake
[4.698s] -- Installing: /home/rllaguno/mini_challenges_eq5/install/challenge_msgs/share/challenge_msgs/cmake/rosidl_cmake_export_typesupport_targets-extras.cmake
[4.698s] -- Installing: /home/rllaguno/mini_challenges_eq5/install/challenge_msgs/share/challenge_msgs/cmake/ament_cmake_export_dependencies-extras.cmake
[4.699s] -- Installing: /home/rllaguno/mini_challenges_eq5/install/challenge_msgs/share/challenge_msgs/cmake/rosidl_cmake_export_typesupport_libraries-extras.cmake
[4.700s] -- Installing: /home/rllaguno/mini_challenges_eq5/install/challenge_msgs/share/challenge_msgs/cmake/challenge_msgsConfig.cmake
[4.700s] -- Up-to-date: /home/rllaguno/mini_challenges_eq5/install/challenge_msgs/share/challenge_msgs/cmake/challenge_msgsConfig-version.cmake
[4.701s] -- Up-to-date: /home/rllaguno/mini_challenges_eq5/install/challenge_msgs/share/challenge_msgs/package.xml
[4.701s] Invoked command in '/home/rllaguno/mini_challenges_eq5/build/challenge_msgs' returned '0': CMAKE_PREFIX_PATH=${CMAKE_PREFIX_PATH}:/home/rllaguno/mini_challenges_eq5/install/mini_challenge_4:/home/rllaguno/mini_challenges_eq5/install/mini_challenge_3:/home/rllaguno/mini_challenges_eq5/install/mini_challenge_2:/opt/ros/humble /usr/bin/cmake --install /home/rllaguno/mini_challenges_eq5/build/challenge_msgs
