[2.040s] DEBUG:colcon:Command line arguments: ['/usr/bin/colcon', 'build']
[2.040s] DEBUG:colcon:Parsed command line arguments: Namespace(log_base=None, log_level=None, verb_name='build', build_base='build', install_base='install', merge_install=False, symlink_install=False, test_result_base=None, continue_on_error=False, executor='parallel', parallel_workers=16, event_handlers=None, ignore_user_meta=False, metas=['./colcon.meta'], base_paths=['.'], packages_ignore=None, packages_ignore_regex=None, paths=None, packages_up_to=None, packages_up_to_regex=None, packages_above=None, packages_above_and_dependencies=None, packages_above_depth=None, packages_select_by_dep=None, packages_skip_by_dep=None, packages_skip_up_to=None, packages_select_build_failed=False, packages_skip_build_finished=False, packages_select_test_failures=False, packages_skip_test_passed=False, packages_select=None, packages_skip=None, packages_select_regex=None, packages_skip_regex=None, packages_start=None, packages_end=None, allow_overriding=[], cmake_args=None, cmake_target=None, cmake_target_skip_unavailable=False, cmake_clean_cache=False, cmake_clean_first=False, cmake_force_configure=False, ament_cmake_args=None, catkin_cmake_args=None, catkin_skip_building_tests=False, verb_parser=<colcon_defaults.argument_parser.defaults.DefaultArgumentsDecorator object at 0x7db8fec4ccd0>, verb_extension=<colcon_core.verb.build.BuildVerb object at 0x7db8fec4c9a0>, main=<bound method BuildVerb.main of <colcon_core.verb.build.BuildVerb object at 0x7db8fec4c9a0>>)
[2.084s] Level 1:colcon.colcon_core.package_discovery:discover_packages(colcon_meta) check parameters
[2.084s] Level 1:colcon.colcon_core.package_discovery:discover_packages(recursive) check parameters
[2.084s] Level 1:colcon.colcon_core.package_discovery:discover_packages(ignore) check parameters
[2.084s] Level 1:colcon.colcon_core.package_discovery:discover_packages(path) check parameters
[2.084s] Level 1:colcon.colcon_core.package_discovery:discover_packages(colcon_meta) discover
[2.084s] Level 1:colcon.colcon_core.package_discovery:discover_packages(recursive) discover
[2.084s] INFO:colcon.colcon_core.package_discovery:Crawling recursively for packages in '/home/mcr2/mini_challenges_eq5'
[2.084s] Level 1:colcon.colcon_core.package_identification:_identify(.) by extensions ['ignore', 'ignore_ament_install']
[2.084s] Level 1:colcon.colcon_core.package_identification:_identify(.) by extension 'ignore'
[2.085s] Level 1:colcon.colcon_core.package_identification:_identify(.) by extension 'ignore_ament_install'
[2.085s] Level 1:colcon.colcon_core.package_identification:_identify(.) by extensions ['colcon_pkg']
[2.085s] Level 1:colcon.colcon_core.package_identification:_identify(.) by extension 'colcon_pkg'
[2.085s] Level 1:colcon.colcon_core.package_identification:_identify(.) by extensions ['colcon_meta']
[2.085s] Level 1:colcon.colcon_core.package_identification:_identify(.) by extension 'colcon_meta'
[2.085s] Level 1:colcon.colcon_core.package_identification:_identify(.) by extensions ['ros']
[2.085s] Level 1:colcon.colcon_core.package_identification:_identify(.) by extension 'ros'
[2.106s] Level 1:colcon.colcon_core.package_identification:_identify(.) by extensions ['cmake', 'python']
[2.107s] Level 1:colcon.colcon_core.package_identification:_identify(.) by extension 'cmake'
[2.107s] Level 1:colcon.colcon_core.package_identification:_identify(.) by extension 'python'
[2.107s] Level 1:colcon.colcon_core.package_identification:_identify(.) by extensions ['python_setup_py']
[2.107s] Level 1:colcon.colcon_core.package_identification:_identify(.) by extension 'python_setup_py'
[2.107s] Level 1:colcon.colcon_core.package_identification:_identify(build) by extensions ['ignore', 'ignore_ament_install']
[2.107s] Level 1:colcon.colcon_core.package_identification:_identify(build) by extension 'ignore'
[2.107s] Level 1:colcon.colcon_core.package_identification:_identify(build) ignored
[2.108s] Level 1:colcon.colcon_core.package_identification:_identify(install) by extensions ['ignore', 'ignore_ament_install']
[2.108s] Level 1:colcon.colcon_core.package_identification:_identify(install) by extension 'ignore'
[2.108s] Level 1:colcon.colcon_core.package_identification:_identify(install) ignored
[2.108s] Level 1:colcon.colcon_core.package_identification:_identify(log) by extensions ['ignore', 'ignore_ament_install']
[2.108s] Level 1:colcon.colcon_core.package_identification:_identify(log) by extension 'ignore'
[2.108s] Level 1:colcon.colcon_core.package_identification:_identify(log) ignored
[2.108s] Level 1:colcon.colcon_core.package_identification:_identify(src) by extensions ['ignore', 'ignore_ament_install']
[2.109s] Level 1:colcon.colcon_core.package_identification:_identify(src) by extension 'ignore'
[2.109s] Level 1:colcon.colcon_core.package_identification:_identify(src) by extension 'ignore_ament_install'
[2.109s] Level 1:colcon.colcon_core.package_identification:_identify(src) by extensions ['colcon_pkg']
[2.109s] Level 1:colcon.colcon_core.package_identification:_identify(src) by extension 'colcon_pkg'
[2.109s] Level 1:colcon.colcon_core.package_identification:_identify(src) by extensions ['colcon_meta']
[2.109s] Level 1:colcon.colcon_core.package_identification:_identify(src) by extension 'colcon_meta'
[2.109s] Level 1:colcon.colcon_core.package_identification:_identify(src) by extensions ['ros']
[2.109s] Level 1:colcon.colcon_core.package_identification:_identify(src) by extension 'ros'
[2.109s] Level 1:colcon.colcon_core.package_identification:_identify(src) by extensions ['cmake', 'python']
[2.109s] Level 1:colcon.colcon_core.package_identification:_identify(src) by extension 'cmake'
[2.109s] Level 1:colcon.colcon_core.package_identification:_identify(src) by extension 'python'
[2.109s] Level 1:colcon.colcon_core.package_identification:_identify(src) by extensions ['python_setup_py']
[2.109s] Level 1:colcon.colcon_core.package_identification:_identify(src) by extension 'python_setup_py'
[2.109s] Level 1:colcon.colcon_core.package_identification:_identify(src/mini_challenge_2) by extensions ['ignore', 'ignore_ament_install']
[2.110s] Level 1:colcon.colcon_core.package_identification:_identify(src/mini_challenge_2) by extension 'ignore'
[2.110s] Level 1:colcon.colcon_core.package_identification:_identify(src/mini_challenge_2) by extension 'ignore_ament_install'
[2.110s] Level 1:colcon.colcon_core.package_identification:_identify(src/mini_challenge_2) by extensions ['colcon_pkg']
[2.110s] Level 1:colcon.colcon_core.package_identification:_identify(src/mini_challenge_2) by extension 'colcon_pkg'
[2.110s] Level 1:colcon.colcon_core.package_identification:_identify(src/mini_challenge_2) by extensions ['colcon_meta']
[2.110s] Level 1:colcon.colcon_core.package_identification:_identify(src/mini_challenge_2) by extension 'colcon_meta'
[2.110s] Level 1:colcon.colcon_core.package_identification:_identify(src/mini_challenge_2) by extensions ['ros']
[2.110s] Level 1:colcon.colcon_core.package_identification:_identify(src/mini_challenge_2) by extension 'ros'
[2.115s] DEBUG:colcon.colcon_core.package_identification:Package 'src/mini_challenge_2' with type 'ros.ament_python' and name 'mini_challenge_2'
[2.115s] Level 1:colcon.colcon_core.package_identification:_identify(src/mini_challenge_3) by extensions ['ignore', 'ignore_ament_install']
[2.116s] Level 1:colcon.colcon_core.package_identification:_identify(src/mini_challenge_3) by extension 'ignore'
[2.116s] Level 1:colcon.colcon_core.package_identification:_identify(src/mini_challenge_3) by extension 'ignore_ament_install'
[2.116s] Level 1:colcon.colcon_core.package_identification:_identify(src/mini_challenge_3) by extensions ['colcon_pkg']
[2.116s] Level 1:colcon.colcon_core.package_identification:_identify(src/mini_challenge_3) by extension 'colcon_pkg'
[2.116s] Level 1:colcon.colcon_core.package_identification:_identify(src/mini_challenge_3) by extensions ['colcon_meta']
[2.116s] Level 1:colcon.colcon_core.package_identification:_identify(src/mini_challenge_3) by extension 'colcon_meta'
[2.116s] Level 1:colcon.colcon_core.package_identification:_identify(src/mini_challenge_3) by extensions ['ros']
[2.117s] Level 1:colcon.colcon_core.package_identification:_identify(src/mini_challenge_3) by extension 'ros'
[2.118s] DEBUG:colcon.colcon_core.package_identification:Package 'src/mini_challenge_3' with type 'ros.ament_python' and name 'mini_challenge_3'
[2.118s] Level 1:colcon.colcon_core.package_discovery:discover_packages(recursive) using defaults
[2.118s] Level 1:colcon.colcon_core.package_discovery:discover_packages(ignore) discover
[2.118s] Level 1:colcon.colcon_core.package_discovery:discover_packages(ignore) using defaults
[2.118s] Level 1:colcon.colcon_core.package_discovery:discover_packages(path) discover
[2.118s] Level 1:colcon.colcon_core.package_discovery:discover_packages(path) using defaults
[2.281s] Level 1:colcon.colcon_core.package_discovery:discover_packages(prefix_path) check parameters
[2.281s] Level 1:colcon.colcon_core.package_discovery:discover_packages(prefix_path) discover
[2.339s] DEBUG:colcon.colcon_installed_package_information.package_discovery:Found 2 installed packages in /home/mcr2/mini_challenges_eq5/install
[2.372s] DEBUG:colcon.colcon_installed_package_information.package_discovery:Found 18 installed packages in /home/mcr2/ros2_utilities_ws/install
[2.399s] DEBUG:colcon.colcon_installed_package_information.package_discovery:Found 346 installed packages in /opt/ros/humble
[2.402s] Level 1:colcon.colcon_core.package_discovery:discover_packages(prefix_path) using defaults
[2.607s] Level 5:colcon.colcon_core.verb:set package 'mini_challenge_2' build argument 'cmake_args' from command line to 'None'
[2.607s] Level 5:colcon.colcon_core.verb:set package 'mini_challenge_2' build argument 'cmake_target' from command line to 'None'
[2.607s] Level 5:colcon.colcon_core.verb:set package 'mini_challenge_2' build argument 'cmake_target_skip_unavailable' from command line to 'False'
[2.607s] Level 5:colcon.colcon_core.verb:set package 'mini_challenge_2' build argument 'cmake_clean_cache' from command line to 'False'
[2.607s] Level 5:colcon.colcon_core.verb:set package 'mini_challenge_2' build argument 'cmake_clean_first' from command line to 'False'
[2.607s] Level 5:colcon.colcon_core.verb:set package 'mini_challenge_2' build argument 'cmake_force_configure' from command line to 'False'
[2.607s] Level 5:colcon.colcon_core.verb:set package 'mini_challenge_2' build argument 'ament_cmake_args' from command line to 'None'
[2.607s] Level 5:colcon.colcon_core.verb:set package 'mini_challenge_2' build argument 'catkin_cmake_args' from command line to 'None'
[2.607s] Level 5:colcon.colcon_core.verb:set package 'mini_challenge_2' build argument 'catkin_skip_building_tests' from command line to 'False'
[2.607s] DEBUG:colcon.colcon_core.verb:Building package 'mini_challenge_2' with the following arguments: {'ament_cmake_args': None, 'build_base': '/home/mcr2/mini_challenges_eq5/build/mini_challenge_2', 'catkin_cmake_args': None, 'catkin_skip_building_tests': False, 'cmake_args': None, 'cmake_clean_cache': False, 'cmake_clean_first': False, 'cmake_force_configure': False, 'cmake_target': None, 'cmake_target_skip_unavailable': False, 'install_base': '/home/mcr2/mini_challenges_eq5/install/mini_challenge_2', 'merge_install': False, 'path': '/home/mcr2/mini_challenges_eq5/src/mini_challenge_2', 'symlink_install': False, 'test_result_base': None}
[2.616s] Level 5:colcon.colcon_core.verb:set package 'mini_challenge_3' build argument 'cmake_args' from command line to 'None'
[2.616s] Level 5:colcon.colcon_core.verb:set package 'mini_challenge_3' build argument 'cmake_target' from command line to 'None'
[2.616s] Level 5:colcon.colcon_core.verb:set package 'mini_challenge_3' build argument 'cmake_target_skip_unavailable' from command line to 'False'
[2.616s] Level 5:colcon.colcon_core.verb:set package 'mini_challenge_3' build argument 'cmake_clean_cache' from command line to 'False'
[2.616s] Level 5:colcon.colcon_core.verb:set package 'mini_challenge_3' build argument 'cmake_clean_first' from command line to 'False'
[2.616s] Level 5:colcon.colcon_core.verb:set package 'mini_challenge_3' build argument 'cmake_force_configure' from command line to 'False'
[2.616s] Level 5:colcon.colcon_core.verb:set package 'mini_challenge_3' build argument 'ament_cmake_args' from command line to 'None'
[2.616s] Level 5:colcon.colcon_core.verb:set package 'mini_challenge_3' build argument 'catkin_cmake_args' from command line to 'None'
[2.616s] Level 5:colcon.colcon_core.verb:set package 'mini_challenge_3' build argument 'catkin_skip_building_tests' from command line to 'False'
[2.616s] DEBUG:colcon.colcon_core.verb:Building package 'mini_challenge_3' with the following arguments: {'ament_cmake_args': None, 'build_base': '/home/mcr2/mini_challenges_eq5/build/mini_challenge_3', 'catkin_cmake_args': None, 'catkin_skip_building_tests': False, 'cmake_args': None, 'cmake_clean_cache': False, 'cmake_clean_first': False, 'cmake_force_configure': False, 'cmake_target': None, 'cmake_target_skip_unavailable': False, 'install_base': '/home/mcr2/mini_challenges_eq5/install/mini_challenge_3', 'merge_install': False, 'path': '/home/mcr2/mini_challenges_eq5/src/mini_challenge_3', 'symlink_install': False, 'test_result_base': None}
[2.625s] INFO:colcon.colcon_core.executor:Executing jobs using 'parallel' executor
[2.652s] DEBUG:colcon.colcon_parallel_executor.executor.parallel:run_until_complete
[2.652s] INFO:colcon.colcon_ros.task.ament_python.build:Building ROS package in '/home/mcr2/mini_challenges_eq5/src/mini_challenge_2' with build type 'ament_python'
[2.653s] Level 1:colcon.colcon_core.shell:create_environment_hook('mini_challenge_2', 'ament_prefix_path')
[2.680s] INFO:colcon.colcon_core.plugin_system:Skipping extension 'colcon_core.shell.bat': Not used on non-Windows systems
[2.681s] INFO:colcon.colcon_core.shell:Creating environment hook '/home/mcr2/mini_challenges_eq5/install/mini_challenge_2/share/mini_challenge_2/hook/ament_prefix_path.ps1'
[2.682s] INFO:colcon.colcon_core.shell:Creating environment descriptor '/home/mcr2/mini_challenges_eq5/install/mini_challenge_2/share/mini_challenge_2/hook/ament_prefix_path.dsv'
[2.683s] INFO:colcon.colcon_core.shell:Creating environment hook '/home/mcr2/mini_challenges_eq5/install/mini_challenge_2/share/mini_challenge_2/hook/ament_prefix_path.sh'
[2.791s] INFO:colcon.colcon_core.shell:Skip shell extension 'powershell' for command environment: Not usable outside of PowerShell
[2.791s] DEBUG:colcon.colcon_core.shell:Skip shell extension 'dsv' for command environment
[2.880s] INFO:colcon.colcon_ros.task.ament_python.build:Building ROS package in '/home/mcr2/mini_challenges_eq5/src/mini_challenge_3' with build type 'ament_python'
[2.881s] Level 1:colcon.colcon_core.shell:create_environment_hook('mini_challenge_3', 'ament_prefix_path')
[2.914s] INFO:colcon.colcon_core.shell:Creating environment hook '/home/mcr2/mini_challenges_eq5/install/mini_challenge_3/share/mini_challenge_3/hook/ament_prefix_path.ps1'
[2.915s] INFO:colcon.colcon_core.shell:Creating environment descriptor '/home/mcr2/mini_challenges_eq5/install/mini_challenge_3/share/mini_challenge_3/hook/ament_prefix_path.dsv'
[2.916s] INFO:colcon.colcon_core.shell:Creating environment hook '/home/mcr2/mini_challenges_eq5/install/mini_challenge_3/share/mini_challenge_3/hook/ament_prefix_path.sh'
[2.942s] INFO:colcon.colcon_core.shell:Skip shell extension 'powershell' for command environment: Not usable outside of PowerShell
[2.942s] DEBUG:colcon.colcon_core.shell:Skip shell extension 'dsv' for command environment
[3.498s] INFO:colcon.colcon_core.task.python.build:Building Python package in '/home/mcr2/mini_challenges_eq5/src/mini_challenge_2'
[3.525s] INFO:colcon.colcon_core.shell:Skip shell extension 'powershell' for command environment: Not usable outside of PowerShell
[3.525s] DEBUG:colcon.colcon_core.shell:Skip shell extension 'dsv' for command environment
[4.031s] INFO:colcon.colcon_core.task.python.build:Building Python package in '/home/mcr2/mini_challenges_eq5/src/mini_challenge_3'
[4.054s] INFO:colcon.colcon_core.shell:Skip shell extension 'powershell' for command environment: Not usable outside of PowerShell
[4.054s] DEBUG:colcon.colcon_core.shell:Skip shell extension 'dsv' for command environment
[4.627s] DEBUG:colcon.colcon_core.event_handler.log_command:Invoking command in '/home/mcr2/mini_challenges_eq5/src/mini_challenge_2': PYTHONPATH=/home/mcr2/mini_challenges_eq5/build/mini_challenge_2/prefix_override:/home/mcr2/mini_challenges_eq5/install/mini_challenge_2/lib/python3.10/site-packages:${PYTHONPATH} /usr/bin/python3 setup.py egg_info --egg-base ../../build/mini_challenge_2 build --build-base /home/mcr2/mini_challenges_eq5/build/mini_challenge_2/build install --record /home/mcr2/mini_challenges_eq5/build/mini_challenge_2/install.log --single-version-externally-managed
[4.797s] DEBUG:colcon.colcon_core.event_handler.log_command:Invoking command in '/home/mcr2/mini_challenges_eq5/src/mini_challenge_3': PYTHONPATH=/home/mcr2/mini_challenges_eq5/build/mini_challenge_3/prefix_override:/home/mcr2/mini_challenges_eq5/install/mini_challenge_3/lib/python3.10/site-packages:${PYTHONPATH} /usr/bin/python3 setup.py egg_info --egg-base ../../build/mini_challenge_3 build --build-base /home/mcr2/mini_challenges_eq5/build/mini_challenge_3/build install --record /home/mcr2/mini_challenges_eq5/build/mini_challenge_3/install.log --single-version-externally-managed
[5.088s] DEBUG:colcon.colcon_core.event_handler.log_command:Invoked command in '/home/mcr2/mini_challenges_eq5/src/mini_challenge_2' returned '0': PYTHONPATH=/home/mcr2/mini_challenges_eq5/build/mini_challenge_2/prefix_override:/home/mcr2/mini_challenges_eq5/install/mini_challenge_2/lib/python3.10/site-packages:${PYTHONPATH} /usr/bin/python3 setup.py egg_info --egg-base ../../build/mini_challenge_2 build --build-base /home/mcr2/mini_challenges_eq5/build/mini_challenge_2/build install --record /home/mcr2/mini_challenges_eq5/build/mini_challenge_2/install.log --single-version-externally-managed
[5.118s] Level 1:colcon.colcon_core.environment:checking '/home/mcr2/mini_challenges_eq5/install/mini_challenge_2' for CMake module files
[5.118s] Level 1:colcon.colcon_core.environment:checking '/home/mcr2/mini_challenges_eq5/install/mini_challenge_2' for CMake config files
[5.120s] Level 1:colcon.colcon_core.environment:checking '/home/mcr2/mini_challenges_eq5/install/mini_challenge_2/lib'
[5.120s] Level 1:colcon.colcon_core.environment:checking '/home/mcr2/mini_challenges_eq5/install/mini_challenge_2/bin'
[5.120s] Level 1:colcon.colcon_core.environment:checking '/home/mcr2/mini_challenges_eq5/install/mini_challenge_2/lib/pkgconfig/mini_challenge_2.pc'
[5.121s] Level 1:colcon.colcon_core.environment:checking '/home/mcr2/mini_challenges_eq5/install/mini_challenge_2/lib/python3.10/site-packages'
[5.121s] Level 1:colcon.colcon_core.shell:create_environment_hook('mini_challenge_2', 'pythonpath')
[5.167s] INFO:colcon.colcon_core.shell:Creating environment hook '/home/mcr2/mini_challenges_eq5/install/mini_challenge_2/share/mini_challenge_2/hook/pythonpath.ps1'
[5.169s] INFO:colcon.colcon_core.shell:Creating environment descriptor '/home/mcr2/mini_challenges_eq5/install/mini_challenge_2/share/mini_challenge_2/hook/pythonpath.dsv'
[5.170s] INFO:colcon.colcon_core.shell:Creating environment hook '/home/mcr2/mini_challenges_eq5/install/mini_challenge_2/share/mini_challenge_2/hook/pythonpath.sh'
[5.172s] Level 1:colcon.colcon_core.environment:checking '/home/mcr2/mini_challenges_eq5/install/mini_challenge_2/bin'
[5.172s] Level 1:colcon.colcon_core.environment:create_environment_scripts_only(mini_challenge_2)
[5.202s] INFO:colcon.colcon_core.shell:Creating package script '/home/mcr2/mini_challenges_eq5/install/mini_challenge_2/share/mini_challenge_2/package.ps1'
[5.204s] INFO:colcon.colcon_core.shell:Creating package descriptor '/home/mcr2/mini_challenges_eq5/install/mini_challenge_2/share/mini_challenge_2/package.dsv'
[5.206s] INFO:colcon.colcon_core.shell:Creating package script '/home/mcr2/mini_challenges_eq5/install/mini_challenge_2/share/mini_challenge_2/package.sh'
[5.207s] INFO:colcon.colcon_core.shell:Creating package script '/home/mcr2/mini_challenges_eq5/install/mini_challenge_2/share/mini_challenge_2/package.bash'
[5.208s] INFO:colcon.colcon_core.shell:Creating package script '/home/mcr2/mini_challenges_eq5/install/mini_challenge_2/share/mini_challenge_2/package.zsh'
[5.209s] Level 1:colcon.colcon_core.environment:create_file_with_runtime_dependencies(/home/mcr2/mini_challenges_eq5/install/mini_challenge_2/share/colcon-core/packages/mini_challenge_2)
[5.212s] DEBUG:colcon.colcon_core.event_handler.log_command:Invoked command in '/home/mcr2/mini_challenges_eq5/src/mini_challenge_3' returned '0': PYTHONPATH=/home/mcr2/mini_challenges_eq5/build/mini_challenge_3/prefix_override:/home/mcr2/mini_challenges_eq5/install/mini_challenge_3/lib/python3.10/site-packages:${PYTHONPATH} /usr/bin/python3 setup.py egg_info --egg-base ../../build/mini_challenge_3 build --build-base /home/mcr2/mini_challenges_eq5/build/mini_challenge_3/build install --record /home/mcr2/mini_challenges_eq5/build/mini_challenge_3/install.log --single-version-externally-managed
[5.239s] Level 1:colcon.colcon_core.environment:checking '/home/mcr2/mini_challenges_eq5/install/mini_challenge_3' for CMake module files
[5.239s] Level 1:colcon.colcon_core.environment:checking '/home/mcr2/mini_challenges_eq5/install/mini_challenge_3' for CMake config files
[5.240s] Level 1:colcon.colcon_core.environment:checking '/home/mcr2/mini_challenges_eq5/install/mini_challenge_3/lib'
[5.241s] Level 1:colcon.colcon_core.environment:checking '/home/mcr2/mini_challenges_eq5/install/mini_challenge_3/bin'
[5.241s] Level 1:colcon.colcon_core.environment:checking '/home/mcr2/mini_challenges_eq5/install/mini_challenge_3/lib/pkgconfig/mini_challenge_3.pc'
[5.241s] Level 1:colcon.colcon_core.environment:checking '/home/mcr2/mini_challenges_eq5/install/mini_challenge_3/lib/python3.10/site-packages'
[5.241s] Level 1:colcon.colcon_core.shell:create_environment_hook('mini_challenge_3', 'pythonpath')
[5.267s] INFO:colcon.colcon_core.shell:Creating environment hook '/home/mcr2/mini_challenges_eq5/install/mini_challenge_3/share/mini_challenge_3/hook/pythonpath.ps1'
[5.268s] INFO:colcon.colcon_core.shell:Creating environment descriptor '/home/mcr2/mini_challenges_eq5/install/mini_challenge_3/share/mini_challenge_3/hook/pythonpath.dsv'
[5.269s] INFO:colcon.colcon_core.shell:Creating environment hook '/home/mcr2/mini_challenges_eq5/install/mini_challenge_3/share/mini_challenge_3/hook/pythonpath.sh'
[5.270s] Level 1:colcon.colcon_core.environment:checking '/home/mcr2/mini_challenges_eq5/install/mini_challenge_3/bin'
[5.271s] Level 1:colcon.colcon_core.environment:create_environment_scripts_only(mini_challenge_3)
[5.294s] INFO:colcon.colcon_core.shell:Creating package script '/home/mcr2/mini_challenges_eq5/install/mini_challenge_3/share/mini_challenge_3/package.ps1'
[5.296s] INFO:colcon.colcon_core.shell:Creating package descriptor '/home/mcr2/mini_challenges_eq5/install/mini_challenge_3/share/mini_challenge_3/package.dsv'
[5.298s] INFO:colcon.colcon_core.shell:Creating package script '/home/mcr2/mini_challenges_eq5/install/mini_challenge_3/share/mini_challenge_3/package.sh'
[5.299s] INFO:colcon.colcon_core.shell:Creating package script '/home/mcr2/mini_challenges_eq5/install/mini_challenge_3/share/mini_challenge_3/package.bash'
[5.300s] INFO:colcon.colcon_core.shell:Creating package script '/home/mcr2/mini_challenges_eq5/install/mini_challenge_3/share/mini_challenge_3/package.zsh'
[5.301s] Level 1:colcon.colcon_core.environment:create_file_with_runtime_dependencies(/home/mcr2/mini_challenges_eq5/install/mini_challenge_3/share/colcon-core/packages/mini_challenge_3)
[5.301s] DEBUG:colcon.colcon_parallel_executor.executor.parallel:closing loop
[5.301s] DEBUG:colcon.colcon_parallel_executor.executor.parallel:loop closed
[5.301s] DEBUG:colcon.colcon_parallel_executor.executor.parallel:run_until_complete finished with '0'
[5.301s] DEBUG:colcon.colcon_core.event_reactor:joining thread
[5.338s] INFO:colcon.colcon_core.plugin_system:Skipping extension 'colcon_notification.desktop_notification.terminal_notifier': Not used on non-Darwin systems
[5.340s] INFO:colcon.colcon_core.plugin_system:Skipping extension 'colcon_notification.desktop_notification.win32': Not used on non-Windows systems
[5.340s] INFO:colcon.colcon_notification.desktop_notification:Sending desktop notification using 'notify2'
[5.372s] DEBUG:colcon.colcon_core.event_reactor:joined thread
[5.398s] INFO:colcon.colcon_core.shell:Creating prefix script '/home/mcr2/mini_challenges_eq5/install/local_setup.ps1'
[5.401s] INFO:colcon.colcon_core.shell:Creating prefix util module '/home/mcr2/mini_challenges_eq5/install/_local_setup_util_ps1.py'
[5.403s] INFO:colcon.colcon_core.shell:Creating prefix chain script '/home/mcr2/mini_challenges_eq5/install/setup.ps1'
[5.428s] INFO:colcon.colcon_core.shell:Creating prefix script '/home/mcr2/mini_challenges_eq5/install/local_setup.sh'
[5.429s] INFO:colcon.colcon_core.shell:Creating prefix util module '/home/mcr2/mini_challenges_eq5/install/_local_setup_util_sh.py'
[5.431s] INFO:colcon.colcon_core.shell:Creating prefix chain script '/home/mcr2/mini_challenges_eq5/install/setup.sh'
[5.458s] INFO:colcon.colcon_core.shell:Creating prefix script '/home/mcr2/mini_challenges_eq5/install/local_setup.bash'
[5.458s] INFO:colcon.colcon_core.shell:Creating prefix chain script '/home/mcr2/mini_challenges_eq5/install/setup.bash'
[5.471s] INFO:colcon.colcon_core.shell:Creating prefix script '/home/mcr2/mini_challenges_eq5/install/local_setup.zsh'
[5.472s] INFO:colcon.colcon_core.shell:Creating prefix chain script '/home/mcr2/mini_challenges_eq5/install/setup.zsh'
