[35m[1mScanning dependencies of target yolo_msg__cpp[0m
[35m[1mScanning dependencies of target ament_cmake_python_copy_yolo_msg[0m
[  2%] [34m[1mGenerating C code for ROS interfaces[0m
[  5%] [34m[1mGenerating C++ code for ROS interfaces[0m
[  5%] Built target ament_cmake_python_copy_yolo_msg
[35m[1mScanning dependencies of target ament_cmake_python_build_yolo_msg_egg[0m
running egg_info
creating yolo_msg.egg-info
writing yolo_msg.egg-info/PKG-INFO
writing dependency_links to yolo_msg.egg-info/dependency_links.txt
writing top-level names to yolo_msg.egg-info/top_level.txt
writing manifest file 'yolo_msg.egg-info/SOURCES.txt'
[  5%] Built target yolo_msg__cpp
reading manifest file 'yolo_msg.egg-info/SOURCES.txt'
writing manifest file 'yolo_msg.egg-info/SOURCES.txt'
[35m[1mScanning dependencies of target yolo_msg__rosidl_generator_c[0m
[  7%] [34m[1mGenerating C++ introspection for ROS interfaces[0m
[ 10%] [34m[1mGenerating C++ type support dispatch for ROS interfaces[0m
[ 12%] [32mBuilding C object CMakeFiles/yolo_msg__rosidl_generator_c.dir/rosidl_generator_c/yolo_msg/msg/detail/inference_result__functions.c.o[0m
[ 12%] Built target ament_cmake_python_build_yolo_msg_egg
[ 15%] [32mBuilding C object CMakeFiles/yolo_msg__rosidl_generator_c.dir/rosidl_generator_c/yolo_msg/msg/detail/yolov8_inference__functions.c.o[0m
[ 17%] [34m[1mGenerating C++ type support for eProsima Fast-RTPS[0m
[ 20%] [32m[1mLinking C shared library libyolo_msg__rosidl_generator_c.so[0m
[ 20%] Built target yolo_msg__rosidl_generator_c
[ 23%] [34m[1mGenerating C type support for eProsima Fast-RTPS[0m
[35m[1mScanning dependencies of target yolo_msg__rosidl_typesupport_introspection_cpp[0m
[ 25%] [32mBuilding CXX object CMakeFiles/yolo_msg__rosidl_typesupport_introspection_cpp.dir/rosidl_typesupport_introspection_cpp/yolo_msg/msg/detail/inference_result__type_support.cpp.o[0m
[35m[1mScanning dependencies of target yolo_msg__rosidl_typesupport_cpp[0m
[ 28%] [32mBuilding CXX object CMakeFiles/yolo_msg__rosidl_typesupport_cpp.dir/rosidl_typesupport_cpp/yolo_msg/msg/inference_result__type_support.cpp.o[0m
[35m[1mScanning dependencies of target yolo_msg__rosidl_typesupport_fastrtps_cpp[0m
[ 30%] [32mBuilding CXX object CMakeFiles/yolo_msg__rosidl_typesupport_fastrtps_cpp.dir/rosidl_typesupport_fastrtps_cpp/yolo_msg/msg/detail/dds_fastrtps/inference_result__type_support.cpp.o[0m
[35m[1mScanning dependencies of target yolo_msg__rosidl_typesupport_fastrtps_c[0m
[ 33%] [32mBuilding CXX object CMakeFiles/yolo_msg__rosidl_typesupport_fastrtps_c.dir/rosidl_typesupport_fastrtps_c/yolo_msg/msg/detail/inference_result__type_support_c.cpp.o[0m
[ 35%] [32mBuilding CXX object CMakeFiles/yolo_msg__rosidl_typesupport_cpp.dir/rosidl_typesupport_cpp/yolo_msg/msg/yolov8_inference__type_support.cpp.o[0m
[ 38%] [32mBuilding CXX object CMakeFiles/yolo_msg__rosidl_typesupport_introspection_cpp.dir/rosidl_typesupport_introspection_cpp/yolo_msg/msg/detail/yolov8_inference__type_support.cpp.o[0m
[ 41%] [32m[1mLinking CXX shared library libyolo_msg__rosidl_typesupport_cpp.so[0m
[ 43%] [32mBuilding CXX object CMakeFiles/yolo_msg__rosidl_typesupport_fastrtps_c.dir/rosidl_typesupport_fastrtps_c/yolo_msg/msg/detail/yolov8_inference__type_support_c.cpp.o[0m
[ 46%] [32mBuilding CXX object CMakeFiles/yolo_msg__rosidl_typesupport_fastrtps_cpp.dir/rosidl_typesupport_fastrtps_cpp/yolo_msg/msg/detail/dds_fastrtps/yolov8_inference__type_support.cpp.o[0m
[ 46%] Built target yolo_msg__rosidl_typesupport_cpp
[ 48%] [32m[1mLinking CXX shared library libyolo_msg__rosidl_typesupport_introspection_cpp.so[0m
[ 48%] Built target yolo_msg__rosidl_typesupport_introspection_cpp
[ 51%] [32m[1mLinking CXX shared library libyolo_msg__rosidl_typesupport_fastrtps_c.so[0m
[ 53%] [32m[1mLinking CXX shared library libyolo_msg__rosidl_typesupport_fastrtps_cpp.so[0m
[ 53%] Built target yolo_msg__rosidl_typesupport_fastrtps_c
[ 53%] Built target yolo_msg__rosidl_typesupport_fastrtps_cpp
[ 56%] [34m[1mGenerating C type support dispatch for ROS interfaces[0m
[35m[1mScanning dependencies of target yolo_msg__rosidl_typesupport_c[0m
[ 58%] [32mBuilding CXX object CMakeFiles/yolo_msg__rosidl_typesupport_c.dir/rosidl_typesupport_c/yolo_msg/msg/inference_result__type_support.cpp.o[0m
[ 61%] [32mBuilding CXX object CMakeFiles/yolo_msg__rosidl_typesupport_c.dir/rosidl_typesupport_c/yolo_msg/msg/yolov8_inference__type_support.cpp.o[0m
[ 64%] [32m[1mLinking CXX shared library libyolo_msg__rosidl_typesupport_c.so[0m
[ 64%] Built target yolo_msg__rosidl_typesupport_c
[ 66%] [34m[1mGenerating C introspection for ROS interfaces[0m
[35m[1mScanning dependencies of target yolo_msg__rosidl_typesupport_introspection_c[0m
[ 69%] [32mBuilding C object CMakeFiles/yolo_msg__rosidl_typesupport_introspection_c.dir/rosidl_typesupport_introspection_c/yolo_msg/msg/detail/inference_result__type_support.c.o[0m
[ 71%] [32mBuilding C object CMakeFiles/yolo_msg__rosidl_typesupport_introspection_c.dir/rosidl_typesupport_introspection_c/yolo_msg/msg/detail/yolov8_inference__type_support.c.o[0m
[ 74%] [32m[1mLinking C shared library libyolo_msg__rosidl_typesupport_introspection_c.so[0m
[ 74%] Built target yolo_msg__rosidl_typesupport_introspection_c
[35m[1mScanning dependencies of target yolo_msg[0m
[ 74%] Built target yolo_msg
[35m[1mScanning dependencies of target yolo_msg__py[0m
[ 76%] [34m[1mGenerating Python code for ROS interfaces[0m
[ 76%] Built target yolo_msg__py
[35m[1mScanning dependencies of target yolo_msg__rosidl_generator_py[0m
[ 79%] [32mBuilding C object CMakeFiles/yolo_msg__rosidl_generator_py.dir/rosidl_generator_py/yolo_msg/msg/_inference_result_s.c.o[0m
[ 82%] [32mBuilding C object CMakeFiles/yolo_msg__rosidl_generator_py.dir/rosidl_generator_py/yolo_msg/msg/_yolov8_inference_s.c.o[0m
[ 84%] [32m[1mLinking C shared library rosidl_generator_py/yolo_msg/libyolo_msg__rosidl_generator_py.so[0m
[ 84%] Built target yolo_msg__rosidl_generator_py
[35m[1mScanning dependencies of target yolo_msg__rosidl_typesupport_c__pyext[0m
[35m[1mScanning dependencies of target yolo_msg__rosidl_typesupport_introspection_c__pyext[0m
[ 87%] [32mBuilding C object CMakeFiles/yolo_msg__rosidl_typesupport_c__pyext.dir/rosidl_generator_py/yolo_msg/_yolo_msg_s.ep.rosidl_typesupport_c.c.o[0m
[ 89%] [32mBuilding C object CMakeFiles/yolo_msg__rosidl_typesupport_introspection_c__pyext.dir/rosidl_generator_py/yolo_msg/_yolo_msg_s.ep.rosidl_typesupport_introspection_c.c.o[0m
[ 92%] [32m[1mLinking C shared library rosidl_generator_py/yolo_msg/yolo_msg_s__rosidl_typesupport_introspection_c.cpython-38-aarch64-linux-gnu.so[0m
[ 94%] [32m[1mLinking C shared library rosidl_generator_py/yolo_msg/yolo_msg_s__rosidl_typesupport_c.cpython-38-aarch64-linux-gnu.so[0m
[ 94%] Built target yolo_msg__rosidl_typesupport_introspection_c__pyext
[ 94%] Built target yolo_msg__rosidl_typesupport_c__pyext
[35m[1mScanning dependencies of target yolo_msg__rosidl_typesupport_fastrtps_c__pyext[0m
[ 97%] [32mBuilding C object CMakeFiles/yolo_msg__rosidl_typesupport_fastrtps_c__pyext.dir/rosidl_generator_py/yolo_msg/_yolo_msg_s.ep.rosidl_typesupport_fastrtps_c.c.o[0m
[100%] [32m[1mLinking C shared library rosidl_generator_py/yolo_msg/yolo_msg_s__rosidl_typesupport_fastrtps_c.cpython-38-aarch64-linux-gnu.so[0m
[100%] Built target yolo_msg__rosidl_typesupport_fastrtps_c__pyext
-- Install configuration: ""
-- Installing: /home/puzzlebot/github/mini_challenges_eq5/install/yolo_msg/share/ament_index/resource_index/rosidl_interfaces/yolo_msg
-- Up-to-date: /home/puzzlebot/github/mini_challenges_eq5/install/yolo_msg/include/yolo_msg/yolo_msg
-- Up-to-date: /home/puzzlebot/github/mini_challenges_eq5/install/yolo_msg/include/yolo_msg/yolo_msg/msg
-- Installing: /home/puzzlebot/github/mini_challenges_eq5/install/yolo_msg/include/yolo_msg/yolo_msg/msg/rosidl_generator_c__visibility_control.h
-- Installing: /home/puzzlebot/github/mini_challenges_eq5/install/yolo_msg/include/yolo_msg/yolo_msg/msg/yolov8_inference.h
-- Up-to-date: /home/puzzlebot/github/mini_challenges_eq5/install/yolo_msg/include/yolo_msg/yolo_msg/msg/detail
-- Installing: /home/puzzlebot/github/mini_challenges_eq5/install/yolo_msg/include/yolo_msg/yolo_msg/msg/detail/yolov8_inference__functions.c
-- Installing: /home/puzzlebot/github/mini_challenges_eq5/install/yolo_msg/include/yolo_msg/yolo_msg/msg/detail/inference_result__type_support.h
-- Installing: /home/puzzlebot/github/mini_challenges_eq5/install/yolo_msg/include/yolo_msg/yolo_msg/msg/detail/yolov8_inference__functions.h
-- Installing: /home/puzzlebot/github/mini_challenges_eq5/install/yolo_msg/include/yolo_msg/yolo_msg/msg/detail/yolov8_inference__struct.h
-- Installing: /home/puzzlebot/github/mini_challenges_eq5/install/yolo_msg/include/yolo_msg/yolo_msg/msg/detail/inference_result__functions.c
-- Installing: /home/puzzlebot/github/mini_challenges_eq5/install/yolo_msg/include/yolo_msg/yolo_msg/msg/detail/yolov8_inference__type_support.h
-- Installing: /home/puzzlebot/github/mini_challenges_eq5/install/yolo_msg/include/yolo_msg/yolo_msg/msg/detail/inference_result__struct.h
-- Installing: /home/puzzlebot/github/mini_challenges_eq5/install/yolo_msg/include/yolo_msg/yolo_msg/msg/detail/inference_result__functions.h
-- Installing: /home/puzzlebot/github/mini_challenges_eq5/install/yolo_msg/include/yolo_msg/yolo_msg/msg/inference_result.h
-- Installing: /home/puzzlebot/github/mini_challenges_eq5/install/yolo_msg/share/yolo_msg/environment/library_path.sh
-- Installing: /home/puzzlebot/github/mini_challenges_eq5/install/yolo_msg/share/yolo_msg/environment/library_path.dsv
-- Installing: /home/puzzlebot/github/mini_challenges_eq5/install/yolo_msg/lib/libyolo_msg__rosidl_generator_c.so
-- Set runtime path of "/home/puzzlebot/github/mini_challenges_eq5/install/yolo_msg/lib/libyolo_msg__rosidl_generator_c.so" to ""
-- Up-to-date: /home/puzzlebot/github/mini_challenges_eq5/install/yolo_msg/include/yolo_msg/yolo_msg
-- Up-to-date: /home/puzzlebot/github/mini_challenges_eq5/install/yolo_msg/include/yolo_msg/yolo_msg/msg
-- Installing: /home/puzzlebot/github/mini_challenges_eq5/install/yolo_msg/include/yolo_msg/yolo_msg/msg/rosidl_typesupport_fastrtps_c__visibility_control.h
-- Up-to-date: /home/puzzlebot/github/mini_challenges_eq5/install/yolo_msg/include/yolo_msg/yolo_msg/msg/detail
-- Installing: /home/puzzlebot/github/mini_challenges_eq5/install/yolo_msg/include/yolo_msg/yolo_msg/msg/detail/yolov8_inference__rosidl_typesupport_fastrtps_c.h
-- Installing: /home/puzzlebot/github/mini_challenges_eq5/install/yolo_msg/include/yolo_msg/yolo_msg/msg/detail/inference_result__rosidl_typesupport_fastrtps_c.h
-- Installing: /home/puzzlebot/github/mini_challenges_eq5/install/yolo_msg/lib/libyolo_msg__rosidl_typesupport_fastrtps_c.so
-- Set runtime path of "/home/puzzlebot/github/mini_challenges_eq5/install/yolo_msg/lib/libyolo_msg__rosidl_typesupport_fastrtps_c.so" to ""
-- Up-to-date: /home/puzzlebot/github/mini_challenges_eq5/install/yolo_msg/include/yolo_msg/yolo_msg
-- Up-to-date: /home/puzzlebot/github/mini_challenges_eq5/install/yolo_msg/include/yolo_msg/yolo_msg/msg
-- Installing: /home/puzzlebot/github/mini_challenges_eq5/install/yolo_msg/include/yolo_msg/yolo_msg/msg/yolov8_inference.hpp
-- Up-to-date: /home/puzzlebot/github/mini_challenges_eq5/install/yolo_msg/include/yolo_msg/yolo_msg/msg/detail
-- Installing: /home/puzzlebot/github/mini_challenges_eq5/install/yolo_msg/include/yolo_msg/yolo_msg/msg/detail/inference_result__traits.hpp
-- Installing: /home/puzzlebot/github/mini_challenges_eq5/install/yolo_msg/include/yolo_msg/yolo_msg/msg/detail/inference_result__builder.hpp
-- Installing: /home/puzzlebot/github/mini_challenges_eq5/install/yolo_msg/include/yolo_msg/yolo_msg/msg/detail/yolov8_inference__traits.hpp
-- Installing: /home/puzzlebot/github/mini_challenges_eq5/install/yolo_msg/include/yolo_msg/yolo_msg/msg/detail/yolov8_inference__struct.hpp
-- Installing: /home/puzzlebot/github/mini_challenges_eq5/install/yolo_msg/include/yolo_msg/yolo_msg/msg/detail/yolov8_inference__builder.hpp
-- Installing: /home/puzzlebot/github/mini_challenges_eq5/install/yolo_msg/include/yolo_msg/yolo_msg/msg/detail/inference_result__struct.hpp
-- Installing: /home/puzzlebot/github/mini_challenges_eq5/install/yolo_msg/include/yolo_msg/yolo_msg/msg/inference_result.hpp
-- Up-to-date: /home/puzzlebot/github/mini_challenges_eq5/install/yolo_msg/include/yolo_msg/yolo_msg
-- Up-to-date: /home/puzzlebot/github/mini_challenges_eq5/install/yolo_msg/include/yolo_msg/yolo_msg/msg
-- Installing: /home/puzzlebot/github/mini_challenges_eq5/install/yolo_msg/include/yolo_msg/yolo_msg/msg/rosidl_typesupport_fastrtps_cpp__visibility_control.h
-- Up-to-date: /home/puzzlebot/github/mini_challenges_eq5/install/yolo_msg/include/yolo_msg/yolo_msg/msg/detail
-- Up-to-date: /home/puzzlebot/github/mini_challenges_eq5/install/yolo_msg/include/yolo_msg/yolo_msg/msg/detail/dds_fastrtps
-- Installing: /home/puzzlebot/github/mini_challenges_eq5/install/yolo_msg/include/yolo_msg/yolo_msg/msg/detail/inference_result__rosidl_typesupport_fastrtps_cpp.hpp
-- Installing: /home/puzzlebot/github/mini_challenges_eq5/install/yolo_msg/include/yolo_msg/yolo_msg/msg/detail/yolov8_inference__rosidl_typesupport_fastrtps_cpp.hpp
-- Installing: /home/puzzlebot/github/mini_challenges_eq5/install/yolo_msg/lib/libyolo_msg__rosidl_typesupport_fastrtps_cpp.so
-- Set runtime path of "/home/puzzlebot/github/mini_challenges_eq5/install/yolo_msg/lib/libyolo_msg__rosidl_typesupport_fastrtps_cpp.so" to ""
-- Up-to-date: /home/puzzlebot/github/mini_challenges_eq5/install/yolo_msg/include/yolo_msg/yolo_msg
-- Up-to-date: /home/puzzlebot/github/mini_challenges_eq5/install/yolo_msg/include/yolo_msg/yolo_msg/msg
-- Installing: /home/puzzlebot/github/mini_challenges_eq5/install/yolo_msg/include/yolo_msg/yolo_msg/msg/rosidl_typesupport_introspection_c__visibility_control.h
-- Up-to-date: /home/puzzlebot/github/mini_challenges_eq5/install/yolo_msg/include/yolo_msg/yolo_msg/msg/detail
-- Installing: /home/puzzlebot/github/mini_challenges_eq5/install/yolo_msg/include/yolo_msg/yolo_msg/msg/detail/inference_result__rosidl_typesupport_introspection_c.h
-- Installing: /home/puzzlebot/github/mini_challenges_eq5/install/yolo_msg/include/yolo_msg/yolo_msg/msg/detail/yolov8_inference__rosidl_typesupport_introspection_c.h
-- Installing: /home/puzzlebot/github/mini_challenges_eq5/install/yolo_msg/include/yolo_msg/yolo_msg/msg/detail/inference_result__type_support.c
-- Installing: /home/puzzlebot/github/mini_challenges_eq5/install/yolo_msg/include/yolo_msg/yolo_msg/msg/detail/yolov8_inference__type_support.c
-- Installing: /home/puzzlebot/github/mini_challenges_eq5/install/yolo_msg/lib/libyolo_msg__rosidl_typesupport_introspection_c.so
-- Set runtime path of "/home/puzzlebot/github/mini_challenges_eq5/install/yolo_msg/lib/libyolo_msg__rosidl_typesupport_introspection_c.so" to ""
-- Installing: /home/puzzlebot/github/mini_challenges_eq5/install/yolo_msg/lib/libyolo_msg__rosidl_typesupport_c.so
-- Set runtime path of "/home/puzzlebot/github/mini_challenges_eq5/install/yolo_msg/lib/libyolo_msg__rosidl_typesupport_c.so" to ""
-- Up-to-date: /home/puzzlebot/github/mini_challenges_eq5/install/yolo_msg/include/yolo_msg/yolo_msg
-- Up-to-date: /home/puzzlebot/github/mini_challenges_eq5/install/yolo_msg/include/yolo_msg/yolo_msg/msg
-- Up-to-date: /home/puzzlebot/github/mini_challenges_eq5/install/yolo_msg/include/yolo_msg/yolo_msg/msg/detail
-- Installing: /home/puzzlebot/github/mini_challenges_eq5/install/yolo_msg/include/yolo_msg/yolo_msg/msg/detail/yolov8_inference__rosidl_typesupport_introspection_cpp.hpp
-- Installing: /home/puzzlebot/github/mini_challenges_eq5/install/yolo_msg/include/yolo_msg/yolo_msg/msg/detail/inference_result__type_support.cpp
-- Installing: /home/puzzlebot/github/mini_challenges_eq5/install/yolo_msg/include/yolo_msg/yolo_msg/msg/detail/yolov8_inference__type_support.cpp
-- Installing: /home/puzzlebot/github/mini_challenges_eq5/install/yolo_msg/include/yolo_msg/yolo_msg/msg/detail/inference_result__rosidl_typesupport_introspection_cpp.hpp
-- Installing: /home/puzzlebot/github/mini_challenges_eq5/install/yolo_msg/lib/libyolo_msg__rosidl_typesupport_introspection_cpp.so
-- Set runtime path of "/home/puzzlebot/github/mini_challenges_eq5/install/yolo_msg/lib/libyolo_msg__rosidl_typesupport_introspection_cpp.so" to ""
-- Installing: /home/puzzlebot/github/mini_challenges_eq5/install/yolo_msg/lib/libyolo_msg__rosidl_typesupport_cpp.so
-- Set runtime path of "/home/puzzlebot/github/mini_challenges_eq5/install/yolo_msg/lib/libyolo_msg__rosidl_typesupport_cpp.so" to ""
-- Installing: /home/puzzlebot/github/mini_challenges_eq5/install/yolo_msg/share/yolo_msg/environment/pythonpath.sh
-- Installing: /home/puzzlebot/github/mini_challenges_eq5/install/yolo_msg/share/yolo_msg/environment/pythonpath.dsv
-- Installing: /home/puzzlebot/github/mini_challenges_eq5/install/yolo_msg/lib/python3.8/site-packages/yolo_msg-0.0.0-py3.8.egg-info
-- Installing: /home/puzzlebot/github/mini_challenges_eq5/install/yolo_msg/lib/python3.8/site-packages/yolo_msg-0.0.0-py3.8.egg-info/top_level.txt
-- Installing: /home/puzzlebot/github/mini_challenges_eq5/install/yolo_msg/lib/python3.8/site-packages/yolo_msg-0.0.0-py3.8.egg-info/PKG-INFO
-- Installing: /home/puzzlebot/github/mini_challenges_eq5/install/yolo_msg/lib/python3.8/site-packages/yolo_msg-0.0.0-py3.8.egg-info/SOURCES.txt
-- Installing: /home/puzzlebot/github/mini_challenges_eq5/install/yolo_msg/lib/python3.8/site-packages/yolo_msg-0.0.0-py3.8.egg-info/dependency_links.txt
-- Installing: /home/puzzlebot/github/mini_challenges_eq5/install/yolo_msg/lib/python3.8/site-packages/yolo_msg
-- Installing: /home/puzzlebot/github/mini_challenges_eq5/install/yolo_msg/lib/python3.8/site-packages/yolo_msg/__init__.py
-- Installing: /home/puzzlebot/github/mini_challenges_eq5/install/yolo_msg/lib/python3.8/site-packages/yolo_msg/yolo_msg_s__rosidl_typesupport_introspection_c.cpython-38-aarch64-linux-gnu.so
-- Installing: /home/puzzlebot/github/mini_challenges_eq5/install/yolo_msg/lib/python3.8/site-packages/yolo_msg/_yolo_msg_s.ep.rosidl_typesupport_introspection_c.c
-- Installing: /home/puzzlebot/github/mini_challenges_eq5/install/yolo_msg/lib/python3.8/site-packages/yolo_msg/msg
-- Installing: /home/puzzlebot/github/mini_challenges_eq5/install/yolo_msg/lib/python3.8/site-packages/yolo_msg/msg/_inference_result_s.c
-- Installing: /home/puzzlebot/github/mini_challenges_eq5/install/yolo_msg/lib/python3.8/site-packages/yolo_msg/msg/__init__.py
-- Installing: /home/puzzlebot/github/mini_challenges_eq5/install/yolo_msg/lib/python3.8/site-packages/yolo_msg/msg/_yolov8_inference_s.c
-- Installing: /home/puzzlebot/github/mini_challenges_eq5/install/yolo_msg/lib/python3.8/site-packages/yolo_msg/msg/_yolov8_inference.py
-- Installing: /home/puzzlebot/github/mini_challenges_eq5/install/yolo_msg/lib/python3.8/site-packages/yolo_msg/msg/_inference_result.py
-- Installing: /home/puzzlebot/github/mini_challenges_eq5/install/yolo_msg/lib/python3.8/site-packages/yolo_msg/libyolo_msg__rosidl_generator_py.so
-- Installing: /home/puzzlebot/github/mini_challenges_eq5/install/yolo_msg/lib/python3.8/site-packages/yolo_msg/_yolo_msg_s.ep.rosidl_typesupport_c.c
-- Installing: /home/puzzlebot/github/mini_challenges_eq5/install/yolo_msg/lib/python3.8/site-packages/yolo_msg/_yolo_msg_s.ep.rosidl_typesupport_fastrtps_c.c
-- Installing: /home/puzzlebot/github/mini_challenges_eq5/install/yolo_msg/lib/python3.8/site-packages/yolo_msg/yolo_msg_s__rosidl_typesupport_fastrtps_c.cpython-38-aarch64-linux-gnu.so
-- Installing: /home/puzzlebot/github/mini_challenges_eq5/install/yolo_msg/lib/python3.8/site-packages/yolo_msg/yolo_msg_s__rosidl_typesupport_c.cpython-38-aarch64-linux-gnu.so
Listing '/home/puzzlebot/github/mini_challenges_eq5/install/yolo_msg/lib/python3.8/site-packages/yolo_msg'...
Compiling '/home/puzzlebot/github/mini_challenges_eq5/install/yolo_msg/lib/python3.8/site-packages/yolo_msg/__init__.py'...
Listing '/home/puzzlebot/github/mini_challenges_eq5/install/yolo_msg/lib/python3.8/site-packages/yolo_msg/msg'...
Compiling '/home/puzzlebot/github/mini_challenges_eq5/install/yolo_msg/lib/python3.8/site-packages/yolo_msg/msg/__init__.py'...
Compiling '/home/puzzlebot/github/mini_challenges_eq5/install/yolo_msg/lib/python3.8/site-packages/yolo_msg/msg/_inference_result.py'...
Compiling '/home/puzzlebot/github/mini_challenges_eq5/install/yolo_msg/lib/python3.8/site-packages/yolo_msg/msg/_yolov8_inference.py'...
-- Installing: /home/puzzlebot/github/mini_challenges_eq5/install/yolo_msg/lib/python3.8/site-packages/yolo_msg/yolo_msg_s__rosidl_typesupport_fastrtps_c.cpython-38-aarch64-linux-gnu.so
-- Set runtime path of "/home/puzzlebot/github/mini_challenges_eq5/install/yolo_msg/lib/python3.8/site-packages/yolo_msg/yolo_msg_s__rosidl_typesupport_fastrtps_c.cpython-38-aarch64-linux-gnu.so" to ""
-- Installing: /home/puzzlebot/github/mini_challenges_eq5/install/yolo_msg/lib/python3.8/site-packages/yolo_msg/yolo_msg_s__rosidl_typesupport_introspection_c.cpython-38-aarch64-linux-gnu.so
-- Set runtime path of "/home/puzzlebot/github/mini_challenges_eq5/install/yolo_msg/lib/python3.8/site-packages/yolo_msg/yolo_msg_s__rosidl_typesupport_introspection_c.cpython-38-aarch64-linux-gnu.so" to ""
-- Installing: /home/puzzlebot/github/mini_challenges_eq5/install/yolo_msg/lib/python3.8/site-packages/yolo_msg/yolo_msg_s__rosidl_typesupport_c.cpython-38-aarch64-linux-gnu.so
-- Set runtime path of "/home/puzzlebot/github/mini_challenges_eq5/install/yolo_msg/lib/python3.8/site-packages/yolo_msg/yolo_msg_s__rosidl_typesupport_c.cpython-38-aarch64-linux-gnu.so" to ""
-- Installing: /home/puzzlebot/github/mini_challenges_eq5/install/yolo_msg/lib/libyolo_msg__rosidl_generator_py.so
-- Set runtime path of "/home/puzzlebot/github/mini_challenges_eq5/install/yolo_msg/lib/libyolo_msg__rosidl_generator_py.so" to ""
-- Installing: /home/puzzlebot/github/mini_challenges_eq5/install/yolo_msg/share/yolo_msg/msg/InferenceResult.idl
-- Installing: /home/puzzlebot/github/mini_challenges_eq5/install/yolo_msg/share/yolo_msg/msg/Yolov8Inference.idl
-- Installing: /home/puzzlebot/github/mini_challenges_eq5/install/yolo_msg/share/yolo_msg/msg/InferenceResult.msg
-- Installing: /home/puzzlebot/github/mini_challenges_eq5/install/yolo_msg/share/yolo_msg/msg/Yolov8Inference.msg
-- Installing: /home/puzzlebot/github/mini_challenges_eq5/install/yolo_msg/share/ament_index/resource_index/package_run_dependencies/yolo_msg
-- Installing: /home/puzzlebot/github/mini_challenges_eq5/install/yolo_msg/share/ament_index/resource_index/parent_prefix_path/yolo_msg
-- Installing: /home/puzzlebot/github/mini_challenges_eq5/install/yolo_msg/share/yolo_msg/environment/ament_prefix_path.sh
-- Installing: /home/puzzlebot/github/mini_challenges_eq5/install/yolo_msg/share/yolo_msg/environment/ament_prefix_path.dsv
-- Installing: /home/puzzlebot/github/mini_challenges_eq5/install/yolo_msg/share/yolo_msg/environment/path.sh
-- Installing: /home/puzzlebot/github/mini_challenges_eq5/install/yolo_msg/share/yolo_msg/environment/path.dsv
-- Installing: /home/puzzlebot/github/mini_challenges_eq5/install/yolo_msg/share/yolo_msg/local_setup.bash
-- Installing: /home/puzzlebot/github/mini_challenges_eq5/install/yolo_msg/share/yolo_msg/local_setup.sh
-- Installing: /home/puzzlebot/github/mini_challenges_eq5/install/yolo_msg/share/yolo_msg/local_setup.zsh
-- Installing: /home/puzzlebot/github/mini_challenges_eq5/install/yolo_msg/share/yolo_msg/local_setup.dsv
-- Installing: /home/puzzlebot/github/mini_challenges_eq5/install/yolo_msg/share/yolo_msg/package.dsv
-- Installing: /home/puzzlebot/github/mini_challenges_eq5/install/yolo_msg/share/ament_index/resource_index/packages/yolo_msg
-- Installing: /home/puzzlebot/github/mini_challenges_eq5/install/yolo_msg/share/yolo_msg/cmake/export_yolo_msg__rosidl_generator_cExport.cmake
-- Installing: /home/puzzlebot/github/mini_challenges_eq5/install/yolo_msg/share/yolo_msg/cmake/export_yolo_msg__rosidl_generator_cExport-noconfig.cmake
-- Installing: /home/puzzlebot/github/mini_challenges_eq5/install/yolo_msg/share/yolo_msg/cmake/export_yolo_msg__rosidl_typesupport_fastrtps_cExport.cmake
-- Installing: /home/puzzlebot/github/mini_challenges_eq5/install/yolo_msg/share/yolo_msg/cmake/export_yolo_msg__rosidl_typesupport_fastrtps_cExport-noconfig.cmake
-- Installing: /home/puzzlebot/github/mini_challenges_eq5/install/yolo_msg/share/yolo_msg/cmake/export_yolo_msg__rosidl_generator_cppExport.cmake
-- Installing: /home/puzzlebot/github/mini_challenges_eq5/install/yolo_msg/share/yolo_msg/cmake/export_yolo_msg__rosidl_typesupport_fastrtps_cppExport.cmake
-- Installing: /home/puzzlebot/github/mini_challenges_eq5/install/yolo_msg/share/yolo_msg/cmake/export_yolo_msg__rosidl_typesupport_fastrtps_cppExport-noconfig.cmake
-- Installing: /home/puzzlebot/github/mini_challenges_eq5/install/yolo_msg/share/yolo_msg/cmake/yolo_msg__rosidl_typesupport_introspection_cExport.cmake
-- Installing: /home/puzzlebot/github/mini_challenges_eq5/install/yolo_msg/share/yolo_msg/cmake/yolo_msg__rosidl_typesupport_introspection_cExport-noconfig.cmake
-- Installing: /home/puzzlebot/github/mini_challenges_eq5/install/yolo_msg/share/yolo_msg/cmake/yolo_msg__rosidl_typesupport_cExport.cmake
-- Installing: /home/puzzlebot/github/mini_challenges_eq5/install/yolo_msg/share/yolo_msg/cmake/yolo_msg__rosidl_typesupport_cExport-noconfig.cmake
-- Installing: /home/puzzlebot/github/mini_challenges_eq5/install/yolo_msg/share/yolo_msg/cmake/yolo_msg__rosidl_typesupport_introspection_cppExport.cmake
-- Installing: /home/puzzlebot/github/mini_challenges_eq5/install/yolo_msg/share/yolo_msg/cmake/yolo_msg__rosidl_typesupport_introspection_cppExport-noconfig.cmake
-- Installing: /home/puzzlebot/github/mini_challenges_eq5/install/yolo_msg/share/yolo_msg/cmake/yolo_msg__rosidl_typesupport_cppExport.cmake
-- Installing: /home/puzzlebot/github/mini_challenges_eq5/install/yolo_msg/share/yolo_msg/cmake/yolo_msg__rosidl_typesupport_cppExport-noconfig.cmake
-- Installing: /home/puzzlebot/github/mini_challenges_eq5/install/yolo_msg/share/yolo_msg/cmake/export_yolo_msg__rosidl_generator_pyExport.cmake
-- Installing: /home/puzzlebot/github/mini_challenges_eq5/install/yolo_msg/share/yolo_msg/cmake/export_yolo_msg__rosidl_generator_pyExport-noconfig.cmake
-- Installing: /home/puzzlebot/github/mini_challenges_eq5/install/yolo_msg/share/yolo_msg/cmake/rosidl_cmake-extras.cmake
-- Installing: /home/puzzlebot/github/mini_challenges_eq5/install/yolo_msg/share/yolo_msg/cmake/ament_cmake_export_dependencies-extras.cmake
-- Installing: /home/puzzlebot/github/mini_challenges_eq5/install/yolo_msg/share/yolo_msg/cmake/ament_cmake_export_include_directories-extras.cmake
-- Installing: /home/puzzlebot/github/mini_challenges_eq5/install/yolo_msg/share/yolo_msg/cmake/ament_cmake_export_libraries-extras.cmake
-- Installing: /home/puzzlebot/github/mini_challenges_eq5/install/yolo_msg/share/yolo_msg/cmake/ament_cmake_export_targets-extras.cmake
-- Installing: /home/puzzlebot/github/mini_challenges_eq5/install/yolo_msg/share/yolo_msg/cmake/rosidl_cmake_export_typesupport_targets-extras.cmake
-- Installing: /home/puzzlebot/github/mini_challenges_eq5/install/yolo_msg/share/yolo_msg/cmake/rosidl_cmake_export_typesupport_libraries-extras.cmake
-- Installing: /home/puzzlebot/github/mini_challenges_eq5/install/yolo_msg/share/yolo_msg/cmake/yolo_msgConfig.cmake
-- Installing: /home/puzzlebot/github/mini_challenges_eq5/install/yolo_msg/share/yolo_msg/cmake/yolo_msgConfig-version.cmake
-- Installing: /home/puzzlebot/github/mini_challenges_eq5/install/yolo_msg/share/yolo_msg/package.xml
