[2.099s] DEBUG:colcon:Command line arguments: ['/usr/bin/colcon', 'build', '--packages-select', 'final_challenge']
[2.099s] DEBUG:colcon:Parsed command line arguments: Namespace(allow_overriding=[], ament_cmake_args=None, base_paths=['.'], build_base='build', catkin_cmake_args=None, catkin_skip_building_tests=False, cmake_args=None, cmake_clean_cache=False, cmake_clean_first=False, cmake_force_configure=False, cmake_target=None, cmake_target_skip_unavailable=False, continue_on_error=False, event_handlers=None, executor='parallel', ignore_user_meta=False, install_base='install', log_base=None, log_level=None, main=<bound method BuildVerb.main of <colcon_core.verb.build.BuildVerb object at 0x7f8f43efd0>>, merge_install=False, metas=['./colcon.meta'], packages_above=None, packages_above_and_dependencies=None, packages_above_depth=None, packages_end=None, packages_ignore=None, packages_ignore_regex=None, packages_select=['final_challenge'], packages_select_build_failed=False, packages_select_by_dep=None, packages_select_regex=None, packages_select_test_failures=False, packages_skip=None, packages_skip_build_finished=False, packages_skip_by_dep=None, packages_skip_regex=None, packages_skip_test_passed=False, packages_skip_up_to=None, packages_start=None, packages_up_to=None, packages_up_to_regex=None, parallel_workers=4, paths=None, symlink_install=False, test_result_base=None, verb_extension=<colcon_core.verb.build.BuildVerb object at 0x7f8f43efd0>, verb_name='build', verb_parser=<colcon_defaults.argument_parser.defaults.DefaultArgumentsDecorator object at 0x7f8f447490>)
[3.150s] Level 1:colcon.colcon_core.package_discovery:discover_packages(colcon_meta) check parameters
[3.151s] Level 1:colcon.colcon_core.package_discovery:discover_packages(recursive) check parameters
[3.151s] Level 1:colcon.colcon_core.package_discovery:discover_packages(ignore) check parameters
[3.151s] Level 1:colcon.colcon_core.package_discovery:discover_packages(path) check parameters
[3.151s] Level 1:colcon.colcon_core.package_discovery:discover_packages(colcon_meta) discover
[3.152s] Level 1:colcon.colcon_core.package_discovery:discover_packages(recursive) discover
[3.152s] INFO:colcon.colcon_core.package_discovery:Crawling recursively for packages in '/home/puzzlebot/github/mini_challenges_eq5'
[3.152s] Level 1:colcon.colcon_core.package_identification:_identify(.) by extensions ['ignore', 'ignore_ament_install']
[3.153s] Level 1:colcon.colcon_core.package_identification:_identify(.) by extension 'ignore'
[3.153s] Level 1:colcon.colcon_core.package_identification:_identify(.) by extension 'ignore_ament_install'
[3.153s] Level 1:colcon.colcon_core.package_identification:_identify(.) by extensions ['colcon_pkg']
[3.153s] Level 1:colcon.colcon_core.package_identification:_identify(.) by extension 'colcon_pkg'
[3.154s] Level 1:colcon.colcon_core.package_identification:_identify(.) by extensions ['colcon_meta']
[3.154s] Level 1:colcon.colcon_core.package_identification:_identify(.) by extension 'colcon_meta'
[3.154s] Level 1:colcon.colcon_core.package_identification:_identify(.) by extensions ['ros']
[3.154s] Level 1:colcon.colcon_core.package_identification:_identify(.) by extension 'ros'
[3.224s] Level 1:colcon.colcon_core.package_identification:_identify(.) by extensions ['cmake', 'python']
[3.224s] Level 1:colcon.colcon_core.package_identification:_identify(.) by extension 'cmake'
[3.225s] Level 1:colcon.colcon_core.package_identification:_identify(.) by extension 'python'
[3.225s] Level 1:colcon.colcon_core.package_identification:_identify(.) by extensions ['python_setup_py']
[3.225s] Level 1:colcon.colcon_core.package_identification:_identify(.) by extension 'python_setup_py'
[3.226s] Level 1:colcon.colcon_core.package_identification:_identify(build) by extensions ['ignore', 'ignore_ament_install']
[3.226s] Level 1:colcon.colcon_core.package_identification:_identify(build) by extension 'ignore'
[3.227s] Level 1:colcon.colcon_core.package_identification:_identify(build) ignored
[3.227s] Level 1:colcon.colcon_core.package_identification:_identify(install) by extensions ['ignore', 'ignore_ament_install']
[3.228s] Level 1:colcon.colcon_core.package_identification:_identify(install) by extension 'ignore'
[3.228s] Level 1:colcon.colcon_core.package_identification:_identify(install) ignored
[3.228s] Level 1:colcon.colcon_core.package_identification:_identify(log) by extensions ['ignore', 'ignore_ament_install']
[3.229s] Level 1:colcon.colcon_core.package_identification:_identify(log) by extension 'ignore'
[3.229s] Level 1:colcon.colcon_core.package_identification:_identify(log) ignored
[3.229s] Level 1:colcon.colcon_core.package_identification:_identify(src) by extensions ['ignore', 'ignore_ament_install']
[3.230s] Level 1:colcon.colcon_core.package_identification:_identify(src) by extension 'ignore'
[3.230s] Level 1:colcon.colcon_core.package_identification:_identify(src) by extension 'ignore_ament_install'
[3.230s] Level 1:colcon.colcon_core.package_identification:_identify(src) by extensions ['colcon_pkg']
[3.230s] Level 1:colcon.colcon_core.package_identification:_identify(src) by extension 'colcon_pkg'
[3.231s] Level 1:colcon.colcon_core.package_identification:_identify(src) by extensions ['colcon_meta']
[3.231s] Level 1:colcon.colcon_core.package_identification:_identify(src) by extension 'colcon_meta'
[3.231s] Level 1:colcon.colcon_core.package_identification:_identify(src) by extensions ['ros']
[3.231s] Level 1:colcon.colcon_core.package_identification:_identify(src) by extension 'ros'
[3.232s] Level 1:colcon.colcon_core.package_identification:_identify(src) by extensions ['cmake', 'python']
[3.232s] Level 1:colcon.colcon_core.package_identification:_identify(src) by extension 'cmake'
[3.233s] Level 1:colcon.colcon_core.package_identification:_identify(src) by extension 'python'
[3.234s] Level 1:colcon.colcon_core.package_identification:_identify(src) by extensions ['python_setup_py']
[3.234s] Level 1:colcon.colcon_core.package_identification:_identify(src) by extension 'python_setup_py'
[3.235s] Level 1:colcon.colcon_core.package_identification:_identify(src/final_challenge) by extensions ['ignore', 'ignore_ament_install']
[3.236s] Level 1:colcon.colcon_core.package_identification:_identify(src/final_challenge) by extension 'ignore'
[3.237s] Level 1:colcon.colcon_core.package_identification:_identify(src/final_challenge) by extension 'ignore_ament_install'
[3.237s] Level 1:colcon.colcon_core.package_identification:_identify(src/final_challenge) by extensions ['colcon_pkg']
[3.238s] Level 1:colcon.colcon_core.package_identification:_identify(src/final_challenge) by extension 'colcon_pkg'
[3.238s] Level 1:colcon.colcon_core.package_identification:_identify(src/final_challenge) by extensions ['colcon_meta']
[3.239s] Level 1:colcon.colcon_core.package_identification:_identify(src/final_challenge) by extension 'colcon_meta'
[3.239s] Level 1:colcon.colcon_core.package_identification:_identify(src/final_challenge) by extensions ['ros']
[3.239s] Level 1:colcon.colcon_core.package_identification:_identify(src/final_challenge) by extension 'ros'
[3.255s] DEBUG:colcon.colcon_core.package_identification:Package 'src/final_challenge' with type 'ros.ament_python' and name 'final_challenge'
[3.255s] Level 1:colcon.colcon_core.package_identification:_identify(src/mini_challenge_2) by extensions ['ignore', 'ignore_ament_install']
[3.256s] Level 1:colcon.colcon_core.package_identification:_identify(src/mini_challenge_2) by extension 'ignore'
[3.256s] Level 1:colcon.colcon_core.package_identification:_identify(src/mini_challenge_2) by extension 'ignore_ament_install'
[3.256s] Level 1:colcon.colcon_core.package_identification:_identify(src/mini_challenge_2) by extensions ['colcon_pkg']
[3.257s] Level 1:colcon.colcon_core.package_identification:_identify(src/mini_challenge_2) by extension 'colcon_pkg'
[3.257s] Level 1:colcon.colcon_core.package_identification:_identify(src/mini_challenge_2) by extensions ['colcon_meta']
[3.257s] Level 1:colcon.colcon_core.package_identification:_identify(src/mini_challenge_2) by extension 'colcon_meta'
[3.257s] Level 1:colcon.colcon_core.package_identification:_identify(src/mini_challenge_2) by extensions ['ros']
[3.258s] Level 1:colcon.colcon_core.package_identification:_identify(src/mini_challenge_2) by extension 'ros'
[3.262s] DEBUG:colcon.colcon_core.package_identification:Package 'src/mini_challenge_2' with type 'ros.ament_python' and name 'mini_challenge_2'
[3.262s] Level 1:colcon.colcon_core.package_identification:_identify(src/mini_challenge_3) by extensions ['ignore', 'ignore_ament_install']
[3.263s] Level 1:colcon.colcon_core.package_identification:_identify(src/mini_challenge_3) by extension 'ignore'
[3.263s] Level 1:colcon.colcon_core.package_identification:_identify(src/mini_challenge_3) by extension 'ignore_ament_install'
[3.263s] Level 1:colcon.colcon_core.package_identification:_identify(src/mini_challenge_3) by extensions ['colcon_pkg']
[3.264s] Level 1:colcon.colcon_core.package_identification:_identify(src/mini_challenge_3) by extension 'colcon_pkg'
[3.264s] Level 1:colcon.colcon_core.package_identification:_identify(src/mini_challenge_3) by extensions ['colcon_meta']
[3.264s] Level 1:colcon.colcon_core.package_identification:_identify(src/mini_challenge_3) by extension 'colcon_meta'
[3.264s] Level 1:colcon.colcon_core.package_identification:_identify(src/mini_challenge_3) by extensions ['ros']
[3.264s] Level 1:colcon.colcon_core.package_identification:_identify(src/mini_challenge_3) by extension 'ros'
[3.269s] DEBUG:colcon.colcon_core.package_identification:Package 'src/mini_challenge_3' with type 'ros.ament_python' and name 'mini_challenge_3'
[3.269s] Level 1:colcon.colcon_core.package_identification:_identify(src/mini_challenge_4) by extensions ['ignore', 'ignore_ament_install']
[3.270s] Level 1:colcon.colcon_core.package_identification:_identify(src/mini_challenge_4) by extension 'ignore'
[3.270s] Level 1:colcon.colcon_core.package_identification:_identify(src/mini_challenge_4) by extension 'ignore_ament_install'
[3.270s] Level 1:colcon.colcon_core.package_identification:_identify(src/mini_challenge_4) by extensions ['colcon_pkg']
[3.271s] Level 1:colcon.colcon_core.package_identification:_identify(src/mini_challenge_4) by extension 'colcon_pkg'
[3.271s] Level 1:colcon.colcon_core.package_identification:_identify(src/mini_challenge_4) by extensions ['colcon_meta']
[3.271s] Level 1:colcon.colcon_core.package_identification:_identify(src/mini_challenge_4) by extension 'colcon_meta'
[3.271s] Level 1:colcon.colcon_core.package_identification:_identify(src/mini_challenge_4) by extensions ['ros']
[3.271s] Level 1:colcon.colcon_core.package_identification:_identify(src/mini_challenge_4) by extension 'ros'
[3.276s] DEBUG:colcon.colcon_core.package_identification:Package 'src/mini_challenge_4' with type 'ros.ament_python' and name 'mini_challenge_4'
[3.276s] Level 1:colcon.colcon_core.package_identification:_identify(src/signal_msg) by extensions ['ignore', 'ignore_ament_install']
[3.277s] Level 1:colcon.colcon_core.package_identification:_identify(src/signal_msg) by extension 'ignore'
[3.277s] Level 1:colcon.colcon_core.package_identification:_identify(src/signal_msg) by extension 'ignore_ament_install'
[3.278s] Level 1:colcon.colcon_core.package_identification:_identify(src/signal_msg) by extensions ['colcon_pkg']
[3.278s] Level 1:colcon.colcon_core.package_identification:_identify(src/signal_msg) by extension 'colcon_pkg'
[3.278s] Level 1:colcon.colcon_core.package_identification:_identify(src/signal_msg) by extensions ['colcon_meta']
[3.278s] Level 1:colcon.colcon_core.package_identification:_identify(src/signal_msg) by extension 'colcon_meta'
[3.279s] Level 1:colcon.colcon_core.package_identification:_identify(src/signal_msg) by extensions ['ros']
[3.279s] Level 1:colcon.colcon_core.package_identification:_identify(src/signal_msg) by extension 'ros'
[3.282s] DEBUG:colcon.colcon_core.package_identification:Package 'src/signal_msg' with type 'ros.ament_cmake' and name 'signal_msg'
[3.283s] Level 1:colcon.colcon_core.package_identification:_identify(src/yolo_msg) by extensions ['ignore', 'ignore_ament_install']
[3.284s] Level 1:colcon.colcon_core.package_identification:_identify(src/yolo_msg) by extension 'ignore'
[3.284s] Level 1:colcon.colcon_core.package_identification:_identify(src/yolo_msg) by extension 'ignore_ament_install'
[3.284s] Level 1:colcon.colcon_core.package_identification:_identify(src/yolo_msg) by extensions ['colcon_pkg']
[3.285s] Level 1:colcon.colcon_core.package_identification:_identify(src/yolo_msg) by extension 'colcon_pkg'
[3.285s] Level 1:colcon.colcon_core.package_identification:_identify(src/yolo_msg) by extensions ['colcon_meta']
[3.285s] Level 1:colcon.colcon_core.package_identification:_identify(src/yolo_msg) by extension 'colcon_meta'
[3.285s] Level 1:colcon.colcon_core.package_identification:_identify(src/yolo_msg) by extensions ['ros']
[3.285s] Level 1:colcon.colcon_core.package_identification:_identify(src/yolo_msg) by extension 'ros'
[3.288s] DEBUG:colcon.colcon_core.package_identification:Package 'src/yolo_msg' with type 'ros.ament_cmake' and name 'yolo_msg'
[3.289s] Level 1:colcon.colcon_core.package_discovery:discover_packages(recursive) using defaults
[3.289s] Level 1:colcon.colcon_core.package_discovery:discover_packages(ignore) discover
[3.289s] Level 1:colcon.colcon_core.package_discovery:discover_packages(ignore) using defaults
[3.289s] Level 1:colcon.colcon_core.package_discovery:discover_packages(path) discover
[3.289s] Level 1:colcon.colcon_core.package_discovery:discover_packages(path) using defaults
[3.431s] INFO:colcon.colcon_core.package_selection:Skipping not selected package 'mini_challenge_2' in 'src/mini_challenge_2'
[3.431s] INFO:colcon.colcon_core.package_selection:Skipping not selected package 'mini_challenge_3' in 'src/mini_challenge_3'
[3.431s] INFO:colcon.colcon_core.package_selection:Skipping not selected package 'mini_challenge_4' in 'src/mini_challenge_4'
[3.431s] INFO:colcon.colcon_core.package_selection:Skipping not selected package 'signal_msg' in 'src/signal_msg'
[3.431s] INFO:colcon.colcon_core.package_selection:Skipping not selected package 'yolo_msg' in 'src/yolo_msg'
[3.434s] Level 1:colcon.colcon_core.package_discovery:discover_packages(prefix_path) check parameters
[3.434s] Level 1:colcon.colcon_core.package_discovery:discover_packages(prefix_path) discover
[3.459s] DEBUG:colcon.colcon_installed_package_information.package_discovery:Found 6 installed packages in /home/puzzlebot/github/mini_challenges_eq5/install
[3.462s] DEBUG:colcon.colcon_installed_package_information.package_discovery:Found 3 installed packages in /home/puzzlebot/ros2_ws/install
[3.466s] DEBUG:colcon.colcon_installed_package_information.package_discovery:Found 5 installed packages in /home/puzzlebot/ros2_packages_ws/install
[3.476s] DEBUG:colcon.colcon_installed_package_information.package_discovery:Found 281 installed packages in /opt/ros/humble
[3.488s] Level 1:colcon.colcon_core.package_discovery:discover_packages(prefix_path) using defaults
[4.127s] Level 5:colcon.colcon_core.verb:set package 'final_challenge' build argument 'cmake_args' from command line to 'None'
[4.127s] Level 5:colcon.colcon_core.verb:set package 'final_challenge' build argument 'cmake_target' from command line to 'None'
[4.127s] Level 5:colcon.colcon_core.verb:set package 'final_challenge' build argument 'cmake_target_skip_unavailable' from command line to 'False'
[4.127s] Level 5:colcon.colcon_core.verb:set package 'final_challenge' build argument 'cmake_clean_cache' from command line to 'False'
[4.128s] Level 5:colcon.colcon_core.verb:set package 'final_challenge' build argument 'cmake_clean_first' from command line to 'False'
[4.128s] Level 5:colcon.colcon_core.verb:set package 'final_challenge' build argument 'cmake_force_configure' from command line to 'False'
[4.128s] Level 5:colcon.colcon_core.verb:set package 'final_challenge' build argument 'ament_cmake_args' from command line to 'None'
[4.128s] Level 5:colcon.colcon_core.verb:set package 'final_challenge' build argument 'catkin_cmake_args' from command line to 'None'
[4.128s] Level 5:colcon.colcon_core.verb:set package 'final_challenge' build argument 'catkin_skip_building_tests' from command line to 'False'
[4.128s] DEBUG:colcon.colcon_core.verb:Building package 'final_challenge' with the following arguments: {'ament_cmake_args': None, 'build_base': '/home/puzzlebot/github/mini_challenges_eq5/build/final_challenge', 'catkin_cmake_args': None, 'catkin_skip_building_tests': False, 'cmake_args': None, 'cmake_clean_cache': False, 'cmake_clean_first': False, 'cmake_force_configure': False, 'cmake_target': None, 'cmake_target_skip_unavailable': False, 'install_base': '/home/puzzlebot/github/mini_challenges_eq5/install/final_challenge', 'merge_install': False, 'path': '/home/puzzlebot/github/mini_challenges_eq5/src/final_challenge', 'symlink_install': False, 'test_result_base': None}
[4.129s] INFO:colcon.colcon_core.executor:Executing jobs using 'parallel' executor
[4.134s] DEBUG:colcon.colcon_parallel_executor.executor.parallel:run_until_complete
[4.135s] INFO:colcon.colcon_ros.task.ament_python.build:Building ROS package in '/home/puzzlebot/github/mini_challenges_eq5/src/final_challenge' with build type 'ament_python'
[4.136s] Level 1:colcon.colcon_core.shell:create_environment_hook('final_challenge', 'ament_prefix_path')
[4.155s] INFO:colcon.colcon_core.plugin_system:Skipping extension 'colcon_core.shell.bat': Not used on non-Windows systems
[4.156s] INFO:colcon.colcon_core.shell:Creating environment hook '/home/puzzlebot/github/mini_challenges_eq5/install/final_challenge/share/final_challenge/hook/ament_prefix_path.ps1'
[4.159s] INFO:colcon.colcon_core.shell:Creating environment descriptor '/home/puzzlebot/github/mini_challenges_eq5/install/final_challenge/share/final_challenge/hook/ament_prefix_path.dsv'
[4.163s] INFO:colcon.colcon_core.shell:Creating environment hook '/home/puzzlebot/github/mini_challenges_eq5/install/final_challenge/share/final_challenge/hook/ament_prefix_path.sh'
[4.167s] INFO:colcon.colcon_core.shell:Skip shell extension 'powershell' for command environment: Not usable outside of PowerShell
[4.168s] DEBUG:colcon.colcon_core.shell:Skip shell extension 'dsv' for command environment
[5.528s] INFO:colcon.colcon_core.task.python.build:Building Python package in '/home/puzzlebot/github/mini_challenges_eq5/src/final_challenge'
[5.529s] INFO:colcon.colcon_core.shell:Skip shell extension 'powershell' for command environment: Not usable outside of PowerShell
[5.530s] DEBUG:colcon.colcon_core.shell:Skip shell extension 'dsv' for command environment
[7.942s] DEBUG:colcon.colcon_core.event_handler.log_command:Invoking command in '/home/puzzlebot/github/mini_challenges_eq5/src/final_challenge': PYTHONPATH=/home/puzzlebot/github/mini_challenges_eq5/build/final_challenge/prefix_override:/home/puzzlebot/github/mini_challenges_eq5/install/final_challenge/lib/python3.8/site-packages:/home/puzzlebot/github/mini_challenges_eq5/install/yolo_msg/lib/python3.8/site-packages:/home/puzzlebot/github/mini_challenges_eq5/install/signal_msg/lib/python3.8/site-packages:/home/puzzlebot/github/mini_challenges_eq5/install/final_challenge/lib/python3.8/site-packages:/home/puzzlebot/github/mini_challenges_eq5/install/mini_challenge_4/lib/python3.8/site-packages:/home/puzzlebot/github/mini_challenges_eq5/install/mini_challenge_3/lib/python3.8/site-packages:/home/puzzlebot/github/mini_challenges_eq5/install/mini_challenge_2/lib/python3.8/site-packages:/home/puzzlebot/ros2_ws/install/puzzlebot_ros/lib/python3.8/site-packages:/home/puzzlebot/ros2_ws/install/camera_compressor/lib/python3.8/site-packages:/home/puzzlebot/ros2_packages_ws/install/micro_ros_msgs/lib/python3.8/site-packages:/opt/ros/humble/lib/python3.8/site-packages /usr/bin/python3 -W ignore:setup.py install is deprecated setup.py egg_info --egg-base ../../build/final_challenge build --build-base /home/puzzlebot/github/mini_challenges_eq5/build/final_challenge/build install --record /home/puzzlebot/github/mini_challenges_eq5/build/final_challenge/install.log --single-version-externally-managed install_data
[9.482s] DEBUG:colcon.colcon_core.event_handler.log_command:Invoked command in '/home/puzzlebot/github/mini_challenges_eq5/src/final_challenge' returned '0': PYTHONPATH=/home/puzzlebot/github/mini_challenges_eq5/build/final_challenge/prefix_override:/home/puzzlebot/github/mini_challenges_eq5/install/final_challenge/lib/python3.8/site-packages:/home/puzzlebot/github/mini_challenges_eq5/install/yolo_msg/lib/python3.8/site-packages:/home/puzzlebot/github/mini_challenges_eq5/install/signal_msg/lib/python3.8/site-packages:/home/puzzlebot/github/mini_challenges_eq5/install/final_challenge/lib/python3.8/site-packages:/home/puzzlebot/github/mini_challenges_eq5/install/mini_challenge_4/lib/python3.8/site-packages:/home/puzzlebot/github/mini_challenges_eq5/install/mini_challenge_3/lib/python3.8/site-packages:/home/puzzlebot/github/mini_challenges_eq5/install/mini_challenge_2/lib/python3.8/site-packages:/home/puzzlebot/ros2_ws/install/puzzlebot_ros/lib/python3.8/site-packages:/home/puzzlebot/ros2_ws/install/camera_compressor/lib/python3.8/site-packages:/home/puzzlebot/ros2_packages_ws/install/micro_ros_msgs/lib/python3.8/site-packages:/opt/ros/humble/lib/python3.8/site-packages /usr/bin/python3 -W ignore:setup.py install is deprecated setup.py egg_info --egg-base ../../build/final_challenge build --build-base /home/puzzlebot/github/mini_challenges_eq5/build/final_challenge/build install --record /home/puzzlebot/github/mini_challenges_eq5/build/final_challenge/install.log --single-version-externally-managed install_data
[9.501s] Level 1:colcon.colcon_core.environment:checking '/home/puzzlebot/github/mini_challenges_eq5/install/final_challenge' for CMake module files
[9.503s] Level 1:colcon.colcon_core.environment:checking '/home/puzzlebot/github/mini_challenges_eq5/install/final_challenge' for CMake config files
[9.506s] Level 1:colcon.colcon_core.environment:checking '/home/puzzlebot/github/mini_challenges_eq5/install/final_challenge/lib'
[9.507s] Level 1:colcon.colcon_core.environment:checking '/home/puzzlebot/github/mini_challenges_eq5/install/final_challenge/bin'
[9.507s] Level 1:colcon.colcon_core.environment:checking '/home/puzzlebot/github/mini_challenges_eq5/install/final_challenge/lib/pkgconfig/final_challenge.pc'
[9.508s] Level 1:colcon.colcon_core.environment:checking '/home/puzzlebot/github/mini_challenges_eq5/install/final_challenge/lib/python3.8/site-packages'
[9.509s] Level 1:colcon.colcon_core.shell:create_environment_hook('final_challenge', 'pythonpath')
[9.510s] INFO:colcon.colcon_core.shell:Creating environment hook '/home/puzzlebot/github/mini_challenges_eq5/install/final_challenge/share/final_challenge/hook/pythonpath.ps1'
[9.511s] INFO:colcon.colcon_core.shell:Creating environment descriptor '/home/puzzlebot/github/mini_challenges_eq5/install/final_challenge/share/final_challenge/hook/pythonpath.dsv'
[9.513s] INFO:colcon.colcon_core.shell:Creating environment hook '/home/puzzlebot/github/mini_challenges_eq5/install/final_challenge/share/final_challenge/hook/pythonpath.sh'
[9.514s] Level 1:colcon.colcon_core.environment:checking '/home/puzzlebot/github/mini_challenges_eq5/install/final_challenge/bin'
[9.515s] Level 1:colcon.colcon_core.environment:create_environment_scripts_only(final_challenge)
[9.516s] INFO:colcon.colcon_core.shell:Creating package script '/home/puzzlebot/github/mini_challenges_eq5/install/final_challenge/share/final_challenge/package.ps1'
[9.521s] INFO:colcon.colcon_core.shell:Creating package descriptor '/home/puzzlebot/github/mini_challenges_eq5/install/final_challenge/share/final_challenge/package.dsv'
[9.525s] INFO:colcon.colcon_core.shell:Creating package script '/home/puzzlebot/github/mini_challenges_eq5/install/final_challenge/share/final_challenge/package.sh'
[9.529s] INFO:colcon.colcon_core.shell:Creating package script '/home/puzzlebot/github/mini_challenges_eq5/install/final_challenge/share/final_challenge/package.bash'
[9.534s] INFO:colcon.colcon_core.shell:Creating package script '/home/puzzlebot/github/mini_challenges_eq5/install/final_challenge/share/final_challenge/package.zsh'
[9.538s] Level 1:colcon.colcon_core.environment:create_file_with_runtime_dependencies(/home/puzzlebot/github/mini_challenges_eq5/install/final_challenge/share/colcon-core/packages/final_challenge)
[9.540s] DEBUG:colcon.colcon_parallel_executor.executor.parallel:closing loop
[9.541s] DEBUG:colcon.colcon_parallel_executor.executor.parallel:loop closed
[9.541s] DEBUG:colcon.colcon_parallel_executor.executor.parallel:run_until_complete finished with '0'
[9.542s] DEBUG:colcon.colcon_core.event_reactor:joining thread
[9.584s] INFO:colcon.colcon_core.plugin_system:Skipping extension 'colcon_notification.desktop_notification.terminal_notifier': Not used on non-Darwin systems
[9.584s] INFO:colcon.colcon_core.plugin_system:Skipping extension 'colcon_notification.desktop_notification.win32': Not used on non-Windows systems
[9.584s] INFO:colcon.colcon_notification.desktop_notification:Sending desktop notification using 'notify2'
[10.041s] DEBUG:colcon.colcon_core.event_reactor:joined thread
[10.043s] INFO:colcon.colcon_core.shell:Creating prefix script '/home/puzzlebot/github/mini_challenges_eq5/install/local_setup.ps1'
[10.049s] INFO:colcon.colcon_core.shell:Creating prefix util module '/home/puzzlebot/github/mini_challenges_eq5/install/_local_setup_util_ps1.py'
[10.057s] INFO:colcon.colcon_core.shell:Creating prefix chain script '/home/puzzlebot/github/mini_challenges_eq5/install/setup.ps1'
[10.066s] INFO:colcon.colcon_core.shell:Creating prefix script '/home/puzzlebot/github/mini_challenges_eq5/install/local_setup.sh'
[10.071s] INFO:colcon.colcon_core.shell:Creating prefix util module '/home/puzzlebot/github/mini_challenges_eq5/install/_local_setup_util_sh.py'
[10.073s] INFO:colcon.colcon_core.shell:Creating prefix chain script '/home/puzzlebot/github/mini_challenges_eq5/install/setup.sh'
[10.083s] INFO:colcon.colcon_core.shell:Creating prefix script '/home/puzzlebot/github/mini_challenges_eq5/install/local_setup.bash'
[10.087s] INFO:colcon.colcon_core.shell:Creating prefix chain script '/home/puzzlebot/github/mini_challenges_eq5/install/setup.bash'
[10.096s] INFO:colcon.colcon_core.shell:Creating prefix script '/home/puzzlebot/github/mini_challenges_eq5/install/local_setup.zsh'
[10.100s] INFO:colcon.colcon_core.shell:Creating prefix chain script '/home/puzzlebot/github/mini_challenges_eq5/install/setup.zsh'
