[0.799s] Invoking command in '/home/rllaguno/mini_challenges_eq5/build/usb_cam': CMAKE_PREFIX_PATH=${CMAKE_PREFIX_PATH}:/home/rllaguno/mini_challenges_eq5/install/mini_challenge_3:/home/rllaguno/mini_challenges_eq5/install/mini_challenge_2:/opt/ros/humble /usr/bin/cmake --build /home/rllaguno/mini_challenges_eq5/build/usb_cam -- -j16 -l16
[0.919s] [ 14%] Built target gtest
[0.919s] [ 28%] Built target usb_cam
[0.920s] [ 42%] Built target usb_cam_node_exe
[0.923s] [ 57%] Built target gtest_main
[0.960s] [ 85%] Built target usb_cam_node
[0.960s] [ 85%] Built target test_usb_cam_utils
[0.960s] [100%] Built target test_pixel_formats
[0.978s] Invoked command in '/home/rllaguno/mini_challenges_eq5/build/usb_cam' returned '0': CMAKE_PREFIX_PATH=${CMAKE_PREFIX_PATH}:/home/rllaguno/mini_challenges_eq5/install/mini_challenge_3:/home/rllaguno/mini_challenges_eq5/install/mini_challenge_2:/opt/ros/humble /usr/bin/cmake --build /home/rllaguno/mini_challenges_eq5/build/usb_cam -- -j16 -l16
[1.076s] Invoking command in '/home/rllaguno/mini_challenges_eq5/build/usb_cam': CMAKE_PREFIX_PATH=${CMAKE_PREFIX_PATH}:/home/rllaguno/mini_challenges_eq5/install/mini_challenge_3:/home/rllaguno/mini_challenges_eq5/install/mini_challenge_2:/opt/ros/humble /usr/bin/cmake --install /home/rllaguno/mini_challenges_eq5/build/usb_cam
[1.086s] -- Install configuration: ""
[1.086s] -- Up-to-date: /home/rllaguno/mini_challenges_eq5/install/usb_cam/share/usb_cam/environment/library_path.sh
[1.086s] -- Up-to-date: /home/rllaguno/mini_challenges_eq5/install/usb_cam/share/usb_cam/environment/library_path.dsv
[1.087s] -- Up-to-date: /home/rllaguno/mini_challenges_eq5/install/usb_cam/lib/usb_cam/usb_cam_node_exe
[1.087s] -- Up-to-date: /home/rllaguno/mini_challenges_eq5/install/usb_cam/lib/usb_cam/show_image.py
[1.087s] -- Up-to-date: /home/rllaguno/mini_challenges_eq5/install/usb_cam/lib/libusb_cam.so
[1.088s] -- Up-to-date: /home/rllaguno/mini_challenges_eq5/install/usb_cam/lib/libusb_cam_node.so
[1.088s] -- Up-to-date: /home/rllaguno/mini_challenges_eq5/install/usb_cam/include
[1.088s] -- Up-to-date: /home/rllaguno/mini_challenges_eq5/install/usb_cam/include/usb_cam
[1.089s] -- Up-to-date: /home/rllaguno/mini_challenges_eq5/install/usb_cam/include/usb_cam/utils.hpp
[1.089s] -- Up-to-date: /home/rllaguno/mini_challenges_eq5/install/usb_cam/include/usb_cam/constants.hpp
[1.089s] -- Up-to-date: /home/rllaguno/mini_challenges_eq5/install/usb_cam/include/usb_cam/formats
[1.089s] -- Up-to-date: /home/rllaguno/mini_challenges_eq5/install/usb_cam/include/usb_cam/formats/utils.hpp
[1.090s] -- Up-to-date: /home/rllaguno/mini_challenges_eq5/install/usb_cam/include/usb_cam/formats/m420.hpp
[1.090s] -- Up-to-date: /home/rllaguno/mini_challenges_eq5/install/usb_cam/include/usb_cam/formats/av_pixel_format_helper.hpp
[1.090s] -- Up-to-date: /home/rllaguno/mini_challenges_eq5/install/usb_cam/include/usb_cam/formats/pixel_format_base.hpp
[1.090s] -- Up-to-date: /home/rllaguno/mini_challenges_eq5/install/usb_cam/include/usb_cam/formats/mono.hpp
[1.091s] -- Up-to-date: /home/rllaguno/mini_challenges_eq5/install/usb_cam/include/usb_cam/formats/rgb.hpp
[1.091s] -- Up-to-date: /home/rllaguno/mini_challenges_eq5/install/usb_cam/include/usb_cam/formats/mjpeg.hpp
[1.091s] -- Up-to-date: /home/rllaguno/mini_challenges_eq5/install/usb_cam/include/usb_cam/formats/uyvy.hpp
[1.091s] -- Up-to-date: /home/rllaguno/mini_challenges_eq5/install/usb_cam/include/usb_cam/formats/yuyv.hpp
[1.091s] -- Up-to-date: /home/rllaguno/mini_challenges_eq5/install/usb_cam/include/usb_cam/usb_cam.hpp
[1.092s] -- Up-to-date: /home/rllaguno/mini_challenges_eq5/install/usb_cam/include/usb_cam/usb_cam_node.hpp
[1.092s] -- Up-to-date: /home/rllaguno/mini_challenges_eq5/install/usb_cam/include/usb_cam/conversions.hpp
[1.092s] -- Up-to-date: /home/rllaguno/mini_challenges_eq5/install/usb_cam/lib/libusb_cam_node.so
[1.092s] -- Up-to-date: /home/rllaguno/mini_challenges_eq5/install/usb_cam/share/usb_cam/launch
[1.092s] -- Up-to-date: /home/rllaguno/mini_challenges_eq5/install/usb_cam/share/usb_cam/launch/camera_config.py
[1.093s] -- Up-to-date: /home/rllaguno/mini_challenges_eq5/install/usb_cam/share/usb_cam/launch/__init__.py
[1.093s] -- Up-to-date: /home/rllaguno/mini_challenges_eq5/install/usb_cam/share/usb_cam/launch/camera.launch.py
[1.093s] -- Up-to-date: /home/rllaguno/mini_challenges_eq5/install/usb_cam/share/usb_cam/config
[1.093s] -- Installing: /home/rllaguno/mini_challenges_eq5/install/usb_cam/share/usb_cam/config/params_1.yaml
[1.094s] -- Up-to-date: /home/rllaguno/mini_challenges_eq5/install/usb_cam/share/usb_cam/config/camera_info.yaml
[1.094s] -- Up-to-date: /home/rllaguno/mini_challenges_eq5/install/usb_cam/share/usb_cam/config/params_2.yaml
[1.095s] -- Up-to-date: /home/rllaguno/mini_challenges_eq5/install/usb_cam/share/ament_index/resource_index/package_run_dependencies/usb_cam
[1.095s] -- Up-to-date: /home/rllaguno/mini_challenges_eq5/install/usb_cam/share/ament_index/resource_index/parent_prefix_path/usb_cam
[1.095s] -- Up-to-date: /home/rllaguno/mini_challenges_eq5/install/usb_cam/share/usb_cam/environment/ament_prefix_path.sh
[1.095s] -- Up-to-date: /home/rllaguno/mini_challenges_eq5/install/usb_cam/share/usb_cam/environment/ament_prefix_path.dsv
[1.095s] -- Up-to-date: /home/rllaguno/mini_challenges_eq5/install/usb_cam/share/usb_cam/environment/path.sh
[1.096s] -- Up-to-date: /home/rllaguno/mini_challenges_eq5/install/usb_cam/share/usb_cam/environment/path.dsv
[1.096s] -- Up-to-date: /home/rllaguno/mini_challenges_eq5/install/usb_cam/share/usb_cam/local_setup.bash
[1.097s] -- Up-to-date: /home/rllaguno/mini_challenges_eq5/install/usb_cam/share/usb_cam/local_setup.sh
[1.098s] -- Up-to-date: /home/rllaguno/mini_challenges_eq5/install/usb_cam/share/usb_cam/local_setup.zsh
[1.098s] -- Up-to-date: /home/rllaguno/mini_challenges_eq5/install/usb_cam/share/usb_cam/local_setup.dsv
[1.098s] -- Installing: /home/rllaguno/mini_challenges_eq5/install/usb_cam/share/usb_cam/package.dsv
[1.098s] -- Up-to-date: /home/rllaguno/mini_challenges_eq5/install/usb_cam/share/ament_index/resource_index/packages/usb_cam
[1.099s] -- Up-to-date: /home/rllaguno/mini_challenges_eq5/install/usb_cam/share/ament_index/resource_index/rclcpp_components/usb_cam
[1.099s] -- Up-to-date: /home/rllaguno/mini_challenges_eq5/install/usb_cam/share/usb_cam/cmake/ament_cmake_export_libraries-extras.cmake
[1.099s] -- Up-to-date: /home/rllaguno/mini_challenges_eq5/install/usb_cam/share/usb_cam/cmake/ament_cmake_export_dependencies-extras.cmake
[1.099s] -- Up-to-date: /home/rllaguno/mini_challenges_eq5/install/usb_cam/share/usb_cam/cmake/ament_cmake_export_include_directories-extras.cmake
[1.099s] -- Up-to-date: /home/rllaguno/mini_challenges_eq5/install/usb_cam/share/usb_cam/cmake/usb_camConfig.cmake
[1.100s] -- Up-to-date: /home/rllaguno/mini_challenges_eq5/install/usb_cam/share/usb_cam/cmake/usb_camConfig-version.cmake
[1.100s] -- Up-to-date: /home/rllaguno/mini_challenges_eq5/install/usb_cam/share/usb_cam/package.xml
[1.100s] Invoked command in '/home/rllaguno/mini_challenges_eq5/build/usb_cam' returned '0': CMAKE_PREFIX_PATH=${CMAKE_PREFIX_PATH}:/home/rllaguno/mini_challenges_eq5/install/mini_challenge_3:/home/rllaguno/mini_challenges_eq5/install/mini_challenge_2:/opt/ros/humble /usr/bin/cmake --install /home/rllaguno/mini_challenges_eq5/build/usb_cam
