[13.910s] Invoking command in '/home/puzzlebot/github/mini_challenges_eq5/src/mini_challenge_3': PYTHONPATH=/home/puzzlebot/github/mini_challenges_eq5/build/mini_challenge_3/prefix_override:/home/puzzlebot/github/mini_challenges_eq5/install/mini_challenge_3/lib/python3.8/site-packages:${PYTHONPATH} /usr/bin/python3 -W ignore:setup.py install is deprecated setup.py egg_info --egg-base ../../build/mini_challenge_3 build --build-base /home/puzzlebot/github/mini_challenges_eq5/build/mini_challenge_3/build install --record /home/puzzlebot/github/mini_challenges_eq5/build/mini_challenge_3/install.log --single-version-externally-managed install_data
[16.794s] running egg_info
[16.799s] writing ../../build/mini_challenge_3/mini_challenge_3.egg-info/PKG-INFO
[16.815s] writing dependency_links to ../../build/mini_challenge_3/mini_challenge_3.egg-info/dependency_links.txt
[16.816s] writing entry points to ../../build/mini_challenge_3/mini_challenge_3.egg-info/entry_points.txt
[16.817s] writing requirements to ../../build/mini_challenge_3/mini_challenge_3.egg-info/requires.txt
[16.817s] writing top-level names to ../../build/mini_challenge_3/mini_challenge_3.egg-info/top_level.txt
[17.083s] reading manifest file '../../build/mini_challenge_3/mini_challenge_3.egg-info/SOURCES.txt'
[17.109s] writing manifest file '../../build/mini_challenge_3/mini_challenge_3.egg-info/SOURCES.txt'
[17.110s] running build
[17.110s] running build_py
[17.115s] running install
[17.119s] running install_lib
[17.145s] running install_data
[17.148s] running install_egg_info
[17.157s] removing '/home/puzzlebot/github/mini_challenges_eq5/install/mini_challenge_3/lib/python3.8/site-packages/mini_challenge_3-0.0.0-py3.8.egg-info' (and everything under it)
[17.157s] Copying ../../build/mini_challenge_3/mini_challenge_3.egg-info to /home/puzzlebot/github/mini_challenges_eq5/install/mini_challenge_3/lib/python3.8/site-packages/mini_challenge_3-0.0.0-py3.8.egg-info
[17.175s] running install_scripts
[17.297s] Installing Controller script to /home/puzzlebot/github/mini_challenges_eq5/install/mini_challenge_3/lib/mini_challenge_3
[17.301s] Installing Odometry script to /home/puzzlebot/github/mini_challenges_eq5/install/mini_challenge_3/lib/mini_challenge_3
[17.302s] Installing PointGenerator script to /home/puzzlebot/github/mini_challenges_eq5/install/mini_challenge_3/lib/mini_challenge_3
[17.304s] Installing Vision script to /home/puzzlebot/github/mini_challenges_eq5/install/mini_challenge_3/lib/mini_challenge_3
[17.307s] writing list of installed files to '/home/puzzlebot/github/mini_challenges_eq5/build/mini_challenge_3/install.log'
[17.824s] Invoked command in '/home/puzzlebot/github/mini_challenges_eq5/src/mini_challenge_3' returned '0': PYTHONPATH=/home/puzzlebot/github/mini_challenges_eq5/build/mini_challenge_3/prefix_override:/home/puzzlebot/github/mini_challenges_eq5/install/mini_challenge_3/lib/python3.8/site-packages:${PYTHONPATH} /usr/bin/python3 -W ignore:setup.py install is deprecated setup.py egg_info --egg-base ../../build/mini_challenge_3 build --build-base /home/puzzlebot/github/mini_challenges_eq5/build/mini_challenge_3/build install --record /home/puzzlebot/github/mini_challenges_eq5/build/mini_challenge_3/install.log --single-version-externally-managed install_data
