[2.208s] Invoking command in '/home/mcr2/mini_challenges_eq5/src/mini_challenge_2': PYTHONPATH=/home/mcr2/mini_challenges_eq5/build/mini_challenge_2/prefix_override:/home/mcr2/mini_challenges_eq5/install/mini_challenge_2/lib/python3.10/site-packages:${PYTHONPATH} /usr/bin/python3 setup.py egg_info --egg-base ../../build/mini_challenge_2 build --build-base /home/mcr2/mini_challenges_eq5/build/mini_challenge_2/build install --record /home/mcr2/mini_challenges_eq5/build/mini_challenge_2/install.log --single-version-externally-managed
[2.644s] running egg_info
[2.647s] writing ../../build/mini_challenge_2/mini_challenge_2.egg-info/PKG-INFO
[2.648s] writing dependency_links to ../../build/mini_challenge_2/mini_challenge_2.egg-info/dependency_links.txt
[2.648s] writing entry points to ../../build/mini_challenge_2/mini_challenge_2.egg-info/entry_points.txt
[2.650s] writing requirements to ../../build/mini_challenge_2/mini_challenge_2.egg-info/requires.txt
[2.650s] writing top-level names to ../../build/mini_challenge_2/mini_challenge_2.egg-info/top_level.txt
[2.651s] reading manifest file '../../build/mini_challenge_2/mini_challenge_2.egg-info/SOURCES.txt'
[2.651s] adding license file 'LICENSE'
[2.653s] writing manifest file '../../build/mini_challenge_2/mini_challenge_2.egg-info/SOURCES.txt'
[2.653s] running build
[2.653s] running build_py
[2.653s] copying mini_challenge_2/Controller.py -> /home/mcr2/mini_challenges_eq5/build/mini_challenge_2/build/lib/mini_challenge_2
[2.654s] running install
[2.654s] running install_lib
[2.655s] /usr/lib/python3/dist-packages/setuptools/command/install.py:34: SetuptoolsDeprecationWarning: setup.py install is deprecated. Use build and pip and other standards-based tools.
[2.655s]   warnings.warn(
[2.656s] copying /home/mcr2/mini_challenges_eq5/build/mini_challenge_2/build/lib/mini_challenge_2/Controller.py -> /home/mcr2/mini_challenges_eq5/install/mini_challenge_2/lib/python3.10/site-packages/mini_challenge_2
[2.657s] byte-compiling /home/mcr2/mini_challenges_eq5/install/mini_challenge_2/lib/python3.10/site-packages/mini_challenge_2/Controller.py to Controller.cpython-310.pyc
[2.658s] running install_data
[2.659s] running install_egg_info
[2.661s] removing '/home/mcr2/mini_challenges_eq5/install/mini_challenge_2/lib/python3.10/site-packages/mini_challenge_2-0.0.0-py3.10.egg-info' (and everything under it)
[2.663s] Copying ../../build/mini_challenge_2/mini_challenge_2.egg-info to /home/mcr2/mini_challenges_eq5/install/mini_challenge_2/lib/python3.10/site-packages/mini_challenge_2-0.0.0-py3.10.egg-info
[2.664s] running install_scripts
[2.810s] Installing Controller script to /home/mcr2/mini_challenges_eq5/install/mini_challenge_2/lib/mini_challenge_2
[2.810s] Installing Odometry script to /home/mcr2/mini_challenges_eq5/install/mini_challenge_2/lib/mini_challenge_2
[2.810s] Installing PointGenerator script to /home/mcr2/mini_challenges_eq5/install/mini_challenge_2/lib/mini_challenge_2
[2.843s] writing list of installed files to '/home/mcr2/mini_challenges_eq5/build/mini_challenge_2/install.log'
[2.923s] Invoked command in '/home/mcr2/mini_challenges_eq5/src/mini_challenge_2' returned '0': PYTHONPATH=/home/mcr2/mini_challenges_eq5/build/mini_challenge_2/prefix_override:/home/mcr2/mini_challenges_eq5/install/mini_challenge_2/lib/python3.10/site-packages:${PYTHONPATH} /usr/bin/python3 setup.py egg_info --egg-base ../../build/mini_challenge_2 build --build-base /home/mcr2/mini_challenges_eq5/build/mini_challenge_2/build install --record /home/mcr2/mini_challenges_eq5/build/mini_challenge_2/install.log --single-version-externally-managed
