[1.181s] Invoking command in '/home/rllaguno/mini_challenges_eq5/src/mini_challenge_2': PYTHONPATH=/home/rllaguno/mini_challenges_eq5/build/mini_challenge_2/prefix_override:/home/rllaguno/mini_challenges_eq5/install/mini_challenge_2/lib/python3.10/site-packages:${PYTHONPATH} /usr/bin/python3 -W ignore:setup.py install is deprecated setup.py egg_info --egg-base ../../build/mini_challenge_2 build --build-base /home/rllaguno/mini_challenges_eq5/build/mini_challenge_2/build install --record /home/rllaguno/mini_challenges_eq5/build/mini_challenge_2/install.log --single-version-externally-managed install_data
[1.520s] running egg_info
[1.521s] creating ../../build/mini_challenge_2/mini_challenge_2.egg-info
[1.521s] writing ../../build/mini_challenge_2/mini_challenge_2.egg-info/PKG-INFO
[1.521s] writing dependency_links to ../../build/mini_challenge_2/mini_challenge_2.egg-info/dependency_links.txt
[1.521s] writing entry points to ../../build/mini_challenge_2/mini_challenge_2.egg-info/entry_points.txt
[1.522s] writing requirements to ../../build/mini_challenge_2/mini_challenge_2.egg-info/requires.txt
[1.522s] writing top-level names to ../../build/mini_challenge_2/mini_challenge_2.egg-info/top_level.txt
[1.522s] writing manifest file '../../build/mini_challenge_2/mini_challenge_2.egg-info/SOURCES.txt'
[1.524s] reading manifest file '../../build/mini_challenge_2/mini_challenge_2.egg-info/SOURCES.txt'
[1.524s] adding license file 'LICENSE'
[1.525s] writing manifest file '../../build/mini_challenge_2/mini_challenge_2.egg-info/SOURCES.txt'
[1.526s] running build
[1.526s] running build_py
[1.526s] creating /home/rllaguno/mini_challenges_eq5/build/mini_challenge_2/build
[1.527s] creating /home/rllaguno/mini_challenges_eq5/build/mini_challenge_2/build/lib
[1.527s] creating /home/rllaguno/mini_challenges_eq5/build/mini_challenge_2/build/lib/mini_challenge_2
[1.527s] copying mini_challenge_2/Odometry.py -> /home/rllaguno/mini_challenges_eq5/build/mini_challenge_2/build/lib/mini_challenge_2
[1.527s] copying mini_challenge_2/PointGenerator.py -> /home/rllaguno/mini_challenges_eq5/build/mini_challenge_2/build/lib/mini_challenge_2
[1.527s] copying mini_challenge_2/Controller.py -> /home/rllaguno/mini_challenges_eq5/build/mini_challenge_2/build/lib/mini_challenge_2
[1.527s] copying mini_challenge_2/__init__.py -> /home/rllaguno/mini_challenges_eq5/build/mini_challenge_2/build/lib/mini_challenge_2
[1.527s] running install
[1.528s] running install_lib
[1.529s] creating /home/rllaguno/mini_challenges_eq5/install/mini_challenge_2/lib/python3.10/site-packages/mini_challenge_2
[1.529s] copying /home/rllaguno/mini_challenges_eq5/build/mini_challenge_2/build/lib/mini_challenge_2/Odometry.py -> /home/rllaguno/mini_challenges_eq5/install/mini_challenge_2/lib/python3.10/site-packages/mini_challenge_2
[1.529s] copying /home/rllaguno/mini_challenges_eq5/build/mini_challenge_2/build/lib/mini_challenge_2/PointGenerator.py -> /home/rllaguno/mini_challenges_eq5/install/mini_challenge_2/lib/python3.10/site-packages/mini_challenge_2
[1.529s] copying /home/rllaguno/mini_challenges_eq5/build/mini_challenge_2/build/lib/mini_challenge_2/Controller.py -> /home/rllaguno/mini_challenges_eq5/install/mini_challenge_2/lib/python3.10/site-packages/mini_challenge_2
[1.529s] copying /home/rllaguno/mini_challenges_eq5/build/mini_challenge_2/build/lib/mini_challenge_2/__init__.py -> /home/rllaguno/mini_challenges_eq5/install/mini_challenge_2/lib/python3.10/site-packages/mini_challenge_2
[1.530s] byte-compiling /home/rllaguno/mini_challenges_eq5/install/mini_challenge_2/lib/python3.10/site-packages/mini_challenge_2/Odometry.py to Odometry.cpython-310.pyc
[1.531s] byte-compiling /home/rllaguno/mini_challenges_eq5/install/mini_challenge_2/lib/python3.10/site-packages/mini_challenge_2/PointGenerator.py to PointGenerator.cpython-310.pyc
[1.532s] byte-compiling /home/rllaguno/mini_challenges_eq5/install/mini_challenge_2/lib/python3.10/site-packages/mini_challenge_2/Controller.py to Controller.cpython-310.pyc
[1.533s] byte-compiling /home/rllaguno/mini_challenges_eq5/install/mini_challenge_2/lib/python3.10/site-packages/mini_challenge_2/__init__.py to __init__.cpython-310.pyc
[1.534s] running install_data
[1.534s] creating /home/rllaguno/mini_challenges_eq5/install/mini_challenge_2/share/ament_index
[1.534s] creating /home/rllaguno/mini_challenges_eq5/install/mini_challenge_2/share/ament_index/resource_index
[1.534s] creating /home/rllaguno/mini_challenges_eq5/install/mini_challenge_2/share/ament_index/resource_index/packages
[1.534s] copying resource/mini_challenge_2 -> /home/rllaguno/mini_challenges_eq5/install/mini_challenge_2/share/ament_index/resource_index/packages
[1.534s] copying package.xml -> /home/rllaguno/mini_challenges_eq5/install/mini_challenge_2/share/mini_challenge_2
[1.534s] creating /home/rllaguno/mini_challenges_eq5/install/mini_challenge_2/share/mini_challenge_2/launch
[1.534s] copying launch/mini2_launch.py -> /home/rllaguno/mini_challenges_eq5/install/mini_challenge_2/share/mini_challenge_2/launch
[1.535s] running install_egg_info
[1.537s] Copying ../../build/mini_challenge_2/mini_challenge_2.egg-info to /home/rllaguno/mini_challenges_eq5/install/mini_challenge_2/lib/python3.10/site-packages/mini_challenge_2-0.0.0-py3.10.egg-info
[1.538s] running install_scripts
[1.565s] Installing Controller script to /home/rllaguno/mini_challenges_eq5/install/mini_challenge_2/lib/mini_challenge_2
[1.565s] Installing Odometry script to /home/rllaguno/mini_challenges_eq5/install/mini_challenge_2/lib/mini_challenge_2
[1.565s] Installing PointGenerator script to /home/rllaguno/mini_challenges_eq5/install/mini_challenge_2/lib/mini_challenge_2
[1.566s] writing list of installed files to '/home/rllaguno/mini_challenges_eq5/build/mini_challenge_2/install.log'
[1.602s] Invoked command in '/home/rllaguno/mini_challenges_eq5/src/mini_challenge_2' returned '0': PYTHONPATH=/home/rllaguno/mini_challenges_eq5/build/mini_challenge_2/prefix_override:/home/rllaguno/mini_challenges_eq5/install/mini_challenge_2/lib/python3.10/site-packages:${PYTHONPATH} /usr/bin/python3 -W ignore:setup.py install is deprecated setup.py egg_info --egg-base ../../build/mini_challenge_2 build --build-base /home/rllaguno/mini_challenges_eq5/build/mini_challenge_2/build install --record /home/rllaguno/mini_challenges_eq5/build/mini_challenge_2/install.log --single-version-externally-managed install_data
