running egg_info
writing ../../build/mini_challenge_3/mini_challenge_3.egg-info/PKG-INFO
writing dependency_links to ../../build/mini_challenge_3/mini_challenge_3.egg-info/dependency_links.txt
writing entry points to ../../build/mini_challenge_3/mini_challenge_3.egg-info/entry_points.txt
writing requirements to ../../build/mini_challenge_3/mini_challenge_3.egg-info/requires.txt
writing top-level names to ../../build/mini_challenge_3/mini_challenge_3.egg-info/top_level.txt
reading manifest file '../../build/mini_challenge_3/mini_challenge_3.egg-info/SOURCES.txt'
adding license file 'LICENSE'
writing manifest file '../../build/mini_challenge_3/mini_challenge_3.egg-info/SOURCES.txt'
running build
running build_py
running install
running install_lib
running install_data
running install_egg_info
removing '/home/mcr2/mini_challenges_eq5/install/mini_challenge_3/lib/python3.10/site-packages/mini_challenge_3-0.0.0-py3.10.egg-info' (and everything under it)
Copying ../../build/mini_challenge_3/mini_challenge_3.egg-info to /home/mcr2/mini_challenges_eq5/install/mini_challenge_3/lib/python3.10/site-packages/mini_challenge_3-0.0.0-py3.10.egg-info
running install_scripts
/usr/lib/python3/dist-packages/setuptools/command/install.py:34: SetuptoolsDeprecationWarning: setup.py install is deprecated. Use build and pip and other standards-based tools.
  warnings.warn(
Installing Controller script to /home/mcr2/mini_challenges_eq5/install/mini_challenge_3/lib/mini_challenge_3
Installing Odometry script to /home/mcr2/mini_challenges_eq5/install/mini_challenge_3/lib/mini_challenge_3
Installing PointGenerator script to /home/mcr2/mini_challenges_eq5/install/mini_challenge_3/lib/mini_challenge_3
Installing Vision script to /home/mcr2/mini_challenges_eq5/install/mini_challenge_3/lib/mini_challenge_3
writing list of installed files to '/home/mcr2/mini_challenges_eq5/build/mini_challenge_3/install.log'
