[1.940s] Invoking command in '/home/mcr2/mini_challenges_eq5/src/mini_challenge_2': PYTHONPATH=/home/mcr2/mini_challenges_eq5/build/mini_challenge_2/prefix_override:/home/mcr2/mini_challenges_eq5/install/mini_challenge_2/lib/python3.10/site-packages:${PYTHONPATH} /usr/bin/python3 setup.py egg_info --egg-base ../../build/mini_challenge_2 build --build-base /home/mcr2/mini_challenges_eq5/build/mini_challenge_2/build install --record /home/mcr2/mini_challenges_eq5/build/mini_challenge_2/install.log --single-version-externally-managed
[2.270s] running egg_info
[2.272s] writing ../../build/mini_challenge_2/mini_challenge_2.egg-info/PKG-INFO
[2.274s] writing dependency_links to ../../build/mini_challenge_2/mini_challenge_2.egg-info/dependency_links.txt
[2.275s] writing entry points to ../../build/mini_challenge_2/mini_challenge_2.egg-info/entry_points.txt
[2.275s] writing requirements to ../../build/mini_challenge_2/mini_challenge_2.egg-info/requires.txt
[2.275s] writing top-level names to ../../build/mini_challenge_2/mini_challenge_2.egg-info/top_level.txt
[2.278s] reading manifest file '../../build/mini_challenge_2/mini_challenge_2.egg-info/SOURCES.txt'
[2.278s] adding license file 'LICENSE'
[2.280s] writing manifest file '../../build/mini_challenge_2/mini_challenge_2.egg-info/SOURCES.txt'
[2.280s] running build
[2.280s] running build_py
[2.281s] copying mini_challenge_2/Controller.py -> /home/mcr2/mini_challenges_eq5/build/mini_challenge_2/build/lib/mini_challenge_2
[2.282s] running install
[2.282s] /usr/lib/python3/dist-packages/setuptools/command/install.py:34: SetuptoolsDeprecationWarning: setup.py install is deprecated. Use build and pip and other standards-based tools.
[2.282s]   warnings.warn(
[2.282s] running install_lib
[2.283s] copying /home/mcr2/mini_challenges_eq5/build/mini_challenge_2/build/lib/mini_challenge_2/Controller.py -> /home/mcr2/mini_challenges_eq5/install/mini_challenge_2/lib/python3.10/site-packages/mini_challenge_2
[2.284s] byte-compiling /home/mcr2/mini_challenges_eq5/install/mini_challenge_2/lib/python3.10/site-packages/mini_challenge_2/Controller.py to Controller.cpython-310.pyc
[2.286s] running install_data
[2.287s] running install_egg_info
[2.291s] removing '/home/mcr2/mini_challenges_eq5/install/mini_challenge_2/lib/python3.10/site-packages/mini_challenge_2-0.0.0-py3.10.egg-info' (and everything under it)
[2.291s] Copying ../../build/mini_challenge_2/mini_challenge_2.egg-info to /home/mcr2/mini_challenges_eq5/install/mini_challenge_2/lib/python3.10/site-packages/mini_challenge_2-0.0.0-py3.10.egg-info
[2.292s] running install_scripts
[2.336s] Installing Controller script to /home/mcr2/mini_challenges_eq5/install/mini_challenge_2/lib/mini_challenge_2
[2.337s] Installing Odometry script to /home/mcr2/mini_challenges_eq5/install/mini_challenge_2/lib/mini_challenge_2
[2.337s] Installing PointGenerator script to /home/mcr2/mini_challenges_eq5/install/mini_challenge_2/lib/mini_challenge_2
[2.337s] writing list of installed files to '/home/mcr2/mini_challenges_eq5/build/mini_challenge_2/install.log'
[2.434s] Invoked command in '/home/mcr2/mini_challenges_eq5/src/mini_challenge_2' returned '0': PYTHONPATH=/home/mcr2/mini_challenges_eq5/build/mini_challenge_2/prefix_override:/home/mcr2/mini_challenges_eq5/install/mini_challenge_2/lib/python3.10/site-packages:${PYTHONPATH} /usr/bin/python3 setup.py egg_info --egg-base ../../build/mini_challenge_2 build --build-base /home/mcr2/mini_challenges_eq5/build/mini_challenge_2/build install --record /home/mcr2/mini_challenges_eq5/build/mini_challenge_2/install.log --single-version-externally-managed
