[0.571s] Invoking command in '/home/rllaguno/mini_challenges_eq5/src/mini_challenge_4': PYTHONPATH=/home/rllaguno/mini_challenges_eq5/build/mini_challenge_4/prefix_override:/home/rllaguno/mini_challenges_eq5/install/mini_challenge_4/lib/python3.10/site-packages:${PYTHONPATH} /usr/bin/python3 -W ignore:setup.py install is deprecated setup.py egg_info --egg-base ../../build/mini_challenge_4 build --build-base /home/rllaguno/mini_challenges_eq5/build/mini_challenge_4/build install --record /home/rllaguno/mini_challenges_eq5/build/mini_challenge_4/install.log --single-version-externally-managed install_data
[0.808s] running egg_info
[0.808s] writing ../../build/mini_challenge_4/mini_challenge_4.egg-info/PKG-INFO
[0.808s] writing dependency_links to ../../build/mini_challenge_4/mini_challenge_4.egg-info/dependency_links.txt
[0.808s] writing entry points to ../../build/mini_challenge_4/mini_challenge_4.egg-info/entry_points.txt
[0.809s] writing requirements to ../../build/mini_challenge_4/mini_challenge_4.egg-info/requires.txt
[0.809s] writing top-level names to ../../build/mini_challenge_4/mini_challenge_4.egg-info/top_level.txt
[0.811s] reading manifest file '../../build/mini_challenge_4/mini_challenge_4.egg-info/SOURCES.txt'
[0.811s] adding license file 'LICENSE'
[0.813s] writing manifest file '../../build/mini_challenge_4/mini_challenge_4.egg-info/SOURCES.txt'
[0.813s] running build
[0.813s] running build_py
[0.813s] running install
[0.814s] running install_lib
[0.815s] running install_data
[0.815s] running install_egg_info
[0.817s] removing '/home/rllaguno/mini_challenges_eq5/install/mini_challenge_4/lib/python3.10/site-packages/mini_challenge_4-0.0.0-py3.10.egg-info' (and everything under it)
[0.817s] Copying ../../build/mini_challenge_4/mini_challenge_4.egg-info to /home/rllaguno/mini_challenges_eq5/install/mini_challenge_4/lib/python3.10/site-packages/mini_challenge_4-0.0.0-py3.10.egg-info
[0.818s] running install_scripts
[0.835s] Installing Controller script to /home/rllaguno/mini_challenges_eq5/install/mini_challenge_4/lib/mini_challenge_4
[0.836s] Installing Odometry script to /home/rllaguno/mini_challenges_eq5/install/mini_challenge_4/lib/mini_challenge_4
[0.836s] Installing Vision script to /home/rllaguno/mini_challenges_eq5/install/mini_challenge_4/lib/mini_challenge_4
[0.836s] writing list of installed files to '/home/rllaguno/mini_challenges_eq5/build/mini_challenge_4/install.log'
[0.867s] Invoked command in '/home/rllaguno/mini_challenges_eq5/src/mini_challenge_4' returned '0': PYTHONPATH=/home/rllaguno/mini_challenges_eq5/build/mini_challenge_4/prefix_override:/home/rllaguno/mini_challenges_eq5/install/mini_challenge_4/lib/python3.10/site-packages:${PYTHONPATH} /usr/bin/python3 -W ignore:setup.py install is deprecated setup.py egg_info --egg-base ../../build/mini_challenge_4 build --build-base /home/rllaguno/mini_challenges_eq5/build/mini_challenge_4/build install --record /home/rllaguno/mini_challenges_eq5/build/mini_challenge_4/install.log --single-version-externally-managed install_data
