running egg_info
writing ../../build/mini_challenge_2/mini_challenge_2.egg-info/PKG-INFO
writing dependency_links to ../../build/mini_challenge_2/mini_challenge_2.egg-info/dependency_links.txt
writing entry points to ../../build/mini_challenge_2/mini_challenge_2.egg-info/entry_points.txt
writing requirements to ../../build/mini_challenge_2/mini_challenge_2.egg-info/requires.txt
writing top-level names to ../../build/mini_challenge_2/mini_challenge_2.egg-info/top_level.txt
/usr/lib/python3/dist-packages/setuptools/command/install.py:34: SetuptoolsDeprecationWarning: setup.py install is deprecated. Use build and pip and other standards-based tools.
  warnings.warn(
reading manifest file '../../build/mini_challenge_2/mini_challenge_2.egg-info/SOURCES.txt'
adding license file 'LICENSE'
writing manifest file '../../build/mini_challenge_2/mini_challenge_2.egg-info/SOURCES.txt'
running build
running build_py
copying mini_challenge_2/PointGenerator.py -> /home/mcr2/mini_challenges_eq5/build/mini_challenge_2/build/lib/mini_challenge_2
running install
running install_lib
copying /home/mcr2/mini_challenges_eq5/build/mini_challenge_2/build/lib/mini_challenge_2/PointGenerator.py -> /home/mcr2/mini_challenges_eq5/install/mini_challenge_2/lib/python3.10/site-packages/mini_challenge_2
byte-compiling /home/mcr2/mini_challenges_eq5/install/mini_challenge_2/lib/python3.10/site-packages/mini_challenge_2/PointGenerator.py to PointGenerator.cpython-310.pyc
running install_data
running install_egg_info
removing '/home/mcr2/mini_challenges_eq5/install/mini_challenge_2/lib/python3.10/site-packages/mini_challenge_2-0.0.0-py3.10.egg-info' (and everything under it)
Copying ../../build/mini_challenge_2/mini_challenge_2.egg-info to /home/mcr2/mini_challenges_eq5/install/mini_challenge_2/lib/python3.10/site-packages/mini_challenge_2-0.0.0-py3.10.egg-info
running install_scripts
Installing Controller script to /home/mcr2/mini_challenges_eq5/install/mini_challenge_2/lib/mini_challenge_2
Installing Odometry script to /home/mcr2/mini_challenges_eq5/install/mini_challenge_2/lib/mini_challenge_2
Installing PointGenerator script to /home/mcr2/mini_challenges_eq5/install/mini_challenge_2/lib/mini_challenge_2
writing list of installed files to '/home/mcr2/mini_challenges_eq5/build/mini_challenge_2/install.log'
