[0.535s] Invoking command in '/home/rllaguno/mini_challenges_eq5/build/usb_cam': CMAKE_PREFIX_PATH=${CMAKE_PREFIX_PATH}:/home/rllaguno/mini_challenges_eq5/install/mini_challenge_3:/home/rllaguno/mini_challenges_eq5/install/mini_challenge_2:/opt/ros/humble /usr/bin/cmake --build /home/rllaguno/mini_challenges_eq5/build/usb_cam -- -j16 -l16
[0.630s] [ 14%] Built target gtest_main
[0.632s] [ 28%] Built target usb_cam
[0.633s] [ 42%] Built target gtest
[0.635s] [ 57%] Built target usb_cam_node_exe
[0.659s] [ 85%] Built target test_pixel_formats
[0.659s] [ 85%] Built target test_usb_cam_utils
[0.663s] [100%] Built target usb_cam_node
[0.680s] Invoked command in '/home/rllaguno/mini_challenges_eq5/build/usb_cam' returned '0': CMAKE_PREFIX_PATH=${CMAKE_PREFIX_PATH}:/home/rllaguno/mini_challenges_eq5/install/mini_challenge_3:/home/rllaguno/mini_challenges_eq5/install/mini_challenge_2:/opt/ros/humble /usr/bin/cmake --build /home/rllaguno/mini_challenges_eq5/build/usb_cam -- -j16 -l16
[0.748s] Invoking command in '/home/rllaguno/mini_challenges_eq5/build/usb_cam': CMAKE_PREFIX_PATH=${CMAKE_PREFIX_PATH}:/home/rllaguno/mini_challenges_eq5/install/mini_challenge_3:/home/rllaguno/mini_challenges_eq5/install/mini_challenge_2:/opt/ros/humble /usr/bin/cmake --install /home/rllaguno/mini_challenges_eq5/build/usb_cam
[0.755s] -- Install configuration: ""
[0.755s] -- Up-to-date: /home/rllaguno/mini_challenges_eq5/install/usb_cam/share/usb_cam/environment/library_path.sh
[0.755s] -- Up-to-date: /home/rllaguno/mini_challenges_eq5/install/usb_cam/share/usb_cam/environment/library_path.dsv
[0.755s] -- Up-to-date: /home/rllaguno/mini_challenges_eq5/install/usb_cam/lib/usb_cam/usb_cam_node_exe
[0.755s] -- Up-to-date: /home/rllaguno/mini_challenges_eq5/install/usb_cam/lib/usb_cam/show_image.py
[0.755s] -- Up-to-date: /home/rllaguno/mini_challenges_eq5/install/usb_cam/lib/libusb_cam.so
[0.756s] -- Up-to-date: /home/rllaguno/mini_challenges_eq5/install/usb_cam/lib/libusb_cam_node.so
[0.756s] -- Up-to-date: /home/rllaguno/mini_challenges_eq5/install/usb_cam/include
[0.756s] -- Up-to-date: /home/rllaguno/mini_challenges_eq5/install/usb_cam/include/usb_cam
[0.756s] -- Up-to-date: /home/rllaguno/mini_challenges_eq5/install/usb_cam/include/usb_cam/utils.hpp
[0.756s] -- Up-to-date: /home/rllaguno/mini_challenges_eq5/install/usb_cam/include/usb_cam/constants.hpp
[0.756s] -- Up-to-date: /home/rllaguno/mini_challenges_eq5/install/usb_cam/include/usb_cam/formats
[0.757s] -- Up-to-date: /home/rllaguno/mini_challenges_eq5/install/usb_cam/include/usb_cam/formats/utils.hpp
[0.757s] -- Up-to-date: /home/rllaguno/mini_challenges_eq5/install/usb_cam/include/usb_cam/formats/m420.hpp
[0.757s] -- Up-to-date: /home/rllaguno/mini_challenges_eq5/install/usb_cam/include/usb_cam/formats/av_pixel_format_helper.hpp
[0.757s] -- Up-to-date: /home/rllaguno/mini_challenges_eq5/install/usb_cam/include/usb_cam/formats/pixel_format_base.hpp
[0.757s] -- Up-to-date: /home/rllaguno/mini_challenges_eq5/install/usb_cam/include/usb_cam/formats/mono.hpp
[0.757s] -- Up-to-date: /home/rllaguno/mini_challenges_eq5/install/usb_cam/include/usb_cam/formats/rgb.hpp
[0.757s] -- Up-to-date: /home/rllaguno/mini_challenges_eq5/install/usb_cam/include/usb_cam/formats/mjpeg.hpp
[0.758s] -- Up-to-date: /home/rllaguno/mini_challenges_eq5/install/usb_cam/include/usb_cam/formats/uyvy.hpp
[0.758s] -- Up-to-date: /home/rllaguno/mini_challenges_eq5/install/usb_cam/include/usb_cam/formats/yuyv.hpp
[0.758s] -- Up-to-date: /home/rllaguno/mini_challenges_eq5/install/usb_cam/include/usb_cam/usb_cam.hpp
[0.758s] -- Up-to-date: /home/rllaguno/mini_challenges_eq5/install/usb_cam/include/usb_cam/usb_cam_node.hpp
[0.758s] -- Up-to-date: /home/rllaguno/mini_challenges_eq5/install/usb_cam/include/usb_cam/conversions.hpp
[0.758s] -- Up-to-date: /home/rllaguno/mini_challenges_eq5/install/usb_cam/lib/libusb_cam_node.so
[0.758s] -- Up-to-date: /home/rllaguno/mini_challenges_eq5/install/usb_cam/share/usb_cam/launch
[0.758s] -- Up-to-date: /home/rllaguno/mini_challenges_eq5/install/usb_cam/share/usb_cam/launch/camera_config.py
[0.759s] -- Up-to-date: /home/rllaguno/mini_challenges_eq5/install/usb_cam/share/usb_cam/launch/__init__.py
[0.759s] -- Up-to-date: /home/rllaguno/mini_challenges_eq5/install/usb_cam/share/usb_cam/launch/camera.launch.py
[0.759s] -- Up-to-date: /home/rllaguno/mini_challenges_eq5/install/usb_cam/share/usb_cam/config
[0.759s] -- Up-to-date: /home/rllaguno/mini_challenges_eq5/install/usb_cam/share/usb_cam/config/params_1.yaml
[0.759s] -- Up-to-date: /home/rllaguno/mini_challenges_eq5/install/usb_cam/share/usb_cam/config/camera_info.yaml
[0.760s] -- Up-to-date: /home/rllaguno/mini_challenges_eq5/install/usb_cam/share/usb_cam/config/params_2.yaml
[0.761s] -- Up-to-date: /home/rllaguno/mini_challenges_eq5/install/usb_cam/share/ament_index/resource_index/package_run_dependencies/usb_cam
[0.761s] -- Up-to-date: /home/rllaguno/mini_challenges_eq5/install/usb_cam/share/ament_index/resource_index/parent_prefix_path/usb_cam
[0.761s] -- Up-to-date: /home/rllaguno/mini_challenges_eq5/install/usb_cam/share/usb_cam/environment/ament_prefix_path.sh
[0.761s] -- Up-to-date: /home/rllaguno/mini_challenges_eq5/install/usb_cam/share/usb_cam/environment/ament_prefix_path.dsv
[0.761s] -- Up-to-date: /home/rllaguno/mini_challenges_eq5/install/usb_cam/share/usb_cam/environment/path.sh
[0.762s] -- Up-to-date: /home/rllaguno/mini_challenges_eq5/install/usb_cam/share/usb_cam/environment/path.dsv
[0.762s] -- Up-to-date: /home/rllaguno/mini_challenges_eq5/install/usb_cam/share/usb_cam/local_setup.bash
[0.762s] -- Up-to-date: /home/rllaguno/mini_challenges_eq5/install/usb_cam/share/usb_cam/local_setup.sh
[0.763s] -- Up-to-date: /home/rllaguno/mini_challenges_eq5/install/usb_cam/share/usb_cam/local_setup.zsh
[0.763s] -- Up-to-date: /home/rllaguno/mini_challenges_eq5/install/usb_cam/share/usb_cam/local_setup.dsv
[0.763s] -- Installing: /home/rllaguno/mini_challenges_eq5/install/usb_cam/share/usb_cam/package.dsv
[0.763s] -- Up-to-date: /home/rllaguno/mini_challenges_eq5/install/usb_cam/share/ament_index/resource_index/packages/usb_cam
[0.764s] -- Up-to-date: /home/rllaguno/mini_challenges_eq5/install/usb_cam/share/ament_index/resource_index/rclcpp_components/usb_cam
[0.764s] -- Up-to-date: /home/rllaguno/mini_challenges_eq5/install/usb_cam/share/usb_cam/cmake/ament_cmake_export_libraries-extras.cmake
[0.765s] -- Up-to-date: /home/rllaguno/mini_challenges_eq5/install/usb_cam/share/usb_cam/cmake/ament_cmake_export_dependencies-extras.cmake
[0.765s] -- Up-to-date: /home/rllaguno/mini_challenges_eq5/install/usb_cam/share/usb_cam/cmake/ament_cmake_export_include_directories-extras.cmake
[0.765s] -- Up-to-date: /home/rllaguno/mini_challenges_eq5/install/usb_cam/share/usb_cam/cmake/usb_camConfig.cmake
[0.765s] -- Up-to-date: /home/rllaguno/mini_challenges_eq5/install/usb_cam/share/usb_cam/cmake/usb_camConfig-version.cmake
[0.766s] -- Up-to-date: /home/rllaguno/mini_challenges_eq5/install/usb_cam/share/usb_cam/package.xml
[0.766s] Invoked command in '/home/rllaguno/mini_challenges_eq5/build/usb_cam' returned '0': CMAKE_PREFIX_PATH=${CMAKE_PREFIX_PATH}:/home/rllaguno/mini_challenges_eq5/install/mini_challenge_3:/home/rllaguno/mini_challenges_eq5/install/mini_challenge_2:/opt/ros/humble /usr/bin/cmake --install /home/rllaguno/mini_challenges_eq5/build/usb_cam
