/home/rllaguno/mini_challenges_eq5/install/mini_challenge_3/lib/python3.10/site-packages/mini_challenge_3/Odometry.py
/home/rllaguno/mini_challenges_eq5/install/mini_challenge_3/lib/python3.10/site-packages/mini_challenge_3/PointGenerator.py
/home/rllaguno/mini_challenges_eq5/install/mini_challenge_3/lib/python3.10/site-packages/mini_challenge_3/Vision.py
/home/rllaguno/mini_challenges_eq5/install/mini_challenge_3/lib/python3.10/site-packages/mini_challenge_3/Controller.py
/home/rllaguno/mini_challenges_eq5/install/mini_challenge_3/lib/python3.10/site-packages/mini_challenge_3/__init__.py
/home/rllaguno/mini_challenges_eq5/install/mini_challenge_3/lib/python3.10/site-packages/mini_challenge_3/semaphore_detection.py
/home/rllaguno/mini_challenges_eq5/install/mini_challenge_3/lib/python3.10/site-packages/mini_challenge_3/__pycache__/Odometry.cpython-310.pyc
/home/rllaguno/mini_challenges_eq5/install/mini_challenge_3/lib/python3.10/site-packages/mini_challenge_3/__pycache__/PointGenerator.cpython-310.pyc
/home/rllaguno/mini_challenges_eq5/install/mini_challenge_3/lib/python3.10/site-packages/mini_challenge_3/__pycache__/Vision.cpython-310.pyc
/home/rllaguno/mini_challenges_eq5/install/mini_challenge_3/lib/python3.10/site-packages/mini_challenge_3/__pycache__/Controller.cpython-310.pyc
/home/rllaguno/mini_challenges_eq5/install/mini_challenge_3/lib/python3.10/site-packages/mini_challenge_3/__pycache__/__init__.cpython-310.pyc
/home/rllaguno/mini_challenges_eq5/install/mini_challenge_3/lib/python3.10/site-packages/mini_challenge_3/__pycache__/semaphore_detection.cpython-310.pyc
/home/rllaguno/mini_challenges_eq5/install/mini_challenge_3/share/ament_index/resource_index/packages/mini_challenge_3
/home/rllaguno/mini_challenges_eq5/install/mini_challenge_3/share/mini_challenge_3/package.xml
/home/rllaguno/mini_challenges_eq5/install/mini_challenge_3/share/mini_challenge_3/launch/mini3_launch.py
/home/rllaguno/mini_challenges_eq5/install/mini_challenge_3/lib/python3.10/site-packages/mini_challenge_3-0.0.0-py3.10.egg-info/entry_points.txt
/home/rllaguno/mini_challenges_eq5/install/mini_challenge_3/lib/python3.10/site-packages/mini_challenge_3-0.0.0-py3.10.egg-info/SOURCES.txt
/home/rllaguno/mini_challenges_eq5/install/mini_challenge_3/lib/python3.10/site-packages/mini_challenge_3-0.0.0-py3.10.egg-info/zip-safe
/home/rllaguno/mini_challenges_eq5/install/mini_challenge_3/lib/python3.10/site-packages/mini_challenge_3-0.0.0-py3.10.egg-info/requires.txt
/home/rllaguno/mini_challenges_eq5/install/mini_challenge_3/lib/python3.10/site-packages/mini_challenge_3-0.0.0-py3.10.egg-info/top_level.txt
/home/rllaguno/mini_challenges_eq5/install/mini_challenge_3/lib/python3.10/site-packages/mini_challenge_3-0.0.0-py3.10.egg-info/PKG-INFO
/home/rllaguno/mini_challenges_eq5/install/mini_challenge_3/lib/python3.10/site-packages/mini_challenge_3-0.0.0-py3.10.egg-info/dependency_links.txt
/home/rllaguno/mini_challenges_eq5/install/mini_challenge_3/lib/mini_challenge_3/Controller
/home/rllaguno/mini_challenges_eq5/install/mini_challenge_3/lib/mini_challenge_3/Odometry
/home/rllaguno/mini_challenges_eq5/install/mini_challenge_3/lib/mini_challenge_3/PointGenerator
/home/rllaguno/mini_challenges_eq5/install/mini_challenge_3/lib/mini_challenge_3/Vision
