/home/puzzlebot/github/mini_challenges_eq5/install/final_challenge/lib/python3.8/site-packages/final_challenge/Vision.py
/home/puzzlebot/github/mini_challenges_eq5/install/final_challenge/lib/python3.8/site-packages/final_challenge/__init__.py
/home/puzzlebot/github/mini_challenges_eq5/install/final_challenge/lib/python3.8/site-packages/final_challenge/Controller.py
/home/puzzlebot/github/mini_challenges_eq5/install/final_challenge/lib/python3.8/site-packages/final_challenge/ML.py
/home/puzzlebot/github/mini_challenges_eq5/install/final_challenge/lib/python3.8/site-packages/final_challenge/Odometry.py
/home/puzzlebot/github/mini_challenges_eq5/install/final_challenge/lib/python3.8/site-packages/final_challenge/__pycache__/Vision.cpython-38.pyc
/home/puzzlebot/github/mini_challenges_eq5/install/final_challenge/lib/python3.8/site-packages/final_challenge/__pycache__/__init__.cpython-38.pyc
/home/puzzlebot/github/mini_challenges_eq5/install/final_challenge/lib/python3.8/site-packages/final_challenge/__pycache__/Controller.cpython-38.pyc
/home/puzzlebot/github/mini_challenges_eq5/install/final_challenge/lib/python3.8/site-packages/final_challenge/__pycache__/ML.cpython-38.pyc
/home/puzzlebot/github/mini_challenges_eq5/install/final_challenge/lib/python3.8/site-packages/final_challenge/__pycache__/Odometry.cpython-38.pyc
/home/puzzlebot/github/mini_challenges_eq5/install/final_challenge/share/ament_index/resource_index/packages/final_challenge
/home/puzzlebot/github/mini_challenges_eq5/install/final_challenge/share/final_challenge/package.xml
/home/puzzlebot/github/mini_challenges_eq5/install/final_challenge/share/final_challenge/launch/final_launch.py
/home/puzzlebot/github/mini_challenges_eq5/install/final_challenge/lib/python3.8/site-packages/final_challenge-0.0.0-py3.8.egg-info/top_level.txt
/home/puzzlebot/github/mini_challenges_eq5/install/final_challenge/lib/python3.8/site-packages/final_challenge-0.0.0-py3.8.egg-info/requires.txt
/home/puzzlebot/github/mini_challenges_eq5/install/final_challenge/lib/python3.8/site-packages/final_challenge-0.0.0-py3.8.egg-info/PKG-INFO
/home/puzzlebot/github/mini_challenges_eq5/install/final_challenge/lib/python3.8/site-packages/final_challenge-0.0.0-py3.8.egg-info/entry_points.txt
/home/puzzlebot/github/mini_challenges_eq5/install/final_challenge/lib/python3.8/site-packages/final_challenge-0.0.0-py3.8.egg-info/zip-safe
/home/puzzlebot/github/mini_challenges_eq5/install/final_challenge/lib/python3.8/site-packages/final_challenge-0.0.0-py3.8.egg-info/SOURCES.txt
/home/puzzlebot/github/mini_challenges_eq5/install/final_challenge/lib/python3.8/site-packages/final_challenge-0.0.0-py3.8.egg-info/dependency_links.txt
/home/puzzlebot/github/mini_challenges_eq5/install/final_challenge/lib/final_challenge/Controller
/home/puzzlebot/github/mini_challenges_eq5/install/final_challenge/lib/final_challenge/ML
/home/puzzlebot/github/mini_challenges_eq5/install/final_challenge/lib/final_challenge/Odometry
/home/puzzlebot/github/mini_challenges_eq5/install/final_challenge/lib/final_challenge/Vision
