[  3%] Built target challenge_msgs__cpp
[ 12%] Built target challenge_msgs__rosidl_generator_c
[ 12%] Built target ament_cmake_python_copy_challenge_msgs
[ 22%] Built target challenge_msgs__rosidl_typesupport_cpp
[ 32%] Built target challenge_msgs__rosidl_typesupport_introspection_cpp
[ 41%] Built target challenge_msgs__rosidl_typesupport_c
[ 51%] Built target challenge_msgs__rosidl_typesupport_fastrtps_cpp
[ 61%] Built target challenge_msgs__rosidl_typesupport_fastrtps_c
[ 70%] Built target challenge_msgs__rosidl_typesupport_introspection_c
[ 70%] Built target challenge_msgs
[ 74%] Built target challenge_msgs__py
[ 80%] Built target challenge_msgs__rosidl_generator_py
[ 93%] Built target challenge_msgs__rosidl_typesupport_introspection_c__pyext
[ 93%] Built target challenge_msgs__rosidl_typesupport_fastrtps_c__pyext
[100%] Built target challenge_msgs__rosidl_typesupport_c__pyext
running egg_info
writing challenge_msgs.egg-info/PKG-INFO
writing dependency_links to challenge_msgs.egg-info/dependency_links.txt
writing top-level names to challenge_msgs.egg-info/top_level.txt
reading manifest file 'challenge_msgs.egg-info/SOURCES.txt'
writing manifest file 'challenge_msgs.egg-info/SOURCES.txt'
[100%] Built target ament_cmake_python_build_challenge_msgs_egg
-- Install configuration: ""
-- Up-to-date: /home/rllaguno/mini_challenges_eq5/install/challenge_msgs/share/ament_index/resource_index/rosidl_interfaces/challenge_msgs
-- Up-to-date: /home/rllaguno/mini_challenges_eq5/install/challenge_msgs/include/challenge_msgs/challenge_msgs
-- Up-to-date: /home/rllaguno/mini_challenges_eq5/install/challenge_msgs/include/challenge_msgs/challenge_msgs/msg
-- Up-to-date: /home/rllaguno/mini_challenges_eq5/install/challenge_msgs/include/challenge_msgs/challenge_msgs/msg/rosidl_generator_c__visibility_control.h
-- Up-to-date: /home/rllaguno/mini_challenges_eq5/install/challenge_msgs/include/challenge_msgs/challenge_msgs/msg/error.h
-- Up-to-date: /home/rllaguno/mini_challenges_eq5/install/challenge_msgs/include/challenge_msgs/challenge_msgs/msg/detail
-- Up-to-date: /home/rllaguno/mini_challenges_eq5/install/challenge_msgs/include/challenge_msgs/challenge_msgs/msg/detail/error__functions.c
-- Up-to-date: /home/rllaguno/mini_challenges_eq5/install/challenge_msgs/include/challenge_msgs/challenge_msgs/msg/detail/error__type_support.h
-- Up-to-date: /home/rllaguno/mini_challenges_eq5/install/challenge_msgs/include/challenge_msgs/challenge_msgs/msg/detail/error__functions.h
-- Up-to-date: /home/rllaguno/mini_challenges_eq5/install/challenge_msgs/include/challenge_msgs/challenge_msgs/msg/detail/error__struct.h
-- Up-to-date: /home/rllaguno/mini_challenges_eq5/install/challenge_msgs/share/challenge_msgs/environment/library_path.sh
-- Up-to-date: /home/rllaguno/mini_challenges_eq5/install/challenge_msgs/share/challenge_msgs/environment/library_path.dsv
-- Up-to-date: /home/rllaguno/mini_challenges_eq5/install/challenge_msgs/lib/libchallenge_msgs__rosidl_generator_c.so
-- Up-to-date: /home/rllaguno/mini_challenges_eq5/install/challenge_msgs/include/challenge_msgs/challenge_msgs
-- Up-to-date: /home/rllaguno/mini_challenges_eq5/install/challenge_msgs/include/challenge_msgs/challenge_msgs/msg
-- Up-to-date: /home/rllaguno/mini_challenges_eq5/install/challenge_msgs/include/challenge_msgs/challenge_msgs/msg/rosidl_typesupport_fastrtps_c__visibility_control.h
-- Up-to-date: /home/rllaguno/mini_challenges_eq5/install/challenge_msgs/include/challenge_msgs/challenge_msgs/msg/detail
-- Up-to-date: /home/rllaguno/mini_challenges_eq5/install/challenge_msgs/include/challenge_msgs/challenge_msgs/msg/detail/error__rosidl_typesupport_fastrtps_c.h
-- Up-to-date: /home/rllaguno/mini_challenges_eq5/install/challenge_msgs/lib/libchallenge_msgs__rosidl_typesupport_fastrtps_c.so
-- Up-to-date: /home/rllaguno/mini_challenges_eq5/install/challenge_msgs/include/challenge_msgs/challenge_msgs
-- Up-to-date: /home/rllaguno/mini_challenges_eq5/install/challenge_msgs/include/challenge_msgs/challenge_msgs/msg
-- Up-to-date: /home/rllaguno/mini_challenges_eq5/install/challenge_msgs/include/challenge_msgs/challenge_msgs/msg/detail
-- Up-to-date: /home/rllaguno/mini_challenges_eq5/install/challenge_msgs/include/challenge_msgs/challenge_msgs/msg/detail/error__type_support.c
-- Up-to-date: /home/rllaguno/mini_challenges_eq5/install/challenge_msgs/include/challenge_msgs/challenge_msgs/msg/detail/error__rosidl_typesupport_introspection_c.h
-- Up-to-date: /home/rllaguno/mini_challenges_eq5/install/challenge_msgs/include/challenge_msgs/challenge_msgs/msg/rosidl_typesupport_introspection_c__visibility_control.h
-- Up-to-date: /home/rllaguno/mini_challenges_eq5/install/challenge_msgs/lib/libchallenge_msgs__rosidl_typesupport_introspection_c.so
-- Up-to-date: /home/rllaguno/mini_challenges_eq5/install/challenge_msgs/lib/libchallenge_msgs__rosidl_typesupport_c.so
-- Up-to-date: /home/rllaguno/mini_challenges_eq5/install/challenge_msgs/include/challenge_msgs/challenge_msgs
-- Up-to-date: /home/rllaguno/mini_challenges_eq5/install/challenge_msgs/include/challenge_msgs/challenge_msgs/msg
-- Up-to-date: /home/rllaguno/mini_challenges_eq5/install/challenge_msgs/include/challenge_msgs/challenge_msgs/msg/detail
-- Up-to-date: /home/rllaguno/mini_challenges_eq5/install/challenge_msgs/include/challenge_msgs/challenge_msgs/msg/detail/error__struct.hpp
-- Up-to-date: /home/rllaguno/mini_challenges_eq5/install/challenge_msgs/include/challenge_msgs/challenge_msgs/msg/detail/error__traits.hpp
-- Up-to-date: /home/rllaguno/mini_challenges_eq5/install/challenge_msgs/include/challenge_msgs/challenge_msgs/msg/detail/error__builder.hpp
-- Up-to-date: /home/rllaguno/mini_challenges_eq5/install/challenge_msgs/include/challenge_msgs/challenge_msgs/msg/error.hpp
-- Up-to-date: /home/rllaguno/mini_challenges_eq5/install/challenge_msgs/include/challenge_msgs/challenge_msgs
-- Up-to-date: /home/rllaguno/mini_challenges_eq5/install/challenge_msgs/include/challenge_msgs/challenge_msgs/msg
-- Up-to-date: /home/rllaguno/mini_challenges_eq5/install/challenge_msgs/include/challenge_msgs/challenge_msgs/msg/rosidl_typesupport_fastrtps_cpp__visibility_control.h
-- Up-to-date: /home/rllaguno/mini_challenges_eq5/install/challenge_msgs/include/challenge_msgs/challenge_msgs/msg/detail
-- Up-to-date: /home/rllaguno/mini_challenges_eq5/install/challenge_msgs/include/challenge_msgs/challenge_msgs/msg/detail/error__rosidl_typesupport_fastrtps_cpp.hpp
-- Up-to-date: /home/rllaguno/mini_challenges_eq5/install/challenge_msgs/include/challenge_msgs/challenge_msgs/msg/detail/dds_fastrtps
-- Up-to-date: /home/rllaguno/mini_challenges_eq5/install/challenge_msgs/lib/libchallenge_msgs__rosidl_typesupport_fastrtps_cpp.so
-- Up-to-date: /home/rllaguno/mini_challenges_eq5/install/challenge_msgs/include/challenge_msgs/challenge_msgs
-- Up-to-date: /home/rllaguno/mini_challenges_eq5/install/challenge_msgs/include/challenge_msgs/challenge_msgs/msg
-- Up-to-date: /home/rllaguno/mini_challenges_eq5/install/challenge_msgs/include/challenge_msgs/challenge_msgs/msg/detail
-- Up-to-date: /home/rllaguno/mini_challenges_eq5/install/challenge_msgs/include/challenge_msgs/challenge_msgs/msg/detail/error__rosidl_typesupport_introspection_cpp.hpp
-- Up-to-date: /home/rllaguno/mini_challenges_eq5/install/challenge_msgs/include/challenge_msgs/challenge_msgs/msg/detail/error__type_support.cpp
-- Up-to-date: /home/rllaguno/mini_challenges_eq5/install/challenge_msgs/lib/libchallenge_msgs__rosidl_typesupport_introspection_cpp.so
-- Up-to-date: /home/rllaguno/mini_challenges_eq5/install/challenge_msgs/lib/libchallenge_msgs__rosidl_typesupport_cpp.so
-- Up-to-date: /home/rllaguno/mini_challenges_eq5/install/challenge_msgs/share/challenge_msgs/environment/pythonpath.sh
-- Up-to-date: /home/rllaguno/mini_challenges_eq5/install/challenge_msgs/share/challenge_msgs/environment/pythonpath.dsv
-- Up-to-date: /home/rllaguno/mini_challenges_eq5/install/challenge_msgs/local/lib/python3.10/dist-packages/challenge_msgs-0.0.0-py3.10.egg-info
-- Installing: /home/rllaguno/mini_challenges_eq5/install/challenge_msgs/local/lib/python3.10/dist-packages/challenge_msgs-0.0.0-py3.10.egg-info/SOURCES.txt
-- Installing: /home/rllaguno/mini_challenges_eq5/install/challenge_msgs/local/lib/python3.10/dist-packages/challenge_msgs-0.0.0-py3.10.egg-info/top_level.txt
-- Installing: /home/rllaguno/mini_challenges_eq5/install/challenge_msgs/local/lib/python3.10/dist-packages/challenge_msgs-0.0.0-py3.10.egg-info/PKG-INFO
-- Installing: /home/rllaguno/mini_challenges_eq5/install/challenge_msgs/local/lib/python3.10/dist-packages/challenge_msgs-0.0.0-py3.10.egg-info/dependency_links.txt
-- Up-to-date: /home/rllaguno/mini_challenges_eq5/install/challenge_msgs/local/lib/python3.10/dist-packages/challenge_msgs
-- Up-to-date: /home/rllaguno/mini_challenges_eq5/install/challenge_msgs/local/lib/python3.10/dist-packages/challenge_msgs/libchallenge_msgs__rosidl_generator_py.so
-- Up-to-date: /home/rllaguno/mini_challenges_eq5/install/challenge_msgs/local/lib/python3.10/dist-packages/challenge_msgs/challenge_msgs_s__rosidl_typesupport_introspection_c.cpython-310-x86_64-linux-gnu.so
-- Up-to-date: /home/rllaguno/mini_challenges_eq5/install/challenge_msgs/local/lib/python3.10/dist-packages/challenge_msgs/__init__.py
-- Up-to-date: /home/rllaguno/mini_challenges_eq5/install/challenge_msgs/local/lib/python3.10/dist-packages/challenge_msgs/msg
-- Up-to-date: /home/rllaguno/mini_challenges_eq5/install/challenge_msgs/local/lib/python3.10/dist-packages/challenge_msgs/msg/_error.py
-- Up-to-date: /home/rllaguno/mini_challenges_eq5/install/challenge_msgs/local/lib/python3.10/dist-packages/challenge_msgs/msg/__init__.py
-- Up-to-date: /home/rllaguno/mini_challenges_eq5/install/challenge_msgs/local/lib/python3.10/dist-packages/challenge_msgs/msg/_error_s.c
-- Up-to-date: /home/rllaguno/mini_challenges_eq5/install/challenge_msgs/local/lib/python3.10/dist-packages/challenge_msgs/_challenge_msgs_s.ep.rosidl_typesupport_introspection_c.c
-- Up-to-date: /home/rllaguno/mini_challenges_eq5/install/challenge_msgs/local/lib/python3.10/dist-packages/challenge_msgs/_challenge_msgs_s.ep.rosidl_typesupport_fastrtps_c.c
-- Up-to-date: /home/rllaguno/mini_challenges_eq5/install/challenge_msgs/local/lib/python3.10/dist-packages/challenge_msgs/challenge_msgs_s__rosidl_typesupport_c.cpython-310-x86_64-linux-gnu.so
-- Up-to-date: /home/rllaguno/mini_challenges_eq5/install/challenge_msgs/local/lib/python3.10/dist-packages/challenge_msgs/_challenge_msgs_s.ep.rosidl_typesupport_c.c
-- Up-to-date: /home/rllaguno/mini_challenges_eq5/install/challenge_msgs/local/lib/python3.10/dist-packages/challenge_msgs/challenge_msgs_s__rosidl_typesupport_fastrtps_c.cpython-310-x86_64-linux-gnu.so
Listing '/home/rllaguno/mini_challenges_eq5/install/challenge_msgs/local/lib/python3.10/dist-packages/challenge_msgs'...
Listing '/home/rllaguno/mini_challenges_eq5/install/challenge_msgs/local/lib/python3.10/dist-packages/challenge_msgs/msg'...
-- Up-to-date: /home/rllaguno/mini_challenges_eq5/install/challenge_msgs/local/lib/python3.10/dist-packages/challenge_msgs/challenge_msgs_s__rosidl_typesupport_fastrtps_c.cpython-310-x86_64-linux-gnu.so
-- Up-to-date: /home/rllaguno/mini_challenges_eq5/install/challenge_msgs/local/lib/python3.10/dist-packages/challenge_msgs/challenge_msgs_s__rosidl_typesupport_introspection_c.cpython-310-x86_64-linux-gnu.so
-- Up-to-date: /home/rllaguno/mini_challenges_eq5/install/challenge_msgs/local/lib/python3.10/dist-packages/challenge_msgs/challenge_msgs_s__rosidl_typesupport_c.cpython-310-x86_64-linux-gnu.so
-- Up-to-date: /home/rllaguno/mini_challenges_eq5/install/challenge_msgs/lib/libchallenge_msgs__rosidl_generator_py.so
-- Up-to-date: /home/rllaguno/mini_challenges_eq5/install/challenge_msgs/share/challenge_msgs/msg/Error.idl
-- Up-to-date: /home/rllaguno/mini_challenges_eq5/install/challenge_msgs/share/challenge_msgs/msg/Error.msg
-- Up-to-date: /home/rllaguno/mini_challenges_eq5/install/challenge_msgs/share/ament_index/resource_index/package_run_dependencies/challenge_msgs
-- Up-to-date: /home/rllaguno/mini_challenges_eq5/install/challenge_msgs/share/ament_index/resource_index/parent_prefix_path/challenge_msgs
-- Up-to-date: /home/rllaguno/mini_challenges_eq5/install/challenge_msgs/share/challenge_msgs/environment/ament_prefix_path.sh
-- Up-to-date: /home/rllaguno/mini_challenges_eq5/install/challenge_msgs/share/challenge_msgs/environment/ament_prefix_path.dsv
-- Up-to-date: /home/rllaguno/mini_challenges_eq5/install/challenge_msgs/share/challenge_msgs/environment/path.sh
-- Up-to-date: /home/rllaguno/mini_challenges_eq5/install/challenge_msgs/share/challenge_msgs/environment/path.dsv
-- Up-to-date: /home/rllaguno/mini_challenges_eq5/install/challenge_msgs/share/challenge_msgs/local_setup.bash
-- Up-to-date: /home/rllaguno/mini_challenges_eq5/install/challenge_msgs/share/challenge_msgs/local_setup.sh
-- Up-to-date: /home/rllaguno/mini_challenges_eq5/install/challenge_msgs/share/challenge_msgs/local_setup.zsh
-- Up-to-date: /home/rllaguno/mini_challenges_eq5/install/challenge_msgs/share/challenge_msgs/local_setup.dsv
-- Installing: /home/rllaguno/mini_challenges_eq5/install/challenge_msgs/share/challenge_msgs/package.dsv
-- Up-to-date: /home/rllaguno/mini_challenges_eq5/install/challenge_msgs/share/ament_index/resource_index/packages/challenge_msgs
-- Up-to-date: /home/rllaguno/mini_challenges_eq5/install/challenge_msgs/share/challenge_msgs/cmake/export_challenge_msgs__rosidl_generator_cExport.cmake
-- Up-to-date: /home/rllaguno/mini_challenges_eq5/install/challenge_msgs/share/challenge_msgs/cmake/export_challenge_msgs__rosidl_generator_cExport-noconfig.cmake
-- Up-to-date: /home/rllaguno/mini_challenges_eq5/install/challenge_msgs/share/challenge_msgs/cmake/export_challenge_msgs__rosidl_typesupport_fastrtps_cExport.cmake
-- Up-to-date: /home/rllaguno/mini_challenges_eq5/install/challenge_msgs/share/challenge_msgs/cmake/export_challenge_msgs__rosidl_typesupport_fastrtps_cExport-noconfig.cmake
-- Up-to-date: /home/rllaguno/mini_challenges_eq5/install/challenge_msgs/share/challenge_msgs/cmake/challenge_msgs__rosidl_typesupport_introspection_cExport.cmake
-- Up-to-date: /home/rllaguno/mini_challenges_eq5/install/challenge_msgs/share/challenge_msgs/cmake/challenge_msgs__rosidl_typesupport_introspection_cExport-noconfig.cmake
-- Up-to-date: /home/rllaguno/mini_challenges_eq5/install/challenge_msgs/share/challenge_msgs/cmake/challenge_msgs__rosidl_typesupport_cExport.cmake
-- Up-to-date: /home/rllaguno/mini_challenges_eq5/install/challenge_msgs/share/challenge_msgs/cmake/challenge_msgs__rosidl_typesupport_cExport-noconfig.cmake
-- Up-to-date: /home/rllaguno/mini_challenges_eq5/install/challenge_msgs/share/challenge_msgs/cmake/export_challenge_msgs__rosidl_generator_cppExport.cmake
-- Up-to-date: /home/rllaguno/mini_challenges_eq5/install/challenge_msgs/share/challenge_msgs/cmake/export_challenge_msgs__rosidl_typesupport_fastrtps_cppExport.cmake
-- Up-to-date: /home/rllaguno/mini_challenges_eq5/install/challenge_msgs/share/challenge_msgs/cmake/export_challenge_msgs__rosidl_typesupport_fastrtps_cppExport-noconfig.cmake
-- Up-to-date: /home/rllaguno/mini_challenges_eq5/install/challenge_msgs/share/challenge_msgs/cmake/challenge_msgs__rosidl_typesupport_introspection_cppExport.cmake
-- Up-to-date: /home/rllaguno/mini_challenges_eq5/install/challenge_msgs/share/challenge_msgs/cmake/challenge_msgs__rosidl_typesupport_introspection_cppExport-noconfig.cmake
-- Up-to-date: /home/rllaguno/mini_challenges_eq5/install/challenge_msgs/share/challenge_msgs/cmake/challenge_msgs__rosidl_typesupport_cppExport.cmake
-- Up-to-date: /home/rllaguno/mini_challenges_eq5/install/challenge_msgs/share/challenge_msgs/cmake/challenge_msgs__rosidl_typesupport_cppExport-noconfig.cmake
-- Up-to-date: /home/rllaguno/mini_challenges_eq5/install/challenge_msgs/share/challenge_msgs/cmake/export_challenge_msgs__rosidl_generator_pyExport.cmake
-- Up-to-date: /home/rllaguno/mini_challenges_eq5/install/challenge_msgs/share/challenge_msgs/cmake/export_challenge_msgs__rosidl_generator_pyExport-noconfig.cmake
-- Up-to-date: /home/rllaguno/mini_challenges_eq5/install/challenge_msgs/share/challenge_msgs/cmake/rosidl_cmake-extras.cmake
-- Up-to-date: /home/rllaguno/mini_challenges_eq5/install/challenge_msgs/share/challenge_msgs/cmake/ament_cmake_export_include_directories-extras.cmake
-- Up-to-date: /home/rllaguno/mini_challenges_eq5/install/challenge_msgs/share/challenge_msgs/cmake/ament_cmake_export_libraries-extras.cmake
-- Up-to-date: /home/rllaguno/mini_challenges_eq5/install/challenge_msgs/share/challenge_msgs/cmake/ament_cmake_export_targets-extras.cmake
-- Up-to-date: /home/rllaguno/mini_challenges_eq5/install/challenge_msgs/share/challenge_msgs/cmake/rosidl_cmake_export_typesupport_targets-extras.cmake
-- Up-to-date: /home/rllaguno/mini_challenges_eq5/install/challenge_msgs/share/challenge_msgs/cmake/ament_cmake_export_dependencies-extras.cmake
-- Up-to-date: /home/rllaguno/mini_challenges_eq5/install/challenge_msgs/share/challenge_msgs/cmake/rosidl_cmake_export_typesupport_libraries-extras.cmake
-- Up-to-date: /home/rllaguno/mini_challenges_eq5/install/challenge_msgs/share/challenge_msgs/cmake/challenge_msgsConfig.cmake
-- Up-to-date: /home/rllaguno/mini_challenges_eq5/install/challenge_msgs/share/challenge_msgs/cmake/challenge_msgsConfig-version.cmake
-- Up-to-date: /home/rllaguno/mini_challenges_eq5/install/challenge_msgs/share/challenge_msgs/package.xml
