[35m[1mScanning dependencies of target signal_msg__cpp[0m
[  3%] [34m[1mGenerating C code for ROS interfaces[0m
[35m[1mScanning dependencies of target ament_cmake_python_copy_signal_msg[0m
[  6%] [34m[1mGenerating C++ code for ROS interfaces[0m
[  6%] Built target ament_cmake_python_copy_signal_msg
[35m[1mScanning dependencies of target ament_cmake_python_build_signal_msg_egg[0m
[  6%] Built target signal_msg__cpp
running egg_info
creating signal_msg.egg-info
[35m[1mScanning dependencies of target signal_msg__rosidl_generator_c[0m
writing signal_msg.egg-info/PKG-INFO
writing dependency_links to signal_msg.egg-info/dependency_links.txt
writing top-level names to signal_msg.egg-info/top_level.txt
writing manifest file 'signal_msg.egg-info/SOURCES.txt'
[  9%] [34m[1mGenerating C++ type support for eProsima Fast-RTPS[0m
[ 12%] [34m[1mGenerating C++ type support dispatch for ROS interfaces[0m
[ 16%] [32mBuilding C object CMakeFiles/signal_msg__rosidl_generator_c.dir/rosidl_generator_c/signal_msg/msg/detail/signal__functions.c.o[0m
reading manifest file 'signal_msg.egg-info/SOURCES.txt'
writing manifest file 'signal_msg.egg-info/SOURCES.txt'
[ 16%] Built target ament_cmake_python_build_signal_msg_egg
[ 19%] [34m[1mGenerating C++ introspection for ROS interfaces[0m
[ 22%] [32m[1mLinking C shared library libsignal_msg__rosidl_generator_c.so[0m
[ 22%] Built target signal_msg__rosidl_generator_c
[ 25%] [34m[1mGenerating C introspection for ROS interfaces[0m
[35m[1mScanning dependencies of target signal_msg__rosidl_typesupport_cpp[0m
[35m[1mScanning dependencies of target signal_msg__rosidl_typesupport_fastrtps_cpp[0m
[ 29%] [32mBuilding CXX object CMakeFiles/signal_msg__rosidl_typesupport_cpp.dir/rosidl_typesupport_cpp/signal_msg/msg/signal__type_support.cpp.o[0m
[ 32%] [32mBuilding CXX object CMakeFiles/signal_msg__rosidl_typesupport_fastrtps_cpp.dir/rosidl_typesupport_fastrtps_cpp/signal_msg/msg/detail/dds_fastrtps/signal__type_support.cpp.o[0m
[35m[1mScanning dependencies of target signal_msg__rosidl_typesupport_introspection_cpp[0m
[ 35%] [32mBuilding CXX object CMakeFiles/signal_msg__rosidl_typesupport_introspection_cpp.dir/rosidl_typesupport_introspection_cpp/signal_msg/msg/detail/signal__type_support.cpp.o[0m
[35m[1mScanning dependencies of target signal_msg__rosidl_typesupport_introspection_c[0m
[ 38%] [32mBuilding C object CMakeFiles/signal_msg__rosidl_typesupport_introspection_c.dir/rosidl_typesupport_introspection_c/signal_msg/msg/detail/signal__type_support.c.o[0m
[ 41%] [32m[1mLinking C shared library libsignal_msg__rosidl_typesupport_introspection_c.so[0m
[ 41%] Built target signal_msg__rosidl_typesupport_introspection_c
[ 45%] [32m[1mLinking CXX shared library libsignal_msg__rosidl_typesupport_cpp.so[0m
[ 45%] Built target signal_msg__rosidl_typesupport_cpp
[ 48%] [32m[1mLinking CXX shared library libsignal_msg__rosidl_typesupport_introspection_cpp.so[0m
[ 51%] [32m[1mLinking CXX shared library libsignal_msg__rosidl_typesupport_fastrtps_cpp.so[0m
[ 51%] Built target signal_msg__rosidl_typesupport_introspection_cpp
[ 51%] Built target signal_msg__rosidl_typesupport_fastrtps_cpp
[ 54%] [34m[1mGenerating C type support dispatch for ROS interfaces[0m
[35m[1mScanning dependencies of target signal_msg__rosidl_typesupport_c[0m
[ 58%] [32mBuilding CXX object CMakeFiles/signal_msg__rosidl_typesupport_c.dir/rosidl_typesupport_c/signal_msg/msg/signal__type_support.cpp.o[0m
[ 61%] [32m[1mLinking CXX shared library libsignal_msg__rosidl_typesupport_c.so[0m
[ 61%] Built target signal_msg__rosidl_typesupport_c
[ 64%] [34m[1mGenerating C type support for eProsima Fast-RTPS[0m
[35m[1mScanning dependencies of target signal_msg__rosidl_typesupport_fastrtps_c[0m
[ 67%] [32mBuilding CXX object CMakeFiles/signal_msg__rosidl_typesupport_fastrtps_c.dir/rosidl_typesupport_fastrtps_c/signal_msg/msg/detail/signal__type_support_c.cpp.o[0m
[ 70%] [32m[1mLinking CXX shared library libsignal_msg__rosidl_typesupport_fastrtps_c.so[0m
[ 70%] Built target signal_msg__rosidl_typesupport_fastrtps_c
[35m[1mScanning dependencies of target signal_msg[0m
[ 70%] Built target signal_msg
[35m[1mScanning dependencies of target signal_msg__py[0m
[ 74%] [34m[1mGenerating Python code for ROS interfaces[0m
[ 74%] Built target signal_msg__py
[35m[1mScanning dependencies of target signal_msg__rosidl_generator_py[0m
[ 77%] [32mBuilding C object CMakeFiles/signal_msg__rosidl_generator_py.dir/rosidl_generator_py/signal_msg/msg/_signal_s.c.o[0m
[ 80%] [32m[1mLinking C shared library rosidl_generator_py/signal_msg/libsignal_msg__rosidl_generator_py.so[0m
[ 80%] Built target signal_msg__rosidl_generator_py
[35m[1mScanning dependencies of target signal_msg__rosidl_typesupport_introspection_c__pyext[0m
[ 83%] [32mBuilding C object CMakeFiles/signal_msg__rosidl_typesupport_introspection_c__pyext.dir/rosidl_generator_py/signal_msg/_signal_msg_s.ep.rosidl_typesupport_introspection_c.c.o[0m
[ 87%] [32m[1mLinking C shared library rosidl_generator_py/signal_msg/signal_msg_s__rosidl_typesupport_introspection_c.cpython-38-aarch64-linux-gnu.so[0m
[ 87%] Built target signal_msg__rosidl_typesupport_introspection_c__pyext
[35m[1mScanning dependencies of target signal_msg__rosidl_typesupport_c__pyext[0m
[ 90%] [32mBuilding C object CMakeFiles/signal_msg__rosidl_typesupport_c__pyext.dir/rosidl_generator_py/signal_msg/_signal_msg_s.ep.rosidl_typesupport_c.c.o[0m
[ 93%] [32m[1mLinking C shared library rosidl_generator_py/signal_msg/signal_msg_s__rosidl_typesupport_c.cpython-38-aarch64-linux-gnu.so[0m
[ 93%] Built target signal_msg__rosidl_typesupport_c__pyext
[35m[1mScanning dependencies of target signal_msg__rosidl_typesupport_fastrtps_c__pyext[0m
[ 96%] [32mBuilding C object CMakeFiles/signal_msg__rosidl_typesupport_fastrtps_c__pyext.dir/rosidl_generator_py/signal_msg/_signal_msg_s.ep.rosidl_typesupport_fastrtps_c.c.o[0m
[100%] [32m[1mLinking C shared library rosidl_generator_py/signal_msg/signal_msg_s__rosidl_typesupport_fastrtps_c.cpython-38-aarch64-linux-gnu.so[0m
[100%] Built target signal_msg__rosidl_typesupport_fastrtps_c__pyext
-- Install configuration: ""
-- Installing: /home/puzzlebot/github/mini_challenges_eq5/install/signal_msg/share/ament_index/resource_index/rosidl_interfaces/signal_msg
-- Up-to-date: /home/puzzlebot/github/mini_challenges_eq5/install/signal_msg/include/signal_msg/signal_msg
-- Up-to-date: /home/puzzlebot/github/mini_challenges_eq5/install/signal_msg/include/signal_msg/signal_msg/msg
-- Installing: /home/puzzlebot/github/mini_challenges_eq5/install/signal_msg/include/signal_msg/signal_msg/msg/rosidl_generator_c__visibility_control.h
-- Installing: /home/puzzlebot/github/mini_challenges_eq5/install/signal_msg/include/signal_msg/signal_msg/msg/signal.h
-- Up-to-date: /home/puzzlebot/github/mini_challenges_eq5/install/signal_msg/include/signal_msg/signal_msg/msg/detail
-- Installing: /home/puzzlebot/github/mini_challenges_eq5/install/signal_msg/include/signal_msg/signal_msg/msg/detail/signal__functions.c
-- Installing: /home/puzzlebot/github/mini_challenges_eq5/install/signal_msg/include/signal_msg/signal_msg/msg/detail/signal__struct.h
-- Installing: /home/puzzlebot/github/mini_challenges_eq5/install/signal_msg/include/signal_msg/signal_msg/msg/detail/signal__type_support.h
-- Installing: /home/puzzlebot/github/mini_challenges_eq5/install/signal_msg/include/signal_msg/signal_msg/msg/detail/signal__functions.h
-- Installing: /home/puzzlebot/github/mini_challenges_eq5/install/signal_msg/share/signal_msg/environment/library_path.sh
-- Installing: /home/puzzlebot/github/mini_challenges_eq5/install/signal_msg/share/signal_msg/environment/library_path.dsv
-- Installing: /home/puzzlebot/github/mini_challenges_eq5/install/signal_msg/lib/libsignal_msg__rosidl_generator_c.so
-- Set runtime path of "/home/puzzlebot/github/mini_challenges_eq5/install/signal_msg/lib/libsignal_msg__rosidl_generator_c.so" to ""
-- Up-to-date: /home/puzzlebot/github/mini_challenges_eq5/install/signal_msg/include/signal_msg/signal_msg
-- Up-to-date: /home/puzzlebot/github/mini_challenges_eq5/install/signal_msg/include/signal_msg/signal_msg/msg
-- Installing: /home/puzzlebot/github/mini_challenges_eq5/install/signal_msg/include/signal_msg/signal_msg/msg/rosidl_typesupport_fastrtps_c__visibility_control.h
-- Up-to-date: /home/puzzlebot/github/mini_challenges_eq5/install/signal_msg/include/signal_msg/signal_msg/msg/detail
-- Installing: /home/puzzlebot/github/mini_challenges_eq5/install/signal_msg/include/signal_msg/signal_msg/msg/detail/signal__rosidl_typesupport_fastrtps_c.h
-- Installing: /home/puzzlebot/github/mini_challenges_eq5/install/signal_msg/lib/libsignal_msg__rosidl_typesupport_fastrtps_c.so
-- Set runtime path of "/home/puzzlebot/github/mini_challenges_eq5/install/signal_msg/lib/libsignal_msg__rosidl_typesupport_fastrtps_c.so" to ""
-- Up-to-date: /home/puzzlebot/github/mini_challenges_eq5/install/signal_msg/include/signal_msg/signal_msg
-- Up-to-date: /home/puzzlebot/github/mini_challenges_eq5/install/signal_msg/include/signal_msg/signal_msg/msg
-- Up-to-date: /home/puzzlebot/github/mini_challenges_eq5/install/signal_msg/include/signal_msg/signal_msg/msg/detail
-- Installing: /home/puzzlebot/github/mini_challenges_eq5/install/signal_msg/include/signal_msg/signal_msg/msg/detail/signal__builder.hpp
-- Installing: /home/puzzlebot/github/mini_challenges_eq5/install/signal_msg/include/signal_msg/signal_msg/msg/detail/signal__traits.hpp
-- Installing: /home/puzzlebot/github/mini_challenges_eq5/install/signal_msg/include/signal_msg/signal_msg/msg/detail/signal__struct.hpp
-- Installing: /home/puzzlebot/github/mini_challenges_eq5/install/signal_msg/include/signal_msg/signal_msg/msg/signal.hpp
-- Up-to-date: /home/puzzlebot/github/mini_challenges_eq5/install/signal_msg/include/signal_msg/signal_msg
-- Up-to-date: /home/puzzlebot/github/mini_challenges_eq5/install/signal_msg/include/signal_msg/signal_msg/msg
-- Installing: /home/puzzlebot/github/mini_challenges_eq5/install/signal_msg/include/signal_msg/signal_msg/msg/rosidl_typesupport_fastrtps_cpp__visibility_control.h
-- Up-to-date: /home/puzzlebot/github/mini_challenges_eq5/install/signal_msg/include/signal_msg/signal_msg/msg/detail
-- Up-to-date: /home/puzzlebot/github/mini_challenges_eq5/install/signal_msg/include/signal_msg/signal_msg/msg/detail/dds_fastrtps
-- Installing: /home/puzzlebot/github/mini_challenges_eq5/install/signal_msg/include/signal_msg/signal_msg/msg/detail/signal__rosidl_typesupport_fastrtps_cpp.hpp
-- Installing: /home/puzzlebot/github/mini_challenges_eq5/install/signal_msg/lib/libsignal_msg__rosidl_typesupport_fastrtps_cpp.so
-- Set runtime path of "/home/puzzlebot/github/mini_challenges_eq5/install/signal_msg/lib/libsignal_msg__rosidl_typesupport_fastrtps_cpp.so" to ""
-- Up-to-date: /home/puzzlebot/github/mini_challenges_eq5/install/signal_msg/include/signal_msg/signal_msg
-- Up-to-date: /home/puzzlebot/github/mini_challenges_eq5/install/signal_msg/include/signal_msg/signal_msg/msg
-- Installing: /home/puzzlebot/github/mini_challenges_eq5/install/signal_msg/include/signal_msg/signal_msg/msg/rosidl_typesupport_introspection_c__visibility_control.h
-- Up-to-date: /home/puzzlebot/github/mini_challenges_eq5/install/signal_msg/include/signal_msg/signal_msg/msg/detail
-- Installing: /home/puzzlebot/github/mini_challenges_eq5/install/signal_msg/include/signal_msg/signal_msg/msg/detail/signal__rosidl_typesupport_introspection_c.h
-- Installing: /home/puzzlebot/github/mini_challenges_eq5/install/signal_msg/include/signal_msg/signal_msg/msg/detail/signal__type_support.c
-- Installing: /home/puzzlebot/github/mini_challenges_eq5/install/signal_msg/lib/libsignal_msg__rosidl_typesupport_introspection_c.so
-- Set runtime path of "/home/puzzlebot/github/mini_challenges_eq5/install/signal_msg/lib/libsignal_msg__rosidl_typesupport_introspection_c.so" to ""
-- Installing: /home/puzzlebot/github/mini_challenges_eq5/install/signal_msg/lib/libsignal_msg__rosidl_typesupport_c.so
-- Set runtime path of "/home/puzzlebot/github/mini_challenges_eq5/install/signal_msg/lib/libsignal_msg__rosidl_typesupport_c.so" to ""
-- Up-to-date: /home/puzzlebot/github/mini_challenges_eq5/install/signal_msg/include/signal_msg/signal_msg
-- Up-to-date: /home/puzzlebot/github/mini_challenges_eq5/install/signal_msg/include/signal_msg/signal_msg/msg
-- Up-to-date: /home/puzzlebot/github/mini_challenges_eq5/install/signal_msg/include/signal_msg/signal_msg/msg/detail
-- Installing: /home/puzzlebot/github/mini_challenges_eq5/install/signal_msg/include/signal_msg/signal_msg/msg/detail/signal__rosidl_typesupport_introspection_cpp.hpp
-- Installing: /home/puzzlebot/github/mini_challenges_eq5/install/signal_msg/include/signal_msg/signal_msg/msg/detail/signal__type_support.cpp
-- Installing: /home/puzzlebot/github/mini_challenges_eq5/install/signal_msg/lib/libsignal_msg__rosidl_typesupport_introspection_cpp.so
-- Set runtime path of "/home/puzzlebot/github/mini_challenges_eq5/install/signal_msg/lib/libsignal_msg__rosidl_typesupport_introspection_cpp.so" to ""
-- Installing: /home/puzzlebot/github/mini_challenges_eq5/install/signal_msg/lib/libsignal_msg__rosidl_typesupport_cpp.so
-- Set runtime path of "/home/puzzlebot/github/mini_challenges_eq5/install/signal_msg/lib/libsignal_msg__rosidl_typesupport_cpp.so" to ""
-- Installing: /home/puzzlebot/github/mini_challenges_eq5/install/signal_msg/share/signal_msg/environment/pythonpath.sh
-- Installing: /home/puzzlebot/github/mini_challenges_eq5/install/signal_msg/share/signal_msg/environment/pythonpath.dsv
-- Installing: /home/puzzlebot/github/mini_challenges_eq5/install/signal_msg/lib/python3.8/site-packages/signal_msg-0.0.0-py3.8.egg-info
-- Installing: /home/puzzlebot/github/mini_challenges_eq5/install/signal_msg/lib/python3.8/site-packages/signal_msg-0.0.0-py3.8.egg-info/top_level.txt
-- Installing: /home/puzzlebot/github/mini_challenges_eq5/install/signal_msg/lib/python3.8/site-packages/signal_msg-0.0.0-py3.8.egg-info/PKG-INFO
-- Installing: /home/puzzlebot/github/mini_challenges_eq5/install/signal_msg/lib/python3.8/site-packages/signal_msg-0.0.0-py3.8.egg-info/SOURCES.txt
-- Installing: /home/puzzlebot/github/mini_challenges_eq5/install/signal_msg/lib/python3.8/site-packages/signal_msg-0.0.0-py3.8.egg-info/dependency_links.txt
-- Installing: /home/puzzlebot/github/mini_challenges_eq5/install/signal_msg/lib/python3.8/site-packages/signal_msg
-- Installing: /home/puzzlebot/github/mini_challenges_eq5/install/signal_msg/lib/python3.8/site-packages/signal_msg/signal_msg_s__rosidl_typesupport_fastrtps_c.cpython-38-aarch64-linux-gnu.so
-- Installing: /home/puzzlebot/github/mini_challenges_eq5/install/signal_msg/lib/python3.8/site-packages/signal_msg/_signal_msg_s.ep.rosidl_typesupport_c.c
-- Installing: /home/puzzlebot/github/mini_challenges_eq5/install/signal_msg/lib/python3.8/site-packages/signal_msg/signal_msg_s__rosidl_typesupport_introspection_c.cpython-38-aarch64-linux-gnu.so
-- Installing: /home/puzzlebot/github/mini_challenges_eq5/install/signal_msg/lib/python3.8/site-packages/signal_msg/__init__.py
-- Installing: /home/puzzlebot/github/mini_challenges_eq5/install/signal_msg/lib/python3.8/site-packages/signal_msg/signal_msg_s__rosidl_typesupport_c.cpython-38-aarch64-linux-gnu.so
-- Installing: /home/puzzlebot/github/mini_challenges_eq5/install/signal_msg/lib/python3.8/site-packages/signal_msg/_signal_msg_s.ep.rosidl_typesupport_introspection_c.c
-- Installing: /home/puzzlebot/github/mini_challenges_eq5/install/signal_msg/lib/python3.8/site-packages/signal_msg/msg
-- Installing: /home/puzzlebot/github/mini_challenges_eq5/install/signal_msg/lib/python3.8/site-packages/signal_msg/msg/__init__.py
-- Installing: /home/puzzlebot/github/mini_challenges_eq5/install/signal_msg/lib/python3.8/site-packages/signal_msg/msg/_signal.py
-- Installing: /home/puzzlebot/github/mini_challenges_eq5/install/signal_msg/lib/python3.8/site-packages/signal_msg/msg/_signal_s.c
-- Installing: /home/puzzlebot/github/mini_challenges_eq5/install/signal_msg/lib/python3.8/site-packages/signal_msg/libsignal_msg__rosidl_generator_py.so
-- Installing: /home/puzzlebot/github/mini_challenges_eq5/install/signal_msg/lib/python3.8/site-packages/signal_msg/_signal_msg_s.ep.rosidl_typesupport_fastrtps_c.c
Listing '/home/puzzlebot/github/mini_challenges_eq5/install/signal_msg/lib/python3.8/site-packages/signal_msg'...
Compiling '/home/puzzlebot/github/mini_challenges_eq5/install/signal_msg/lib/python3.8/site-packages/signal_msg/__init__.py'...
Listing '/home/puzzlebot/github/mini_challenges_eq5/install/signal_msg/lib/python3.8/site-packages/signal_msg/msg'...
Compiling '/home/puzzlebot/github/mini_challenges_eq5/install/signal_msg/lib/python3.8/site-packages/signal_msg/msg/__init__.py'...
Compiling '/home/puzzlebot/github/mini_challenges_eq5/install/signal_msg/lib/python3.8/site-packages/signal_msg/msg/_signal.py'...
-- Installing: /home/puzzlebot/github/mini_challenges_eq5/install/signal_msg/lib/python3.8/site-packages/signal_msg/signal_msg_s__rosidl_typesupport_fastrtps_c.cpython-38-aarch64-linux-gnu.so
-- Set runtime path of "/home/puzzlebot/github/mini_challenges_eq5/install/signal_msg/lib/python3.8/site-packages/signal_msg/signal_msg_s__rosidl_typesupport_fastrtps_c.cpython-38-aarch64-linux-gnu.so" to ""
-- Installing: /home/puzzlebot/github/mini_challenges_eq5/install/signal_msg/lib/python3.8/site-packages/signal_msg/signal_msg_s__rosidl_typesupport_introspection_c.cpython-38-aarch64-linux-gnu.so
-- Set runtime path of "/home/puzzlebot/github/mini_challenges_eq5/install/signal_msg/lib/python3.8/site-packages/signal_msg/signal_msg_s__rosidl_typesupport_introspection_c.cpython-38-aarch64-linux-gnu.so" to ""
-- Installing: /home/puzzlebot/github/mini_challenges_eq5/install/signal_msg/lib/python3.8/site-packages/signal_msg/signal_msg_s__rosidl_typesupport_c.cpython-38-aarch64-linux-gnu.so
-- Set runtime path of "/home/puzzlebot/github/mini_challenges_eq5/install/signal_msg/lib/python3.8/site-packages/signal_msg/signal_msg_s__rosidl_typesupport_c.cpython-38-aarch64-linux-gnu.so" to ""
-- Installing: /home/puzzlebot/github/mini_challenges_eq5/install/signal_msg/lib/libsignal_msg__rosidl_generator_py.so
-- Set runtime path of "/home/puzzlebot/github/mini_challenges_eq5/install/signal_msg/lib/libsignal_msg__rosidl_generator_py.so" to ""
-- Installing: /home/puzzlebot/github/mini_challenges_eq5/install/signal_msg/share/signal_msg/msg/Signal.idl
-- Installing: /home/puzzlebot/github/mini_challenges_eq5/install/signal_msg/share/signal_msg/msg/Signal.msg
-- Installing: /home/puzzlebot/github/mini_challenges_eq5/install/signal_msg/share/ament_index/resource_index/package_run_dependencies/signal_msg
-- Installing: /home/puzzlebot/github/mini_challenges_eq5/install/signal_msg/share/ament_index/resource_index/parent_prefix_path/signal_msg
-- Installing: /home/puzzlebot/github/mini_challenges_eq5/install/signal_msg/share/signal_msg/environment/ament_prefix_path.sh
-- Installing: /home/puzzlebot/github/mini_challenges_eq5/install/signal_msg/share/signal_msg/environment/ament_prefix_path.dsv
-- Installing: /home/puzzlebot/github/mini_challenges_eq5/install/signal_msg/share/signal_msg/environment/path.sh
-- Installing: /home/puzzlebot/github/mini_challenges_eq5/install/signal_msg/share/signal_msg/environment/path.dsv
-- Installing: /home/puzzlebot/github/mini_challenges_eq5/install/signal_msg/share/signal_msg/local_setup.bash
-- Installing: /home/puzzlebot/github/mini_challenges_eq5/install/signal_msg/share/signal_msg/local_setup.sh
-- Installing: /home/puzzlebot/github/mini_challenges_eq5/install/signal_msg/share/signal_msg/local_setup.zsh
-- Installing: /home/puzzlebot/github/mini_challenges_eq5/install/signal_msg/share/signal_msg/local_setup.dsv
-- Installing: /home/puzzlebot/github/mini_challenges_eq5/install/signal_msg/share/signal_msg/package.dsv
-- Installing: /home/puzzlebot/github/mini_challenges_eq5/install/signal_msg/share/ament_index/resource_index/packages/signal_msg
-- Installing: /home/puzzlebot/github/mini_challenges_eq5/install/signal_msg/share/signal_msg/cmake/export_signal_msg__rosidl_generator_cExport.cmake
-- Installing: /home/puzzlebot/github/mini_challenges_eq5/install/signal_msg/share/signal_msg/cmake/export_signal_msg__rosidl_generator_cExport-noconfig.cmake
-- Installing: /home/puzzlebot/github/mini_challenges_eq5/install/signal_msg/share/signal_msg/cmake/export_signal_msg__rosidl_typesupport_fastrtps_cExport.cmake
-- Installing: /home/puzzlebot/github/mini_challenges_eq5/install/signal_msg/share/signal_msg/cmake/export_signal_msg__rosidl_typesupport_fastrtps_cExport-noconfig.cmake
-- Installing: /home/puzzlebot/github/mini_challenges_eq5/install/signal_msg/share/signal_msg/cmake/export_signal_msg__rosidl_generator_cppExport.cmake
-- Installing: /home/puzzlebot/github/mini_challenges_eq5/install/signal_msg/share/signal_msg/cmake/export_signal_msg__rosidl_typesupport_fastrtps_cppExport.cmake
-- Installing: /home/puzzlebot/github/mini_challenges_eq5/install/signal_msg/share/signal_msg/cmake/export_signal_msg__rosidl_typesupport_fastrtps_cppExport-noconfig.cmake
-- Installing: /home/puzzlebot/github/mini_challenges_eq5/install/signal_msg/share/signal_msg/cmake/signal_msg__rosidl_typesupport_introspection_cExport.cmake
-- Installing: /home/puzzlebot/github/mini_challenges_eq5/install/signal_msg/share/signal_msg/cmake/signal_msg__rosidl_typesupport_introspection_cExport-noconfig.cmake
-- Installing: /home/puzzlebot/github/mini_challenges_eq5/install/signal_msg/share/signal_msg/cmake/signal_msg__rosidl_typesupport_cExport.cmake
-- Installing: /home/puzzlebot/github/mini_challenges_eq5/install/signal_msg/share/signal_msg/cmake/signal_msg__rosidl_typesupport_cExport-noconfig.cmake
-- Installing: /home/puzzlebot/github/mini_challenges_eq5/install/signal_msg/share/signal_msg/cmake/signal_msg__rosidl_typesupport_introspection_cppExport.cmake
-- Installing: /home/puzzlebot/github/mini_challenges_eq5/install/signal_msg/share/signal_msg/cmake/signal_msg__rosidl_typesupport_introspection_cppExport-noconfig.cmake
-- Installing: /home/puzzlebot/github/mini_challenges_eq5/install/signal_msg/share/signal_msg/cmake/signal_msg__rosidl_typesupport_cppExport.cmake
-- Installing: /home/puzzlebot/github/mini_challenges_eq5/install/signal_msg/share/signal_msg/cmake/signal_msg__rosidl_typesupport_cppExport-noconfig.cmake
-- Installing: /home/puzzlebot/github/mini_challenges_eq5/install/signal_msg/share/signal_msg/cmake/export_signal_msg__rosidl_generator_pyExport.cmake
-- Installing: /home/puzzlebot/github/mini_challenges_eq5/install/signal_msg/share/signal_msg/cmake/export_signal_msg__rosidl_generator_pyExport-noconfig.cmake
-- Installing: /home/puzzlebot/github/mini_challenges_eq5/install/signal_msg/share/signal_msg/cmake/rosidl_cmake-extras.cmake
-- Installing: /home/puzzlebot/github/mini_challenges_eq5/install/signal_msg/share/signal_msg/cmake/ament_cmake_export_dependencies-extras.cmake
-- Installing: /home/puzzlebot/github/mini_challenges_eq5/install/signal_msg/share/signal_msg/cmake/ament_cmake_export_include_directories-extras.cmake
-- Installing: /home/puzzlebot/github/mini_challenges_eq5/install/signal_msg/share/signal_msg/cmake/ament_cmake_export_libraries-extras.cmake
-- Installing: /home/puzzlebot/github/mini_challenges_eq5/install/signal_msg/share/signal_msg/cmake/ament_cmake_export_targets-extras.cmake
-- Installing: /home/puzzlebot/github/mini_challenges_eq5/install/signal_msg/share/signal_msg/cmake/rosidl_cmake_export_typesupport_targets-extras.cmake
-- Installing: /home/puzzlebot/github/mini_challenges_eq5/install/signal_msg/share/signal_msg/cmake/rosidl_cmake_export_typesupport_libraries-extras.cmake
-- Installing: /home/puzzlebot/github/mini_challenges_eq5/install/signal_msg/share/signal_msg/cmake/signal_msgConfig.cmake
-- Installing: /home/puzzlebot/github/mini_challenges_eq5/install/signal_msg/share/signal_msg/cmake/signal_msgConfig-version.cmake
-- Installing: /home/puzzlebot/github/mini_challenges_eq5/install/signal_msg/share/signal_msg/package.xml
