[0.147s] DEBUG:colcon:Command line arguments: ['/usr/bin/colcon', 'build']
[0.147s] DEBUG:colcon:Parsed command line arguments: Namespace(log_base=None, log_level=None, verb_name='build', build_base='build', install_base='install', merge_install=False, symlink_install=False, test_result_base=None, continue_on_error=False, executor='parallel', parallel_workers=16, event_handlers=None, ignore_user_meta=False, metas=['./colcon.meta'], base_paths=['.'], packages_ignore=None, packages_ignore_regex=None, paths=None, packages_up_to=None, packages_up_to_regex=None, packages_above=None, packages_above_and_dependencies=None, packages_above_depth=None, packages_select_by_dep=None, packages_skip_by_dep=None, packages_skip_up_to=None, packages_select_build_failed=False, packages_skip_build_finished=False, packages_select_test_failures=False, packages_skip_test_passed=False, packages_select=None, packages_skip=None, packages_select_regex=None, packages_skip_regex=None, packages_start=None, packages_end=None, allow_overriding=[], cmake_args=None, cmake_target=None, cmake_target_skip_unavailable=False, cmake_clean_cache=False, cmake_clean_first=False, cmake_force_configure=False, ament_cmake_args=None, catkin_cmake_args=None, catkin_skip_building_tests=False, mixin_files=None, mixin=None, verb_parser=<colcon_mixin.mixin.mixin_argument.MixinArgumentDecorator object at 0x737a6112b070>, verb_extension=<colcon_core.verb.build.BuildVerb object at 0x737a6112ab00>, main=<bound method BuildVerb.main of <colcon_core.verb.build.BuildVerb object at 0x737a6112ab00>>, mixin_verb=('build',))
[0.388s] Level 1:colcon.colcon_core.package_discovery:discover_packages(colcon_meta) check parameters
[0.389s] Level 1:colcon.colcon_core.package_discovery:discover_packages(recursive) check parameters
[0.389s] Level 1:colcon.colcon_core.package_discovery:discover_packages(ignore) check parameters
[0.389s] Level 1:colcon.colcon_core.package_discovery:discover_packages(path) check parameters
[0.389s] Level 1:colcon.colcon_core.package_discovery:discover_packages(colcon_meta) discover
[0.389s] Level 1:colcon.colcon_core.package_discovery:discover_packages(recursive) discover
[0.389s] INFO:colcon.colcon_core.package_discovery:Crawling recursively for packages in '/home/rllaguno/mini_challenges_eq5'
[0.389s] Level 1:colcon.colcon_core.package_identification:_identify(.) by extensions ['ignore', 'ignore_ament_install']
[0.389s] Level 1:colcon.colcon_core.package_identification:_identify(.) by extension 'ignore'
[0.389s] Level 1:colcon.colcon_core.package_identification:_identify(.) by extension 'ignore_ament_install'
[0.389s] Level 1:colcon.colcon_core.package_identification:_identify(.) by extensions ['colcon_pkg']
[0.389s] Level 1:colcon.colcon_core.package_identification:_identify(.) by extension 'colcon_pkg'
[0.389s] Level 1:colcon.colcon_core.package_identification:_identify(.) by extensions ['colcon_meta']
[0.389s] Level 1:colcon.colcon_core.package_identification:_identify(.) by extension 'colcon_meta'
[0.389s] Level 1:colcon.colcon_core.package_identification:_identify(.) by extensions ['ros']
[0.389s] Level 1:colcon.colcon_core.package_identification:_identify(.) by extension 'ros'
[0.404s] Level 1:colcon.colcon_core.package_identification:_identify(.) by extensions ['cmake', 'python']
[0.404s] Level 1:colcon.colcon_core.package_identification:_identify(.) by extension 'cmake'
[0.404s] Level 1:colcon.colcon_core.package_identification:_identify(.) by extension 'python'
[0.404s] Level 1:colcon.colcon_core.package_identification:_identify(.) by extensions ['python_setup_py']
[0.404s] Level 1:colcon.colcon_core.package_identification:_identify(.) by extension 'python_setup_py'
[0.405s] Level 1:colcon.colcon_core.package_identification:_identify(build) by extensions ['ignore', 'ignore_ament_install']
[0.405s] Level 1:colcon.colcon_core.package_identification:_identify(build) by extension 'ignore'
[0.405s] Level 1:colcon.colcon_core.package_identification:_identify(build) ignored
[0.405s] Level 1:colcon.colcon_core.package_identification:_identify(install) by extensions ['ignore', 'ignore_ament_install']
[0.405s] Level 1:colcon.colcon_core.package_identification:_identify(install) by extension 'ignore'
[0.405s] Level 1:colcon.colcon_core.package_identification:_identify(install) ignored
[0.405s] Level 1:colcon.colcon_core.package_identification:_identify(log) by extensions ['ignore', 'ignore_ament_install']
[0.405s] Level 1:colcon.colcon_core.package_identification:_identify(log) by extension 'ignore'
[0.406s] Level 1:colcon.colcon_core.package_identification:_identify(log) ignored
[0.406s] Level 1:colcon.colcon_core.package_identification:_identify(src) by extensions ['ignore', 'ignore_ament_install']
[0.406s] Level 1:colcon.colcon_core.package_identification:_identify(src) by extension 'ignore'
[0.406s] Level 1:colcon.colcon_core.package_identification:_identify(src) by extension 'ignore_ament_install'
[0.406s] Level 1:colcon.colcon_core.package_identification:_identify(src) by extensions ['colcon_pkg']
[0.406s] Level 1:colcon.colcon_core.package_identification:_identify(src) by extension 'colcon_pkg'
[0.406s] Level 1:colcon.colcon_core.package_identification:_identify(src) by extensions ['colcon_meta']
[0.406s] Level 1:colcon.colcon_core.package_identification:_identify(src) by extension 'colcon_meta'
[0.406s] Level 1:colcon.colcon_core.package_identification:_identify(src) by extensions ['ros']
[0.406s] Level 1:colcon.colcon_core.package_identification:_identify(src) by extension 'ros'
[0.406s] Level 1:colcon.colcon_core.package_identification:_identify(src) by extensions ['cmake', 'python']
[0.406s] Level 1:colcon.colcon_core.package_identification:_identify(src) by extension 'cmake'
[0.406s] Level 1:colcon.colcon_core.package_identification:_identify(src) by extension 'python'
[0.406s] Level 1:colcon.colcon_core.package_identification:_identify(src) by extensions ['python_setup_py']
[0.406s] Level 1:colcon.colcon_core.package_identification:_identify(src) by extension 'python_setup_py'
[0.407s] Level 1:colcon.colcon_core.package_identification:_identify(src/mini_challenge_2) by extensions ['ignore', 'ignore_ament_install']
[0.407s] Level 1:colcon.colcon_core.package_identification:_identify(src/mini_challenge_2) by extension 'ignore'
[0.407s] Level 1:colcon.colcon_core.package_identification:_identify(src/mini_challenge_2) by extension 'ignore_ament_install'
[0.407s] Level 1:colcon.colcon_core.package_identification:_identify(src/mini_challenge_2) by extensions ['colcon_pkg']
[0.407s] Level 1:colcon.colcon_core.package_identification:_identify(src/mini_challenge_2) by extension 'colcon_pkg'
[0.407s] Level 1:colcon.colcon_core.package_identification:_identify(src/mini_challenge_2) by extensions ['colcon_meta']
[0.407s] Level 1:colcon.colcon_core.package_identification:_identify(src/mini_challenge_2) by extension 'colcon_meta'
[0.407s] Level 1:colcon.colcon_core.package_identification:_identify(src/mini_challenge_2) by extensions ['ros']
[0.407s] Level 1:colcon.colcon_core.package_identification:_identify(src/mini_challenge_2) by extension 'ros'
[0.410s] DEBUG:colcon.colcon_core.package_identification:Package 'src/mini_challenge_2' with type 'ros.ament_python' and name 'mini_challenge_2'
[0.411s] Level 1:colcon.colcon_core.package_identification:_identify(src/mini_challenge_3) by extensions ['ignore', 'ignore_ament_install']
[0.411s] Level 1:colcon.colcon_core.package_identification:_identify(src/mini_challenge_3) by extension 'ignore'
[0.411s] Level 1:colcon.colcon_core.package_identification:_identify(src/mini_challenge_3) by extension 'ignore_ament_install'
[0.411s] Level 1:colcon.colcon_core.package_identification:_identify(src/mini_challenge_3) by extensions ['colcon_pkg']
[0.411s] Level 1:colcon.colcon_core.package_identification:_identify(src/mini_challenge_3) by extension 'colcon_pkg'
[0.411s] Level 1:colcon.colcon_core.package_identification:_identify(src/mini_challenge_3) by extensions ['colcon_meta']
[0.411s] Level 1:colcon.colcon_core.package_identification:_identify(src/mini_challenge_3) by extension 'colcon_meta'
[0.411s] Level 1:colcon.colcon_core.package_identification:_identify(src/mini_challenge_3) by extensions ['ros']
[0.411s] Level 1:colcon.colcon_core.package_identification:_identify(src/mini_challenge_3) by extension 'ros'
[0.412s] DEBUG:colcon.colcon_core.package_identification:Package 'src/mini_challenge_3' with type 'ros.ament_python' and name 'mini_challenge_3'
[0.412s] Level 1:colcon.colcon_core.package_identification:_identify(src/mini_challenge_4) by extensions ['ignore', 'ignore_ament_install']
[0.412s] Level 1:colcon.colcon_core.package_identification:_identify(src/mini_challenge_4) by extension 'ignore'
[0.412s] Level 1:colcon.colcon_core.package_identification:_identify(src/mini_challenge_4) by extension 'ignore_ament_install'
[0.412s] Level 1:colcon.colcon_core.package_identification:_identify(src/mini_challenge_4) by extensions ['colcon_pkg']
[0.413s] Level 1:colcon.colcon_core.package_identification:_identify(src/mini_challenge_4) by extension 'colcon_pkg'
[0.413s] Level 1:colcon.colcon_core.package_identification:_identify(src/mini_challenge_4) by extensions ['colcon_meta']
[0.413s] Level 1:colcon.colcon_core.package_identification:_identify(src/mini_challenge_4) by extension 'colcon_meta'
[0.413s] Level 1:colcon.colcon_core.package_identification:_identify(src/mini_challenge_4) by extensions ['ros']
[0.413s] Level 1:colcon.colcon_core.package_identification:_identify(src/mini_challenge_4) by extension 'ros'
[0.414s] DEBUG:colcon.colcon_core.package_identification:Package 'src/mini_challenge_4' with type 'ros.ament_python' and name 'mini_challenge_4'
[0.414s] Level 1:colcon.colcon_core.package_identification:_identify(src/usb_cam) by extensions ['ignore', 'ignore_ament_install']
[0.414s] Level 1:colcon.colcon_core.package_identification:_identify(src/usb_cam) by extension 'ignore'
[0.414s] Level 1:colcon.colcon_core.package_identification:_identify(src/usb_cam) by extension 'ignore_ament_install'
[0.414s] Level 1:colcon.colcon_core.package_identification:_identify(src/usb_cam) by extensions ['colcon_pkg']
[0.414s] Level 1:colcon.colcon_core.package_identification:_identify(src/usb_cam) by extension 'colcon_pkg'
[0.414s] Level 1:colcon.colcon_core.package_identification:_identify(src/usb_cam) by extensions ['colcon_meta']
[0.414s] Level 1:colcon.colcon_core.package_identification:_identify(src/usb_cam) by extension 'colcon_meta'
[0.414s] Level 1:colcon.colcon_core.package_identification:_identify(src/usb_cam) by extensions ['ros']
[0.414s] Level 1:colcon.colcon_core.package_identification:_identify(src/usb_cam) by extension 'ros'
[0.454s] DEBUG:colcon.colcon_core.package_identification:Package 'src/usb_cam' with type 'ros.ament_cmake' and name 'usb_cam'
[0.454s] Level 1:colcon.colcon_core.package_discovery:discover_packages(recursive) using defaults
[0.454s] Level 1:colcon.colcon_core.package_discovery:discover_packages(ignore) discover
[0.454s] Level 1:colcon.colcon_core.package_discovery:discover_packages(ignore) using defaults
[0.454s] Level 1:colcon.colcon_core.package_discovery:discover_packages(path) discover
[0.455s] Level 1:colcon.colcon_core.package_discovery:discover_packages(path) using defaults
[0.483s] Level 1:colcon.colcon_core.package_discovery:discover_packages(prefix_path) check parameters
[0.483s] Level 1:colcon.colcon_core.package_discovery:discover_packages(prefix_path) discover
[0.485s] DEBUG:colcon.colcon_installed_package_information.package_discovery:Found 5 installed packages in /home/rllaguno/mini_challenges_eq5/install
[0.488s] DEBUG:colcon.colcon_installed_package_information.package_discovery:Found 342 installed packages in /opt/ros/humble
[0.491s] Level 1:colcon.colcon_core.package_discovery:discover_packages(prefix_path) using defaults
[0.549s] Level 5:colcon.colcon_core.verb:set package 'mini_challenge_2' build argument 'cmake_args' from command line to 'None'
[0.549s] Level 5:colcon.colcon_core.verb:set package 'mini_challenge_2' build argument 'cmake_target' from command line to 'None'
[0.549s] Level 5:colcon.colcon_core.verb:set package 'mini_challenge_2' build argument 'cmake_target_skip_unavailable' from command line to 'False'
[0.549s] Level 5:colcon.colcon_core.verb:set package 'mini_challenge_2' build argument 'cmake_clean_cache' from command line to 'False'
[0.549s] Level 5:colcon.colcon_core.verb:set package 'mini_challenge_2' build argument 'cmake_clean_first' from command line to 'False'
[0.549s] Level 5:colcon.colcon_core.verb:set package 'mini_challenge_2' build argument 'cmake_force_configure' from command line to 'False'
[0.549s] Level 5:colcon.colcon_core.verb:set package 'mini_challenge_2' build argument 'ament_cmake_args' from command line to 'None'
[0.549s] Level 5:colcon.colcon_core.verb:set package 'mini_challenge_2' build argument 'catkin_cmake_args' from command line to 'None'
[0.549s] Level 5:colcon.colcon_core.verb:set package 'mini_challenge_2' build argument 'catkin_skip_building_tests' from command line to 'False'
[0.549s] DEBUG:colcon.colcon_core.verb:Building package 'mini_challenge_2' with the following arguments: {'ament_cmake_args': None, 'build_base': '/home/rllaguno/mini_challenges_eq5/build/mini_challenge_2', 'catkin_cmake_args': None, 'catkin_skip_building_tests': False, 'cmake_args': None, 'cmake_clean_cache': False, 'cmake_clean_first': False, 'cmake_force_configure': False, 'cmake_target': None, 'cmake_target_skip_unavailable': False, 'install_base': '/home/rllaguno/mini_challenges_eq5/install/mini_challenge_2', 'merge_install': False, 'path': '/home/rllaguno/mini_challenges_eq5/src/mini_challenge_2', 'symlink_install': False, 'test_result_base': None}
[0.549s] Level 5:colcon.colcon_core.verb:set package 'mini_challenge_3' build argument 'cmake_args' from command line to 'None'
[0.550s] Level 5:colcon.colcon_core.verb:set package 'mini_challenge_3' build argument 'cmake_target' from command line to 'None'
[0.550s] Level 5:colcon.colcon_core.verb:set package 'mini_challenge_3' build argument 'cmake_target_skip_unavailable' from command line to 'False'
[0.550s] Level 5:colcon.colcon_core.verb:set package 'mini_challenge_3' build argument 'cmake_clean_cache' from command line to 'False'
[0.550s] Level 5:colcon.colcon_core.verb:set package 'mini_challenge_3' build argument 'cmake_clean_first' from command line to 'False'
[0.550s] Level 5:colcon.colcon_core.verb:set package 'mini_challenge_3' build argument 'cmake_force_configure' from command line to 'False'
[0.550s] Level 5:colcon.colcon_core.verb:set package 'mini_challenge_3' build argument 'ament_cmake_args' from command line to 'None'
[0.550s] Level 5:colcon.colcon_core.verb:set package 'mini_challenge_3' build argument 'catkin_cmake_args' from command line to 'None'
[0.550s] Level 5:colcon.colcon_core.verb:set package 'mini_challenge_3' build argument 'catkin_skip_building_tests' from command line to 'False'
[0.550s] DEBUG:colcon.colcon_core.verb:Building package 'mini_challenge_3' with the following arguments: {'ament_cmake_args': None, 'build_base': '/home/rllaguno/mini_challenges_eq5/build/mini_challenge_3', 'catkin_cmake_args': None, 'catkin_skip_building_tests': False, 'cmake_args': None, 'cmake_clean_cache': False, 'cmake_clean_first': False, 'cmake_force_configure': False, 'cmake_target': None, 'cmake_target_skip_unavailable': False, 'install_base': '/home/rllaguno/mini_challenges_eq5/install/mini_challenge_3', 'merge_install': False, 'path': '/home/rllaguno/mini_challenges_eq5/src/mini_challenge_3', 'symlink_install': False, 'test_result_base': None}
[0.550s] Level 5:colcon.colcon_core.verb:set package 'mini_challenge_4' build argument 'cmake_args' from command line to 'None'
[0.550s] Level 5:colcon.colcon_core.verb:set package 'mini_challenge_4' build argument 'cmake_target' from command line to 'None'
[0.550s] Level 5:colcon.colcon_core.verb:set package 'mini_challenge_4' build argument 'cmake_target_skip_unavailable' from command line to 'False'
[0.550s] Level 5:colcon.colcon_core.verb:set package 'mini_challenge_4' build argument 'cmake_clean_cache' from command line to 'False'
[0.550s] Level 5:colcon.colcon_core.verb:set package 'mini_challenge_4' build argument 'cmake_clean_first' from command line to 'False'
[0.550s] Level 5:colcon.colcon_core.verb:set package 'mini_challenge_4' build argument 'cmake_force_configure' from command line to 'False'
[0.550s] Level 5:colcon.colcon_core.verb:set package 'mini_challenge_4' build argument 'ament_cmake_args' from command line to 'None'
[0.550s] Level 5:colcon.colcon_core.verb:set package 'mini_challenge_4' build argument 'catkin_cmake_args' from command line to 'None'
[0.550s] Level 5:colcon.colcon_core.verb:set package 'mini_challenge_4' build argument 'catkin_skip_building_tests' from command line to 'False'
[0.550s] DEBUG:colcon.colcon_core.verb:Building package 'mini_challenge_4' with the following arguments: {'ament_cmake_args': None, 'build_base': '/home/rllaguno/mini_challenges_eq5/build/mini_challenge_4', 'catkin_cmake_args': None, 'catkin_skip_building_tests': False, 'cmake_args': None, 'cmake_clean_cache': False, 'cmake_clean_first': False, 'cmake_force_configure': False, 'cmake_target': None, 'cmake_target_skip_unavailable': False, 'install_base': '/home/rllaguno/mini_challenges_eq5/install/mini_challenge_4', 'merge_install': False, 'path': '/home/rllaguno/mini_challenges_eq5/src/mini_challenge_4', 'symlink_install': False, 'test_result_base': None}
[0.551s] Level 5:colcon.colcon_core.verb:set package 'usb_cam' build argument 'cmake_args' from command line to 'None'
[0.551s] Level 5:colcon.colcon_core.verb:set package 'usb_cam' build argument 'cmake_target' from command line to 'None'
[0.551s] Level 5:colcon.colcon_core.verb:set package 'usb_cam' build argument 'cmake_target_skip_unavailable' from command line to 'False'
[0.551s] Level 5:colcon.colcon_core.verb:set package 'usb_cam' build argument 'cmake_clean_cache' from command line to 'False'
[0.551s] Level 5:colcon.colcon_core.verb:set package 'usb_cam' build argument 'cmake_clean_first' from command line to 'False'
[0.551s] Level 5:colcon.colcon_core.verb:set package 'usb_cam' build argument 'cmake_force_configure' from command line to 'False'
[0.551s] Level 5:colcon.colcon_core.verb:set package 'usb_cam' build argument 'ament_cmake_args' from command line to 'None'
[0.551s] Level 5:colcon.colcon_core.verb:set package 'usb_cam' build argument 'catkin_cmake_args' from command line to 'None'
[0.551s] Level 5:colcon.colcon_core.verb:set package 'usb_cam' build argument 'catkin_skip_building_tests' from command line to 'False'
[0.551s] DEBUG:colcon.colcon_core.verb:Building package 'usb_cam' with the following arguments: {'ament_cmake_args': None, 'build_base': '/home/rllaguno/mini_challenges_eq5/build/usb_cam', 'catkin_cmake_args': None, 'catkin_skip_building_tests': False, 'cmake_args': None, 'cmake_clean_cache': False, 'cmake_clean_first': False, 'cmake_force_configure': False, 'cmake_target': None, 'cmake_target_skip_unavailable': False, 'install_base': '/home/rllaguno/mini_challenges_eq5/install/usb_cam', 'merge_install': False, 'path': '/home/rllaguno/mini_challenges_eq5/src/usb_cam', 'symlink_install': False, 'test_result_base': None}
[0.551s] INFO:colcon.colcon_core.executor:Executing jobs using 'parallel' executor
[0.553s] DEBUG:colcon.colcon_parallel_executor.executor.parallel:run_until_complete
[0.554s] INFO:colcon.colcon_ros.task.ament_python.build:Building ROS package in '/home/rllaguno/mini_challenges_eq5/src/mini_challenge_2' with build type 'ament_python'
[0.554s] Level 1:colcon.colcon_core.shell:create_environment_hook('mini_challenge_2', 'ament_prefix_path')
[0.557s] INFO:colcon.colcon_core.plugin_system:Skipping extension 'colcon_core.shell.bat': Not used on non-Windows systems
[0.557s] INFO:colcon.colcon_core.shell:Creating environment hook '/home/rllaguno/mini_challenges_eq5/install/mini_challenge_2/share/mini_challenge_2/hook/ament_prefix_path.ps1'
[0.558s] INFO:colcon.colcon_core.shell:Creating environment descriptor '/home/rllaguno/mini_challenges_eq5/install/mini_challenge_2/share/mini_challenge_2/hook/ament_prefix_path.dsv'
[0.559s] INFO:colcon.colcon_core.shell:Creating environment hook '/home/rllaguno/mini_challenges_eq5/install/mini_challenge_2/share/mini_challenge_2/hook/ament_prefix_path.sh'
[0.560s] INFO:colcon.colcon_core.shell:Skip shell extension 'powershell' for command environment: Not usable outside of PowerShell
[0.560s] DEBUG:colcon.colcon_core.shell:Skip shell extension 'dsv' for command environment
[0.566s] INFO:colcon.colcon_ros.task.ament_python.build:Building ROS package in '/home/rllaguno/mini_challenges_eq5/src/mini_challenge_3' with build type 'ament_python'
[0.566s] Level 1:colcon.colcon_core.shell:create_environment_hook('mini_challenge_3', 'ament_prefix_path')
[0.566s] INFO:colcon.colcon_core.shell:Creating environment hook '/home/rllaguno/mini_challenges_eq5/install/mini_challenge_3/share/mini_challenge_3/hook/ament_prefix_path.ps1'
[0.567s] INFO:colcon.colcon_core.shell:Creating environment descriptor '/home/rllaguno/mini_challenges_eq5/install/mini_challenge_3/share/mini_challenge_3/hook/ament_prefix_path.dsv'
[0.568s] INFO:colcon.colcon_core.shell:Creating environment hook '/home/rllaguno/mini_challenges_eq5/install/mini_challenge_3/share/mini_challenge_3/hook/ament_prefix_path.sh'
[0.569s] INFO:colcon.colcon_core.shell:Skip shell extension 'powershell' for command environment: Not usable outside of PowerShell
[0.569s] DEBUG:colcon.colcon_core.shell:Skip shell extension 'dsv' for command environment
[0.574s] INFO:colcon.colcon_ros.task.ament_python.build:Building ROS package in '/home/rllaguno/mini_challenges_eq5/src/mini_challenge_4' with build type 'ament_python'
[0.574s] Level 1:colcon.colcon_core.shell:create_environment_hook('mini_challenge_4', 'ament_prefix_path')
[0.575s] INFO:colcon.colcon_core.shell:Creating environment hook '/home/rllaguno/mini_challenges_eq5/install/mini_challenge_4/share/mini_challenge_4/hook/ament_prefix_path.ps1'
[0.576s] INFO:colcon.colcon_core.shell:Creating environment descriptor '/home/rllaguno/mini_challenges_eq5/install/mini_challenge_4/share/mini_challenge_4/hook/ament_prefix_path.dsv'
[0.576s] INFO:colcon.colcon_core.shell:Creating environment hook '/home/rllaguno/mini_challenges_eq5/install/mini_challenge_4/share/mini_challenge_4/hook/ament_prefix_path.sh'
[0.577s] INFO:colcon.colcon_core.shell:Skip shell extension 'powershell' for command environment: Not usable outside of PowerShell
[0.577s] DEBUG:colcon.colcon_core.shell:Skip shell extension 'dsv' for command environment
[0.582s] INFO:colcon.colcon_ros.task.ament_cmake.build:Building ROS package in '/home/rllaguno/mini_challenges_eq5/src/usb_cam' with build type 'ament_cmake'
[0.583s] INFO:colcon.colcon_cmake.task.cmake.build:Building CMake package in '/home/rllaguno/mini_challenges_eq5/src/usb_cam'
[0.583s] INFO:colcon.colcon_core.shell:Skip shell extension 'powershell' for command environment: Not usable outside of PowerShell
[0.583s] DEBUG:colcon.colcon_core.shell:Skip shell extension 'dsv' for command environment
[0.966s] INFO:colcon.colcon_core.task.python.build:Building Python package in '/home/rllaguno/mini_challenges_eq5/src/mini_challenge_2'
[0.966s] INFO:colcon.colcon_core.shell:Skip shell extension 'powershell' for command environment: Not usable outside of PowerShell
[0.966s] DEBUG:colcon.colcon_core.shell:Skip shell extension 'dsv' for command environment
[1.317s] INFO:colcon.colcon_core.task.python.build:Building Python package in '/home/rllaguno/mini_challenges_eq5/src/mini_challenge_3'
[1.318s] INFO:colcon.colcon_core.shell:Skip shell extension 'powershell' for command environment: Not usable outside of PowerShell
[1.318s] DEBUG:colcon.colcon_core.shell:Skip shell extension 'dsv' for command environment
[1.683s] INFO:colcon.colcon_core.task.python.build:Building Python package in '/home/rllaguno/mini_challenges_eq5/src/mini_challenge_4'
[1.683s] INFO:colcon.colcon_core.shell:Skip shell extension 'powershell' for command environment: Not usable outside of PowerShell
[1.683s] DEBUG:colcon.colcon_core.shell:Skip shell extension 'dsv' for command environment
[1.705s] DEBUG:colcon.colcon_core.event_handler.log_command:Invoking command in '/home/rllaguno/mini_challenges_eq5/build/usb_cam': CMAKE_PREFIX_PATH=${CMAKE_PREFIX_PATH}:/home/rllaguno/mini_challenges_eq5/install/mini_challenge_4:/home/rllaguno/mini_challenges_eq5/install/mini_challenge_3:/home/rllaguno/mini_challenges_eq5/install/mini_challenge_2:/opt/ros/humble /usr/bin/cmake --build /home/rllaguno/mini_challenges_eq5/build/usb_cam -- -j16 -l16
[1.880s] DEBUG:colcon.colcon_core.event_handler.log_command:Invoked command in '/home/rllaguno/mini_challenges_eq5/build/usb_cam' returned '0': CMAKE_PREFIX_PATH=${CMAKE_PREFIX_PATH}:/home/rllaguno/mini_challenges_eq5/install/mini_challenge_4:/home/rllaguno/mini_challenges_eq5/install/mini_challenge_3:/home/rllaguno/mini_challenges_eq5/install/mini_challenge_2:/opt/ros/humble /usr/bin/cmake --build /home/rllaguno/mini_challenges_eq5/build/usb_cam -- -j16 -l16
[1.971s] DEBUG:colcon.colcon_core.event_handler.log_command:Invoking command in '/home/rllaguno/mini_challenges_eq5/build/usb_cam': CMAKE_PREFIX_PATH=${CMAKE_PREFIX_PATH}:/home/rllaguno/mini_challenges_eq5/install/mini_challenge_4:/home/rllaguno/mini_challenges_eq5/install/mini_challenge_3:/home/rllaguno/mini_challenges_eq5/install/mini_challenge_2:/opt/ros/humble /usr/bin/cmake --install /home/rllaguno/mini_challenges_eq5/build/usb_cam
[1.992s] Level 1:colcon.colcon_core.environment:create_environment_scripts_only(usb_cam)
[1.993s] DEBUG:colcon.colcon_core.event_handler.log_command:Invoked command in '/home/rllaguno/mini_challenges_eq5/build/usb_cam' returned '0': CMAKE_PREFIX_PATH=${CMAKE_PREFIX_PATH}:/home/rllaguno/mini_challenges_eq5/install/mini_challenge_4:/home/rllaguno/mini_challenges_eq5/install/mini_challenge_3:/home/rllaguno/mini_challenges_eq5/install/mini_challenge_2:/opt/ros/humble /usr/bin/cmake --install /home/rllaguno/mini_challenges_eq5/build/usb_cam
[1.995s] Level 1:colcon.colcon_core.environment:checking '/home/rllaguno/mini_challenges_eq5/install/usb_cam' for CMake module files
[1.995s] Level 1:colcon.colcon_core.environment:checking '/home/rllaguno/mini_challenges_eq5/install/usb_cam' for CMake config files
[1.996s] Level 1:colcon.colcon_core.shell:create_environment_hook('usb_cam', 'cmake_prefix_path')
[1.996s] INFO:colcon.colcon_core.shell:Creating environment hook '/home/rllaguno/mini_challenges_eq5/install/usb_cam/share/usb_cam/hook/cmake_prefix_path.ps1'
[1.997s] INFO:colcon.colcon_core.shell:Creating environment descriptor '/home/rllaguno/mini_challenges_eq5/install/usb_cam/share/usb_cam/hook/cmake_prefix_path.dsv'
[1.997s] INFO:colcon.colcon_core.shell:Creating environment hook '/home/rllaguno/mini_challenges_eq5/install/usb_cam/share/usb_cam/hook/cmake_prefix_path.sh'
[1.998s] Level 1:colcon.colcon_core.environment:checking '/home/rllaguno/mini_challenges_eq5/install/usb_cam/lib'
[1.998s] Level 1:colcon.colcon_core.shell:create_environment_hook('usb_cam', 'ld_library_path_lib')
[1.999s] INFO:colcon.colcon_core.shell:Creating environment hook '/home/rllaguno/mini_challenges_eq5/install/usb_cam/share/usb_cam/hook/ld_library_path_lib.ps1'
[1.999s] INFO:colcon.colcon_core.shell:Creating environment descriptor '/home/rllaguno/mini_challenges_eq5/install/usb_cam/share/usb_cam/hook/ld_library_path_lib.dsv'
[2.000s] INFO:colcon.colcon_core.shell:Creating environment hook '/home/rllaguno/mini_challenges_eq5/install/usb_cam/share/usb_cam/hook/ld_library_path_lib.sh'
[2.000s] Level 1:colcon.colcon_core.environment:checking '/home/rllaguno/mini_challenges_eq5/install/usb_cam/bin'
[2.000s] Level 1:colcon.colcon_core.environment:checking '/home/rllaguno/mini_challenges_eq5/install/usb_cam/lib/pkgconfig/usb_cam.pc'
[2.000s] Level 1:colcon.colcon_core.environment:checking '/home/rllaguno/mini_challenges_eq5/install/usb_cam/lib/python3.10/site-packages'
[2.001s] Level 1:colcon.colcon_core.environment:checking '/home/rllaguno/mini_challenges_eq5/install/usb_cam/bin'
[2.001s] INFO:colcon.colcon_core.shell:Creating package script '/home/rllaguno/mini_challenges_eq5/install/usb_cam/share/usb_cam/package.ps1'
[2.002s] INFO:colcon.colcon_core.shell:Creating package descriptor '/home/rllaguno/mini_challenges_eq5/install/usb_cam/share/usb_cam/package.dsv'
[2.003s] INFO:colcon.colcon_core.shell:Creating package script '/home/rllaguno/mini_challenges_eq5/install/usb_cam/share/usb_cam/package.sh'
[2.004s] INFO:colcon.colcon_core.shell:Creating package script '/home/rllaguno/mini_challenges_eq5/install/usb_cam/share/usb_cam/package.bash'
[2.005s] INFO:colcon.colcon_core.shell:Creating package script '/home/rllaguno/mini_challenges_eq5/install/usb_cam/share/usb_cam/package.zsh'
[2.005s] Level 1:colcon.colcon_core.environment:create_file_with_runtime_dependencies(/home/rllaguno/mini_challenges_eq5/install/usb_cam/share/colcon-core/packages/usb_cam)
[2.079s] Level 1:colcon.colcon_core.environment:create_environment_scripts_only(usb_cam)
[2.079s] Level 1:colcon.colcon_core.environment:checking '/home/rllaguno/mini_challenges_eq5/install/usb_cam' for CMake module files
[2.080s] Level 1:colcon.colcon_core.environment:checking '/home/rllaguno/mini_challenges_eq5/install/usb_cam' for CMake config files
[2.081s] Level 1:colcon.colcon_core.shell:create_environment_hook('usb_cam', 'cmake_prefix_path')
[2.081s] INFO:colcon.colcon_core.shell:Creating environment hook '/home/rllaguno/mini_challenges_eq5/install/usb_cam/share/usb_cam/hook/cmake_prefix_path.ps1'
[2.081s] INFO:colcon.colcon_core.shell:Creating environment descriptor '/home/rllaguno/mini_challenges_eq5/install/usb_cam/share/usb_cam/hook/cmake_prefix_path.dsv'
[2.082s] INFO:colcon.colcon_core.shell:Creating environment hook '/home/rllaguno/mini_challenges_eq5/install/usb_cam/share/usb_cam/hook/cmake_prefix_path.sh'
[2.082s] Level 1:colcon.colcon_core.environment:checking '/home/rllaguno/mini_challenges_eq5/install/usb_cam/lib'
[2.082s] Level 1:colcon.colcon_core.shell:create_environment_hook('usb_cam', 'ld_library_path_lib')
[2.083s] INFO:colcon.colcon_core.shell:Creating environment hook '/home/rllaguno/mini_challenges_eq5/install/usb_cam/share/usb_cam/hook/ld_library_path_lib.ps1'
[2.083s] INFO:colcon.colcon_core.shell:Creating environment descriptor '/home/rllaguno/mini_challenges_eq5/install/usb_cam/share/usb_cam/hook/ld_library_path_lib.dsv'
[2.084s] INFO:colcon.colcon_core.shell:Creating environment hook '/home/rllaguno/mini_challenges_eq5/install/usb_cam/share/usb_cam/hook/ld_library_path_lib.sh'
[2.084s] Level 1:colcon.colcon_core.environment:checking '/home/rllaguno/mini_challenges_eq5/install/usb_cam/bin'
[2.084s] Level 1:colcon.colcon_core.environment:checking '/home/rllaguno/mini_challenges_eq5/install/usb_cam/lib/pkgconfig/usb_cam.pc'
[2.084s] Level 1:colcon.colcon_core.environment:checking '/home/rllaguno/mini_challenges_eq5/install/usb_cam/lib/python3.10/site-packages'
[2.085s] Level 1:colcon.colcon_core.environment:checking '/home/rllaguno/mini_challenges_eq5/install/usb_cam/bin'
[2.085s] INFO:colcon.colcon_core.shell:Creating package script '/home/rllaguno/mini_challenges_eq5/install/usb_cam/share/usb_cam/package.ps1'
[2.086s] INFO:colcon.colcon_core.shell:Creating package descriptor '/home/rllaguno/mini_challenges_eq5/install/usb_cam/share/usb_cam/package.dsv'
[2.086s] INFO:colcon.colcon_core.shell:Creating package script '/home/rllaguno/mini_challenges_eq5/install/usb_cam/share/usb_cam/package.sh'
[2.087s] INFO:colcon.colcon_core.shell:Creating package script '/home/rllaguno/mini_challenges_eq5/install/usb_cam/share/usb_cam/package.bash'
[2.087s] INFO:colcon.colcon_core.shell:Creating package script '/home/rllaguno/mini_challenges_eq5/install/usb_cam/share/usb_cam/package.zsh'
[2.088s] Level 1:colcon.colcon_core.environment:create_file_with_runtime_dependencies(/home/rllaguno/mini_challenges_eq5/install/usb_cam/share/colcon-core/packages/usb_cam)
[2.215s] DEBUG:colcon.colcon_core.event_handler.log_command:Invoking command in '/home/rllaguno/mini_challenges_eq5/src/mini_challenge_2': PYTHONPATH=/home/rllaguno/mini_challenges_eq5/build/mini_challenge_2/prefix_override:/home/rllaguno/mini_challenges_eq5/install/mini_challenge_2/lib/python3.10/site-packages:${PYTHONPATH} /usr/bin/python3 -W ignore:setup.py install is deprecated setup.py egg_info --egg-base ../../build/mini_challenge_2 build --build-base /home/rllaguno/mini_challenges_eq5/build/mini_challenge_2/build install --record /home/rllaguno/mini_challenges_eq5/build/mini_challenge_2/install.log --single-version-externally-managed install_data
[2.240s] DEBUG:colcon.colcon_core.event_handler.log_command:Invoking command in '/home/rllaguno/mini_challenges_eq5/src/mini_challenge_3': PYTHONPATH=/home/rllaguno/mini_challenges_eq5/build/mini_challenge_3/prefix_override:/home/rllaguno/mini_challenges_eq5/install/mini_challenge_3/lib/python3.10/site-packages:${PYTHONPATH} /usr/bin/python3 -W ignore:setup.py install is deprecated setup.py egg_info --egg-base ../../build/mini_challenge_3 build --build-base /home/rllaguno/mini_challenges_eq5/build/mini_challenge_3/build install --record /home/rllaguno/mini_challenges_eq5/build/mini_challenge_3/install.log --single-version-externally-managed install_data
[2.259s] DEBUG:colcon.colcon_core.event_handler.log_command:Invoking command in '/home/rllaguno/mini_challenges_eq5/src/mini_challenge_4': PYTHONPATH=/home/rllaguno/mini_challenges_eq5/build/mini_challenge_4/prefix_override:/home/rllaguno/mini_challenges_eq5/install/mini_challenge_4/lib/python3.10/site-packages:${PYTHONPATH} /usr/bin/python3 -W ignore:setup.py install is deprecated setup.py egg_info --egg-base ../../build/mini_challenge_4 build --build-base /home/rllaguno/mini_challenges_eq5/build/mini_challenge_4/build install --record /home/rllaguno/mini_challenges_eq5/build/mini_challenge_4/install.log --single-version-externally-managed install_data
[2.603s] Level 1:colcon.colcon_core.environment:checking '/home/rllaguno/mini_challenges_eq5/install/mini_challenge_2' for CMake module files
[2.605s] DEBUG:colcon.colcon_core.event_handler.log_command:Invoked command in '/home/rllaguno/mini_challenges_eq5/src/mini_challenge_2' returned '0': PYTHONPATH=/home/rllaguno/mini_challenges_eq5/build/mini_challenge_2/prefix_override:/home/rllaguno/mini_challenges_eq5/install/mini_challenge_2/lib/python3.10/site-packages:${PYTHONPATH} /usr/bin/python3 -W ignore:setup.py install is deprecated setup.py egg_info --egg-base ../../build/mini_challenge_2 build --build-base /home/rllaguno/mini_challenges_eq5/build/mini_challenge_2/build install --record /home/rllaguno/mini_challenges_eq5/build/mini_challenge_2/install.log --single-version-externally-managed install_data
[2.606s] Level 1:colcon.colcon_core.environment:checking '/home/rllaguno/mini_challenges_eq5/install/mini_challenge_2' for CMake config files
[2.608s] Level 1:colcon.colcon_core.environment:checking '/home/rllaguno/mini_challenges_eq5/install/mini_challenge_2/lib'
[2.608s] Level 1:colcon.colcon_core.environment:checking '/home/rllaguno/mini_challenges_eq5/install/mini_challenge_2/bin'
[2.608s] Level 1:colcon.colcon_core.environment:checking '/home/rllaguno/mini_challenges_eq5/install/mini_challenge_2/lib/pkgconfig/mini_challenge_2.pc'
[2.609s] Level 1:colcon.colcon_core.environment:checking '/home/rllaguno/mini_challenges_eq5/install/mini_challenge_2/lib/python3.10/site-packages'
[2.609s] Level 1:colcon.colcon_core.shell:create_environment_hook('mini_challenge_2', 'pythonpath')
[2.609s] INFO:colcon.colcon_core.shell:Creating environment hook '/home/rllaguno/mini_challenges_eq5/install/mini_challenge_2/share/mini_challenge_2/hook/pythonpath.ps1'
[2.610s] INFO:colcon.colcon_core.shell:Creating environment descriptor '/home/rllaguno/mini_challenges_eq5/install/mini_challenge_2/share/mini_challenge_2/hook/pythonpath.dsv'
[2.611s] INFO:colcon.colcon_core.shell:Creating environment hook '/home/rllaguno/mini_challenges_eq5/install/mini_challenge_2/share/mini_challenge_2/hook/pythonpath.sh'
[2.613s] Level 1:colcon.colcon_core.environment:checking '/home/rllaguno/mini_challenges_eq5/install/mini_challenge_2/bin'
[2.614s] Level 1:colcon.colcon_core.environment:create_environment_scripts_only(mini_challenge_2)
[2.615s] INFO:colcon.colcon_core.shell:Creating package script '/home/rllaguno/mini_challenges_eq5/install/mini_challenge_2/share/mini_challenge_2/package.ps1'
[2.618s] INFO:colcon.colcon_core.shell:Creating package descriptor '/home/rllaguno/mini_challenges_eq5/install/mini_challenge_2/share/mini_challenge_2/package.dsv'
[2.619s] INFO:colcon.colcon_core.shell:Creating package script '/home/rllaguno/mini_challenges_eq5/install/mini_challenge_2/share/mini_challenge_2/package.sh'
[2.620s] INFO:colcon.colcon_core.shell:Creating package script '/home/rllaguno/mini_challenges_eq5/install/mini_challenge_2/share/mini_challenge_2/package.bash'
[2.622s] INFO:colcon.colcon_core.shell:Creating package script '/home/rllaguno/mini_challenges_eq5/install/mini_challenge_2/share/mini_challenge_2/package.zsh'
[2.623s] Level 1:colcon.colcon_core.environment:create_file_with_runtime_dependencies(/home/rllaguno/mini_challenges_eq5/install/mini_challenge_2/share/colcon-core/packages/mini_challenge_2)
[2.651s] Level 1:colcon.colcon_core.environment:checking '/home/rllaguno/mini_challenges_eq5/install/mini_challenge_4' for CMake module files
[2.652s] DEBUG:colcon.colcon_core.event_handler.log_command:Invoked command in '/home/rllaguno/mini_challenges_eq5/src/mini_challenge_4' returned '0': PYTHONPATH=/home/rllaguno/mini_challenges_eq5/build/mini_challenge_4/prefix_override:/home/rllaguno/mini_challenges_eq5/install/mini_challenge_4/lib/python3.10/site-packages:${PYTHONPATH} /usr/bin/python3 -W ignore:setup.py install is deprecated setup.py egg_info --egg-base ../../build/mini_challenge_4 build --build-base /home/rllaguno/mini_challenges_eq5/build/mini_challenge_4/build install --record /home/rllaguno/mini_challenges_eq5/build/mini_challenge_4/install.log --single-version-externally-managed install_data
[2.653s] Level 1:colcon.colcon_core.environment:checking '/home/rllaguno/mini_challenges_eq5/install/mini_challenge_4' for CMake config files
[2.655s] Level 1:colcon.colcon_core.environment:checking '/home/rllaguno/mini_challenges_eq5/install/mini_challenge_4/lib'
[2.655s] Level 1:colcon.colcon_core.environment:checking '/home/rllaguno/mini_challenges_eq5/install/mini_challenge_4/bin'
[2.655s] Level 1:colcon.colcon_core.environment:checking '/home/rllaguno/mini_challenges_eq5/install/mini_challenge_4/lib/pkgconfig/mini_challenge_4.pc'
[2.656s] Level 1:colcon.colcon_core.environment:checking '/home/rllaguno/mini_challenges_eq5/install/mini_challenge_4/lib/python3.10/site-packages'
[2.656s] Level 1:colcon.colcon_core.shell:create_environment_hook('mini_challenge_4', 'pythonpath')
[2.656s] INFO:colcon.colcon_core.shell:Creating environment hook '/home/rllaguno/mini_challenges_eq5/install/mini_challenge_4/share/mini_challenge_4/hook/pythonpath.ps1'
[2.657s] INFO:colcon.colcon_core.shell:Creating environment descriptor '/home/rllaguno/mini_challenges_eq5/install/mini_challenge_4/share/mini_challenge_4/hook/pythonpath.dsv'
[2.658s] INFO:colcon.colcon_core.shell:Creating environment hook '/home/rllaguno/mini_challenges_eq5/install/mini_challenge_4/share/mini_challenge_4/hook/pythonpath.sh'
[2.658s] Level 1:colcon.colcon_core.environment:checking '/home/rllaguno/mini_challenges_eq5/install/mini_challenge_4/bin'
[2.658s] Level 1:colcon.colcon_core.environment:create_environment_scripts_only(mini_challenge_4)
[2.659s] INFO:colcon.colcon_core.shell:Creating package script '/home/rllaguno/mini_challenges_eq5/install/mini_challenge_4/share/mini_challenge_4/package.ps1'
[2.659s] INFO:colcon.colcon_core.shell:Creating package descriptor '/home/rllaguno/mini_challenges_eq5/install/mini_challenge_4/share/mini_challenge_4/package.dsv'
[2.660s] INFO:colcon.colcon_core.shell:Creating package script '/home/rllaguno/mini_challenges_eq5/install/mini_challenge_4/share/mini_challenge_4/package.sh'
[2.660s] INFO:colcon.colcon_core.shell:Creating package script '/home/rllaguno/mini_challenges_eq5/install/mini_challenge_4/share/mini_challenge_4/package.bash'
[2.661s] INFO:colcon.colcon_core.shell:Creating package script '/home/rllaguno/mini_challenges_eq5/install/mini_challenge_4/share/mini_challenge_4/package.zsh'
[2.661s] Level 1:colcon.colcon_core.environment:create_file_with_runtime_dependencies(/home/rllaguno/mini_challenges_eq5/install/mini_challenge_4/share/colcon-core/packages/mini_challenge_4)
[2.663s] Level 1:colcon.colcon_core.environment:checking '/home/rllaguno/mini_challenges_eq5/install/mini_challenge_3' for CMake module files
[2.663s] DEBUG:colcon.colcon_core.event_handler.log_command:Invoked command in '/home/rllaguno/mini_challenges_eq5/src/mini_challenge_3' returned '0': PYTHONPATH=/home/rllaguno/mini_challenges_eq5/build/mini_challenge_3/prefix_override:/home/rllaguno/mini_challenges_eq5/install/mini_challenge_3/lib/python3.10/site-packages:${PYTHONPATH} /usr/bin/python3 -W ignore:setup.py install is deprecated setup.py egg_info --egg-base ../../build/mini_challenge_3 build --build-base /home/rllaguno/mini_challenges_eq5/build/mini_challenge_3/build install --record /home/rllaguno/mini_challenges_eq5/build/mini_challenge_3/install.log --single-version-externally-managed install_data
[2.664s] Level 1:colcon.colcon_core.environment:checking '/home/rllaguno/mini_challenges_eq5/install/mini_challenge_3' for CMake config files
[2.665s] Level 1:colcon.colcon_core.environment:checking '/home/rllaguno/mini_challenges_eq5/install/mini_challenge_3/lib'
[2.665s] Level 1:colcon.colcon_core.environment:checking '/home/rllaguno/mini_challenges_eq5/install/mini_challenge_3/bin'
[2.665s] Level 1:colcon.colcon_core.environment:checking '/home/rllaguno/mini_challenges_eq5/install/mini_challenge_3/lib/pkgconfig/mini_challenge_3.pc'
[2.665s] Level 1:colcon.colcon_core.environment:checking '/home/rllaguno/mini_challenges_eq5/install/mini_challenge_3/lib/python3.10/site-packages'
[2.665s] Level 1:colcon.colcon_core.shell:create_environment_hook('mini_challenge_3', 'pythonpath')
[2.666s] INFO:colcon.colcon_core.shell:Creating environment hook '/home/rllaguno/mini_challenges_eq5/install/mini_challenge_3/share/mini_challenge_3/hook/pythonpath.ps1'
[2.666s] INFO:colcon.colcon_core.shell:Creating environment descriptor '/home/rllaguno/mini_challenges_eq5/install/mini_challenge_3/share/mini_challenge_3/hook/pythonpath.dsv'
[2.666s] INFO:colcon.colcon_core.shell:Creating environment hook '/home/rllaguno/mini_challenges_eq5/install/mini_challenge_3/share/mini_challenge_3/hook/pythonpath.sh'
[2.667s] Level 1:colcon.colcon_core.environment:checking '/home/rllaguno/mini_challenges_eq5/install/mini_challenge_3/bin'
[2.667s] Level 1:colcon.colcon_core.environment:create_environment_scripts_only(mini_challenge_3)
[2.668s] INFO:colcon.colcon_core.shell:Creating package script '/home/rllaguno/mini_challenges_eq5/install/mini_challenge_3/share/mini_challenge_3/package.ps1'
[2.668s] INFO:colcon.colcon_core.shell:Creating package descriptor '/home/rllaguno/mini_challenges_eq5/install/mini_challenge_3/share/mini_challenge_3/package.dsv'
[2.669s] INFO:colcon.colcon_core.shell:Creating package script '/home/rllaguno/mini_challenges_eq5/install/mini_challenge_3/share/mini_challenge_3/package.sh'
[2.669s] INFO:colcon.colcon_core.shell:Creating package script '/home/rllaguno/mini_challenges_eq5/install/mini_challenge_3/share/mini_challenge_3/package.bash'
[2.669s] INFO:colcon.colcon_core.shell:Creating package script '/home/rllaguno/mini_challenges_eq5/install/mini_challenge_3/share/mini_challenge_3/package.zsh'
[2.670s] Level 1:colcon.colcon_core.environment:create_file_with_runtime_dependencies(/home/rllaguno/mini_challenges_eq5/install/mini_challenge_3/share/colcon-core/packages/mini_challenge_3)
[2.670s] DEBUG:colcon.colcon_parallel_executor.executor.parallel:closing loop
[2.670s] DEBUG:colcon.colcon_parallel_executor.executor.parallel:loop closed
[2.671s] DEBUG:colcon.colcon_parallel_executor.executor.parallel:run_until_complete finished with '0'
[2.671s] DEBUG:colcon.colcon_core.event_reactor:joining thread
[2.677s] INFO:colcon.colcon_core.plugin_system:Skipping extension 'colcon_notification.desktop_notification.terminal_notifier': Not used on non-Darwin systems
[2.677s] INFO:colcon.colcon_core.plugin_system:Skipping extension 'colcon_notification.desktop_notification.win32': Not used on non-Windows systems
[2.677s] INFO:colcon.colcon_notification.desktop_notification:Sending desktop notification using 'notify2'
[2.696s] DEBUG:colcon.colcon_core.event_reactor:joined thread
[2.697s] INFO:colcon.colcon_core.shell:Creating prefix script '/home/rllaguno/mini_challenges_eq5/install/local_setup.ps1'
[2.699s] INFO:colcon.colcon_core.shell:Creating prefix util module '/home/rllaguno/mini_challenges_eq5/install/_local_setup_util_ps1.py'
[2.702s] INFO:colcon.colcon_core.shell:Creating prefix chain script '/home/rllaguno/mini_challenges_eq5/install/setup.ps1'
[2.704s] INFO:colcon.colcon_core.shell:Creating prefix script '/home/rllaguno/mini_challenges_eq5/install/local_setup.sh'
[2.706s] INFO:colcon.colcon_core.shell:Creating prefix util module '/home/rllaguno/mini_challenges_eq5/install/_local_setup_util_sh.py'
[2.707s] INFO:colcon.colcon_core.shell:Creating prefix chain script '/home/rllaguno/mini_challenges_eq5/install/setup.sh'
[2.710s] INFO:colcon.colcon_core.shell:Creating prefix script '/home/rllaguno/mini_challenges_eq5/install/local_setup.bash'
[2.711s] INFO:colcon.colcon_core.shell:Creating prefix chain script '/home/rllaguno/mini_challenges_eq5/install/setup.bash'
[2.714s] INFO:colcon.colcon_core.shell:Creating prefix script '/home/rllaguno/mini_challenges_eq5/install/local_setup.zsh'
[2.715s] INFO:colcon.colcon_core.shell:Creating prefix chain script '/home/rllaguno/mini_challenges_eq5/install/setup.zsh'
