[0.152s] DEBUG:colcon:Command line arguments: ['/usr/bin/colcon', 'build']
[0.152s] DEBUG:colcon:Parsed command line arguments: Namespace(log_base=None, log_level=None, verb_name='build', build_base='build', install_base='install', merge_install=False, symlink_install=False, test_result_base=None, continue_on_error=False, executor='parallel', parallel_workers=16, event_handlers=None, ignore_user_meta=False, metas=['./colcon.meta'], base_paths=['.'], packages_ignore=None, packages_ignore_regex=None, paths=None, packages_up_to=None, packages_up_to_regex=None, packages_above=None, packages_above_and_dependencies=None, packages_above_depth=None, packages_select_by_dep=None, packages_skip_by_dep=None, packages_skip_up_to=None, packages_select_build_failed=False, packages_skip_build_finished=False, packages_select_test_failures=False, packages_skip_test_passed=False, packages_select=None, packages_skip=None, packages_select_regex=None, packages_skip_regex=None, packages_start=None, packages_end=None, allow_overriding=[], cmake_args=None, cmake_target=None, cmake_target_skip_unavailable=False, cmake_clean_cache=False, cmake_clean_first=False, cmake_force_configure=False, ament_cmake_args=None, catkin_cmake_args=None, catkin_skip_building_tests=False, mixin_files=None, mixin=None, verb_parser=<colcon_mixin.mixin.mixin_argument.MixinArgumentDecorator object at 0x7bb677133070>, verb_extension=<colcon_core.verb.build.BuildVerb object at 0x7bb677132b00>, main=<bound method BuildVerb.main of <colcon_core.verb.build.BuildVerb object at 0x7bb677132b00>>, mixin_verb=('build',))
[0.385s] Level 1:colcon.colcon_core.package_discovery:discover_packages(colcon_meta) check parameters
[0.385s] Level 1:colcon.colcon_core.package_discovery:discover_packages(recursive) check parameters
[0.385s] Level 1:colcon.colcon_core.package_discovery:discover_packages(ignore) check parameters
[0.385s] Level 1:colcon.colcon_core.package_discovery:discover_packages(path) check parameters
[0.385s] Level 1:colcon.colcon_core.package_discovery:discover_packages(colcon_meta) discover
[0.385s] Level 1:colcon.colcon_core.package_discovery:discover_packages(recursive) discover
[0.386s] INFO:colcon.colcon_core.package_discovery:Crawling recursively for packages in '/home/rllaguno/mini_challenges_eq5'
[0.386s] Level 1:colcon.colcon_core.package_identification:_identify(.) by extensions ['ignore', 'ignore_ament_install']
[0.386s] Level 1:colcon.colcon_core.package_identification:_identify(.) by extension 'ignore'
[0.386s] Level 1:colcon.colcon_core.package_identification:_identify(.) by extension 'ignore_ament_install'
[0.386s] Level 1:colcon.colcon_core.package_identification:_identify(.) by extensions ['colcon_pkg']
[0.386s] Level 1:colcon.colcon_core.package_identification:_identify(.) by extension 'colcon_pkg'
[0.386s] Level 1:colcon.colcon_core.package_identification:_identify(.) by extensions ['colcon_meta']
[0.386s] Level 1:colcon.colcon_core.package_identification:_identify(.) by extension 'colcon_meta'
[0.386s] Level 1:colcon.colcon_core.package_identification:_identify(.) by extensions ['ros']
[0.386s] Level 1:colcon.colcon_core.package_identification:_identify(.) by extension 'ros'
[0.401s] Level 1:colcon.colcon_core.package_identification:_identify(.) by extensions ['cmake', 'python']
[0.401s] Level 1:colcon.colcon_core.package_identification:_identify(.) by extension 'cmake'
[0.401s] Level 1:colcon.colcon_core.package_identification:_identify(.) by extension 'python'
[0.401s] Level 1:colcon.colcon_core.package_identification:_identify(.) by extensions ['python_setup_py']
[0.401s] Level 1:colcon.colcon_core.package_identification:_identify(.) by extension 'python_setup_py'
[0.401s] Level 1:colcon.colcon_core.package_identification:_identify(build) by extensions ['ignore', 'ignore_ament_install']
[0.401s] Level 1:colcon.colcon_core.package_identification:_identify(build) by extension 'ignore'
[0.401s] Level 1:colcon.colcon_core.package_identification:_identify(build) ignored
[0.401s] Level 1:colcon.colcon_core.package_identification:_identify(install) by extensions ['ignore', 'ignore_ament_install']
[0.402s] Level 1:colcon.colcon_core.package_identification:_identify(install) by extension 'ignore'
[0.402s] Level 1:colcon.colcon_core.package_identification:_identify(install) ignored
[0.402s] Level 1:colcon.colcon_core.package_identification:_identify(log) by extensions ['ignore', 'ignore_ament_install']
[0.402s] Level 1:colcon.colcon_core.package_identification:_identify(log) by extension 'ignore'
[0.402s] Level 1:colcon.colcon_core.package_identification:_identify(log) ignored
[0.402s] Level 1:colcon.colcon_core.package_identification:_identify(src) by extensions ['ignore', 'ignore_ament_install']
[0.402s] Level 1:colcon.colcon_core.package_identification:_identify(src) by extension 'ignore'
[0.402s] Level 1:colcon.colcon_core.package_identification:_identify(src) by extension 'ignore_ament_install'
[0.402s] Level 1:colcon.colcon_core.package_identification:_identify(src) by extensions ['colcon_pkg']
[0.402s] Level 1:colcon.colcon_core.package_identification:_identify(src) by extension 'colcon_pkg'
[0.402s] Level 1:colcon.colcon_core.package_identification:_identify(src) by extensions ['colcon_meta']
[0.402s] Level 1:colcon.colcon_core.package_identification:_identify(src) by extension 'colcon_meta'
[0.403s] Level 1:colcon.colcon_core.package_identification:_identify(src) by extensions ['ros']
[0.403s] Level 1:colcon.colcon_core.package_identification:_identify(src) by extension 'ros'
[0.403s] Level 1:colcon.colcon_core.package_identification:_identify(src) by extensions ['cmake', 'python']
[0.403s] Level 1:colcon.colcon_core.package_identification:_identify(src) by extension 'cmake'
[0.403s] Level 1:colcon.colcon_core.package_identification:_identify(src) by extension 'python'
[0.403s] Level 1:colcon.colcon_core.package_identification:_identify(src) by extensions ['python_setup_py']
[0.403s] Level 1:colcon.colcon_core.package_identification:_identify(src) by extension 'python_setup_py'
[0.403s] Level 1:colcon.colcon_core.package_identification:_identify(src/mini_challenge_2) by extensions ['ignore', 'ignore_ament_install']
[0.403s] Level 1:colcon.colcon_core.package_identification:_identify(src/mini_challenge_2) by extension 'ignore'
[0.403s] Level 1:colcon.colcon_core.package_identification:_identify(src/mini_challenge_2) by extension 'ignore_ament_install'
[0.403s] Level 1:colcon.colcon_core.package_identification:_identify(src/mini_challenge_2) by extensions ['colcon_pkg']
[0.403s] Level 1:colcon.colcon_core.package_identification:_identify(src/mini_challenge_2) by extension 'colcon_pkg'
[0.403s] Level 1:colcon.colcon_core.package_identification:_identify(src/mini_challenge_2) by extensions ['colcon_meta']
[0.403s] Level 1:colcon.colcon_core.package_identification:_identify(src/mini_challenge_2) by extension 'colcon_meta'
[0.403s] Level 1:colcon.colcon_core.package_identification:_identify(src/mini_challenge_2) by extensions ['ros']
[0.403s] Level 1:colcon.colcon_core.package_identification:_identify(src/mini_challenge_2) by extension 'ros'
[0.407s] DEBUG:colcon.colcon_core.package_identification:Package 'src/mini_challenge_2' with type 'ros.ament_python' and name 'mini_challenge_2'
[0.407s] Level 1:colcon.colcon_core.package_identification:_identify(src/mini_challenge_3) by extensions ['ignore', 'ignore_ament_install']
[0.407s] Level 1:colcon.colcon_core.package_identification:_identify(src/mini_challenge_3) by extension 'ignore'
[0.408s] Level 1:colcon.colcon_core.package_identification:_identify(src/mini_challenge_3) by extension 'ignore_ament_install'
[0.408s] Level 1:colcon.colcon_core.package_identification:_identify(src/mini_challenge_3) by extensions ['colcon_pkg']
[0.408s] Level 1:colcon.colcon_core.package_identification:_identify(src/mini_challenge_3) by extension 'colcon_pkg'
[0.408s] Level 1:colcon.colcon_core.package_identification:_identify(src/mini_challenge_3) by extensions ['colcon_meta']
[0.408s] Level 1:colcon.colcon_core.package_identification:_identify(src/mini_challenge_3) by extension 'colcon_meta'
[0.408s] Level 1:colcon.colcon_core.package_identification:_identify(src/mini_challenge_3) by extensions ['ros']
[0.408s] Level 1:colcon.colcon_core.package_identification:_identify(src/mini_challenge_3) by extension 'ros'
[0.409s] DEBUG:colcon.colcon_core.package_identification:Package 'src/mini_challenge_3' with type 'ros.ament_python' and name 'mini_challenge_3'
[0.409s] Level 1:colcon.colcon_core.package_identification:_identify(src/mini_challenge_4) by extensions ['ignore', 'ignore_ament_install']
[0.409s] Level 1:colcon.colcon_core.package_identification:_identify(src/mini_challenge_4) by extension 'ignore'
[0.409s] Level 1:colcon.colcon_core.package_identification:_identify(src/mini_challenge_4) by extension 'ignore_ament_install'
[0.409s] Level 1:colcon.colcon_core.package_identification:_identify(src/mini_challenge_4) by extensions ['colcon_pkg']
[0.409s] Level 1:colcon.colcon_core.package_identification:_identify(src/mini_challenge_4) by extension 'colcon_pkg'
[0.409s] Level 1:colcon.colcon_core.package_identification:_identify(src/mini_challenge_4) by extensions ['colcon_meta']
[0.409s] Level 1:colcon.colcon_core.package_identification:_identify(src/mini_challenge_4) by extension 'colcon_meta'
[0.409s] Level 1:colcon.colcon_core.package_identification:_identify(src/mini_challenge_4) by extensions ['ros']
[0.410s] Level 1:colcon.colcon_core.package_identification:_identify(src/mini_challenge_4) by extension 'ros'
[0.410s] DEBUG:colcon.colcon_core.package_identification:Package 'src/mini_challenge_4' with type 'ros.ament_python' and name 'mini_challenge_4'
[0.410s] Level 1:colcon.colcon_core.package_identification:_identify(src/usb_cam) by extensions ['ignore', 'ignore_ament_install']
[0.411s] Level 1:colcon.colcon_core.package_identification:_identify(src/usb_cam) by extension 'ignore'
[0.411s] Level 1:colcon.colcon_core.package_identification:_identify(src/usb_cam) by extension 'ignore_ament_install'
[0.411s] Level 1:colcon.colcon_core.package_identification:_identify(src/usb_cam) by extensions ['colcon_pkg']
[0.411s] Level 1:colcon.colcon_core.package_identification:_identify(src/usb_cam) by extension 'colcon_pkg'
[0.411s] Level 1:colcon.colcon_core.package_identification:_identify(src/usb_cam) by extensions ['colcon_meta']
[0.411s] Level 1:colcon.colcon_core.package_identification:_identify(src/usb_cam) by extension 'colcon_meta'
[0.411s] Level 1:colcon.colcon_core.package_identification:_identify(src/usb_cam) by extensions ['ros']
[0.411s] Level 1:colcon.colcon_core.package_identification:_identify(src/usb_cam) by extension 'ros'
[0.449s] DEBUG:colcon.colcon_core.package_identification:Package 'src/usb_cam' with type 'ros.ament_cmake' and name 'usb_cam'
[0.450s] Level 1:colcon.colcon_core.package_discovery:discover_packages(recursive) using defaults
[0.450s] Level 1:colcon.colcon_core.package_discovery:discover_packages(ignore) discover
[0.450s] Level 1:colcon.colcon_core.package_discovery:discover_packages(ignore) using defaults
[0.450s] Level 1:colcon.colcon_core.package_discovery:discover_packages(path) discover
[0.450s] Level 1:colcon.colcon_core.package_discovery:discover_packages(path) using defaults
[0.478s] Level 1:colcon.colcon_core.package_discovery:discover_packages(prefix_path) check parameters
[0.478s] Level 1:colcon.colcon_core.package_discovery:discover_packages(prefix_path) discover
[0.480s] DEBUG:colcon.colcon_installed_package_information.package_discovery:Found 5 installed packages in /home/rllaguno/mini_challenges_eq5/install
[0.483s] DEBUG:colcon.colcon_installed_package_information.package_discovery:Found 342 installed packages in /opt/ros/humble
[0.486s] Level 1:colcon.colcon_core.package_discovery:discover_packages(prefix_path) using defaults
[0.547s] Level 5:colcon.colcon_core.verb:set package 'mini_challenge_2' build argument 'cmake_args' from command line to 'None'
[0.547s] Level 5:colcon.colcon_core.verb:set package 'mini_challenge_2' build argument 'cmake_target' from command line to 'None'
[0.547s] Level 5:colcon.colcon_core.verb:set package 'mini_challenge_2' build argument 'cmake_target_skip_unavailable' from command line to 'False'
[0.547s] Level 5:colcon.colcon_core.verb:set package 'mini_challenge_2' build argument 'cmake_clean_cache' from command line to 'False'
[0.547s] Level 5:colcon.colcon_core.verb:set package 'mini_challenge_2' build argument 'cmake_clean_first' from command line to 'False'
[0.547s] Level 5:colcon.colcon_core.verb:set package 'mini_challenge_2' build argument 'cmake_force_configure' from command line to 'False'
[0.547s] Level 5:colcon.colcon_core.verb:set package 'mini_challenge_2' build argument 'ament_cmake_args' from command line to 'None'
[0.547s] Level 5:colcon.colcon_core.verb:set package 'mini_challenge_2' build argument 'catkin_cmake_args' from command line to 'None'
[0.547s] Level 5:colcon.colcon_core.verb:set package 'mini_challenge_2' build argument 'catkin_skip_building_tests' from command line to 'False'
[0.547s] DEBUG:colcon.colcon_core.verb:Building package 'mini_challenge_2' with the following arguments: {'ament_cmake_args': None, 'build_base': '/home/rllaguno/mini_challenges_eq5/build/mini_challenge_2', 'catkin_cmake_args': None, 'catkin_skip_building_tests': False, 'cmake_args': None, 'cmake_clean_cache': False, 'cmake_clean_first': False, 'cmake_force_configure': False, 'cmake_target': None, 'cmake_target_skip_unavailable': False, 'install_base': '/home/rllaguno/mini_challenges_eq5/install/mini_challenge_2', 'merge_install': False, 'path': '/home/rllaguno/mini_challenges_eq5/src/mini_challenge_2', 'symlink_install': False, 'test_result_base': None}
[0.548s] Level 5:colcon.colcon_core.verb:set package 'mini_challenge_3' build argument 'cmake_args' from command line to 'None'
[0.548s] Level 5:colcon.colcon_core.verb:set package 'mini_challenge_3' build argument 'cmake_target' from command line to 'None'
[0.548s] Level 5:colcon.colcon_core.verb:set package 'mini_challenge_3' build argument 'cmake_target_skip_unavailable' from command line to 'False'
[0.548s] Level 5:colcon.colcon_core.verb:set package 'mini_challenge_3' build argument 'cmake_clean_cache' from command line to 'False'
[0.548s] Level 5:colcon.colcon_core.verb:set package 'mini_challenge_3' build argument 'cmake_clean_first' from command line to 'False'
[0.548s] Level 5:colcon.colcon_core.verb:set package 'mini_challenge_3' build argument 'cmake_force_configure' from command line to 'False'
[0.548s] Level 5:colcon.colcon_core.verb:set package 'mini_challenge_3' build argument 'ament_cmake_args' from command line to 'None'
[0.548s] Level 5:colcon.colcon_core.verb:set package 'mini_challenge_3' build argument 'catkin_cmake_args' from command line to 'None'
[0.548s] Level 5:colcon.colcon_core.verb:set package 'mini_challenge_3' build argument 'catkin_skip_building_tests' from command line to 'False'
[0.548s] DEBUG:colcon.colcon_core.verb:Building package 'mini_challenge_3' with the following arguments: {'ament_cmake_args': None, 'build_base': '/home/rllaguno/mini_challenges_eq5/build/mini_challenge_3', 'catkin_cmake_args': None, 'catkin_skip_building_tests': False, 'cmake_args': None, 'cmake_clean_cache': False, 'cmake_clean_first': False, 'cmake_force_configure': False, 'cmake_target': None, 'cmake_target_skip_unavailable': False, 'install_base': '/home/rllaguno/mini_challenges_eq5/install/mini_challenge_3', 'merge_install': False, 'path': '/home/rllaguno/mini_challenges_eq5/src/mini_challenge_3', 'symlink_install': False, 'test_result_base': None}
[0.548s] Level 5:colcon.colcon_core.verb:set package 'mini_challenge_4' build argument 'cmake_args' from command line to 'None'
[0.548s] Level 5:colcon.colcon_core.verb:set package 'mini_challenge_4' build argument 'cmake_target' from command line to 'None'
[0.548s] Level 5:colcon.colcon_core.verb:set package 'mini_challenge_4' build argument 'cmake_target_skip_unavailable' from command line to 'False'
[0.548s] Level 5:colcon.colcon_core.verb:set package 'mini_challenge_4' build argument 'cmake_clean_cache' from command line to 'False'
[0.548s] Level 5:colcon.colcon_core.verb:set package 'mini_challenge_4' build argument 'cmake_clean_first' from command line to 'False'
[0.549s] Level 5:colcon.colcon_core.verb:set package 'mini_challenge_4' build argument 'cmake_force_configure' from command line to 'False'
[0.549s] Level 5:colcon.colcon_core.verb:set package 'mini_challenge_4' build argument 'ament_cmake_args' from command line to 'None'
[0.549s] Level 5:colcon.colcon_core.verb:set package 'mini_challenge_4' build argument 'catkin_cmake_args' from command line to 'None'
[0.549s] Level 5:colcon.colcon_core.verb:set package 'mini_challenge_4' build argument 'catkin_skip_building_tests' from command line to 'False'
[0.549s] DEBUG:colcon.colcon_core.verb:Building package 'mini_challenge_4' with the following arguments: {'ament_cmake_args': None, 'build_base': '/home/rllaguno/mini_challenges_eq5/build/mini_challenge_4', 'catkin_cmake_args': None, 'catkin_skip_building_tests': False, 'cmake_args': None, 'cmake_clean_cache': False, 'cmake_clean_first': False, 'cmake_force_configure': False, 'cmake_target': None, 'cmake_target_skip_unavailable': False, 'install_base': '/home/rllaguno/mini_challenges_eq5/install/mini_challenge_4', 'merge_install': False, 'path': '/home/rllaguno/mini_challenges_eq5/src/mini_challenge_4', 'symlink_install': False, 'test_result_base': None}
[0.549s] Level 5:colcon.colcon_core.verb:set package 'usb_cam' build argument 'cmake_args' from command line to 'None'
[0.549s] Level 5:colcon.colcon_core.verb:set package 'usb_cam' build argument 'cmake_target' from command line to 'None'
[0.549s] Level 5:colcon.colcon_core.verb:set package 'usb_cam' build argument 'cmake_target_skip_unavailable' from command line to 'False'
[0.549s] Level 5:colcon.colcon_core.verb:set package 'usb_cam' build argument 'cmake_clean_cache' from command line to 'False'
[0.549s] Level 5:colcon.colcon_core.verb:set package 'usb_cam' build argument 'cmake_clean_first' from command line to 'False'
[0.549s] Level 5:colcon.colcon_core.verb:set package 'usb_cam' build argument 'cmake_force_configure' from command line to 'False'
[0.549s] Level 5:colcon.colcon_core.verb:set package 'usb_cam' build argument 'ament_cmake_args' from command line to 'None'
[0.549s] Level 5:colcon.colcon_core.verb:set package 'usb_cam' build argument 'catkin_cmake_args' from command line to 'None'
[0.549s] Level 5:colcon.colcon_core.verb:set package 'usb_cam' build argument 'catkin_skip_building_tests' from command line to 'False'
[0.549s] DEBUG:colcon.colcon_core.verb:Building package 'usb_cam' with the following arguments: {'ament_cmake_args': None, 'build_base': '/home/rllaguno/mini_challenges_eq5/build/usb_cam', 'catkin_cmake_args': None, 'catkin_skip_building_tests': False, 'cmake_args': None, 'cmake_clean_cache': False, 'cmake_clean_first': False, 'cmake_force_configure': False, 'cmake_target': None, 'cmake_target_skip_unavailable': False, 'install_base': '/home/rllaguno/mini_challenges_eq5/install/usb_cam', 'merge_install': False, 'path': '/home/rllaguno/mini_challenges_eq5/src/usb_cam', 'symlink_install': False, 'test_result_base': None}
[0.550s] INFO:colcon.colcon_core.executor:Executing jobs using 'parallel' executor
[0.551s] DEBUG:colcon.colcon_parallel_executor.executor.parallel:run_until_complete
[0.552s] INFO:colcon.colcon_ros.task.ament_python.build:Building ROS package in '/home/rllaguno/mini_challenges_eq5/src/mini_challenge_2' with build type 'ament_python'
[0.552s] Level 1:colcon.colcon_core.shell:create_environment_hook('mini_challenge_2', 'ament_prefix_path')
[0.555s] INFO:colcon.colcon_core.plugin_system:Skipping extension 'colcon_core.shell.bat': Not used on non-Windows systems
[0.555s] INFO:colcon.colcon_core.shell:Creating environment hook '/home/rllaguno/mini_challenges_eq5/install/mini_challenge_2/share/mini_challenge_2/hook/ament_prefix_path.ps1'
[0.556s] INFO:colcon.colcon_core.shell:Creating environment descriptor '/home/rllaguno/mini_challenges_eq5/install/mini_challenge_2/share/mini_challenge_2/hook/ament_prefix_path.dsv'
[0.556s] INFO:colcon.colcon_core.shell:Creating environment hook '/home/rllaguno/mini_challenges_eq5/install/mini_challenge_2/share/mini_challenge_2/hook/ament_prefix_path.sh'
[0.557s] INFO:colcon.colcon_core.shell:Skip shell extension 'powershell' for command environment: Not usable outside of PowerShell
[0.558s] DEBUG:colcon.colcon_core.shell:Skip shell extension 'dsv' for command environment
[0.563s] INFO:colcon.colcon_ros.task.ament_python.build:Building ROS package in '/home/rllaguno/mini_challenges_eq5/src/mini_challenge_3' with build type 'ament_python'
[0.564s] Level 1:colcon.colcon_core.shell:create_environment_hook('mini_challenge_3', 'ament_prefix_path')
[0.564s] INFO:colcon.colcon_core.shell:Creating environment hook '/home/rllaguno/mini_challenges_eq5/install/mini_challenge_3/share/mini_challenge_3/hook/ament_prefix_path.ps1'
[0.565s] INFO:colcon.colcon_core.shell:Creating environment descriptor '/home/rllaguno/mini_challenges_eq5/install/mini_challenge_3/share/mini_challenge_3/hook/ament_prefix_path.dsv'
[0.565s] INFO:colcon.colcon_core.shell:Creating environment hook '/home/rllaguno/mini_challenges_eq5/install/mini_challenge_3/share/mini_challenge_3/hook/ament_prefix_path.sh'
[0.566s] INFO:colcon.colcon_core.shell:Skip shell extension 'powershell' for command environment: Not usable outside of PowerShell
[0.566s] DEBUG:colcon.colcon_core.shell:Skip shell extension 'dsv' for command environment
[0.571s] INFO:colcon.colcon_ros.task.ament_python.build:Building ROS package in '/home/rllaguno/mini_challenges_eq5/src/mini_challenge_4' with build type 'ament_python'
[0.572s] Level 1:colcon.colcon_core.shell:create_environment_hook('mini_challenge_4', 'ament_prefix_path')
[0.572s] INFO:colcon.colcon_core.shell:Creating environment hook '/home/rllaguno/mini_challenges_eq5/install/mini_challenge_4/share/mini_challenge_4/hook/ament_prefix_path.ps1'
[0.573s] INFO:colcon.colcon_core.shell:Creating environment descriptor '/home/rllaguno/mini_challenges_eq5/install/mini_challenge_4/share/mini_challenge_4/hook/ament_prefix_path.dsv'
[0.573s] INFO:colcon.colcon_core.shell:Creating environment hook '/home/rllaguno/mini_challenges_eq5/install/mini_challenge_4/share/mini_challenge_4/hook/ament_prefix_path.sh'
[0.574s] INFO:colcon.colcon_core.shell:Skip shell extension 'powershell' for command environment: Not usable outside of PowerShell
[0.574s] DEBUG:colcon.colcon_core.shell:Skip shell extension 'dsv' for command environment
[0.579s] INFO:colcon.colcon_ros.task.ament_cmake.build:Building ROS package in '/home/rllaguno/mini_challenges_eq5/src/usb_cam' with build type 'ament_cmake'
[0.579s] INFO:colcon.colcon_cmake.task.cmake.build:Building CMake package in '/home/rllaguno/mini_challenges_eq5/src/usb_cam'
[0.579s] INFO:colcon.colcon_core.shell:Skip shell extension 'powershell' for command environment: Not usable outside of PowerShell
[0.579s] DEBUG:colcon.colcon_core.shell:Skip shell extension 'dsv' for command environment
[0.985s] INFO:colcon.colcon_core.task.python.build:Building Python package in '/home/rllaguno/mini_challenges_eq5/src/mini_challenge_2'
[0.986s] INFO:colcon.colcon_core.shell:Skip shell extension 'powershell' for command environment: Not usable outside of PowerShell
[0.986s] DEBUG:colcon.colcon_core.shell:Skip shell extension 'dsv' for command environment
[1.366s] INFO:colcon.colcon_core.task.python.build:Building Python package in '/home/rllaguno/mini_challenges_eq5/src/mini_challenge_3'
[1.366s] INFO:colcon.colcon_core.shell:Skip shell extension 'powershell' for command environment: Not usable outside of PowerShell
[1.366s] DEBUG:colcon.colcon_core.shell:Skip shell extension 'dsv' for command environment
[1.760s] INFO:colcon.colcon_core.task.python.build:Building Python package in '/home/rllaguno/mini_challenges_eq5/src/mini_challenge_4'
[1.761s] INFO:colcon.colcon_core.shell:Skip shell extension 'powershell' for command environment: Not usable outside of PowerShell
[1.761s] DEBUG:colcon.colcon_core.shell:Skip shell extension 'dsv' for command environment
[1.784s] DEBUG:colcon.colcon_core.event_handler.log_command:Invoking command in '/home/rllaguno/mini_challenges_eq5/build/usb_cam': CMAKE_PREFIX_PATH=${CMAKE_PREFIX_PATH}:/home/rllaguno/mini_challenges_eq5/install/mini_challenge_4:/home/rllaguno/mini_challenges_eq5/install/mini_challenge_3:/home/rllaguno/mini_challenges_eq5/install/mini_challenge_2:/opt/ros/humble /usr/bin/cmake --build /home/rllaguno/mini_challenges_eq5/build/usb_cam -- -j16 -l16
[1.974s] DEBUG:colcon.colcon_core.event_handler.log_command:Invoked command in '/home/rllaguno/mini_challenges_eq5/build/usb_cam' returned '0': CMAKE_PREFIX_PATH=${CMAKE_PREFIX_PATH}:/home/rllaguno/mini_challenges_eq5/install/mini_challenge_4:/home/rllaguno/mini_challenges_eq5/install/mini_challenge_3:/home/rllaguno/mini_challenges_eq5/install/mini_challenge_2:/opt/ros/humble /usr/bin/cmake --build /home/rllaguno/mini_challenges_eq5/build/usb_cam -- -j16 -l16
[2.066s] DEBUG:colcon.colcon_core.event_handler.log_command:Invoking command in '/home/rllaguno/mini_challenges_eq5/build/usb_cam': CMAKE_PREFIX_PATH=${CMAKE_PREFIX_PATH}:/home/rllaguno/mini_challenges_eq5/install/mini_challenge_4:/home/rllaguno/mini_challenges_eq5/install/mini_challenge_3:/home/rllaguno/mini_challenges_eq5/install/mini_challenge_2:/opt/ros/humble /usr/bin/cmake --install /home/rllaguno/mini_challenges_eq5/build/usb_cam
[2.084s] Level 1:colcon.colcon_core.environment:create_environment_scripts_only(usb_cam)
[2.090s] DEBUG:colcon.colcon_core.event_handler.log_command:Invoked command in '/home/rllaguno/mini_challenges_eq5/build/usb_cam' returned '0': CMAKE_PREFIX_PATH=${CMAKE_PREFIX_PATH}:/home/rllaguno/mini_challenges_eq5/install/mini_challenge_4:/home/rllaguno/mini_challenges_eq5/install/mini_challenge_3:/home/rllaguno/mini_challenges_eq5/install/mini_challenge_2:/opt/ros/humble /usr/bin/cmake --install /home/rllaguno/mini_challenges_eq5/build/usb_cam
[2.091s] Level 1:colcon.colcon_core.environment:checking '/home/rllaguno/mini_challenges_eq5/install/usb_cam' for CMake module files
[2.092s] Level 1:colcon.colcon_core.environment:checking '/home/rllaguno/mini_challenges_eq5/install/usb_cam' for CMake config files
[2.092s] Level 1:colcon.colcon_core.shell:create_environment_hook('usb_cam', 'cmake_prefix_path')
[2.093s] INFO:colcon.colcon_core.shell:Creating environment hook '/home/rllaguno/mini_challenges_eq5/install/usb_cam/share/usb_cam/hook/cmake_prefix_path.ps1'
[2.093s] INFO:colcon.colcon_core.shell:Creating environment descriptor '/home/rllaguno/mini_challenges_eq5/install/usb_cam/share/usb_cam/hook/cmake_prefix_path.dsv'
[2.093s] INFO:colcon.colcon_core.shell:Creating environment hook '/home/rllaguno/mini_challenges_eq5/install/usb_cam/share/usb_cam/hook/cmake_prefix_path.sh'
[2.094s] Level 1:colcon.colcon_core.environment:checking '/home/rllaguno/mini_challenges_eq5/install/usb_cam/lib'
[2.094s] Level 1:colcon.colcon_core.shell:create_environment_hook('usb_cam', 'ld_library_path_lib')
[2.095s] INFO:colcon.colcon_core.shell:Creating environment hook '/home/rllaguno/mini_challenges_eq5/install/usb_cam/share/usb_cam/hook/ld_library_path_lib.ps1'
[2.095s] INFO:colcon.colcon_core.shell:Creating environment descriptor '/home/rllaguno/mini_challenges_eq5/install/usb_cam/share/usb_cam/hook/ld_library_path_lib.dsv'
[2.096s] INFO:colcon.colcon_core.shell:Creating environment hook '/home/rllaguno/mini_challenges_eq5/install/usb_cam/share/usb_cam/hook/ld_library_path_lib.sh'
[2.096s] Level 1:colcon.colcon_core.environment:checking '/home/rllaguno/mini_challenges_eq5/install/usb_cam/bin'
[2.096s] Level 1:colcon.colcon_core.environment:checking '/home/rllaguno/mini_challenges_eq5/install/usb_cam/lib/pkgconfig/usb_cam.pc'
[2.096s] Level 1:colcon.colcon_core.environment:checking '/home/rllaguno/mini_challenges_eq5/install/usb_cam/lib/python3.10/site-packages'
[2.097s] Level 1:colcon.colcon_core.environment:checking '/home/rllaguno/mini_challenges_eq5/install/usb_cam/bin'
[2.097s] INFO:colcon.colcon_core.shell:Creating package script '/home/rllaguno/mini_challenges_eq5/install/usb_cam/share/usb_cam/package.ps1'
[2.098s] INFO:colcon.colcon_core.shell:Creating package descriptor '/home/rllaguno/mini_challenges_eq5/install/usb_cam/share/usb_cam/package.dsv'
[2.099s] INFO:colcon.colcon_core.shell:Creating package script '/home/rllaguno/mini_challenges_eq5/install/usb_cam/share/usb_cam/package.sh'
[2.100s] INFO:colcon.colcon_core.shell:Creating package script '/home/rllaguno/mini_challenges_eq5/install/usb_cam/share/usb_cam/package.bash'
[2.101s] INFO:colcon.colcon_core.shell:Creating package script '/home/rllaguno/mini_challenges_eq5/install/usb_cam/share/usb_cam/package.zsh'
[2.102s] Level 1:colcon.colcon_core.environment:create_file_with_runtime_dependencies(/home/rllaguno/mini_challenges_eq5/install/usb_cam/share/colcon-core/packages/usb_cam)
[2.180s] Level 1:colcon.colcon_core.environment:create_environment_scripts_only(usb_cam)
[2.181s] Level 1:colcon.colcon_core.environment:checking '/home/rllaguno/mini_challenges_eq5/install/usb_cam' for CMake module files
[2.182s] Level 1:colcon.colcon_core.environment:checking '/home/rllaguno/mini_challenges_eq5/install/usb_cam' for CMake config files
[2.182s] Level 1:colcon.colcon_core.shell:create_environment_hook('usb_cam', 'cmake_prefix_path')
[2.183s] INFO:colcon.colcon_core.shell:Creating environment hook '/home/rllaguno/mini_challenges_eq5/install/usb_cam/share/usb_cam/hook/cmake_prefix_path.ps1'
[2.183s] INFO:colcon.colcon_core.shell:Creating environment descriptor '/home/rllaguno/mini_challenges_eq5/install/usb_cam/share/usb_cam/hook/cmake_prefix_path.dsv'
[2.184s] INFO:colcon.colcon_core.shell:Creating environment hook '/home/rllaguno/mini_challenges_eq5/install/usb_cam/share/usb_cam/hook/cmake_prefix_path.sh'
[2.185s] Level 1:colcon.colcon_core.environment:checking '/home/rllaguno/mini_challenges_eq5/install/usb_cam/lib'
[2.185s] Level 1:colcon.colcon_core.shell:create_environment_hook('usb_cam', 'ld_library_path_lib')
[2.185s] INFO:colcon.colcon_core.shell:Creating environment hook '/home/rllaguno/mini_challenges_eq5/install/usb_cam/share/usb_cam/hook/ld_library_path_lib.ps1'
[2.186s] INFO:colcon.colcon_core.shell:Creating environment descriptor '/home/rllaguno/mini_challenges_eq5/install/usb_cam/share/usb_cam/hook/ld_library_path_lib.dsv'
[2.187s] INFO:colcon.colcon_core.shell:Creating environment hook '/home/rllaguno/mini_challenges_eq5/install/usb_cam/share/usb_cam/hook/ld_library_path_lib.sh'
[2.187s] Level 1:colcon.colcon_core.environment:checking '/home/rllaguno/mini_challenges_eq5/install/usb_cam/bin'
[2.187s] Level 1:colcon.colcon_core.environment:checking '/home/rllaguno/mini_challenges_eq5/install/usb_cam/lib/pkgconfig/usb_cam.pc'
[2.188s] Level 1:colcon.colcon_core.environment:checking '/home/rllaguno/mini_challenges_eq5/install/usb_cam/lib/python3.10/site-packages'
[2.188s] Level 1:colcon.colcon_core.environment:checking '/home/rllaguno/mini_challenges_eq5/install/usb_cam/bin'
[2.189s] INFO:colcon.colcon_core.shell:Creating package script '/home/rllaguno/mini_challenges_eq5/install/usb_cam/share/usb_cam/package.ps1'
[2.190s] INFO:colcon.colcon_core.shell:Creating package descriptor '/home/rllaguno/mini_challenges_eq5/install/usb_cam/share/usb_cam/package.dsv'
[2.191s] INFO:colcon.colcon_core.shell:Creating package script '/home/rllaguno/mini_challenges_eq5/install/usb_cam/share/usb_cam/package.sh'
[2.191s] INFO:colcon.colcon_core.shell:Creating package script '/home/rllaguno/mini_challenges_eq5/install/usb_cam/share/usb_cam/package.bash'
[2.192s] INFO:colcon.colcon_core.shell:Creating package script '/home/rllaguno/mini_challenges_eq5/install/usb_cam/share/usb_cam/package.zsh'
[2.193s] Level 1:colcon.colcon_core.environment:create_file_with_runtime_dependencies(/home/rllaguno/mini_challenges_eq5/install/usb_cam/share/colcon-core/packages/usb_cam)
[2.322s] DEBUG:colcon.colcon_core.event_handler.log_command:Invoking command in '/home/rllaguno/mini_challenges_eq5/src/mini_challenge_2': PYTHONPATH=/home/rllaguno/mini_challenges_eq5/build/mini_challenge_2/prefix_override:/home/rllaguno/mini_challenges_eq5/install/mini_challenge_2/lib/python3.10/site-packages:${PYTHONPATH} /usr/bin/python3 -W ignore:setup.py install is deprecated setup.py egg_info --egg-base ../../build/mini_challenge_2 build --build-base /home/rllaguno/mini_challenges_eq5/build/mini_challenge_2/build install --record /home/rllaguno/mini_challenges_eq5/build/mini_challenge_2/install.log --single-version-externally-managed install_data
[2.325s] DEBUG:colcon.colcon_core.event_handler.log_command:Invoking command in '/home/rllaguno/mini_challenges_eq5/src/mini_challenge_4': PYTHONPATH=/home/rllaguno/mini_challenges_eq5/build/mini_challenge_4/prefix_override:/home/rllaguno/mini_challenges_eq5/install/mini_challenge_4/lib/python3.10/site-packages:${PYTHONPATH} /usr/bin/python3 -W ignore:setup.py install is deprecated setup.py egg_info --egg-base ../../build/mini_challenge_4 build --build-base /home/rllaguno/mini_challenges_eq5/build/mini_challenge_4/build install --record /home/rllaguno/mini_challenges_eq5/build/mini_challenge_4/install.log --single-version-externally-managed install_data
[2.335s] DEBUG:colcon.colcon_core.event_handler.log_command:Invoking command in '/home/rllaguno/mini_challenges_eq5/src/mini_challenge_3': PYTHONPATH=/home/rllaguno/mini_challenges_eq5/build/mini_challenge_3/prefix_override:/home/rllaguno/mini_challenges_eq5/install/mini_challenge_3/lib/python3.10/site-packages:${PYTHONPATH} /usr/bin/python3 -W ignore:setup.py install is deprecated setup.py egg_info --egg-base ../../build/mini_challenge_3 build --build-base /home/rllaguno/mini_challenges_eq5/build/mini_challenge_3/build install --record /home/rllaguno/mini_challenges_eq5/build/mini_challenge_3/install.log --single-version-externally-managed install_data
[2.724s] Level 1:colcon.colcon_core.environment:checking '/home/rllaguno/mini_challenges_eq5/install/mini_challenge_2' for CMake module files
[2.726s] DEBUG:colcon.colcon_core.event_handler.log_command:Invoked command in '/home/rllaguno/mini_challenges_eq5/src/mini_challenge_2' returned '0': PYTHONPATH=/home/rllaguno/mini_challenges_eq5/build/mini_challenge_2/prefix_override:/home/rllaguno/mini_challenges_eq5/install/mini_challenge_2/lib/python3.10/site-packages:${PYTHONPATH} /usr/bin/python3 -W ignore:setup.py install is deprecated setup.py egg_info --egg-base ../../build/mini_challenge_2 build --build-base /home/rllaguno/mini_challenges_eq5/build/mini_challenge_2/build install --record /home/rllaguno/mini_challenges_eq5/build/mini_challenge_2/install.log --single-version-externally-managed install_data
[2.727s] Level 1:colcon.colcon_core.environment:checking '/home/rllaguno/mini_challenges_eq5/install/mini_challenge_2' for CMake config files
[2.728s] Level 1:colcon.colcon_core.environment:checking '/home/rllaguno/mini_challenges_eq5/install/mini_challenge_2/lib'
[2.728s] Level 1:colcon.colcon_core.environment:checking '/home/rllaguno/mini_challenges_eq5/install/mini_challenge_2/bin'
[2.728s] Level 1:colcon.colcon_core.environment:checking '/home/rllaguno/mini_challenges_eq5/install/mini_challenge_2/lib/pkgconfig/mini_challenge_2.pc'
[2.729s] Level 1:colcon.colcon_core.environment:checking '/home/rllaguno/mini_challenges_eq5/install/mini_challenge_2/lib/python3.10/site-packages'
[2.729s] Level 1:colcon.colcon_core.shell:create_environment_hook('mini_challenge_2', 'pythonpath')
[2.730s] INFO:colcon.colcon_core.shell:Creating environment hook '/home/rllaguno/mini_challenges_eq5/install/mini_challenge_2/share/mini_challenge_2/hook/pythonpath.ps1'
[2.731s] INFO:colcon.colcon_core.shell:Creating environment descriptor '/home/rllaguno/mini_challenges_eq5/install/mini_challenge_2/share/mini_challenge_2/hook/pythonpath.dsv'
[2.732s] INFO:colcon.colcon_core.shell:Creating environment hook '/home/rllaguno/mini_challenges_eq5/install/mini_challenge_2/share/mini_challenge_2/hook/pythonpath.sh'
[2.733s] Level 1:colcon.colcon_core.environment:checking '/home/rllaguno/mini_challenges_eq5/install/mini_challenge_2/bin'
[2.733s] Level 1:colcon.colcon_core.environment:create_environment_scripts_only(mini_challenge_2)
[2.734s] INFO:colcon.colcon_core.shell:Creating package script '/home/rllaguno/mini_challenges_eq5/install/mini_challenge_2/share/mini_challenge_2/package.ps1'
[2.735s] INFO:colcon.colcon_core.shell:Creating package descriptor '/home/rllaguno/mini_challenges_eq5/install/mini_challenge_2/share/mini_challenge_2/package.dsv'
[2.736s] INFO:colcon.colcon_core.shell:Creating package script '/home/rllaguno/mini_challenges_eq5/install/mini_challenge_2/share/mini_challenge_2/package.sh'
[2.737s] INFO:colcon.colcon_core.shell:Creating package script '/home/rllaguno/mini_challenges_eq5/install/mini_challenge_2/share/mini_challenge_2/package.bash'
[2.738s] INFO:colcon.colcon_core.shell:Creating package script '/home/rllaguno/mini_challenges_eq5/install/mini_challenge_2/share/mini_challenge_2/package.zsh'
[2.738s] Level 1:colcon.colcon_core.environment:create_file_with_runtime_dependencies(/home/rllaguno/mini_challenges_eq5/install/mini_challenge_2/share/colcon-core/packages/mini_challenge_2)
[2.741s] Level 1:colcon.colcon_core.environment:checking '/home/rllaguno/mini_challenges_eq5/install/mini_challenge_4' for CMake module files
[2.743s] DEBUG:colcon.colcon_core.event_handler.log_command:Invoked command in '/home/rllaguno/mini_challenges_eq5/src/mini_challenge_4' returned '0': PYTHONPATH=/home/rllaguno/mini_challenges_eq5/build/mini_challenge_4/prefix_override:/home/rllaguno/mini_challenges_eq5/install/mini_challenge_4/lib/python3.10/site-packages:${PYTHONPATH} /usr/bin/python3 -W ignore:setup.py install is deprecated setup.py egg_info --egg-base ../../build/mini_challenge_4 build --build-base /home/rllaguno/mini_challenges_eq5/build/mini_challenge_4/build install --record /home/rllaguno/mini_challenges_eq5/build/mini_challenge_4/install.log --single-version-externally-managed install_data
[2.743s] Level 1:colcon.colcon_core.environment:checking '/home/rllaguno/mini_challenges_eq5/install/mini_challenge_4' for CMake config files
[2.745s] Level 1:colcon.colcon_core.environment:checking '/home/rllaguno/mini_challenges_eq5/install/mini_challenge_4/lib'
[2.745s] Level 1:colcon.colcon_core.environment:checking '/home/rllaguno/mini_challenges_eq5/install/mini_challenge_4/bin'
[2.745s] Level 1:colcon.colcon_core.environment:checking '/home/rllaguno/mini_challenges_eq5/install/mini_challenge_4/lib/pkgconfig/mini_challenge_4.pc'
[2.746s] Level 1:colcon.colcon_core.environment:checking '/home/rllaguno/mini_challenges_eq5/install/mini_challenge_4/lib/python3.10/site-packages'
[2.746s] Level 1:colcon.colcon_core.shell:create_environment_hook('mini_challenge_4', 'pythonpath')
[2.746s] INFO:colcon.colcon_core.shell:Creating environment hook '/home/rllaguno/mini_challenges_eq5/install/mini_challenge_4/share/mini_challenge_4/hook/pythonpath.ps1'
[2.747s] INFO:colcon.colcon_core.shell:Creating environment descriptor '/home/rllaguno/mini_challenges_eq5/install/mini_challenge_4/share/mini_challenge_4/hook/pythonpath.dsv'
[2.748s] INFO:colcon.colcon_core.shell:Creating environment hook '/home/rllaguno/mini_challenges_eq5/install/mini_challenge_4/share/mini_challenge_4/hook/pythonpath.sh'
[2.749s] Level 1:colcon.colcon_core.environment:checking '/home/rllaguno/mini_challenges_eq5/install/mini_challenge_4/bin'
[2.750s] Level 1:colcon.colcon_core.environment:create_environment_scripts_only(mini_challenge_4)
[2.750s] INFO:colcon.colcon_core.shell:Creating package script '/home/rllaguno/mini_challenges_eq5/install/mini_challenge_4/share/mini_challenge_4/package.ps1'
[2.751s] INFO:colcon.colcon_core.shell:Creating package descriptor '/home/rllaguno/mini_challenges_eq5/install/mini_challenge_4/share/mini_challenge_4/package.dsv'
[2.752s] INFO:colcon.colcon_core.shell:Creating package script '/home/rllaguno/mini_challenges_eq5/install/mini_challenge_4/share/mini_challenge_4/package.sh'
[2.753s] INFO:colcon.colcon_core.shell:Creating package script '/home/rllaguno/mini_challenges_eq5/install/mini_challenge_4/share/mini_challenge_4/package.bash'
[2.754s] INFO:colcon.colcon_core.shell:Creating package script '/home/rllaguno/mini_challenges_eq5/install/mini_challenge_4/share/mini_challenge_4/package.zsh'
[2.755s] Level 1:colcon.colcon_core.environment:create_file_with_runtime_dependencies(/home/rllaguno/mini_challenges_eq5/install/mini_challenge_4/share/colcon-core/packages/mini_challenge_4)
[2.758s] Level 1:colcon.colcon_core.environment:checking '/home/rllaguno/mini_challenges_eq5/install/mini_challenge_3' for CMake module files
[2.759s] DEBUG:colcon.colcon_core.event_handler.log_command:Invoked command in '/home/rllaguno/mini_challenges_eq5/src/mini_challenge_3' returned '0': PYTHONPATH=/home/rllaguno/mini_challenges_eq5/build/mini_challenge_3/prefix_override:/home/rllaguno/mini_challenges_eq5/install/mini_challenge_3/lib/python3.10/site-packages:${PYTHONPATH} /usr/bin/python3 -W ignore:setup.py install is deprecated setup.py egg_info --egg-base ../../build/mini_challenge_3 build --build-base /home/rllaguno/mini_challenges_eq5/build/mini_challenge_3/build install --record /home/rllaguno/mini_challenges_eq5/build/mini_challenge_3/install.log --single-version-externally-managed install_data
[2.760s] Level 1:colcon.colcon_core.environment:checking '/home/rllaguno/mini_challenges_eq5/install/mini_challenge_3' for CMake config files
[2.761s] Level 1:colcon.colcon_core.environment:checking '/home/rllaguno/mini_challenges_eq5/install/mini_challenge_3/lib'
[2.761s] Level 1:colcon.colcon_core.environment:checking '/home/rllaguno/mini_challenges_eq5/install/mini_challenge_3/bin'
[2.761s] Level 1:colcon.colcon_core.environment:checking '/home/rllaguno/mini_challenges_eq5/install/mini_challenge_3/lib/pkgconfig/mini_challenge_3.pc'
[2.762s] Level 1:colcon.colcon_core.environment:checking '/home/rllaguno/mini_challenges_eq5/install/mini_challenge_3/lib/python3.10/site-packages'
[2.762s] Level 1:colcon.colcon_core.shell:create_environment_hook('mini_challenge_3', 'pythonpath')
[2.762s] INFO:colcon.colcon_core.shell:Creating environment hook '/home/rllaguno/mini_challenges_eq5/install/mini_challenge_3/share/mini_challenge_3/hook/pythonpath.ps1'
[2.763s] INFO:colcon.colcon_core.shell:Creating environment descriptor '/home/rllaguno/mini_challenges_eq5/install/mini_challenge_3/share/mini_challenge_3/hook/pythonpath.dsv'
[2.764s] INFO:colcon.colcon_core.shell:Creating environment hook '/home/rllaguno/mini_challenges_eq5/install/mini_challenge_3/share/mini_challenge_3/hook/pythonpath.sh'
[2.765s] Level 1:colcon.colcon_core.environment:checking '/home/rllaguno/mini_challenges_eq5/install/mini_challenge_3/bin'
[2.765s] Level 1:colcon.colcon_core.environment:create_environment_scripts_only(mini_challenge_3)
[2.766s] INFO:colcon.colcon_core.shell:Creating package script '/home/rllaguno/mini_challenges_eq5/install/mini_challenge_3/share/mini_challenge_3/package.ps1'
[2.767s] INFO:colcon.colcon_core.shell:Creating package descriptor '/home/rllaguno/mini_challenges_eq5/install/mini_challenge_3/share/mini_challenge_3/package.dsv'
[2.768s] INFO:colcon.colcon_core.shell:Creating package script '/home/rllaguno/mini_challenges_eq5/install/mini_challenge_3/share/mini_challenge_3/package.sh'
[2.770s] INFO:colcon.colcon_core.shell:Creating package script '/home/rllaguno/mini_challenges_eq5/install/mini_challenge_3/share/mini_challenge_3/package.bash'
[2.770s] INFO:colcon.colcon_core.shell:Creating package script '/home/rllaguno/mini_challenges_eq5/install/mini_challenge_3/share/mini_challenge_3/package.zsh'
[2.771s] Level 1:colcon.colcon_core.environment:create_file_with_runtime_dependencies(/home/rllaguno/mini_challenges_eq5/install/mini_challenge_3/share/colcon-core/packages/mini_challenge_3)
[2.772s] DEBUG:colcon.colcon_parallel_executor.executor.parallel:closing loop
[2.773s] DEBUG:colcon.colcon_parallel_executor.executor.parallel:loop closed
[2.773s] DEBUG:colcon.colcon_parallel_executor.executor.parallel:run_until_complete finished with '0'
[2.773s] DEBUG:colcon.colcon_core.event_reactor:joining thread
[2.785s] INFO:colcon.colcon_core.plugin_system:Skipping extension 'colcon_notification.desktop_notification.terminal_notifier': Not used on non-Darwin systems
[2.785s] INFO:colcon.colcon_core.plugin_system:Skipping extension 'colcon_notification.desktop_notification.win32': Not used on non-Windows systems
[2.785s] INFO:colcon.colcon_notification.desktop_notification:Sending desktop notification using 'notify2'
[2.807s] DEBUG:colcon.colcon_core.event_reactor:joined thread
[2.807s] INFO:colcon.colcon_core.shell:Creating prefix script '/home/rllaguno/mini_challenges_eq5/install/local_setup.ps1'
[2.809s] INFO:colcon.colcon_core.shell:Creating prefix util module '/home/rllaguno/mini_challenges_eq5/install/_local_setup_util_ps1.py'
[2.812s] INFO:colcon.colcon_core.shell:Creating prefix chain script '/home/rllaguno/mini_challenges_eq5/install/setup.ps1'
[2.815s] INFO:colcon.colcon_core.shell:Creating prefix script '/home/rllaguno/mini_challenges_eq5/install/local_setup.sh'
[2.816s] INFO:colcon.colcon_core.shell:Creating prefix util module '/home/rllaguno/mini_challenges_eq5/install/_local_setup_util_sh.py'
[2.817s] INFO:colcon.colcon_core.shell:Creating prefix chain script '/home/rllaguno/mini_challenges_eq5/install/setup.sh'
[2.820s] INFO:colcon.colcon_core.shell:Creating prefix script '/home/rllaguno/mini_challenges_eq5/install/local_setup.bash'
[2.821s] INFO:colcon.colcon_core.shell:Creating prefix chain script '/home/rllaguno/mini_challenges_eq5/install/setup.bash'
[2.824s] INFO:colcon.colcon_core.shell:Creating prefix script '/home/rllaguno/mini_challenges_eq5/install/local_setup.zsh'
[2.825s] INFO:colcon.colcon_core.shell:Creating prefix chain script '/home/rllaguno/mini_challenges_eq5/install/setup.zsh'
