[0.202s] Invoking command in '/home/puzzlebot/github/mini_challenges_eq5/build/yolo_msg': CMAKE_PREFIX_PATH=/home/puzzlebot/github/mini_challenges_eq5/install/yolo_msg:/home/puzzlebot/github/mini_challenges_eq5/install/usb_cam:/home/puzzlebot/github/mini_challenges_eq5/install/signal_msg:/home/puzzlebot/github/mini_challenges_eq5/install/challenge_msgs:/home/puzzlebot/ros2_ws/install/ros2_bag_to_image:/home/puzzlebot/github/mini_challenges_eq5/install/final_challenge:/home/puzzlebot/github/mini_challenges_eq5/install/mini_challenge_4:/home/puzzlebot/github/mini_challenges_eq5/install/mini_challenge_3:/home/puzzlebot/github/mini_challenges_eq5/install/mini_challenge_2:/home/puzzlebot/ros2_ws/install/puzzlebot_ros:/home/puzzlebot/ros2_ws/install/camera_compressor:/opt/ros/humble:/home/puzzlebot/ros2_packages_ws/install/ros_deep_learning:/home/puzzlebot/ros2_packages_ws/install/micro_ros_setup:/home/puzzlebot/ros2_packages_ws/install/micro_ros_agent:/home/puzzlebot/ros2_packages_ws/install/micro_ros_msgs:/home/puzzlebot/ros2_packages_ws/install/camera_info_publisher /usr/bin/cmake /home/puzzlebot/github/mini_challenges_eq5/src/yolo_msg -DCMAKE_INSTALL_PREFIX=/home/puzzlebot/github/mini_challenges_eq5/install/yolo_msg
[1.783s] -- The C compiler identification is GNU 8.4.0
[1.881s] -- The CXX compiler identification is GNU 8.4.0
[1.907s] -- Check for working C compiler: /usr/bin/cc
[2.216s] -- Check for working C compiler: /usr/bin/cc -- works
[2.225s] -- Detecting C compiler ABI info
[2.584s] -- Detecting C compiler ABI info - done
[2.639s] -- Detecting C compile features
[2.641s] -- Detecting C compile features - done
[2.651s] -- Check for working CXX compiler: /usr/bin/c++
[3.052s] -- Check for working CXX compiler: /usr/bin/c++ -- works
[3.057s] -- Detecting CXX compiler ABI info
[3.389s] -- Detecting CXX compiler ABI info - done
[3.481s] -- Detecting CXX compile features
[3.486s] -- Detecting CXX compile features - done
[3.551s] -- Found ament_cmake: 1.3.6 (/opt/ros/humble/share/ament_cmake/cmake)
[4.556s] -- Found Python3: /usr/bin/python3.8 (found version "3.8.10") found components: Interpreter 
[5.276s] -- Found std_msgs: 4.2.3 (/opt/ros/humble/share/std_msgs/cmake)
[5.630s] -- Found rosidl_generator_c: 3.1.5 (/opt/ros/humble/share/rosidl_generator_c/cmake)
[5.689s] -- Found rosidl_adapter: 3.1.5 (/opt/ros/humble/share/rosidl_adapter/cmake)
[5.775s] -- Found rosidl_generator_cpp: 3.1.5 (/opt/ros/humble/share/rosidl_generator_cpp/cmake)
[5.959s] -- Using all available rosidl_typesupport_c: rosidl_typesupport_fastrtps_c;rosidl_typesupport_introspection_c
[6.120s] -- Using all available rosidl_typesupport_cpp: rosidl_typesupport_fastrtps_cpp;rosidl_typesupport_introspection_cpp
[6.628s] -- Found rosidl_default_generators: 1.2.0 (/opt/ros/humble/share/rosidl_default_generators/cmake)
[9.394s] -- Found ament_cmake_ros: 0.10.0 (/opt/ros/humble/share/ament_cmake_ros/cmake)
[12.732s] -- Using all available rosidl_typesupport_c: rosidl_typesupport_fastrtps_c;rosidl_typesupport_introspection_c
[13.932s] -- Using all available rosidl_typesupport_cpp: rosidl_typesupport_fastrtps_cpp;rosidl_typesupport_introspection_cpp
[14.054s] -- Found PythonInterp: /usr/bin/python3 (found suitable version "3.8.10", minimum required is "3.6") 
[14.071s] -- Found python_cmake_module: 0.10.0 (/opt/ros/humble/share/python_cmake_module/cmake)
[14.232s] -- Found PythonLibs: /usr/lib/aarch64-linux-gnu/libpython3.8.so (found suitable version "3.8.10", minimum required is "3.5") 
[14.232s] -- Using PYTHON_EXECUTABLE: /usr/bin/python3
[14.233s] -- Using PYTHON_INCLUDE_DIRS: /usr/include/python3.8
[14.233s] -- Using PYTHON_LIBRARIES: /usr/lib/aarch64-linux-gnu/libpython3.8.so
[14.347s] -- Found PythonExtra: .so  
[14.704s] -- Found ament_lint_auto: 0.12.9 (/opt/ros/humble/share/ament_lint_auto/cmake)
[14.872s] -- Added test 'lint_cmake' to check CMake code style
[14.878s] -- Added test 'xmllint' to check XML markup files
[14.909s] -- Configuring done
[15.093s] -- Generating done
[15.103s] -- Build files have been written to: /home/puzzlebot/github/mini_challenges_eq5/build/yolo_msg
