[14.047s] Invoking command in '/home/puzzlebot/github/mini_challenges_eq5/src/mini_challenge_2': PYTHONPATH=/home/puzzlebot/github/mini_challenges_eq5/build/mini_challenge_2/prefix_override:/home/puzzlebot/github/mini_challenges_eq5/install/mini_challenge_2/lib/python3.8/site-packages:${PYTHONPATH} /usr/bin/python3 -W ignore:setup.py install is deprecated setup.py egg_info --egg-base ../../build/mini_challenge_2 build --build-base /home/puzzlebot/github/mini_challenges_eq5/build/mini_challenge_2/build install --record /home/puzzlebot/github/mini_challenges_eq5/build/mini_challenge_2/install.log --single-version-externally-managed install_data
[16.670s] running egg_info
[16.678s] writing ../../build/mini_challenge_2/mini_challenge_2.egg-info/PKG-INFO
[16.682s] writing dependency_links to ../../build/mini_challenge_2/mini_challenge_2.egg-info/dependency_links.txt
[16.685s] writing entry points to ../../build/mini_challenge_2/mini_challenge_2.egg-info/entry_points.txt
[16.685s] writing requirements to ../../build/mini_challenge_2/mini_challenge_2.egg-info/requires.txt
[16.686s] writing top-level names to ../../build/mini_challenge_2/mini_challenge_2.egg-info/top_level.txt
[16.987s] reading manifest file '../../build/mini_challenge_2/mini_challenge_2.egg-info/SOURCES.txt'
[16.995s] writing manifest file '../../build/mini_challenge_2/mini_challenge_2.egg-info/SOURCES.txt'
[16.996s] running build
[16.997s] running build_py
[17.022s] running install
[17.029s] running install_lib
[17.044s] running install_data
[17.046s] running install_egg_info
[17.067s] removing '/home/puzzlebot/github/mini_challenges_eq5/install/mini_challenge_2/lib/python3.8/site-packages/mini_challenge_2-0.0.0-py3.8.egg-info' (and everything under it)
[17.068s] Copying ../../build/mini_challenge_2/mini_challenge_2.egg-info to /home/puzzlebot/github/mini_challenges_eq5/install/mini_challenge_2/lib/python3.8/site-packages/mini_challenge_2-0.0.0-py3.8.egg-info
[17.073s] running install_scripts
[17.199s] Installing Controller script to /home/puzzlebot/github/mini_challenges_eq5/install/mini_challenge_2/lib/mini_challenge_2
[17.203s] Installing Odometry script to /home/puzzlebot/github/mini_challenges_eq5/install/mini_challenge_2/lib/mini_challenge_2
[17.208s] Installing PointGenerator script to /home/puzzlebot/github/mini_challenges_eq5/install/mini_challenge_2/lib/mini_challenge_2
[17.208s] writing list of installed files to '/home/puzzlebot/github/mini_challenges_eq5/build/mini_challenge_2/install.log'
[17.438s] Invoked command in '/home/puzzlebot/github/mini_challenges_eq5/src/mini_challenge_2' returned '0': PYTHONPATH=/home/puzzlebot/github/mini_challenges_eq5/build/mini_challenge_2/prefix_override:/home/puzzlebot/github/mini_challenges_eq5/install/mini_challenge_2/lib/python3.8/site-packages:${PYTHONPATH} /usr/bin/python3 -W ignore:setup.py install is deprecated setup.py egg_info --egg-base ../../build/mini_challenge_2 build --build-base /home/puzzlebot/github/mini_challenges_eq5/build/mini_challenge_2/build install --record /home/puzzlebot/github/mini_challenges_eq5/build/mini_challenge_2/install.log --single-version-externally-managed install_data
