[0.370s] Invoking command in '/home/puzzlebot/github/mini_challenges_eq5/build/yolo_msg': CMAKE_PREFIX_PATH=/home/puzzlebot/ros2_ws/install/ros2_bag_to_image:/home/puzzlebot/ros2_ws/install/puzzlebot_ros:/home/puzzlebot/ros2_ws/install/camera_compressor:/opt/ros/humble:/home/puzzlebot/ros2_packages_ws/install/ros_deep_learning:/home/puzzlebot/ros2_packages_ws/install/micro_ros_setup:/home/puzzlebot/ros2_packages_ws/install/micro_ros_agent:/home/puzzlebot/ros2_packages_ws/install/micro_ros_msgs:/home/puzzlebot/ros2_packages_ws/install/camera_info_publisher /usr/bin/cmake /home/puzzlebot/github/mini_challenges_eq5/src/yolo_msg -DCMAKE_INSTALL_PREFIX=/home/puzzlebot/github/mini_challenges_eq5/install/yolo_msg
[4.814s] -- The C compiler identification is GNU 8.4.0
[4.814s] -- The CXX compiler identification is GNU 8.4.0
[4.815s] -- Check for working C compiler: /usr/bin/cc
[4.815s] -- Check for working C compiler: /usr/bin/cc -- works
[4.816s] -- Detecting C compiler ABI info
[4.816s] -- Detecting C compiler ABI info - done
[4.816s] -- Detecting C compile features
[4.817s] -- Detecting C compile features - done
[4.817s] -- Check for working CXX compiler: /usr/bin/c++
[4.818s] -- Check for working CXX compiler: /usr/bin/c++ -- works
[4.818s] -- Detecting CXX compiler ABI info
[4.818s] -- Detecting CXX compiler ABI info - done
[4.862s] -- Detecting CXX compile features
[4.865s] -- Detecting CXX compile features - done
[4.946s] -- Found ament_cmake: 1.3.6 (/opt/ros/humble/share/ament_cmake/cmake)
[5.700s] -- Found Python3: /usr/bin/python3.8 (found version "3.8.10") found components: Interpreter 
[6.274s] -- Found std_msgs: 4.2.3 (/opt/ros/humble/share/std_msgs/cmake)
[6.583s] -- Found rosidl_generator_c: 3.1.5 (/opt/ros/humble/share/rosidl_generator_c/cmake)
[6.624s] -- Found rosidl_adapter: 3.1.5 (/opt/ros/humble/share/rosidl_adapter/cmake)
[6.698s] -- Found rosidl_generator_cpp: 3.1.5 (/opt/ros/humble/share/rosidl_generator_cpp/cmake)
[6.873s] -- Using all available rosidl_typesupport_c: rosidl_typesupport_fastrtps_c;rosidl_typesupport_introspection_c
[7.058s] -- Using all available rosidl_typesupport_cpp: rosidl_typesupport_fastrtps_cpp;rosidl_typesupport_introspection_cpp
[7.518s] -- Found rosidl_default_generators: 1.2.0 (/opt/ros/humble/share/rosidl_default_generators/cmake)
[10.234s] -- Found ament_cmake_ros: 0.10.0 (/opt/ros/humble/share/ament_cmake_ros/cmake)
[14.615s] -- Using all available rosidl_typesupport_c: rosidl_typesupport_fastrtps_c;rosidl_typesupport_introspection_c
[16.371s] -- Using all available rosidl_typesupport_cpp: rosidl_typesupport_fastrtps_cpp;rosidl_typesupport_introspection_cpp
[16.545s] -- Found PythonInterp: /usr/bin/python3 (found suitable version "3.8.10", minimum required is "3.6") 
[16.562s] -- Found python_cmake_module: 0.10.0 (/opt/ros/humble/share/python_cmake_module/cmake)
[16.815s] -- Found PythonLibs: /usr/lib/aarch64-linux-gnu/libpython3.8.so (found suitable version "3.8.10", minimum required is "3.5") 
[16.817s] -- Using PYTHON_EXECUTABLE: /usr/bin/python3
[16.819s] -- Using PYTHON_INCLUDE_DIRS: /usr/include/python3.8
[16.821s] -- Using PYTHON_LIBRARIES: /usr/lib/aarch64-linux-gnu/libpython3.8.so
[16.980s] -- Found PythonExtra: .so  
[17.410s] -- Found ament_lint_auto: 0.12.9 (/opt/ros/humble/share/ament_lint_auto/cmake)
[17.565s] -- Added test 'lint_cmake' to check CMake code style
[17.580s] -- Added test 'xmllint' to check XML markup files
[17.631s] -- Configuring done
[17.919s] -- Generating done
[17.934s] -- Build files have been written to: /home/puzzlebot/github/mini_challenges_eq5/build/yolo_msg
[17.978s] Invoked command in '/home/puzzlebot/github/mini_challenges_eq5/build/yolo_msg' returned '0': CMAKE_PREFIX_PATH=/home/puzzlebot/ros2_ws/install/ros2_bag_to_image:/home/puzzlebot/ros2_ws/install/puzzlebot_ros:/home/puzzlebot/ros2_ws/install/camera_compressor:/opt/ros/humble:/home/puzzlebot/ros2_packages_ws/install/ros_deep_learning:/home/puzzlebot/ros2_packages_ws/install/micro_ros_setup:/home/puzzlebot/ros2_packages_ws/install/micro_ros_agent:/home/puzzlebot/ros2_packages_ws/install/micro_ros_msgs:/home/puzzlebot/ros2_packages_ws/install/camera_info_publisher /usr/bin/cmake /home/puzzlebot/github/mini_challenges_eq5/src/yolo_msg -DCMAKE_INSTALL_PREFIX=/home/puzzlebot/github/mini_challenges_eq5/install/yolo_msg
[17.981s] Invoking command in '/home/puzzlebot/github/mini_challenges_eq5/build/yolo_msg': CMAKE_PREFIX_PATH=/home/puzzlebot/ros2_ws/install/ros2_bag_to_image:/home/puzzlebot/ros2_ws/install/puzzlebot_ros:/home/puzzlebot/ros2_ws/install/camera_compressor:/opt/ros/humble:/home/puzzlebot/ros2_packages_ws/install/ros_deep_learning:/home/puzzlebot/ros2_packages_ws/install/micro_ros_setup:/home/puzzlebot/ros2_packages_ws/install/micro_ros_agent:/home/puzzlebot/ros2_packages_ws/install/micro_ros_msgs:/home/puzzlebot/ros2_packages_ws/install/camera_info_publisher /usr/bin/cmake --build /home/puzzlebot/github/mini_challenges_eq5/build/yolo_msg -- -j4 -l4
[18.336s] [35m[1mScanning dependencies of target yolo_msg__cpp[0m
[18.468s] [  2%] [34m[1mGenerating C++ code for ROS interfaces[0m
[21.020s] [  2%] Built target yolo_msg__cpp
[21.074s] [35m[1mScanning dependencies of target ament_cmake_python_copy_yolo_msg[0m
[21.185s] [  2%] Built target ament_cmake_python_copy_yolo_msg
[21.238s] [  5%] [34m[1mGenerating C++ type support dispatch for ROS interfaces[0m
[22.643s] [35m[1mScanning dependencies of target yolo_msg__rosidl_typesupport_cpp[0m
[22.736s] [  7%] [32mBuilding CXX object CMakeFiles/yolo_msg__rosidl_typesupport_cpp.dir/rosidl_typesupport_cpp/yolo_msg/msg/inference_result__type_support.cpp.o[0m
[23.983s] [ 10%] [32mBuilding CXX object CMakeFiles/yolo_msg__rosidl_typesupport_cpp.dir/rosidl_typesupport_cpp/yolo_msg/msg/yolov8_inference__type_support.cpp.o[0m
[25.400s] [ 12%] [32m[1mLinking CXX shared library libyolo_msg__rosidl_typesupport_cpp.so[0m
[25.823s] [ 12%] Built target yolo_msg__rosidl_typesupport_cpp
[25.874s] [ 15%] [34m[1mGenerating C++ type support for eProsima Fast-RTPS[0m
[27.779s] [35m[1mScanning dependencies of target yolo_msg__rosidl_typesupport_fastrtps_cpp[0m
[27.913s] [ 17%] [32mBuilding CXX object CMakeFiles/yolo_msg__rosidl_typesupport_fastrtps_cpp.dir/rosidl_typesupport_fastrtps_cpp/yolo_msg/msg/detail/dds_fastrtps/inference_result__type_support.cpp.o[0m
[30.374s] [ 20%] [32mBuilding CXX object CMakeFiles/yolo_msg__rosidl_typesupport_fastrtps_cpp.dir/rosidl_typesupport_fastrtps_cpp/yolo_msg/msg/detail/dds_fastrtps/yolov8_inference__type_support.cpp.o[0m
[32.631s] [ 23%] [32m[1mLinking CXX shared library libyolo_msg__rosidl_typesupport_fastrtps_cpp.so[0m
[32.992s] [ 23%] Built target yolo_msg__rosidl_typesupport_fastrtps_cpp
[33.065s] [35m[1mScanning dependencies of target ament_cmake_python_build_yolo_msg_egg[0m
[34.710s] running egg_info
[34.713s] creating yolo_msg.egg-info
[34.714s] writing yolo_msg.egg-info/PKG-INFO
[34.715s] writing dependency_links to yolo_msg.egg-info/dependency_links.txt
[34.716s] writing top-level names to yolo_msg.egg-info/top_level.txt
[34.717s] writing manifest file 'yolo_msg.egg-info/SOURCES.txt'
[34.900s] reading manifest file 'yolo_msg.egg-info/SOURCES.txt'
[34.902s] writing manifest file 'yolo_msg.egg-info/SOURCES.txt'
[35.044s] [ 23%] Built target ament_cmake_python_build_yolo_msg_egg
[35.118s] [ 25%] [34m[1mGenerating C++ introspection for ROS interfaces[0m
[36.668s] [35m[1mScanning dependencies of target yolo_msg__rosidl_typesupport_introspection_cpp[0m
[36.744s] [ 28%] [32mBuilding CXX object CMakeFiles/yolo_msg__rosidl_typesupport_introspection_cpp.dir/rosidl_typesupport_introspection_cpp/yolo_msg/msg/detail/inference_result__type_support.cpp.o[0m
[38.543s] [ 30%] [32mBuilding CXX object CMakeFiles/yolo_msg__rosidl_typesupport_introspection_cpp.dir/rosidl_typesupport_introspection_cpp/yolo_msg/msg/detail/yolov8_inference__type_support.cpp.o[0m
[40.505s] [ 33%] [32m[1mLinking CXX shared library libyolo_msg__rosidl_typesupport_introspection_cpp.so[0m
[40.911s] [ 33%] Built target yolo_msg__rosidl_typesupport_introspection_cpp
[40.965s] [ 35%] [34m[1mGenerating C code for ROS interfaces[0m
[43.096s] [35m[1mScanning dependencies of target yolo_msg__rosidl_generator_c[0m
[43.197s] [ 38%] [32mBuilding C object CMakeFiles/yolo_msg__rosidl_generator_c.dir/rosidl_generator_c/yolo_msg/msg/detail/inference_result__functions.c.o[0m
[43.446s] [ 41%] [32mBuilding C object CMakeFiles/yolo_msg__rosidl_generator_c.dir/rosidl_generator_c/yolo_msg/msg/detail/yolov8_inference__functions.c.o[0m
[43.751s] [ 43%] [32m[1mLinking C shared library libyolo_msg__rosidl_generator_c.so[0m
[43.936s] [ 43%] Built target yolo_msg__rosidl_generator_c
[43.987s] [ 46%] [34m[1mGenerating C type support for eProsima Fast-RTPS[0m
[45.739s] [35m[1mScanning dependencies of target yolo_msg__rosidl_typesupport_fastrtps_c[0m
[45.843s] [ 48%] [32mBuilding CXX object CMakeFiles/yolo_msg__rosidl_typesupport_fastrtps_c.dir/rosidl_typesupport_fastrtps_c/yolo_msg/msg/detail/inference_result__type_support_c.cpp.o[0m
[47.857s] [ 51%] [32mBuilding CXX object CMakeFiles/yolo_msg__rosidl_typesupport_fastrtps_c.dir/rosidl_typesupport_fastrtps_c/yolo_msg/msg/detail/yolov8_inference__type_support_c.cpp.o[0m
[49.548s] [ 53%] [32m[1mLinking CXX shared library libyolo_msg__rosidl_typesupport_fastrtps_c.so[0m
[49.947s] [ 53%] Built target yolo_msg__rosidl_typesupport_fastrtps_c
[50.010s] [ 56%] [34m[1mGenerating C type support dispatch for ROS interfaces[0m
[52.051s] [35m[1mScanning dependencies of target yolo_msg__rosidl_typesupport_c[0m
[52.123s] [ 58%] [32mBuilding CXX object CMakeFiles/yolo_msg__rosidl_typesupport_c.dir/rosidl_typesupport_c/yolo_msg/msg/inference_result__type_support.cpp.o[0m
[52.285s] [ 61%] [32mBuilding CXX object CMakeFiles/yolo_msg__rosidl_typesupport_c.dir/rosidl_typesupport_c/yolo_msg/msg/yolov8_inference__type_support.cpp.o[0m
[52.453s] [ 64%] [32m[1mLinking CXX shared library libyolo_msg__rosidl_typesupport_c.so[0m
[52.748s] [ 64%] Built target yolo_msg__rosidl_typesupport_c
[52.840s] [ 66%] [34m[1mGenerating C introspection for ROS interfaces[0m
[54.484s] [35m[1mScanning dependencies of target yolo_msg__rosidl_typesupport_introspection_c[0m
[54.550s] [ 69%] [32mBuilding C object CMakeFiles/yolo_msg__rosidl_typesupport_introspection_c.dir/rosidl_typesupport_introspection_c/yolo_msg/msg/detail/inference_result__type_support.c.o[0m
[54.689s] [ 71%] [32mBuilding C object CMakeFiles/yolo_msg__rosidl_typesupport_introspection_c.dir/rosidl_typesupport_introspection_c/yolo_msg/msg/detail/yolov8_inference__type_support.c.o[0m
[54.847s] [ 74%] [32m[1mLinking C shared library libyolo_msg__rosidl_typesupport_introspection_c.so[0m
[54.976s] [ 74%] Built target yolo_msg__rosidl_typesupport_introspection_c
[55.019s] [35m[1mScanning dependencies of target yolo_msg[0m
[55.063s] [ 74%] Built target yolo_msg
[55.109s] [35m[1mScanning dependencies of target yolo_msg__py[0m
[55.158s] [ 76%] [34m[1mGenerating Python code for ROS interfaces[0m
[57.446s] [ 76%] Built target yolo_msg__py
[57.513s] [35m[1mScanning dependencies of target yolo_msg__rosidl_generator_py[0m
[57.642s] [ 79%] [32mBuilding C object CMakeFiles/yolo_msg__rosidl_generator_py.dir/rosidl_generator_py/yolo_msg/msg/_inference_result_s.c.o[0m
[58.047s] [ 82%] [32mBuilding C object CMakeFiles/yolo_msg__rosidl_generator_py.dir/rosidl_generator_py/yolo_msg/msg/_yolov8_inference_s.c.o[0m
[58.452s] [ 84%] [32m[1mLinking C shared library rosidl_generator_py/yolo_msg/libyolo_msg__rosidl_generator_py.so[0m
[58.627s] [ 84%] Built target yolo_msg__rosidl_generator_py
[58.669s] [35m[1mScanning dependencies of target yolo_msg__rosidl_typesupport_c__pyext[0m
[58.780s] [ 87%] [32mBuilding C object CMakeFiles/yolo_msg__rosidl_typesupport_c__pyext.dir/rosidl_generator_py/yolo_msg/_yolo_msg_s.ep.rosidl_typesupport_c.c.o[0m
[59.173s] [ 89%] [32m[1mLinking C shared library rosidl_generator_py/yolo_msg/yolo_msg_s__rosidl_typesupport_c.cpython-38-aarch64-linux-gnu.so[0m
[59.350s] [ 89%] Built target yolo_msg__rosidl_typesupport_c__pyext
[59.394s] [35m[1mScanning dependencies of target yolo_msg__rosidl_typesupport_fastrtps_c__pyext[0m
[59.511s] [ 92%] [32mBuilding C object CMakeFiles/yolo_msg__rosidl_typesupport_fastrtps_c__pyext.dir/rosidl_generator_py/yolo_msg/_yolo_msg_s.ep.rosidl_typesupport_fastrtps_c.c.o[0m
[59.973s] [ 94%] [32m[1mLinking C shared library rosidl_generator_py/yolo_msg/yolo_msg_s__rosidl_typesupport_fastrtps_c.cpython-38-aarch64-linux-gnu.so[0m
[60.161s] [ 94%] Built target yolo_msg__rosidl_typesupport_fastrtps_c__pyext
[60.210s] [35m[1mScanning dependencies of target yolo_msg__rosidl_typesupport_introspection_c__pyext[0m
[60.340s] [ 97%] [32mBuilding C object CMakeFiles/yolo_msg__rosidl_typesupport_introspection_c__pyext.dir/rosidl_generator_py/yolo_msg/_yolo_msg_s.ep.rosidl_typesupport_introspection_c.c.o[0m
[60.750s] [100%] [32m[1mLinking C shared library rosidl_generator_py/yolo_msg/yolo_msg_s__rosidl_typesupport_introspection_c.cpython-38-aarch64-linux-gnu.so[0m
[60.928s] [100%] Built target yolo_msg__rosidl_typesupport_introspection_c__pyext
[60.992s] Invoked command in '/home/puzzlebot/github/mini_challenges_eq5/build/yolo_msg' returned '0': CMAKE_PREFIX_PATH=/home/puzzlebot/ros2_ws/install/ros2_bag_to_image:/home/puzzlebot/ros2_ws/install/puzzlebot_ros:/home/puzzlebot/ros2_ws/install/camera_compressor:/opt/ros/humble:/home/puzzlebot/ros2_packages_ws/install/ros_deep_learning:/home/puzzlebot/ros2_packages_ws/install/micro_ros_setup:/home/puzzlebot/ros2_packages_ws/install/micro_ros_agent:/home/puzzlebot/ros2_packages_ws/install/micro_ros_msgs:/home/puzzlebot/ros2_packages_ws/install/camera_info_publisher /usr/bin/cmake --build /home/puzzlebot/github/mini_challenges_eq5/build/yolo_msg -- -j4 -l4
[61.344s] Invoking command in '/home/puzzlebot/github/mini_challenges_eq5/build/yolo_msg': CMAKE_PREFIX_PATH=/home/puzzlebot/ros2_ws/install/ros2_bag_to_image:/home/puzzlebot/ros2_ws/install/puzzlebot_ros:/home/puzzlebot/ros2_ws/install/camera_compressor:/opt/ros/humble:/home/puzzlebot/ros2_packages_ws/install/ros_deep_learning:/home/puzzlebot/ros2_packages_ws/install/micro_ros_setup:/home/puzzlebot/ros2_packages_ws/install/micro_ros_agent:/home/puzzlebot/ros2_packages_ws/install/micro_ros_msgs:/home/puzzlebot/ros2_packages_ws/install/camera_info_publisher /usr/bin/cmake --install /home/puzzlebot/github/mini_challenges_eq5/build/yolo_msg
[61.380s] -- Install configuration: ""
[61.382s] -- Installing: /home/puzzlebot/github/mini_challenges_eq5/install/yolo_msg/share/ament_index/resource_index/rosidl_interfaces/yolo_msg
[61.382s] -- Installing: /home/puzzlebot/github/mini_challenges_eq5/install/yolo_msg/include/yolo_msg/yolo_msg
[61.383s] -- Installing: /home/puzzlebot/github/mini_challenges_eq5/install/yolo_msg/include/yolo_msg/yolo_msg/msg
[61.386s] -- Installing: /home/puzzlebot/github/mini_challenges_eq5/install/yolo_msg/include/yolo_msg/yolo_msg/msg/rosidl_generator_c__visibility_control.h
[61.387s] -- Installing: /home/puzzlebot/github/mini_challenges_eq5/install/yolo_msg/include/yolo_msg/yolo_msg/msg/yolov8_inference.h
[61.388s] -- Installing: /home/puzzlebot/github/mini_challenges_eq5/install/yolo_msg/include/yolo_msg/yolo_msg/msg/detail
[61.388s] -- Installing: /home/puzzlebot/github/mini_challenges_eq5/install/yolo_msg/include/yolo_msg/yolo_msg/msg/detail/yolov8_inference__functions.c
[61.389s] -- Installing: /home/puzzlebot/github/mini_challenges_eq5/install/yolo_msg/include/yolo_msg/yolo_msg/msg/detail/inference_result__type_support.h
[61.389s] -- Installing: /home/puzzlebot/github/mini_challenges_eq5/install/yolo_msg/include/yolo_msg/yolo_msg/msg/detail/yolov8_inference__functions.h
[61.389s] -- Installing: /home/puzzlebot/github/mini_challenges_eq5/install/yolo_msg/include/yolo_msg/yolo_msg/msg/detail/yolov8_inference__struct.h
[61.391s] -- Installing: /home/puzzlebot/github/mini_challenges_eq5/install/yolo_msg/include/yolo_msg/yolo_msg/msg/detail/inference_result__functions.c
[61.391s] -- Installing: /home/puzzlebot/github/mini_challenges_eq5/install/yolo_msg/include/yolo_msg/yolo_msg/msg/detail/yolov8_inference__type_support.h
[61.392s] -- Installing: /home/puzzlebot/github/mini_challenges_eq5/install/yolo_msg/include/yolo_msg/yolo_msg/msg/detail/inference_result__struct.h
[61.394s] -- Installing: /home/puzzlebot/github/mini_challenges_eq5/install/yolo_msg/include/yolo_msg/yolo_msg/msg/detail/inference_result__functions.h
[61.395s] -- Installing: /home/puzzlebot/github/mini_challenges_eq5/install/yolo_msg/include/yolo_msg/yolo_msg/msg/inference_result.h
[61.397s] -- Installing: /home/puzzlebot/github/mini_challenges_eq5/install/yolo_msg/share/yolo_msg/environment/library_path.sh
[61.398s] -- Installing: /home/puzzlebot/github/mini_challenges_eq5/install/yolo_msg/share/yolo_msg/environment/library_path.dsv
[61.401s] -- Installing: /home/puzzlebot/github/mini_challenges_eq5/install/yolo_msg/lib/libyolo_msg__rosidl_generator_c.so
[61.404s] -- Set runtime path of "/home/puzzlebot/github/mini_challenges_eq5/install/yolo_msg/lib/libyolo_msg__rosidl_generator_c.so" to ""
[61.406s] -- Up-to-date: /home/puzzlebot/github/mini_challenges_eq5/install/yolo_msg/include/yolo_msg/yolo_msg
[61.406s] -- Up-to-date: /home/puzzlebot/github/mini_challenges_eq5/install/yolo_msg/include/yolo_msg/yolo_msg/msg
[61.407s] -- Installing: /home/puzzlebot/github/mini_challenges_eq5/install/yolo_msg/include/yolo_msg/yolo_msg/msg/rosidl_typesupport_fastrtps_c__visibility_control.h
[61.409s] -- Up-to-date: /home/puzzlebot/github/mini_challenges_eq5/install/yolo_msg/include/yolo_msg/yolo_msg/msg/detail
[61.410s] -- Installing: /home/puzzlebot/github/mini_challenges_eq5/install/yolo_msg/include/yolo_msg/yolo_msg/msg/detail/yolov8_inference__rosidl_typesupport_fastrtps_c.h
[61.412s] -- Installing: /home/puzzlebot/github/mini_challenges_eq5/install/yolo_msg/include/yolo_msg/yolo_msg/msg/detail/inference_result__rosidl_typesupport_fastrtps_c.h
[61.414s] -- Installing: /home/puzzlebot/github/mini_challenges_eq5/install/yolo_msg/lib/libyolo_msg__rosidl_typesupport_fastrtps_c.so
[61.417s] -- Set runtime path of "/home/puzzlebot/github/mini_challenges_eq5/install/yolo_msg/lib/libyolo_msg__rosidl_typesupport_fastrtps_c.so" to ""
[61.418s] -- Up-to-date: /home/puzzlebot/github/mini_challenges_eq5/install/yolo_msg/include/yolo_msg/yolo_msg
[61.419s] -- Up-to-date: /home/puzzlebot/github/mini_challenges_eq5/install/yolo_msg/include/yolo_msg/yolo_msg/msg
[61.420s] -- Installing: /home/puzzlebot/github/mini_challenges_eq5/install/yolo_msg/include/yolo_msg/yolo_msg/msg/yolov8_inference.hpp
[61.421s] -- Up-to-date: /home/puzzlebot/github/mini_challenges_eq5/install/yolo_msg/include/yolo_msg/yolo_msg/msg/detail
[61.422s] -- Installing: /home/puzzlebot/github/mini_challenges_eq5/install/yolo_msg/include/yolo_msg/yolo_msg/msg/detail/inference_result__traits.hpp
[61.423s] -- Installing: /home/puzzlebot/github/mini_challenges_eq5/install/yolo_msg/include/yolo_msg/yolo_msg/msg/detail/inference_result__builder.hpp
[61.424s] -- Installing: /home/puzzlebot/github/mini_challenges_eq5/install/yolo_msg/include/yolo_msg/yolo_msg/msg/detail/yolov8_inference__traits.hpp
[61.426s] -- Installing: /home/puzzlebot/github/mini_challenges_eq5/install/yolo_msg/include/yolo_msg/yolo_msg/msg/detail/yolov8_inference__struct.hpp
[61.428s] -- Installing: /home/puzzlebot/github/mini_challenges_eq5/install/yolo_msg/include/yolo_msg/yolo_msg/msg/detail/yolov8_inference__builder.hpp
[61.429s] -- Installing: /home/puzzlebot/github/mini_challenges_eq5/install/yolo_msg/include/yolo_msg/yolo_msg/msg/detail/inference_result__struct.hpp
[61.431s] -- Installing: /home/puzzlebot/github/mini_challenges_eq5/install/yolo_msg/include/yolo_msg/yolo_msg/msg/inference_result.hpp
[61.432s] -- Up-to-date: /home/puzzlebot/github/mini_challenges_eq5/install/yolo_msg/include/yolo_msg/yolo_msg
[61.434s] -- Up-to-date: /home/puzzlebot/github/mini_challenges_eq5/install/yolo_msg/include/yolo_msg/yolo_msg/msg
[61.435s] -- Installing: /home/puzzlebot/github/mini_challenges_eq5/install/yolo_msg/include/yolo_msg/yolo_msg/msg/rosidl_typesupport_fastrtps_cpp__visibility_control.h
[61.435s] -- Up-to-date: /home/puzzlebot/github/mini_challenges_eq5/install/yolo_msg/include/yolo_msg/yolo_msg/msg/detail
[61.438s] -- Installing: /home/puzzlebot/github/mini_challenges_eq5/install/yolo_msg/include/yolo_msg/yolo_msg/msg/detail/dds_fastrtps
[61.439s] -- Installing: /home/puzzlebot/github/mini_challenges_eq5/install/yolo_msg/include/yolo_msg/yolo_msg/msg/detail/inference_result__rosidl_typesupport_fastrtps_cpp.hpp
[61.439s] -- Installing: /home/puzzlebot/github/mini_challenges_eq5/install/yolo_msg/include/yolo_msg/yolo_msg/msg/detail/yolov8_inference__rosidl_typesupport_fastrtps_cpp.hpp
[61.440s] -- Installing: /home/puzzlebot/github/mini_challenges_eq5/install/yolo_msg/lib/libyolo_msg__rosidl_typesupport_fastrtps_cpp.so
[61.442s] -- Set runtime path of "/home/puzzlebot/github/mini_challenges_eq5/install/yolo_msg/lib/libyolo_msg__rosidl_typesupport_fastrtps_cpp.so" to ""
[61.443s] -- Up-to-date: /home/puzzlebot/github/mini_challenges_eq5/install/yolo_msg/include/yolo_msg/yolo_msg
[61.444s] -- Up-to-date: /home/puzzlebot/github/mini_challenges_eq5/install/yolo_msg/include/yolo_msg/yolo_msg/msg
[61.445s] -- Installing: /home/puzzlebot/github/mini_challenges_eq5/install/yolo_msg/include/yolo_msg/yolo_msg/msg/rosidl_typesupport_introspection_c__visibility_control.h
[61.447s] -- Up-to-date: /home/puzzlebot/github/mini_challenges_eq5/install/yolo_msg/include/yolo_msg/yolo_msg/msg/detail
[61.447s] -- Installing: /home/puzzlebot/github/mini_challenges_eq5/install/yolo_msg/include/yolo_msg/yolo_msg/msg/detail/inference_result__rosidl_typesupport_introspection_c.h
[61.449s] -- Installing: /home/puzzlebot/github/mini_challenges_eq5/install/yolo_msg/include/yolo_msg/yolo_msg/msg/detail/yolov8_inference__rosidl_typesupport_introspection_c.h
[61.450s] -- Installing: /home/puzzlebot/github/mini_challenges_eq5/install/yolo_msg/include/yolo_msg/yolo_msg/msg/detail/inference_result__type_support.c
[61.452s] -- Installing: /home/puzzlebot/github/mini_challenges_eq5/install/yolo_msg/include/yolo_msg/yolo_msg/msg/detail/yolov8_inference__type_support.c
[61.453s] -- Installing: /home/puzzlebot/github/mini_challenges_eq5/install/yolo_msg/lib/libyolo_msg__rosidl_typesupport_introspection_c.so
[61.456s] -- Set runtime path of "/home/puzzlebot/github/mini_challenges_eq5/install/yolo_msg/lib/libyolo_msg__rosidl_typesupport_introspection_c.so" to ""
[61.457s] -- Installing: /home/puzzlebot/github/mini_challenges_eq5/install/yolo_msg/lib/libyolo_msg__rosidl_typesupport_c.so
[61.460s] -- Set runtime path of "/home/puzzlebot/github/mini_challenges_eq5/install/yolo_msg/lib/libyolo_msg__rosidl_typesupport_c.so" to ""
[61.461s] -- Up-to-date: /home/puzzlebot/github/mini_challenges_eq5/install/yolo_msg/include/yolo_msg/yolo_msg
[61.462s] -- Up-to-date: /home/puzzlebot/github/mini_challenges_eq5/install/yolo_msg/include/yolo_msg/yolo_msg/msg
[61.463s] -- Up-to-date: /home/puzzlebot/github/mini_challenges_eq5/install/yolo_msg/include/yolo_msg/yolo_msg/msg/detail
[61.464s] -- Installing: /home/puzzlebot/github/mini_challenges_eq5/install/yolo_msg/include/yolo_msg/yolo_msg/msg/detail/yolov8_inference__rosidl_typesupport_introspection_cpp.hpp
[61.465s] -- Installing: /home/puzzlebot/github/mini_challenges_eq5/install/yolo_msg/include/yolo_msg/yolo_msg/msg/detail/inference_result__type_support.cpp
[61.467s] -- Installing: /home/puzzlebot/github/mini_challenges_eq5/install/yolo_msg/include/yolo_msg/yolo_msg/msg/detail/yolov8_inference__type_support.cpp
[61.468s] -- Installing: /home/puzzlebot/github/mini_challenges_eq5/install/yolo_msg/include/yolo_msg/yolo_msg/msg/detail/inference_result__rosidl_typesupport_introspection_cpp.hpp
[61.470s] -- Installing: /home/puzzlebot/github/mini_challenges_eq5/install/yolo_msg/lib/libyolo_msg__rosidl_typesupport_introspection_cpp.so
[61.473s] -- Set runtime path of "/home/puzzlebot/github/mini_challenges_eq5/install/yolo_msg/lib/libyolo_msg__rosidl_typesupport_introspection_cpp.so" to ""
[61.474s] -- Installing: /home/puzzlebot/github/mini_challenges_eq5/install/yolo_msg/lib/libyolo_msg__rosidl_typesupport_cpp.so
[61.477s] -- Set runtime path of "/home/puzzlebot/github/mini_challenges_eq5/install/yolo_msg/lib/libyolo_msg__rosidl_typesupport_cpp.so" to ""
[61.478s] -- Installing: /home/puzzlebot/github/mini_challenges_eq5/install/yolo_msg/share/yolo_msg/environment/pythonpath.sh
[61.479s] -- Installing: /home/puzzlebot/github/mini_challenges_eq5/install/yolo_msg/share/yolo_msg/environment/pythonpath.dsv
[61.481s] -- Installing: /home/puzzlebot/github/mini_challenges_eq5/install/yolo_msg/lib/python3.8/site-packages/yolo_msg-0.0.0-py3.8.egg-info
[61.482s] -- Installing: /home/puzzlebot/github/mini_challenges_eq5/install/yolo_msg/lib/python3.8/site-packages/yolo_msg-0.0.0-py3.8.egg-info/top_level.txt
[61.483s] -- Installing: /home/puzzlebot/github/mini_challenges_eq5/install/yolo_msg/lib/python3.8/site-packages/yolo_msg-0.0.0-py3.8.egg-info/PKG-INFO
[61.485s] -- Installing: /home/puzzlebot/github/mini_challenges_eq5/install/yolo_msg/lib/python3.8/site-packages/yolo_msg-0.0.0-py3.8.egg-info/SOURCES.txt
[61.487s] -- Installing: /home/puzzlebot/github/mini_challenges_eq5/install/yolo_msg/lib/python3.8/site-packages/yolo_msg-0.0.0-py3.8.egg-info/dependency_links.txt
[61.488s] -- Installing: /home/puzzlebot/github/mini_challenges_eq5/install/yolo_msg/lib/python3.8/site-packages/yolo_msg
[61.490s] -- Installing: /home/puzzlebot/github/mini_challenges_eq5/install/yolo_msg/lib/python3.8/site-packages/yolo_msg/__init__.py
[61.491s] -- Installing: /home/puzzlebot/github/mini_challenges_eq5/install/yolo_msg/lib/python3.8/site-packages/yolo_msg/yolo_msg_s__rosidl_typesupport_introspection_c.cpython-38-aarch64-linux-gnu.so
[61.492s] -- Installing: /home/puzzlebot/github/mini_challenges_eq5/install/yolo_msg/lib/python3.8/site-packages/yolo_msg/_yolo_msg_s.ep.rosidl_typesupport_introspection_c.c
[61.494s] -- Installing: /home/puzzlebot/github/mini_challenges_eq5/install/yolo_msg/lib/python3.8/site-packages/yolo_msg/msg
[61.495s] -- Installing: /home/puzzlebot/github/mini_challenges_eq5/install/yolo_msg/lib/python3.8/site-packages/yolo_msg/msg/_inference_result_s.c
[61.496s] -- Installing: /home/puzzlebot/github/mini_challenges_eq5/install/yolo_msg/lib/python3.8/site-packages/yolo_msg/msg/__init__.py
[61.498s] -- Installing: /home/puzzlebot/github/mini_challenges_eq5/install/yolo_msg/lib/python3.8/site-packages/yolo_msg/msg/_yolov8_inference_s.c
[61.499s] -- Installing: /home/puzzlebot/github/mini_challenges_eq5/install/yolo_msg/lib/python3.8/site-packages/yolo_msg/msg/_yolov8_inference.py
[61.500s] -- Installing: /home/puzzlebot/github/mini_challenges_eq5/install/yolo_msg/lib/python3.8/site-packages/yolo_msg/msg/_inference_result.py
[61.502s] -- Installing: /home/puzzlebot/github/mini_challenges_eq5/install/yolo_msg/lib/python3.8/site-packages/yolo_msg/libyolo_msg__rosidl_generator_py.so
[61.504s] -- Installing: /home/puzzlebot/github/mini_challenges_eq5/install/yolo_msg/lib/python3.8/site-packages/yolo_msg/_yolo_msg_s.ep.rosidl_typesupport_c.c
[61.505s] -- Installing: /home/puzzlebot/github/mini_challenges_eq5/install/yolo_msg/lib/python3.8/site-packages/yolo_msg/_yolo_msg_s.ep.rosidl_typesupport_fastrtps_c.c
[61.507s] -- Installing: /home/puzzlebot/github/mini_challenges_eq5/install/yolo_msg/lib/python3.8/site-packages/yolo_msg/yolo_msg_s__rosidl_typesupport_fastrtps_c.cpython-38-aarch64-linux-gnu.so
[61.508s] -- Installing: /home/puzzlebot/github/mini_challenges_eq5/install/yolo_msg/lib/python3.8/site-packages/yolo_msg/yolo_msg_s__rosidl_typesupport_c.cpython-38-aarch64-linux-gnu.so
[61.668s] Listing '/home/puzzlebot/github/mini_challenges_eq5/install/yolo_msg/lib/python3.8/site-packages/yolo_msg'...
[61.669s] Compiling '/home/puzzlebot/github/mini_challenges_eq5/install/yolo_msg/lib/python3.8/site-packages/yolo_msg/__init__.py'...
[61.669s] Listing '/home/puzzlebot/github/mini_challenges_eq5/install/yolo_msg/lib/python3.8/site-packages/yolo_msg/msg'...
[61.670s] Compiling '/home/puzzlebot/github/mini_challenges_eq5/install/yolo_msg/lib/python3.8/site-packages/yolo_msg/msg/__init__.py'...
[61.670s] Compiling '/home/puzzlebot/github/mini_challenges_eq5/install/yolo_msg/lib/python3.8/site-packages/yolo_msg/msg/_inference_result.py'...
[61.671s] Compiling '/home/puzzlebot/github/mini_challenges_eq5/install/yolo_msg/lib/python3.8/site-packages/yolo_msg/msg/_yolov8_inference.py'...
[61.695s] -- Installing: /home/puzzlebot/github/mini_challenges_eq5/install/yolo_msg/lib/python3.8/site-packages/yolo_msg/yolo_msg_s__rosidl_typesupport_fastrtps_c.cpython-38-aarch64-linux-gnu.so
[61.697s] -- Set runtime path of "/home/puzzlebot/github/mini_challenges_eq5/install/yolo_msg/lib/python3.8/site-packages/yolo_msg/yolo_msg_s__rosidl_typesupport_fastrtps_c.cpython-38-aarch64-linux-gnu.so" to ""
[61.699s] -- Installing: /home/puzzlebot/github/mini_challenges_eq5/install/yolo_msg/lib/python3.8/site-packages/yolo_msg/yolo_msg_s__rosidl_typesupport_introspection_c.cpython-38-aarch64-linux-gnu.so
[61.702s] -- Set runtime path of "/home/puzzlebot/github/mini_challenges_eq5/install/yolo_msg/lib/python3.8/site-packages/yolo_msg/yolo_msg_s__rosidl_typesupport_introspection_c.cpython-38-aarch64-linux-gnu.so" to ""
[61.705s] -- Installing: /home/puzzlebot/github/mini_challenges_eq5/install/yolo_msg/lib/python3.8/site-packages/yolo_msg/yolo_msg_s__rosidl_typesupport_c.cpython-38-aarch64-linux-gnu.so
[61.706s] -- Set runtime path of "/home/puzzlebot/github/mini_challenges_eq5/install/yolo_msg/lib/python3.8/site-packages/yolo_msg/yolo_msg_s__rosidl_typesupport_c.cpython-38-aarch64-linux-gnu.so" to ""
[61.706s] -- Installing: /home/puzzlebot/github/mini_challenges_eq5/install/yolo_msg/lib/libyolo_msg__rosidl_generator_py.so
[61.708s] -- Set runtime path of "/home/puzzlebot/github/mini_challenges_eq5/install/yolo_msg/lib/libyolo_msg__rosidl_generator_py.so" to ""
[61.710s] -- Installing: /home/puzzlebot/github/mini_challenges_eq5/install/yolo_msg/share/yolo_msg/msg/InferenceResult.idl
[61.712s] -- Installing: /home/puzzlebot/github/mini_challenges_eq5/install/yolo_msg/share/yolo_msg/msg/Yolov8Inference.idl
[61.717s] -- Installing: /home/puzzlebot/github/mini_challenges_eq5/install/yolo_msg/share/yolo_msg/msg/InferenceResult.msg
[61.718s] -- Installing: /home/puzzlebot/github/mini_challenges_eq5/install/yolo_msg/share/yolo_msg/msg/Yolov8Inference.msg
[61.718s] -- Installing: /home/puzzlebot/github/mini_challenges_eq5/install/yolo_msg/share/ament_index/resource_index/package_run_dependencies/yolo_msg
[61.719s] -- Installing: /home/puzzlebot/github/mini_challenges_eq5/install/yolo_msg/share/ament_index/resource_index/parent_prefix_path/yolo_msg
[61.721s] -- Installing: /home/puzzlebot/github/mini_challenges_eq5/install/yolo_msg/share/yolo_msg/environment/ament_prefix_path.sh
[61.726s] -- Installing: /home/puzzlebot/github/mini_challenges_eq5/install/yolo_msg/share/yolo_msg/environment/ament_prefix_path.dsv
[61.727s] -- Installing: /home/puzzlebot/github/mini_challenges_eq5/install/yolo_msg/share/yolo_msg/environment/path.sh
[61.727s] -- Installing: /home/puzzlebot/github/mini_challenges_eq5/install/yolo_msg/share/yolo_msg/environment/path.dsv
[61.728s] -- Installing: /home/puzzlebot/github/mini_challenges_eq5/install/yolo_msg/share/yolo_msg/local_setup.bash
[61.729s] -- Installing: /home/puzzlebot/github/mini_challenges_eq5/install/yolo_msg/share/yolo_msg/local_setup.sh
[61.729s] -- Installing: /home/puzzlebot/github/mini_challenges_eq5/install/yolo_msg/share/yolo_msg/local_setup.zsh
[61.733s] -- Installing: /home/puzzlebot/github/mini_challenges_eq5/install/yolo_msg/share/yolo_msg/local_setup.dsv
[61.734s] -- Installing: /home/puzzlebot/github/mini_challenges_eq5/install/yolo_msg/share/yolo_msg/package.dsv
[61.735s] -- Installing: /home/puzzlebot/github/mini_challenges_eq5/install/yolo_msg/share/ament_index/resource_index/packages/yolo_msg
[61.736s] -- Installing: /home/puzzlebot/github/mini_challenges_eq5/install/yolo_msg/share/yolo_msg/cmake/export_yolo_msg__rosidl_generator_cExport.cmake
[61.737s] -- Installing: /home/puzzlebot/github/mini_challenges_eq5/install/yolo_msg/share/yolo_msg/cmake/export_yolo_msg__rosidl_generator_cExport-noconfig.cmake
[61.737s] -- Installing: /home/puzzlebot/github/mini_challenges_eq5/install/yolo_msg/share/yolo_msg/cmake/export_yolo_msg__rosidl_typesupport_fastrtps_cExport.cmake
[61.738s] -- Installing: /home/puzzlebot/github/mini_challenges_eq5/install/yolo_msg/share/yolo_msg/cmake/export_yolo_msg__rosidl_typesupport_fastrtps_cExport-noconfig.cmake
[61.739s] -- Installing: /home/puzzlebot/github/mini_challenges_eq5/install/yolo_msg/share/yolo_msg/cmake/export_yolo_msg__rosidl_generator_cppExport.cmake
[61.740s] -- Installing: /home/puzzlebot/github/mini_challenges_eq5/install/yolo_msg/share/yolo_msg/cmake/export_yolo_msg__rosidl_typesupport_fastrtps_cppExport.cmake
[61.741s] -- Installing: /home/puzzlebot/github/mini_challenges_eq5/install/yolo_msg/share/yolo_msg/cmake/export_yolo_msg__rosidl_typesupport_fastrtps_cppExport-noconfig.cmake
[61.742s] -- Installing: /home/puzzlebot/github/mini_challenges_eq5/install/yolo_msg/share/yolo_msg/cmake/yolo_msg__rosidl_typesupport_introspection_cExport.cmake
[61.742s] -- Installing: /home/puzzlebot/github/mini_challenges_eq5/install/yolo_msg/share/yolo_msg/cmake/yolo_msg__rosidl_typesupport_introspection_cExport-noconfig.cmake
[61.758s] -- Installing: /home/puzzlebot/github/mini_challenges_eq5/install/yolo_msg/share/yolo_msg/cmake/yolo_msg__rosidl_typesupport_cExport.cmake
[61.758s] -- Installing: /home/puzzlebot/github/mini_challenges_eq5/install/yolo_msg/share/yolo_msg/cmake/yolo_msg__rosidl_typesupport_cExport-noconfig.cmake
[61.759s] -- Installing: /home/puzzlebot/github/mini_challenges_eq5/install/yolo_msg/share/yolo_msg/cmake/yolo_msg__rosidl_typesupport_introspection_cppExport.cmake
[61.760s] -- Installing: /home/puzzlebot/github/mini_challenges_eq5/install/yolo_msg/share/yolo_msg/cmake/yolo_msg__rosidl_typesupport_introspection_cppExport-noconfig.cmake
[61.762s] -- Installing: /home/puzzlebot/github/mini_challenges_eq5/install/yolo_msg/share/yolo_msg/cmake/yolo_msg__rosidl_typesupport_cppExport.cmake
[61.763s] -- Installing: /home/puzzlebot/github/mini_challenges_eq5/install/yolo_msg/share/yolo_msg/cmake/yolo_msg__rosidl_typesupport_cppExport-noconfig.cmake
[61.768s] -- Installing: /home/puzzlebot/github/mini_challenges_eq5/install/yolo_msg/share/yolo_msg/cmake/export_yolo_msg__rosidl_generator_pyExport.cmake
[61.769s] -- Installing: /home/puzzlebot/github/mini_challenges_eq5/install/yolo_msg/share/yolo_msg/cmake/export_yolo_msg__rosidl_generator_pyExport-noconfig.cmake
[61.770s] -- Installing: /home/puzzlebot/github/mini_challenges_eq5/install/yolo_msg/share/yolo_msg/cmake/rosidl_cmake-extras.cmake
[61.771s] -- Installing: /home/puzzlebot/github/mini_challenges_eq5/install/yolo_msg/share/yolo_msg/cmake/ament_cmake_export_dependencies-extras.cmake
[61.772s] -- Installing: /home/puzzlebot/github/mini_challenges_eq5/install/yolo_msg/share/yolo_msg/cmake/ament_cmake_export_include_directories-extras.cmake
[61.776s] -- Installing: /home/puzzlebot/github/mini_challenges_eq5/install/yolo_msg/share/yolo_msg/cmake/ament_cmake_export_libraries-extras.cmake
[61.778s] -- Installing: /home/puzzlebot/github/mini_challenges_eq5/install/yolo_msg/share/yolo_msg/cmake/ament_cmake_export_targets-extras.cmake
[61.778s] -- Installing: /home/puzzlebot/github/mini_challenges_eq5/install/yolo_msg/share/yolo_msg/cmake/rosidl_cmake_export_typesupport_targets-extras.cmake
[61.784s] -- Installing: /home/puzzlebot/github/mini_challenges_eq5/install/yolo_msg/share/yolo_msg/cmake/rosidl_cmake_export_typesupport_libraries-extras.cmake
[61.785s] -- Installing: /home/puzzlebot/github/mini_challenges_eq5/install/yolo_msg/share/yolo_msg/cmake/yolo_msgConfig.cmake
[61.786s] -- Installing: /home/puzzlebot/github/mini_challenges_eq5/install/yolo_msg/share/yolo_msg/cmake/yolo_msgConfig-version.cmake
[61.786s] -- Installing: /home/puzzlebot/github/mini_challenges_eq5/install/yolo_msg/share/yolo_msg/package.xml
[61.799s] Invoked command in '/home/puzzlebot/github/mini_challenges_eq5/build/yolo_msg' returned '0': CMAKE_PREFIX_PATH=/home/puzzlebot/ros2_ws/install/ros2_bag_to_image:/home/puzzlebot/ros2_ws/install/puzzlebot_ros:/home/puzzlebot/ros2_ws/install/camera_compressor:/opt/ros/humble:/home/puzzlebot/ros2_packages_ws/install/ros_deep_learning:/home/puzzlebot/ros2_packages_ws/install/micro_ros_setup:/home/puzzlebot/ros2_packages_ws/install/micro_ros_agent:/home/puzzlebot/ros2_packages_ws/install/micro_ros_msgs:/home/puzzlebot/ros2_packages_ws/install/camera_info_publisher /usr/bin/cmake --install /home/puzzlebot/github/mini_challenges_eq5/build/yolo_msg
