-- Found ament_cmake: 1.3.8 (/opt/ros/humble/share/ament_cmake/cmake)
-- Found ament_lint_auto: 0.12.10 (/opt/ros/humble/share/ament_lint_auto/cmake)
-- Added test 'lint_cmake' to check CMake code style
-- Added test 'xmllint' to check XML markup files
-- Configuring done
-- Generating done
-- Build files have been written to: /home/rllaguno/mini_challenges_eq5/build/challenge_msgs
-- Install configuration: ""
-- Installing: /home/rllaguno/mini_challenges_eq5/install/challenge_msgs/share/ament_index/resource_index/package_run_dependencies/challenge_msgs
-- Installing: /home/rllaguno/mini_challenges_eq5/install/challenge_msgs/share/ament_index/resource_index/parent_prefix_path/challenge_msgs
-- Up-to-date: /home/rllaguno/mini_challenges_eq5/install/challenge_msgs/share/challenge_msgs/environment/ament_prefix_path.sh
-- Installing: /home/rllaguno/mini_challenges_eq5/install/challenge_msgs/share/challenge_msgs/environment/ament_prefix_path.dsv
-- Up-to-date: /home/rllaguno/mini_challenges_eq5/install/challenge_msgs/share/challenge_msgs/environment/path.sh
-- Installing: /home/rllaguno/mini_challenges_eq5/install/challenge_msgs/share/challenge_msgs/environment/path.dsv
-- Up-to-date: /home/rllaguno/mini_challenges_eq5/install/challenge_msgs/share/challenge_msgs/local_setup.bash
-- Up-to-date: /home/rllaguno/mini_challenges_eq5/install/challenge_msgs/share/challenge_msgs/local_setup.sh
-- Up-to-date: /home/rllaguno/mini_challenges_eq5/install/challenge_msgs/share/challenge_msgs/local_setup.zsh
-- Installing: /home/rllaguno/mini_challenges_eq5/install/challenge_msgs/share/challenge_msgs/local_setup.dsv
-- Installing: /home/rllaguno/mini_challenges_eq5/install/challenge_msgs/share/challenge_msgs/package.dsv
-- Up-to-date: /home/rllaguno/mini_challenges_eq5/install/challenge_msgs/share/ament_index/resource_index/packages/challenge_msgs
-- Up-to-date: /home/rllaguno/mini_challenges_eq5/install/challenge_msgs/share/challenge_msgs/cmake/challenge_msgsConfig.cmake
-- Up-to-date: /home/rllaguno/mini_challenges_eq5/install/challenge_msgs/share/challenge_msgs/cmake/challenge_msgsConfig-version.cmake
-- Installing: /home/rllaguno/mini_challenges_eq5/install/challenge_msgs/share/challenge_msgs/package.xml
