[3.187s] DEBUG:colcon:Command line arguments: ['/usr/bin/colcon', 'build']
[3.187s] DEBUG:colcon:Parsed command line arguments: Namespace(log_base=None, log_level=None, verb_name='build', build_base='build', install_base='install', merge_install=False, symlink_install=False, test_result_base=None, continue_on_error=False, executor='parallel', parallel_workers=16, event_handlers=None, ignore_user_meta=False, metas=['./colcon.meta'], base_paths=['.'], packages_ignore=None, packages_ignore_regex=None, paths=None, packages_up_to=None, packages_up_to_regex=None, packages_above=None, packages_above_and_dependencies=None, packages_above_depth=None, packages_select_by_dep=None, packages_skip_by_dep=None, packages_skip_up_to=None, packages_select_build_failed=False, packages_skip_build_finished=False, packages_select_test_failures=False, packages_skip_test_passed=False, packages_select=None, packages_skip=None, packages_select_regex=None, packages_skip_regex=None, packages_start=None, packages_end=None, allow_overriding=[], cmake_args=None, cmake_target=None, cmake_target_skip_unavailable=False, cmake_clean_cache=False, cmake_clean_first=False, cmake_force_configure=False, ament_cmake_args=None, catkin_cmake_args=None, catkin_skip_building_tests=False, verb_parser=<colcon_defaults.argument_parser.defaults.DefaultArgumentsDecorator object at 0x76a8def50d30>, verb_extension=<colcon_core.verb.build.BuildVerb object at 0x76a8def50a30>, main=<bound method BuildVerb.main of <colcon_core.verb.build.BuildVerb object at 0x76a8def50a30>>)
[3.247s] Level 1:colcon.colcon_core.package_discovery:discover_packages(colcon_meta) check parameters
[3.247s] Level 1:colcon.colcon_core.package_discovery:discover_packages(recursive) check parameters
[3.247s] Level 1:colcon.colcon_core.package_discovery:discover_packages(ignore) check parameters
[3.247s] Level 1:colcon.colcon_core.package_discovery:discover_packages(path) check parameters
[3.247s] Level 1:colcon.colcon_core.package_discovery:discover_packages(colcon_meta) discover
[3.247s] Level 1:colcon.colcon_core.package_discovery:discover_packages(recursive) discover
[3.247s] INFO:colcon.colcon_core.package_discovery:Crawling recursively for packages in '/home/mcr2/mini_challenges_eq5'
[3.247s] Level 1:colcon.colcon_core.package_identification:_identify(.) by extensions ['ignore', 'ignore_ament_install']
[3.247s] Level 1:colcon.colcon_core.package_identification:_identify(.) by extension 'ignore'
[3.247s] Level 1:colcon.colcon_core.package_identification:_identify(.) by extension 'ignore_ament_install'
[3.247s] Level 1:colcon.colcon_core.package_identification:_identify(.) by extensions ['colcon_pkg']
[3.247s] Level 1:colcon.colcon_core.package_identification:_identify(.) by extension 'colcon_pkg'
[3.247s] Level 1:colcon.colcon_core.package_identification:_identify(.) by extensions ['colcon_meta']
[3.247s] Level 1:colcon.colcon_core.package_identification:_identify(.) by extension 'colcon_meta'
[3.247s] Level 1:colcon.colcon_core.package_identification:_identify(.) by extensions ['ros']
[3.247s] Level 1:colcon.colcon_core.package_identification:_identify(.) by extension 'ros'
[3.252s] Level 1:colcon.colcon_core.package_identification:_identify(.) by extensions ['cmake', 'python']
[3.252s] Level 1:colcon.colcon_core.package_identification:_identify(.) by extension 'cmake'
[3.252s] Level 1:colcon.colcon_core.package_identification:_identify(.) by extension 'python'
[3.252s] Level 1:colcon.colcon_core.package_identification:_identify(.) by extensions ['python_setup_py']
[3.252s] Level 1:colcon.colcon_core.package_identification:_identify(.) by extension 'python_setup_py'
[3.252s] Level 1:colcon.colcon_core.package_identification:_identify(build) by extensions ['ignore', 'ignore_ament_install']
[3.252s] Level 1:colcon.colcon_core.package_identification:_identify(build) by extension 'ignore'
[3.252s] Level 1:colcon.colcon_core.package_identification:_identify(build) ignored
[3.252s] Level 1:colcon.colcon_core.package_identification:_identify(install) by extensions ['ignore', 'ignore_ament_install']
[3.253s] Level 1:colcon.colcon_core.package_identification:_identify(install) by extension 'ignore'
[3.253s] Level 1:colcon.colcon_core.package_identification:_identify(install) ignored
[3.253s] Level 1:colcon.colcon_core.package_identification:_identify(log) by extensions ['ignore', 'ignore_ament_install']
[3.253s] Level 1:colcon.colcon_core.package_identification:_identify(log) by extension 'ignore'
[3.253s] Level 1:colcon.colcon_core.package_identification:_identify(log) ignored
[3.253s] Level 1:colcon.colcon_core.package_identification:_identify(src) by extensions ['ignore', 'ignore_ament_install']
[3.253s] Level 1:colcon.colcon_core.package_identification:_identify(src) by extension 'ignore'
[3.253s] Level 1:colcon.colcon_core.package_identification:_identify(src) by extension 'ignore_ament_install'
[3.253s] Level 1:colcon.colcon_core.package_identification:_identify(src) by extensions ['colcon_pkg']
[3.253s] Level 1:colcon.colcon_core.package_identification:_identify(src) by extension 'colcon_pkg'
[3.253s] Level 1:colcon.colcon_core.package_identification:_identify(src) by extensions ['colcon_meta']
[3.253s] Level 1:colcon.colcon_core.package_identification:_identify(src) by extension 'colcon_meta'
[3.253s] Level 1:colcon.colcon_core.package_identification:_identify(src) by extensions ['ros']
[3.253s] Level 1:colcon.colcon_core.package_identification:_identify(src) by extension 'ros'
[3.253s] Level 1:colcon.colcon_core.package_identification:_identify(src) by extensions ['cmake', 'python']
[3.253s] Level 1:colcon.colcon_core.package_identification:_identify(src) by extension 'cmake'
[3.253s] Level 1:colcon.colcon_core.package_identification:_identify(src) by extension 'python'
[3.253s] Level 1:colcon.colcon_core.package_identification:_identify(src) by extensions ['python_setup_py']
[3.253s] Level 1:colcon.colcon_core.package_identification:_identify(src) by extension 'python_setup_py'
[3.253s] Level 1:colcon.colcon_core.package_identification:_identify(src/mini_challenge_2) by extensions ['ignore', 'ignore_ament_install']
[3.253s] Level 1:colcon.colcon_core.package_identification:_identify(src/mini_challenge_2) by extension 'ignore'
[3.253s] Level 1:colcon.colcon_core.package_identification:_identify(src/mini_challenge_2) by extension 'ignore_ament_install'
[3.253s] Level 1:colcon.colcon_core.package_identification:_identify(src/mini_challenge_2) by extensions ['colcon_pkg']
[3.253s] Level 1:colcon.colcon_core.package_identification:_identify(src/mini_challenge_2) by extension 'colcon_pkg'
[3.253s] Level 1:colcon.colcon_core.package_identification:_identify(src/mini_challenge_2) by extensions ['colcon_meta']
[3.253s] Level 1:colcon.colcon_core.package_identification:_identify(src/mini_challenge_2) by extension 'colcon_meta'
[3.253s] Level 1:colcon.colcon_core.package_identification:_identify(src/mini_challenge_2) by extensions ['ros']
[3.253s] Level 1:colcon.colcon_core.package_identification:_identify(src/mini_challenge_2) by extension 'ros'
[3.259s] DEBUG:colcon.colcon_core.package_identification:Package 'src/mini_challenge_2' with type 'ros.ament_python' and name 'mini_challenge_2'
[3.260s] Level 1:colcon.colcon_core.package_identification:_identify(src/mini_challenge_3) by extensions ['ignore', 'ignore_ament_install']
[3.260s] Level 1:colcon.colcon_core.package_identification:_identify(src/mini_challenge_3) by extension 'ignore'
[3.260s] Level 1:colcon.colcon_core.package_identification:_identify(src/mini_challenge_3) by extension 'ignore_ament_install'
[3.260s] Level 1:colcon.colcon_core.package_identification:_identify(src/mini_challenge_3) by extensions ['colcon_pkg']
[3.260s] Level 1:colcon.colcon_core.package_identification:_identify(src/mini_challenge_3) by extension 'colcon_pkg'
[3.261s] Level 1:colcon.colcon_core.package_identification:_identify(src/mini_challenge_3) by extensions ['colcon_meta']
[3.261s] Level 1:colcon.colcon_core.package_identification:_identify(src/mini_challenge_3) by extension 'colcon_meta'
[3.261s] Level 1:colcon.colcon_core.package_identification:_identify(src/mini_challenge_3) by extensions ['ros']
[3.261s] Level 1:colcon.colcon_core.package_identification:_identify(src/mini_challenge_3) by extension 'ros'
[3.262s] DEBUG:colcon.colcon_core.package_identification:Package 'src/mini_challenge_3' with type 'ros.ament_python' and name 'mini_challenge_3'
[3.262s] Level 1:colcon.colcon_core.package_discovery:discover_packages(recursive) using defaults
[3.262s] Level 1:colcon.colcon_core.package_discovery:discover_packages(ignore) discover
[3.262s] Level 1:colcon.colcon_core.package_discovery:discover_packages(ignore) using defaults
[3.262s] Level 1:colcon.colcon_core.package_discovery:discover_packages(path) discover
[3.262s] Level 1:colcon.colcon_core.package_discovery:discover_packages(path) using defaults
[3.382s] Level 1:colcon.colcon_core.package_discovery:discover_packages(prefix_path) check parameters
[3.382s] Level 1:colcon.colcon_core.package_discovery:discover_packages(prefix_path) discover
[3.470s] DEBUG:colcon.colcon_installed_package_information.package_discovery:Found 2 installed packages in /home/mcr2/mini_challenges_eq5/install
[3.497s] DEBUG:colcon.colcon_installed_package_information.package_discovery:Found 18 installed packages in /home/mcr2/ros2_utilities_ws/install
[3.522s] DEBUG:colcon.colcon_installed_package_information.package_discovery:Found 345 installed packages in /opt/ros/humble
[3.524s] Level 1:colcon.colcon_core.package_discovery:discover_packages(prefix_path) using defaults
[3.709s] Level 5:colcon.colcon_core.verb:set package 'mini_challenge_2' build argument 'cmake_args' from command line to 'None'
[3.710s] Level 5:colcon.colcon_core.verb:set package 'mini_challenge_2' build argument 'cmake_target' from command line to 'None'
[3.710s] Level 5:colcon.colcon_core.verb:set package 'mini_challenge_2' build argument 'cmake_target_skip_unavailable' from command line to 'False'
[3.710s] Level 5:colcon.colcon_core.verb:set package 'mini_challenge_2' build argument 'cmake_clean_cache' from command line to 'False'
[3.710s] Level 5:colcon.colcon_core.verb:set package 'mini_challenge_2' build argument 'cmake_clean_first' from command line to 'False'
[3.710s] Level 5:colcon.colcon_core.verb:set package 'mini_challenge_2' build argument 'cmake_force_configure' from command line to 'False'
[3.710s] Level 5:colcon.colcon_core.verb:set package 'mini_challenge_2' build argument 'ament_cmake_args' from command line to 'None'
[3.710s] Level 5:colcon.colcon_core.verb:set package 'mini_challenge_2' build argument 'catkin_cmake_args' from command line to 'None'
[3.710s] Level 5:colcon.colcon_core.verb:set package 'mini_challenge_2' build argument 'catkin_skip_building_tests' from command line to 'False'
[3.710s] DEBUG:colcon.colcon_core.verb:Building package 'mini_challenge_2' with the following arguments: {'ament_cmake_args': None, 'build_base': '/home/mcr2/mini_challenges_eq5/build/mini_challenge_2', 'catkin_cmake_args': None, 'catkin_skip_building_tests': False, 'cmake_args': None, 'cmake_clean_cache': False, 'cmake_clean_first': False, 'cmake_force_configure': False, 'cmake_target': None, 'cmake_target_skip_unavailable': False, 'install_base': '/home/mcr2/mini_challenges_eq5/install/mini_challenge_2', 'merge_install': False, 'path': '/home/mcr2/mini_challenges_eq5/src/mini_challenge_2', 'symlink_install': False, 'test_result_base': None}
[3.732s] Level 5:colcon.colcon_core.verb:set package 'mini_challenge_3' build argument 'cmake_args' from command line to 'None'
[3.732s] Level 5:colcon.colcon_core.verb:set package 'mini_challenge_3' build argument 'cmake_target' from command line to 'None'
[3.732s] Level 5:colcon.colcon_core.verb:set package 'mini_challenge_3' build argument 'cmake_target_skip_unavailable' from command line to 'False'
[3.732s] Level 5:colcon.colcon_core.verb:set package 'mini_challenge_3' build argument 'cmake_clean_cache' from command line to 'False'
[3.733s] Level 5:colcon.colcon_core.verb:set package 'mini_challenge_3' build argument 'cmake_clean_first' from command line to 'False'
[3.733s] Level 5:colcon.colcon_core.verb:set package 'mini_challenge_3' build argument 'cmake_force_configure' from command line to 'False'
[3.733s] Level 5:colcon.colcon_core.verb:set package 'mini_challenge_3' build argument 'ament_cmake_args' from command line to 'None'
[3.733s] Level 5:colcon.colcon_core.verb:set package 'mini_challenge_3' build argument 'catkin_cmake_args' from command line to 'None'
[3.733s] Level 5:colcon.colcon_core.verb:set package 'mini_challenge_3' build argument 'catkin_skip_building_tests' from command line to 'False'
[3.733s] DEBUG:colcon.colcon_core.verb:Building package 'mini_challenge_3' with the following arguments: {'ament_cmake_args': None, 'build_base': '/home/mcr2/mini_challenges_eq5/build/mini_challenge_3', 'catkin_cmake_args': None, 'catkin_skip_building_tests': False, 'cmake_args': None, 'cmake_clean_cache': False, 'cmake_clean_first': False, 'cmake_force_configure': False, 'cmake_target': None, 'cmake_target_skip_unavailable': False, 'install_base': '/home/mcr2/mini_challenges_eq5/install/mini_challenge_3', 'merge_install': False, 'path': '/home/mcr2/mini_challenges_eq5/src/mini_challenge_3', 'symlink_install': False, 'test_result_base': None}
[3.756s] INFO:colcon.colcon_core.executor:Executing jobs using 'parallel' executor
[3.793s] DEBUG:colcon.colcon_parallel_executor.executor.parallel:run_until_complete
[3.793s] INFO:colcon.colcon_ros.task.ament_python.build:Building ROS package in '/home/mcr2/mini_challenges_eq5/src/mini_challenge_2' with build type 'ament_python'
[3.793s] Level 1:colcon.colcon_core.shell:create_environment_hook('mini_challenge_2', 'ament_prefix_path')
[3.854s] INFO:colcon.colcon_core.plugin_system:Skipping extension 'colcon_core.shell.bat': Not used on non-Windows systems
[3.855s] INFO:colcon.colcon_core.shell:Creating environment hook '/home/mcr2/mini_challenges_eq5/install/mini_challenge_2/share/mini_challenge_2/hook/ament_prefix_path.ps1'
[3.856s] INFO:colcon.colcon_core.shell:Creating environment descriptor '/home/mcr2/mini_challenges_eq5/install/mini_challenge_2/share/mini_challenge_2/hook/ament_prefix_path.dsv'
[3.867s] INFO:colcon.colcon_core.shell:Creating environment hook '/home/mcr2/mini_challenges_eq5/install/mini_challenge_2/share/mini_challenge_2/hook/ament_prefix_path.sh'
[3.890s] INFO:colcon.colcon_core.shell:Skip shell extension 'powershell' for command environment: Not usable outside of PowerShell
[3.890s] DEBUG:colcon.colcon_core.shell:Skip shell extension 'dsv' for command environment
[4.005s] INFO:colcon.colcon_ros.task.ament_python.build:Building ROS package in '/home/mcr2/mini_challenges_eq5/src/mini_challenge_3' with build type 'ament_python'
[4.005s] Level 1:colcon.colcon_core.shell:create_environment_hook('mini_challenge_3', 'ament_prefix_path')
[4.016s] INFO:colcon.colcon_core.shell:Creating environment hook '/home/mcr2/mini_challenges_eq5/install/mini_challenge_3/share/mini_challenge_3/hook/ament_prefix_path.ps1'
[4.016s] INFO:colcon.colcon_core.shell:Creating environment descriptor '/home/mcr2/mini_challenges_eq5/install/mini_challenge_3/share/mini_challenge_3/hook/ament_prefix_path.dsv'
[4.017s] INFO:colcon.colcon_core.shell:Creating environment hook '/home/mcr2/mini_challenges_eq5/install/mini_challenge_3/share/mini_challenge_3/hook/ament_prefix_path.sh'
[4.032s] INFO:colcon.colcon_core.shell:Skip shell extension 'powershell' for command environment: Not usable outside of PowerShell
[4.032s] DEBUG:colcon.colcon_core.shell:Skip shell extension 'dsv' for command environment
[4.624s] INFO:colcon.colcon_core.task.python.build:Building Python package in '/home/mcr2/mini_challenges_eq5/src/mini_challenge_2'
[4.705s] INFO:colcon.colcon_core.shell:Skip shell extension 'powershell' for command environment: Not usable outside of PowerShell
[4.706s] DEBUG:colcon.colcon_core.shell:Skip shell extension 'dsv' for command environment
[5.301s] INFO:colcon.colcon_core.task.python.build:Building Python package in '/home/mcr2/mini_challenges_eq5/src/mini_challenge_3'
[5.326s] INFO:colcon.colcon_core.shell:Skip shell extension 'powershell' for command environment: Not usable outside of PowerShell
[5.326s] DEBUG:colcon.colcon_core.shell:Skip shell extension 'dsv' for command environment
[5.994s] DEBUG:colcon.colcon_core.event_handler.log_command:Invoking command in '/home/mcr2/mini_challenges_eq5/src/mini_challenge_3': PYTHONPATH=/home/mcr2/mini_challenges_eq5/build/mini_challenge_3/prefix_override:/home/mcr2/mini_challenges_eq5/install/mini_challenge_3/lib/python3.10/site-packages:${PYTHONPATH} /usr/bin/python3 setup.py egg_info --egg-base ../../build/mini_challenge_3 build --build-base /home/mcr2/mini_challenges_eq5/build/mini_challenge_3/build install --record /home/mcr2/mini_challenges_eq5/build/mini_challenge_3/install.log --single-version-externally-managed
[6.018s] DEBUG:colcon.colcon_core.event_handler.log_command:Invoking command in '/home/mcr2/mini_challenges_eq5/src/mini_challenge_2': PYTHONPATH=/home/mcr2/mini_challenges_eq5/build/mini_challenge_2/prefix_override:/home/mcr2/mini_challenges_eq5/install/mini_challenge_2/lib/python3.10/site-packages:${PYTHONPATH} /usr/bin/python3 setup.py egg_info --egg-base ../../build/mini_challenge_2 build --build-base /home/mcr2/mini_challenges_eq5/build/mini_challenge_2/build install --record /home/mcr2/mini_challenges_eq5/build/mini_challenge_2/install.log --single-version-externally-managed
[6.438s] DEBUG:colcon.colcon_core.event_handler.log_command:Invoked command in '/home/mcr2/mini_challenges_eq5/src/mini_challenge_2' returned '0': PYTHONPATH=/home/mcr2/mini_challenges_eq5/build/mini_challenge_2/prefix_override:/home/mcr2/mini_challenges_eq5/install/mini_challenge_2/lib/python3.10/site-packages:${PYTHONPATH} /usr/bin/python3 setup.py egg_info --egg-base ../../build/mini_challenge_2 build --build-base /home/mcr2/mini_challenges_eq5/build/mini_challenge_2/build install --record /home/mcr2/mini_challenges_eq5/build/mini_challenge_2/install.log --single-version-externally-managed
[6.478s] Level 1:colcon.colcon_core.environment:checking '/home/mcr2/mini_challenges_eq5/install/mini_challenge_2' for CMake module files
[6.479s] Level 1:colcon.colcon_core.environment:checking '/home/mcr2/mini_challenges_eq5/install/mini_challenge_2' for CMake config files
[6.480s] Level 1:colcon.colcon_core.environment:checking '/home/mcr2/mini_challenges_eq5/install/mini_challenge_2/lib'
[6.481s] Level 1:colcon.colcon_core.environment:checking '/home/mcr2/mini_challenges_eq5/install/mini_challenge_2/bin'
[6.481s] Level 1:colcon.colcon_core.environment:checking '/home/mcr2/mini_challenges_eq5/install/mini_challenge_2/lib/pkgconfig/mini_challenge_2.pc'
[6.481s] Level 1:colcon.colcon_core.environment:checking '/home/mcr2/mini_challenges_eq5/install/mini_challenge_2/lib/python3.10/site-packages'
[6.482s] Level 1:colcon.colcon_core.shell:create_environment_hook('mini_challenge_2', 'pythonpath')
[6.505s] INFO:colcon.colcon_core.shell:Creating environment hook '/home/mcr2/mini_challenges_eq5/install/mini_challenge_2/share/mini_challenge_2/hook/pythonpath.ps1'
[6.507s] INFO:colcon.colcon_core.shell:Creating environment descriptor '/home/mcr2/mini_challenges_eq5/install/mini_challenge_2/share/mini_challenge_2/hook/pythonpath.dsv'
[6.507s] INFO:colcon.colcon_core.shell:Creating environment hook '/home/mcr2/mini_challenges_eq5/install/mini_challenge_2/share/mini_challenge_2/hook/pythonpath.sh'
[6.509s] Level 1:colcon.colcon_core.environment:checking '/home/mcr2/mini_challenges_eq5/install/mini_challenge_2/bin'
[6.509s] Level 1:colcon.colcon_core.environment:create_environment_scripts_only(mini_challenge_2)
[6.534s] INFO:colcon.colcon_core.shell:Creating package script '/home/mcr2/mini_challenges_eq5/install/mini_challenge_2/share/mini_challenge_2/package.ps1'
[6.535s] INFO:colcon.colcon_core.shell:Creating package descriptor '/home/mcr2/mini_challenges_eq5/install/mini_challenge_2/share/mini_challenge_2/package.dsv'
[6.536s] INFO:colcon.colcon_core.shell:Creating package script '/home/mcr2/mini_challenges_eq5/install/mini_challenge_2/share/mini_challenge_2/package.sh'
[6.538s] INFO:colcon.colcon_core.shell:Creating package script '/home/mcr2/mini_challenges_eq5/install/mini_challenge_2/share/mini_challenge_2/package.bash'
[6.540s] INFO:colcon.colcon_core.shell:Creating package script '/home/mcr2/mini_challenges_eq5/install/mini_challenge_2/share/mini_challenge_2/package.zsh'
[6.541s] Level 1:colcon.colcon_core.environment:create_file_with_runtime_dependencies(/home/mcr2/mini_challenges_eq5/install/mini_challenge_2/share/colcon-core/packages/mini_challenge_2)
[6.547s] DEBUG:colcon.colcon_core.event_handler.log_command:Invoked command in '/home/mcr2/mini_challenges_eq5/src/mini_challenge_3' returned '0': PYTHONPATH=/home/mcr2/mini_challenges_eq5/build/mini_challenge_3/prefix_override:/home/mcr2/mini_challenges_eq5/install/mini_challenge_3/lib/python3.10/site-packages:${PYTHONPATH} /usr/bin/python3 setup.py egg_info --egg-base ../../build/mini_challenge_3 build --build-base /home/mcr2/mini_challenges_eq5/build/mini_challenge_3/build install --record /home/mcr2/mini_challenges_eq5/build/mini_challenge_3/install.log --single-version-externally-managed
[6.571s] Level 1:colcon.colcon_core.environment:checking '/home/mcr2/mini_challenges_eq5/install/mini_challenge_3' for CMake module files
[6.572s] Level 1:colcon.colcon_core.environment:checking '/home/mcr2/mini_challenges_eq5/install/mini_challenge_3' for CMake config files
[6.573s] Level 1:colcon.colcon_core.environment:checking '/home/mcr2/mini_challenges_eq5/install/mini_challenge_3/lib'
[6.574s] Level 1:colcon.colcon_core.environment:checking '/home/mcr2/mini_challenges_eq5/install/mini_challenge_3/bin'
[6.574s] Level 1:colcon.colcon_core.environment:checking '/home/mcr2/mini_challenges_eq5/install/mini_challenge_3/lib/pkgconfig/mini_challenge_3.pc'
[6.574s] Level 1:colcon.colcon_core.environment:checking '/home/mcr2/mini_challenges_eq5/install/mini_challenge_3/lib/python3.10/site-packages'
[6.574s] Level 1:colcon.colcon_core.shell:create_environment_hook('mini_challenge_3', 'pythonpath')
[6.599s] INFO:colcon.colcon_core.shell:Creating environment hook '/home/mcr2/mini_challenges_eq5/install/mini_challenge_3/share/mini_challenge_3/hook/pythonpath.ps1'
[6.600s] INFO:colcon.colcon_core.shell:Creating environment descriptor '/home/mcr2/mini_challenges_eq5/install/mini_challenge_3/share/mini_challenge_3/hook/pythonpath.dsv'
[6.601s] INFO:colcon.colcon_core.shell:Creating environment hook '/home/mcr2/mini_challenges_eq5/install/mini_challenge_3/share/mini_challenge_3/hook/pythonpath.sh'
[6.602s] Level 1:colcon.colcon_core.environment:checking '/home/mcr2/mini_challenges_eq5/install/mini_challenge_3/bin'
[6.602s] Level 1:colcon.colcon_core.environment:create_environment_scripts_only(mini_challenge_3)
[6.637s] INFO:colcon.colcon_core.shell:Creating package script '/home/mcr2/mini_challenges_eq5/install/mini_challenge_3/share/mini_challenge_3/package.ps1'
[6.638s] INFO:colcon.colcon_core.shell:Creating package descriptor '/home/mcr2/mini_challenges_eq5/install/mini_challenge_3/share/mini_challenge_3/package.dsv'
[6.639s] INFO:colcon.colcon_core.shell:Creating package script '/home/mcr2/mini_challenges_eq5/install/mini_challenge_3/share/mini_challenge_3/package.sh'
[6.640s] INFO:colcon.colcon_core.shell:Creating package script '/home/mcr2/mini_challenges_eq5/install/mini_challenge_3/share/mini_challenge_3/package.bash'
[6.641s] INFO:colcon.colcon_core.shell:Creating package script '/home/mcr2/mini_challenges_eq5/install/mini_challenge_3/share/mini_challenge_3/package.zsh'
[6.642s] Level 1:colcon.colcon_core.environment:create_file_with_runtime_dependencies(/home/mcr2/mini_challenges_eq5/install/mini_challenge_3/share/colcon-core/packages/mini_challenge_3)
[6.642s] DEBUG:colcon.colcon_parallel_executor.executor.parallel:closing loop
[6.643s] DEBUG:colcon.colcon_parallel_executor.executor.parallel:loop closed
[6.643s] DEBUG:colcon.colcon_parallel_executor.executor.parallel:run_until_complete finished with '0'
[6.643s] DEBUG:colcon.colcon_core.event_reactor:joining thread
[6.685s] INFO:colcon.colcon_core.plugin_system:Skipping extension 'colcon_notification.desktop_notification.terminal_notifier': Not used on non-Darwin systems
[6.685s] INFO:colcon.colcon_core.plugin_system:Skipping extension 'colcon_notification.desktop_notification.win32': Not used on non-Windows systems
[6.685s] INFO:colcon.colcon_notification.desktop_notification:Sending desktop notification using 'notify2'
[6.712s] DEBUG:colcon.colcon_core.event_reactor:joined thread
[6.737s] INFO:colcon.colcon_core.shell:Creating prefix script '/home/mcr2/mini_challenges_eq5/install/local_setup.ps1'
[6.740s] INFO:colcon.colcon_core.shell:Creating prefix util module '/home/mcr2/mini_challenges_eq5/install/_local_setup_util_ps1.py'
[6.742s] INFO:colcon.colcon_core.shell:Creating prefix chain script '/home/mcr2/mini_challenges_eq5/install/setup.ps1'
[6.769s] INFO:colcon.colcon_core.shell:Creating prefix script '/home/mcr2/mini_challenges_eq5/install/local_setup.sh'
[6.771s] INFO:colcon.colcon_core.shell:Creating prefix util module '/home/mcr2/mini_challenges_eq5/install/_local_setup_util_sh.py'
[6.772s] INFO:colcon.colcon_core.shell:Creating prefix chain script '/home/mcr2/mini_challenges_eq5/install/setup.sh'
[6.798s] INFO:colcon.colcon_core.shell:Creating prefix script '/home/mcr2/mini_challenges_eq5/install/local_setup.bash'
[6.798s] INFO:colcon.colcon_core.shell:Creating prefix chain script '/home/mcr2/mini_challenges_eq5/install/setup.bash'
[6.816s] INFO:colcon.colcon_core.shell:Creating prefix script '/home/mcr2/mini_challenges_eq5/install/local_setup.zsh'
[6.818s] INFO:colcon.colcon_core.shell:Creating prefix chain script '/home/mcr2/mini_challenges_eq5/install/setup.zsh'
