[3.467s] Invoking command in '/home/puzzlebot/github/mini_challenges_eq5/src/final_challenge': PYTHONPATH=/home/puzzlebot/github/mini_challenges_eq5/build/final_challenge/prefix_override:/home/puzzlebot/github/mini_challenges_eq5/install/final_challenge/lib/python3.8/site-packages:/home/puzzlebot/github/mini_challenges_eq5/install/yolo_msg/lib/python3.8/site-packages:/home/puzzlebot/github/mini_challenges_eq5/install/signal_msg/lib/python3.8/site-packages:/home/puzzlebot/github/mini_challenges_eq5/install/final_challenge/lib/python3.8/site-packages:/home/puzzlebot/github/mini_challenges_eq5/install/mini_challenge_4/lib/python3.8/site-packages:/home/puzzlebot/github/mini_challenges_eq5/install/mini_challenge_3/lib/python3.8/site-packages:/home/puzzlebot/github/mini_challenges_eq5/install/mini_challenge_2/lib/python3.8/site-packages:/home/puzzlebot/ros2_ws/install/puzzlebot_ros/lib/python3.8/site-packages:/home/puzzlebot/ros2_ws/install/camera_compressor/lib/python3.8/site-packages:/home/puzzlebot/ros2_packages_ws/install/micro_ros_msgs/lib/python3.8/site-packages:/opt/ros/humble/lib/python3.8/site-packages /usr/bin/python3 -W ignore:setup.py install is deprecated setup.py egg_info --egg-base ../../build/final_challenge build --build-base /home/puzzlebot/github/mini_challenges_eq5/build/final_challenge/build install --record /home/puzzlebot/github/mini_challenges_eq5/build/final_challenge/install.log --single-version-externally-managed install_data
[4.627s] running egg_info
[4.631s] writing ../../build/final_challenge/final_challenge.egg-info/PKG-INFO
[4.633s] writing dependency_links to ../../build/final_challenge/final_challenge.egg-info/dependency_links.txt
[4.633s] writing entry points to ../../build/final_challenge/final_challenge.egg-info/entry_points.txt
[4.634s] writing requirements to ../../build/final_challenge/final_challenge.egg-info/requires.txt
[4.635s] writing top-level names to ../../build/final_challenge/final_challenge.egg-info/top_level.txt
[4.790s] reading manifest file '../../build/final_challenge/final_challenge.egg-info/SOURCES.txt'
[4.796s] writing manifest file '../../build/final_challenge/final_challenge.egg-info/SOURCES.txt'
[4.797s] running build
[4.797s] running build_py
[4.798s] copying final_challenge/Vision.py -> /home/puzzlebot/github/mini_challenges_eq5/build/final_challenge/build/lib/final_challenge
[4.798s] copying final_challenge/Controller.py -> /home/puzzlebot/github/mini_challenges_eq5/build/final_challenge/build/lib/final_challenge
[4.799s] running install
[4.803s] running install_lib
[4.807s] copying /home/puzzlebot/github/mini_challenges_eq5/build/final_challenge/build/lib/final_challenge/Vision.py -> /home/puzzlebot/github/mini_challenges_eq5/install/final_challenge/lib/python3.8/site-packages/final_challenge
[4.807s] copying /home/puzzlebot/github/mini_challenges_eq5/build/final_challenge/build/lib/final_challenge/Controller.py -> /home/puzzlebot/github/mini_challenges_eq5/install/final_challenge/lib/python3.8/site-packages/final_challenge
[4.812s] byte-compiling /home/puzzlebot/github/mini_challenges_eq5/install/final_challenge/lib/python3.8/site-packages/final_challenge/Vision.py to Vision.cpython-38.pyc
[4.819s] byte-compiling /home/puzzlebot/github/mini_challenges_eq5/install/final_challenge/lib/python3.8/site-packages/final_challenge/Controller.py to Controller.cpython-38.pyc
[4.825s] running install_data
[4.827s] running install_egg_info
[4.836s] removing '/home/puzzlebot/github/mini_challenges_eq5/install/final_challenge/lib/python3.8/site-packages/final_challenge-0.0.0-py3.8.egg-info' (and everything under it)
[4.837s] Copying ../../build/final_challenge/final_challenge.egg-info to /home/puzzlebot/github/mini_challenges_eq5/install/final_challenge/lib/python3.8/site-packages/final_challenge-0.0.0-py3.8.egg-info
[4.842s] running install_scripts
[4.907s] Installing Controller script to /home/puzzlebot/github/mini_challenges_eq5/install/final_challenge/lib/final_challenge
[4.908s] Installing ML script to /home/puzzlebot/github/mini_challenges_eq5/install/final_challenge/lib/final_challenge
[4.909s] Installing Odometry script to /home/puzzlebot/github/mini_challenges_eq5/install/final_challenge/lib/final_challenge
[4.909s] Installing Vision script to /home/puzzlebot/github/mini_challenges_eq5/install/final_challenge/lib/final_challenge
[4.910s] writing list of installed files to '/home/puzzlebot/github/mini_challenges_eq5/build/final_challenge/install.log'
[5.014s] Invoked command in '/home/puzzlebot/github/mini_challenges_eq5/src/final_challenge' returned '0': PYTHONPATH=/home/puzzlebot/github/mini_challenges_eq5/build/final_challenge/prefix_override:/home/puzzlebot/github/mini_challenges_eq5/install/final_challenge/lib/python3.8/site-packages:/home/puzzlebot/github/mini_challenges_eq5/install/yolo_msg/lib/python3.8/site-packages:/home/puzzlebot/github/mini_challenges_eq5/install/signal_msg/lib/python3.8/site-packages:/home/puzzlebot/github/mini_challenges_eq5/install/final_challenge/lib/python3.8/site-packages:/home/puzzlebot/github/mini_challenges_eq5/install/mini_challenge_4/lib/python3.8/site-packages:/home/puzzlebot/github/mini_challenges_eq5/install/mini_challenge_3/lib/python3.8/site-packages:/home/puzzlebot/github/mini_challenges_eq5/install/mini_challenge_2/lib/python3.8/site-packages:/home/puzzlebot/ros2_ws/install/puzzlebot_ros/lib/python3.8/site-packages:/home/puzzlebot/ros2_ws/install/camera_compressor/lib/python3.8/site-packages:/home/puzzlebot/ros2_packages_ws/install/micro_ros_msgs/lib/python3.8/site-packages:/opt/ros/humble/lib/python3.8/site-packages /usr/bin/python3 -W ignore:setup.py install is deprecated setup.py egg_info --egg-base ../../build/final_challenge build --build-base /home/puzzlebot/github/mini_challenges_eq5/build/final_challenge/build install --record /home/puzzlebot/github/mini_challenges_eq5/build/final_challenge/install.log --single-version-externally-managed install_data
