[1.793s] Invoking command in '/home/mcr2/mini_challenges_eq5/src/mini_challenge_3': PYTHONPATH=/home/mcr2/mini_challenges_eq5/build/mini_challenge_3/prefix_override:/home/mcr2/mini_challenges_eq5/install/mini_challenge_3/lib/python3.10/site-packages:${PYTHONPATH} /usr/bin/python3 setup.py egg_info --egg-base ../../build/mini_challenge_3 build --build-base /home/mcr2/mini_challenges_eq5/build/mini_challenge_3/build install --record /home/mcr2/mini_challenges_eq5/build/mini_challenge_3/install.log --single-version-externally-managed
[2.163s] running egg_info
[2.163s] writing ../../build/mini_challenge_3/mini_challenge_3.egg-info/PKG-INFO
[2.164s] writing dependency_links to ../../build/mini_challenge_3/mini_challenge_3.egg-info/dependency_links.txt
[2.164s] writing entry points to ../../build/mini_challenge_3/mini_challenge_3.egg-info/entry_points.txt
[2.164s] writing requirements to ../../build/mini_challenge_3/mini_challenge_3.egg-info/requires.txt
[2.164s] writing top-level names to ../../build/mini_challenge_3/mini_challenge_3.egg-info/top_level.txt
[2.169s] reading manifest file '../../build/mini_challenge_3/mini_challenge_3.egg-info/SOURCES.txt'
[2.170s] adding license file 'LICENSE'
[2.172s] writing manifest file '../../build/mini_challenge_3/mini_challenge_3.egg-info/SOURCES.txt'
[2.172s] running build
[2.172s] running build_py
[2.172s] running install
[2.172s] /usr/lib/python3/dist-packages/setuptools/command/install.py:34: SetuptoolsDeprecationWarning: setup.py install is deprecated. Use build and pip and other standards-based tools.
[2.172s]   warnings.warn(
[2.173s] running install_lib
[2.173s] running install_data
[2.176s] running install_egg_info
[2.177s] removing '/home/mcr2/mini_challenges_eq5/install/mini_challenge_3/lib/python3.10/site-packages/mini_challenge_3-0.0.0-py3.10.egg-info' (and everything under it)
[2.177s] Copying ../../build/mini_challenge_3/mini_challenge_3.egg-info to /home/mcr2/mini_challenges_eq5/install/mini_challenge_3/lib/python3.10/site-packages/mini_challenge_3-0.0.0-py3.10.egg-info
[2.179s] running install_scripts
[2.212s] Installing Controller script to /home/mcr2/mini_challenges_eq5/install/mini_challenge_3/lib/mini_challenge_3
[2.213s] Installing Odometry script to /home/mcr2/mini_challenges_eq5/install/mini_challenge_3/lib/mini_challenge_3
[2.214s] Installing PointGenerator script to /home/mcr2/mini_challenges_eq5/install/mini_challenge_3/lib/mini_challenge_3
[2.215s] Installing Vision script to /home/mcr2/mini_challenges_eq5/install/mini_challenge_3/lib/mini_challenge_3
[2.216s] writing list of installed files to '/home/mcr2/mini_challenges_eq5/build/mini_challenge_3/install.log'
[2.268s] Invoked command in '/home/mcr2/mini_challenges_eq5/src/mini_challenge_3' returned '0': PYTHONPATH=/home/mcr2/mini_challenges_eq5/build/mini_challenge_3/prefix_override:/home/mcr2/mini_challenges_eq5/install/mini_challenge_3/lib/python3.10/site-packages:${PYTHONPATH} /usr/bin/python3 setup.py egg_info --egg-base ../../build/mini_challenge_3 build --build-base /home/mcr2/mini_challenges_eq5/build/mini_challenge_3/build install --record /home/mcr2/mini_challenges_eq5/build/mini_challenge_3/install.log --single-version-externally-managed
