[5.102s] Invoking command in '/home/puzzlebot/github/mini_challenges_eq5/src/mini_challenge_4': PYTHONPATH=/home/puzzlebot/github/mini_challenges_eq5/build/mini_challenge_4/prefix_override:/home/puzzlebot/github/mini_challenges_eq5/install/mini_challenge_4/lib/python3.8/site-packages:${PYTHONPATH} /usr/bin/python3 -W ignore:setup.py install is deprecated setup.py egg_info --egg-base ../../build/mini_challenge_4 build --build-base /home/puzzlebot/github/mini_challenges_eq5/build/mini_challenge_4/build install --record /home/puzzlebot/github/mini_challenges_eq5/build/mini_challenge_4/install.log --single-version-externally-managed install_data
[6.800s] running egg_info
[6.803s] creating ../../build/mini_challenge_4/mini_challenge_4.egg-info
[6.805s] writing ../../build/mini_challenge_4/mini_challenge_4.egg-info/PKG-INFO
[6.805s] writing dependency_links to ../../build/mini_challenge_4/mini_challenge_4.egg-info/dependency_links.txt
[6.806s] writing entry points to ../../build/mini_challenge_4/mini_challenge_4.egg-info/entry_points.txt
[6.809s] writing requirements to ../../build/mini_challenge_4/mini_challenge_4.egg-info/requires.txt
[6.809s] writing top-level names to ../../build/mini_challenge_4/mini_challenge_4.egg-info/top_level.txt
[6.810s] writing manifest file '../../build/mini_challenge_4/mini_challenge_4.egg-info/SOURCES.txt'
[7.004s] reading manifest file '../../build/mini_challenge_4/mini_challenge_4.egg-info/SOURCES.txt'
[7.009s] writing manifest file '../../build/mini_challenge_4/mini_challenge_4.egg-info/SOURCES.txt'
[7.011s] running build
[7.013s] running build_py
[7.014s] creating /home/puzzlebot/github/mini_challenges_eq5/build/mini_challenge_4/build
[7.016s] creating /home/puzzlebot/github/mini_challenges_eq5/build/mini_challenge_4/build/lib
[7.016s] creating /home/puzzlebot/github/mini_challenges_eq5/build/mini_challenge_4/build/lib/mini_challenge_4
[7.017s] copying mini_challenge_4/Vision.py -> /home/puzzlebot/github/mini_challenges_eq5/build/mini_challenge_4/build/lib/mini_challenge_4
[7.024s] copying mini_challenge_4/__init__.py -> /home/puzzlebot/github/mini_challenges_eq5/build/mini_challenge_4/build/lib/mini_challenge_4
[7.025s] copying mini_challenge_4/Controller.py -> /home/puzzlebot/github/mini_challenges_eq5/build/mini_challenge_4/build/lib/mini_challenge_4
[7.026s] copying mini_challenge_4/Odometry.py -> /home/puzzlebot/github/mini_challenges_eq5/build/mini_challenge_4/build/lib/mini_challenge_4
[7.026s] running install
[7.026s] running install_lib
[7.028s] creating /home/puzzlebot/github/mini_challenges_eq5/install/mini_challenge_4/lib/python3.8/site-packages/mini_challenge_4
[7.029s] copying /home/puzzlebot/github/mini_challenges_eq5/build/mini_challenge_4/build/lib/mini_challenge_4/Vision.py -> /home/puzzlebot/github/mini_challenges_eq5/install/mini_challenge_4/lib/python3.8/site-packages/mini_challenge_4
[7.029s] copying /home/puzzlebot/github/mini_challenges_eq5/build/mini_challenge_4/build/lib/mini_challenge_4/__init__.py -> /home/puzzlebot/github/mini_challenges_eq5/install/mini_challenge_4/lib/python3.8/site-packages/mini_challenge_4
[7.030s] copying /home/puzzlebot/github/mini_challenges_eq5/build/mini_challenge_4/build/lib/mini_challenge_4/Controller.py -> /home/puzzlebot/github/mini_challenges_eq5/install/mini_challenge_4/lib/python3.8/site-packages/mini_challenge_4
[7.030s] copying /home/puzzlebot/github/mini_challenges_eq5/build/mini_challenge_4/build/lib/mini_challenge_4/Odometry.py -> /home/puzzlebot/github/mini_challenges_eq5/install/mini_challenge_4/lib/python3.8/site-packages/mini_challenge_4
[7.031s] byte-compiling /home/puzzlebot/github/mini_challenges_eq5/install/mini_challenge_4/lib/python3.8/site-packages/mini_challenge_4/Vision.py to Vision.cpython-38.pyc
[7.037s] byte-compiling /home/puzzlebot/github/mini_challenges_eq5/install/mini_challenge_4/lib/python3.8/site-packages/mini_challenge_4/__init__.py to __init__.cpython-38.pyc
[7.044s] byte-compiling /home/puzzlebot/github/mini_challenges_eq5/install/mini_challenge_4/lib/python3.8/site-packages/mini_challenge_4/Controller.py to Controller.cpython-38.pyc
[7.045s] byte-compiling /home/puzzlebot/github/mini_challenges_eq5/install/mini_challenge_4/lib/python3.8/site-packages/mini_challenge_4/Odometry.py to Odometry.cpython-38.pyc
[7.045s] running install_data
[7.046s] creating /home/puzzlebot/github/mini_challenges_eq5/install/mini_challenge_4/share/ament_index
[7.051s] creating /home/puzzlebot/github/mini_challenges_eq5/install/mini_challenge_4/share/ament_index/resource_index
[7.056s] creating /home/puzzlebot/github/mini_challenges_eq5/install/mini_challenge_4/share/ament_index/resource_index/packages
[7.056s] copying resource/mini_challenge_4 -> /home/puzzlebot/github/mini_challenges_eq5/install/mini_challenge_4/share/ament_index/resource_index/packages
[7.057s] copying package.xml -> /home/puzzlebot/github/mini_challenges_eq5/install/mini_challenge_4/share/mini_challenge_4
[7.057s] creating /home/puzzlebot/github/mini_challenges_eq5/install/mini_challenge_4/share/mini_challenge_4/launch
[7.058s] copying launch/mini4_launch.py -> /home/puzzlebot/github/mini_challenges_eq5/install/mini_challenge_4/share/mini_challenge_4/launch
[7.058s] running install_egg_info
[7.062s] Copying ../../build/mini_challenge_4/mini_challenge_4.egg-info to /home/puzzlebot/github/mini_challenges_eq5/install/mini_challenge_4/lib/python3.8/site-packages/mini_challenge_4-0.0.0-py3.8.egg-info
[7.067s] running install_scripts
[7.144s] Installing Controller script to /home/puzzlebot/github/mini_challenges_eq5/install/mini_challenge_4/lib/mini_challenge_4
[7.148s] Installing Odometry script to /home/puzzlebot/github/mini_challenges_eq5/install/mini_challenge_4/lib/mini_challenge_4
[7.148s] Installing Vision script to /home/puzzlebot/github/mini_challenges_eq5/install/mini_challenge_4/lib/mini_challenge_4
[7.149s] writing list of installed files to '/home/puzzlebot/github/mini_challenges_eq5/build/mini_challenge_4/install.log'
[7.326s] Invoked command in '/home/puzzlebot/github/mini_challenges_eq5/src/mini_challenge_4' returned '0': PYTHONPATH=/home/puzzlebot/github/mini_challenges_eq5/build/mini_challenge_4/prefix_override:/home/puzzlebot/github/mini_challenges_eq5/install/mini_challenge_4/lib/python3.8/site-packages:${PYTHONPATH} /usr/bin/python3 -W ignore:setup.py install is deprecated setup.py egg_info --egg-base ../../build/mini_challenge_4 build --build-base /home/puzzlebot/github/mini_challenges_eq5/build/mini_challenge_4/build install --record /home/puzzlebot/github/mini_challenges_eq5/build/mini_challenge_4/install.log --single-version-externally-managed install_data
