[3.436s] Invoking command in '/home/puzzlebot/github/mini_challenges_eq5/src/final_challenge': CMAKE_PREFIX_PATH=/home/puzzlebot/github/mini_challenges_eq5/install/yolo_msg:/home/puzzlebot/github/mini_challenges_eq5/install/signal_msg:/home/puzzlebot/github/mini_challenges_eq5/install/usb_cam:/home/puzzlebot/github/mini_challenges_eq5/install/challenge_msgs:/home/puzzlebot/ros2_ws/install/ros2_bag_to_image:/home/puzzlebot/ros2_packages_ws/install/ros_deep_learning:/home/puzzlebot/ros2_packages_ws/install/micro_ros_setup:/home/puzzlebot/ros2_packages_ws/install/micro_ros_agent:/home/puzzlebot/ros2_packages_ws/install/micro_ros_msgs:/home/puzzlebot/ros2_packages_ws/install/camera_info_publisher LD_LIBRARY_PATH=/home/puzzlebot/github/mini_challenges_eq5/install/yolo_msg/lib:/home/puzzlebot/github/mini_challenges_eq5/install/signal_msg/lib:/home/puzzlebot/github/mini_challenges_eq5/install/usb_cam/lib:/home/puzzlebot/github/mini_challenges_eq5/install/challenge_msgs/lib:/home/puzzlebot/ros2_ws/install/ros2_bag_to_image/lib:/home/puzzlebot/ros2_packages_ws/install/micro_ros_agent/lib:/home/puzzlebot/ros2_packages_ws/install/micro_ros_msgs/lib:/opt/ros/humble/opt/rviz_ogre_vendor/lib:/opt/ros/humble/lib/aarch64-linux-gnu:/opt/ros/humble/lib PYTHONPATH=/home/puzzlebot/github/mini_challenges_eq5/build/final_challenge/prefix_override:/home/puzzlebot/github/mini_challenges_eq5/install/final_challenge/lib/python3.8/site-packages:/home/puzzlebot/github/mini_challenges_eq5/install/yolo_msg/lib/python3.8/site-packages:/home/puzzlebot/github/mini_challenges_eq5/install/signal_msg/lib/python3.8/site-packages:/home/puzzlebot/github/mini_challenges_eq5/install/final_challenge/lib/python3.8/site-packages:/home/puzzlebot/github/mini_challenges_eq5/install/mini_challenge_4/lib/python3.10/site-packages:/home/puzzlebot/github/mini_challenges_eq5/install/mini_challenge_3/lib/python3.10/site-packages:/home/puzzlebot/github/mini_challenges_eq5/install/mini_challenge_2/lib/python3.10/site-packages:/home/puzzlebot/github/mini_challenges_eq5/install/challenge_msgs/local/lib/python3.10/dist-packages:/home/puzzlebot/ros2_ws/install/puzzlebot_ros/lib/python3.8/site-packages:/home/puzzlebot/ros2_ws/install/camera_compressor/lib/python3.8/site-packages:/home/puzzlebot/ros2_packages_ws/install/micro_ros_msgs/lib/python3.8/site-packages:/opt/ros/humble/lib/python3.8/site-packages /usr/bin/python3 -W ignore:setup.py install is deprecated setup.py egg_info --egg-base ../../build/final_challenge build --build-base /home/puzzlebot/github/mini_challenges_eq5/build/final_challenge/build install --record /home/puzzlebot/github/mini_challenges_eq5/build/final_challenge/install.log --single-version-externally-managed install_data
[4.612s] running egg_info
[4.614s] creating ../../build/final_challenge/final_challenge.egg-info
[4.615s] writing ../../build/final_challenge/final_challenge.egg-info/PKG-INFO
[4.616s] writing dependency_links to ../../build/final_challenge/final_challenge.egg-info/dependency_links.txt
[4.616s] writing entry points to ../../build/final_challenge/final_challenge.egg-info/entry_points.txt
[4.617s] writing requirements to ../../build/final_challenge/final_challenge.egg-info/requires.txt
[4.617s] writing top-level names to ../../build/final_challenge/final_challenge.egg-info/top_level.txt
[4.618s] writing manifest file '../../build/final_challenge/final_challenge.egg-info/SOURCES.txt'
[4.779s] reading manifest file '../../build/final_challenge/final_challenge.egg-info/SOURCES.txt'
[4.782s] writing manifest file '../../build/final_challenge/final_challenge.egg-info/SOURCES.txt'
[4.783s] running build
[4.783s] running build_py
[4.785s] creating /home/puzzlebot/github/mini_challenges_eq5/build/final_challenge/build
[4.786s] creating /home/puzzlebot/github/mini_challenges_eq5/build/final_challenge/build/lib
[4.786s] creating /home/puzzlebot/github/mini_challenges_eq5/build/final_challenge/build/lib/final_challenge
[4.787s] copying final_challenge/Vision.py -> /home/puzzlebot/github/mini_challenges_eq5/build/final_challenge/build/lib/final_challenge
[4.788s] copying final_challenge/__init__.py -> /home/puzzlebot/github/mini_challenges_eq5/build/final_challenge/build/lib/final_challenge
[4.789s] copying final_challenge/Controller.py -> /home/puzzlebot/github/mini_challenges_eq5/build/final_challenge/build/lib/final_challenge
[4.795s] copying final_challenge/ML.py -> /home/puzzlebot/github/mini_challenges_eq5/build/final_challenge/build/lib/final_challenge
[4.802s] copying final_challenge/Odometry.py -> /home/puzzlebot/github/mini_challenges_eq5/build/final_challenge/build/lib/final_challenge
[4.807s] running install
[4.810s] running install_lib
[4.814s] creating /home/puzzlebot/github/mini_challenges_eq5/install/final_challenge/lib/python3.8/site-packages/final_challenge
[4.815s] copying /home/puzzlebot/github/mini_challenges_eq5/build/final_challenge/build/lib/final_challenge/Vision.py -> /home/puzzlebot/github/mini_challenges_eq5/install/final_challenge/lib/python3.8/site-packages/final_challenge
[4.815s] copying /home/puzzlebot/github/mini_challenges_eq5/build/final_challenge/build/lib/final_challenge/__init__.py -> /home/puzzlebot/github/mini_challenges_eq5/install/final_challenge/lib/python3.8/site-packages/final_challenge
[4.816s] copying /home/puzzlebot/github/mini_challenges_eq5/build/final_challenge/build/lib/final_challenge/Controller.py -> /home/puzzlebot/github/mini_challenges_eq5/install/final_challenge/lib/python3.8/site-packages/final_challenge
[4.817s] copying /home/puzzlebot/github/mini_challenges_eq5/build/final_challenge/build/lib/final_challenge/ML.py -> /home/puzzlebot/github/mini_challenges_eq5/install/final_challenge/lib/python3.8/site-packages/final_challenge
[4.817s] copying /home/puzzlebot/github/mini_challenges_eq5/build/final_challenge/build/lib/final_challenge/Odometry.py -> /home/puzzlebot/github/mini_challenges_eq5/install/final_challenge/lib/python3.8/site-packages/final_challenge
[4.819s] byte-compiling /home/puzzlebot/github/mini_challenges_eq5/install/final_challenge/lib/python3.8/site-packages/final_challenge/Vision.py to Vision.cpython-38.pyc
[4.828s] byte-compiling /home/puzzlebot/github/mini_challenges_eq5/install/final_challenge/lib/python3.8/site-packages/final_challenge/__init__.py to __init__.cpython-38.pyc
[4.828s] byte-compiling /home/puzzlebot/github/mini_challenges_eq5/install/final_challenge/lib/python3.8/site-packages/final_challenge/Controller.py to Controller.cpython-38.pyc
[4.833s] byte-compiling /home/puzzlebot/github/mini_challenges_eq5/install/final_challenge/lib/python3.8/site-packages/final_challenge/ML.py to ML.cpython-38.pyc
[4.839s] byte-compiling /home/puzzlebot/github/mini_challenges_eq5/install/final_challenge/lib/python3.8/site-packages/final_challenge/Odometry.py to Odometry.cpython-38.pyc
[4.840s] running install_data
[4.842s] creating /home/puzzlebot/github/mini_challenges_eq5/install/final_challenge/share/ament_index
[4.842s] creating /home/puzzlebot/github/mini_challenges_eq5/install/final_challenge/share/ament_index/resource_index
[4.843s] creating /home/puzzlebot/github/mini_challenges_eq5/install/final_challenge/share/ament_index/resource_index/packages
[4.843s] copying resource/final_challenge -> /home/puzzlebot/github/mini_challenges_eq5/install/final_challenge/share/ament_index/resource_index/packages
[4.849s] copying package.xml -> /home/puzzlebot/github/mini_challenges_eq5/install/final_challenge/share/final_challenge
[4.852s] creating /home/puzzlebot/github/mini_challenges_eq5/install/final_challenge/share/final_challenge/launch
[4.852s] copying launch/final_launch.py -> /home/puzzlebot/github/mini_challenges_eq5/install/final_challenge/share/final_challenge/launch
[4.854s] running install_egg_info
[4.863s] Copying ../../build/final_challenge/final_challenge.egg-info to /home/puzzlebot/github/mini_challenges_eq5/install/final_challenge/lib/python3.8/site-packages/final_challenge-0.0.0-py3.8.egg-info
[4.867s] running install_scripts
[4.939s] Installing Controller script to /home/puzzlebot/github/mini_challenges_eq5/install/final_challenge/lib/final_challenge
[5.041s] Installing ML script to /home/puzzlebot/github/mini_challenges_eq5/install/final_challenge/lib/final_challenge
[5.042s] Installing Odometry script to /home/puzzlebot/github/mini_challenges_eq5/install/final_challenge/lib/final_challenge
[5.042s] Installing Vision script to /home/puzzlebot/github/mini_challenges_eq5/install/final_challenge/lib/final_challenge
[5.043s] writing list of installed files to '/home/puzzlebot/github/mini_challenges_eq5/build/final_challenge/install.log'
[5.150s] Invoked command in '/home/puzzlebot/github/mini_challenges_eq5/src/final_challenge' returned '0': CMAKE_PREFIX_PATH=/home/puzzlebot/github/mini_challenges_eq5/install/yolo_msg:/home/puzzlebot/github/mini_challenges_eq5/install/signal_msg:/home/puzzlebot/github/mini_challenges_eq5/install/usb_cam:/home/puzzlebot/github/mini_challenges_eq5/install/challenge_msgs:/home/puzzlebot/ros2_ws/install/ros2_bag_to_image:/home/puzzlebot/ros2_packages_ws/install/ros_deep_learning:/home/puzzlebot/ros2_packages_ws/install/micro_ros_setup:/home/puzzlebot/ros2_packages_ws/install/micro_ros_agent:/home/puzzlebot/ros2_packages_ws/install/micro_ros_msgs:/home/puzzlebot/ros2_packages_ws/install/camera_info_publisher LD_LIBRARY_PATH=/home/puzzlebot/github/mini_challenges_eq5/install/yolo_msg/lib:/home/puzzlebot/github/mini_challenges_eq5/install/signal_msg/lib:/home/puzzlebot/github/mini_challenges_eq5/install/usb_cam/lib:/home/puzzlebot/github/mini_challenges_eq5/install/challenge_msgs/lib:/home/puzzlebot/ros2_ws/install/ros2_bag_to_image/lib:/home/puzzlebot/ros2_packages_ws/install/micro_ros_agent/lib:/home/puzzlebot/ros2_packages_ws/install/micro_ros_msgs/lib:/opt/ros/humble/opt/rviz_ogre_vendor/lib:/opt/ros/humble/lib/aarch64-linux-gnu:/opt/ros/humble/lib PYTHONPATH=/home/puzzlebot/github/mini_challenges_eq5/build/final_challenge/prefix_override:/home/puzzlebot/github/mini_challenges_eq5/install/final_challenge/lib/python3.8/site-packages:/home/puzzlebot/github/mini_challenges_eq5/install/yolo_msg/lib/python3.8/site-packages:/home/puzzlebot/github/mini_challenges_eq5/install/signal_msg/lib/python3.8/site-packages:/home/puzzlebot/github/mini_challenges_eq5/install/final_challenge/lib/python3.8/site-packages:/home/puzzlebot/github/mini_challenges_eq5/install/mini_challenge_4/lib/python3.10/site-packages:/home/puzzlebot/github/mini_challenges_eq5/install/mini_challenge_3/lib/python3.10/site-packages:/home/puzzlebot/github/mini_challenges_eq5/install/mini_challenge_2/lib/python3.10/site-packages:/home/puzzlebot/github/mini_challenges_eq5/install/challenge_msgs/local/lib/python3.10/dist-packages:/home/puzzlebot/ros2_ws/install/puzzlebot_ros/lib/python3.8/site-packages:/home/puzzlebot/ros2_ws/install/camera_compressor/lib/python3.8/site-packages:/home/puzzlebot/ros2_packages_ws/install/micro_ros_msgs/lib/python3.8/site-packages:/opt/ros/humble/lib/python3.8/site-packages /usr/bin/python3 -W ignore:setup.py install is deprecated setup.py egg_info --egg-base ../../build/final_challenge build --build-base /home/puzzlebot/github/mini_challenges_eq5/build/final_challenge/build install --record /home/puzzlebot/github/mini_challenges_eq5/build/final_challenge/install.log --single-version-externally-managed install_data
