[0.085s] DEBUG:colcon:Command line arguments: ['/usr/bin/colcon', 'build']
[0.085s] DEBUG:colcon:Parsed command line arguments: Namespace(log_base=None, log_level=None, verb_name='build', build_base='build', install_base='install', merge_install=False, symlink_install=False, test_result_base=None, continue_on_error=False, executor='parallel', parallel_workers=16, event_handlers=None, ignore_user_meta=False, metas=['./colcon.meta'], base_paths=['.'], packages_ignore=None, packages_ignore_regex=None, paths=None, packages_up_to=None, packages_up_to_regex=None, packages_above=None, packages_above_and_dependencies=None, packages_above_depth=None, packages_select_by_dep=None, packages_skip_by_dep=None, packages_skip_up_to=None, packages_select_build_failed=False, packages_skip_build_finished=False, packages_select_test_failures=False, packages_skip_test_passed=False, packages_select=None, packages_skip=None, packages_select_regex=None, packages_skip_regex=None, packages_start=None, packages_end=None, allow_overriding=[], cmake_args=None, cmake_target=None, cmake_target_skip_unavailable=False, cmake_clean_cache=False, cmake_clean_first=False, cmake_force_configure=False, ament_cmake_args=None, catkin_cmake_args=None, catkin_skip_building_tests=False, mixin_files=None, mixin=None, verb_parser=<colcon_mixin.mixin.mixin_argument.MixinArgumentDecorator object at 0x7bd69d933070>, verb_extension=<colcon_core.verb.build.BuildVerb object at 0x7bd69d932b00>, main=<bound method BuildVerb.main of <colcon_core.verb.build.BuildVerb object at 0x7bd69d932b00>>, mixin_verb=('build',))
[0.223s] Level 1:colcon.colcon_core.package_discovery:discover_packages(colcon_meta) check parameters
[0.224s] Level 1:colcon.colcon_core.package_discovery:discover_packages(recursive) check parameters
[0.224s] Level 1:colcon.colcon_core.package_discovery:discover_packages(ignore) check parameters
[0.224s] Level 1:colcon.colcon_core.package_discovery:discover_packages(path) check parameters
[0.224s] Level 1:colcon.colcon_core.package_discovery:discover_packages(colcon_meta) discover
[0.224s] Level 1:colcon.colcon_core.package_discovery:discover_packages(recursive) discover
[0.224s] INFO:colcon.colcon_core.package_discovery:Crawling recursively for packages in '/home/rllaguno/mini_challenges_eq5'
[0.224s] Level 1:colcon.colcon_core.package_identification:_identify(.) by extensions ['ignore', 'ignore_ament_install']
[0.224s] Level 1:colcon.colcon_core.package_identification:_identify(.) by extension 'ignore'
[0.224s] Level 1:colcon.colcon_core.package_identification:_identify(.) by extension 'ignore_ament_install'
[0.224s] Level 1:colcon.colcon_core.package_identification:_identify(.) by extensions ['colcon_pkg']
[0.224s] Level 1:colcon.colcon_core.package_identification:_identify(.) by extension 'colcon_pkg'
[0.224s] Level 1:colcon.colcon_core.package_identification:_identify(.) by extensions ['colcon_meta']
[0.224s] Level 1:colcon.colcon_core.package_identification:_identify(.) by extension 'colcon_meta'
[0.224s] Level 1:colcon.colcon_core.package_identification:_identify(.) by extensions ['ros']
[0.224s] Level 1:colcon.colcon_core.package_identification:_identify(.) by extension 'ros'
[0.232s] Level 1:colcon.colcon_core.package_identification:_identify(.) by extensions ['cmake', 'python']
[0.232s] Level 1:colcon.colcon_core.package_identification:_identify(.) by extension 'cmake'
[0.233s] Level 1:colcon.colcon_core.package_identification:_identify(.) by extension 'python'
[0.233s] Level 1:colcon.colcon_core.package_identification:_identify(.) by extensions ['python_setup_py']
[0.233s] Level 1:colcon.colcon_core.package_identification:_identify(.) by extension 'python_setup_py'
[0.233s] Level 1:colcon.colcon_core.package_identification:_identify(build) by extensions ['ignore', 'ignore_ament_install']
[0.233s] Level 1:colcon.colcon_core.package_identification:_identify(build) by extension 'ignore'
[0.233s] Level 1:colcon.colcon_core.package_identification:_identify(build) ignored
[0.233s] Level 1:colcon.colcon_core.package_identification:_identify(install) by extensions ['ignore', 'ignore_ament_install']
[0.233s] Level 1:colcon.colcon_core.package_identification:_identify(install) by extension 'ignore'
[0.233s] Level 1:colcon.colcon_core.package_identification:_identify(install) ignored
[0.233s] Level 1:colcon.colcon_core.package_identification:_identify(log) by extensions ['ignore', 'ignore_ament_install']
[0.233s] Level 1:colcon.colcon_core.package_identification:_identify(log) by extension 'ignore'
[0.233s] Level 1:colcon.colcon_core.package_identification:_identify(log) ignored
[0.233s] Level 1:colcon.colcon_core.package_identification:_identify(src) by extensions ['ignore', 'ignore_ament_install']
[0.233s] Level 1:colcon.colcon_core.package_identification:_identify(src) by extension 'ignore'
[0.233s] Level 1:colcon.colcon_core.package_identification:_identify(src) by extension 'ignore_ament_install'
[0.233s] Level 1:colcon.colcon_core.package_identification:_identify(src) by extensions ['colcon_pkg']
[0.233s] Level 1:colcon.colcon_core.package_identification:_identify(src) by extension 'colcon_pkg'
[0.233s] Level 1:colcon.colcon_core.package_identification:_identify(src) by extensions ['colcon_meta']
[0.233s] Level 1:colcon.colcon_core.package_identification:_identify(src) by extension 'colcon_meta'
[0.234s] Level 1:colcon.colcon_core.package_identification:_identify(src) by extensions ['ros']
[0.234s] Level 1:colcon.colcon_core.package_identification:_identify(src) by extension 'ros'
[0.234s] Level 1:colcon.colcon_core.package_identification:_identify(src) by extensions ['cmake', 'python']
[0.234s] Level 1:colcon.colcon_core.package_identification:_identify(src) by extension 'cmake'
[0.234s] Level 1:colcon.colcon_core.package_identification:_identify(src) by extension 'python'
[0.234s] Level 1:colcon.colcon_core.package_identification:_identify(src) by extensions ['python_setup_py']
[0.234s] Level 1:colcon.colcon_core.package_identification:_identify(src) by extension 'python_setup_py'
[0.234s] Level 1:colcon.colcon_core.package_identification:_identify(src/challenge_msgs) by extensions ['ignore', 'ignore_ament_install']
[0.234s] Level 1:colcon.colcon_core.package_identification:_identify(src/challenge_msgs) by extension 'ignore'
[0.234s] Level 1:colcon.colcon_core.package_identification:_identify(src/challenge_msgs) by extension 'ignore_ament_install'
[0.234s] Level 1:colcon.colcon_core.package_identification:_identify(src/challenge_msgs) by extensions ['colcon_pkg']
[0.234s] Level 1:colcon.colcon_core.package_identification:_identify(src/challenge_msgs) by extension 'colcon_pkg'
[0.234s] Level 1:colcon.colcon_core.package_identification:_identify(src/challenge_msgs) by extensions ['colcon_meta']
[0.234s] Level 1:colcon.colcon_core.package_identification:_identify(src/challenge_msgs) by extension 'colcon_meta'
[0.234s] Level 1:colcon.colcon_core.package_identification:_identify(src/challenge_msgs) by extensions ['ros']
[0.234s] Level 1:colcon.colcon_core.package_identification:_identify(src/challenge_msgs) by extension 'ros'
[0.236s] DEBUG:colcon.colcon_core.package_identification:Package 'src/challenge_msgs' with type 'ros.ament_cmake' and name 'challenge_msgs'
[0.236s] Level 1:colcon.colcon_core.package_identification:_identify(src/mini_challenge_2) by extensions ['ignore', 'ignore_ament_install']
[0.236s] Level 1:colcon.colcon_core.package_identification:_identify(src/mini_challenge_2) by extension 'ignore'
[0.236s] Level 1:colcon.colcon_core.package_identification:_identify(src/mini_challenge_2) by extension 'ignore_ament_install'
[0.236s] Level 1:colcon.colcon_core.package_identification:_identify(src/mini_challenge_2) by extensions ['colcon_pkg']
[0.236s] Level 1:colcon.colcon_core.package_identification:_identify(src/mini_challenge_2) by extension 'colcon_pkg'
[0.236s] Level 1:colcon.colcon_core.package_identification:_identify(src/mini_challenge_2) by extensions ['colcon_meta']
[0.236s] Level 1:colcon.colcon_core.package_identification:_identify(src/mini_challenge_2) by extension 'colcon_meta'
[0.236s] Level 1:colcon.colcon_core.package_identification:_identify(src/mini_challenge_2) by extensions ['ros']
[0.236s] Level 1:colcon.colcon_core.package_identification:_identify(src/mini_challenge_2) by extension 'ros'
[0.237s] DEBUG:colcon.colcon_core.package_identification:Package 'src/mini_challenge_2' with type 'ros.ament_python' and name 'mini_challenge_2'
[0.237s] Level 1:colcon.colcon_core.package_identification:_identify(src/mini_challenge_3) by extensions ['ignore', 'ignore_ament_install']
[0.237s] Level 1:colcon.colcon_core.package_identification:_identify(src/mini_challenge_3) by extension 'ignore'
[0.237s] Level 1:colcon.colcon_core.package_identification:_identify(src/mini_challenge_3) by extension 'ignore_ament_install'
[0.237s] Level 1:colcon.colcon_core.package_identification:_identify(src/mini_challenge_3) by extensions ['colcon_pkg']
[0.237s] Level 1:colcon.colcon_core.package_identification:_identify(src/mini_challenge_3) by extension 'colcon_pkg'
[0.237s] Level 1:colcon.colcon_core.package_identification:_identify(src/mini_challenge_3) by extensions ['colcon_meta']
[0.237s] Level 1:colcon.colcon_core.package_identification:_identify(src/mini_challenge_3) by extension 'colcon_meta'
[0.237s] Level 1:colcon.colcon_core.package_identification:_identify(src/mini_challenge_3) by extensions ['ros']
[0.237s] Level 1:colcon.colcon_core.package_identification:_identify(src/mini_challenge_3) by extension 'ros'
[0.238s] DEBUG:colcon.colcon_core.package_identification:Package 'src/mini_challenge_3' with type 'ros.ament_python' and name 'mini_challenge_3'
[0.238s] Level 1:colcon.colcon_core.package_identification:_identify(src/mini_challenge_4) by extensions ['ignore', 'ignore_ament_install']
[0.238s] Level 1:colcon.colcon_core.package_identification:_identify(src/mini_challenge_4) by extension 'ignore'
[0.238s] Level 1:colcon.colcon_core.package_identification:_identify(src/mini_challenge_4) by extension 'ignore_ament_install'
[0.238s] Level 1:colcon.colcon_core.package_identification:_identify(src/mini_challenge_4) by extensions ['colcon_pkg']
[0.238s] Level 1:colcon.colcon_core.package_identification:_identify(src/mini_challenge_4) by extension 'colcon_pkg'
[0.238s] Level 1:colcon.colcon_core.package_identification:_identify(src/mini_challenge_4) by extensions ['colcon_meta']
[0.238s] Level 1:colcon.colcon_core.package_identification:_identify(src/mini_challenge_4) by extension 'colcon_meta'
[0.238s] Level 1:colcon.colcon_core.package_identification:_identify(src/mini_challenge_4) by extensions ['ros']
[0.238s] Level 1:colcon.colcon_core.package_identification:_identify(src/mini_challenge_4) by extension 'ros'
[0.239s] DEBUG:colcon.colcon_core.package_identification:Package 'src/mini_challenge_4' with type 'ros.ament_python' and name 'mini_challenge_4'
[0.239s] Level 1:colcon.colcon_core.package_identification:_identify(src/usb_cam) by extensions ['ignore', 'ignore_ament_install']
[0.239s] Level 1:colcon.colcon_core.package_identification:_identify(src/usb_cam) by extension 'ignore'
[0.239s] Level 1:colcon.colcon_core.package_identification:_identify(src/usb_cam) by extension 'ignore_ament_install'
[0.239s] Level 1:colcon.colcon_core.package_identification:_identify(src/usb_cam) by extensions ['colcon_pkg']
[0.239s] Level 1:colcon.colcon_core.package_identification:_identify(src/usb_cam) by extension 'colcon_pkg'
[0.239s] Level 1:colcon.colcon_core.package_identification:_identify(src/usb_cam) by extensions ['colcon_meta']
[0.239s] Level 1:colcon.colcon_core.package_identification:_identify(src/usb_cam) by extension 'colcon_meta'
[0.239s] Level 1:colcon.colcon_core.package_identification:_identify(src/usb_cam) by extensions ['ros']
[0.239s] Level 1:colcon.colcon_core.package_identification:_identify(src/usb_cam) by extension 'ros'
[0.255s] DEBUG:colcon.colcon_core.package_identification:Package 'src/usb_cam' with type 'ros.ament_cmake' and name 'usb_cam'
[0.255s] Level 1:colcon.colcon_core.package_discovery:discover_packages(recursive) using defaults
[0.255s] Level 1:colcon.colcon_core.package_discovery:discover_packages(ignore) discover
[0.255s] Level 1:colcon.colcon_core.package_discovery:discover_packages(ignore) using defaults
[0.255s] Level 1:colcon.colcon_core.package_discovery:discover_packages(path) discover
[0.255s] Level 1:colcon.colcon_core.package_discovery:discover_packages(path) using defaults
[0.271s] Level 1:colcon.colcon_core.package_discovery:discover_packages(prefix_path) check parameters
[0.271s] Level 1:colcon.colcon_core.package_discovery:discover_packages(prefix_path) discover
[0.272s] DEBUG:colcon.colcon_installed_package_information.package_discovery:Found 5 installed packages in /home/rllaguno/mini_challenges_eq5/install
[0.273s] DEBUG:colcon.colcon_installed_package_information.package_discovery:Found 342 installed packages in /opt/ros/humble
[0.275s] Level 1:colcon.colcon_core.package_discovery:discover_packages(prefix_path) using defaults
[0.309s] Level 5:colcon.colcon_core.verb:set package 'challenge_msgs' build argument 'cmake_args' from command line to 'None'
[0.309s] Level 5:colcon.colcon_core.verb:set package 'challenge_msgs' build argument 'cmake_target' from command line to 'None'
[0.309s] Level 5:colcon.colcon_core.verb:set package 'challenge_msgs' build argument 'cmake_target_skip_unavailable' from command line to 'False'
[0.309s] Level 5:colcon.colcon_core.verb:set package 'challenge_msgs' build argument 'cmake_clean_cache' from command line to 'False'
[0.309s] Level 5:colcon.colcon_core.verb:set package 'challenge_msgs' build argument 'cmake_clean_first' from command line to 'False'
[0.309s] Level 5:colcon.colcon_core.verb:set package 'challenge_msgs' build argument 'cmake_force_configure' from command line to 'False'
[0.309s] Level 5:colcon.colcon_core.verb:set package 'challenge_msgs' build argument 'ament_cmake_args' from command line to 'None'
[0.309s] Level 5:colcon.colcon_core.verb:set package 'challenge_msgs' build argument 'catkin_cmake_args' from command line to 'None'
[0.309s] Level 5:colcon.colcon_core.verb:set package 'challenge_msgs' build argument 'catkin_skip_building_tests' from command line to 'False'
[0.309s] DEBUG:colcon.colcon_core.verb:Building package 'challenge_msgs' with the following arguments: {'ament_cmake_args': None, 'build_base': '/home/rllaguno/mini_challenges_eq5/build/challenge_msgs', 'catkin_cmake_args': None, 'catkin_skip_building_tests': False, 'cmake_args': None, 'cmake_clean_cache': False, 'cmake_clean_first': False, 'cmake_force_configure': False, 'cmake_target': None, 'cmake_target_skip_unavailable': False, 'install_base': '/home/rllaguno/mini_challenges_eq5/install/challenge_msgs', 'merge_install': False, 'path': '/home/rllaguno/mini_challenges_eq5/src/challenge_msgs', 'symlink_install': False, 'test_result_base': None}
[0.310s] Level 5:colcon.colcon_core.verb:set package 'mini_challenge_2' build argument 'cmake_args' from command line to 'None'
[0.310s] Level 5:colcon.colcon_core.verb:set package 'mini_challenge_2' build argument 'cmake_target' from command line to 'None'
[0.310s] Level 5:colcon.colcon_core.verb:set package 'mini_challenge_2' build argument 'cmake_target_skip_unavailable' from command line to 'False'
[0.310s] Level 5:colcon.colcon_core.verb:set package 'mini_challenge_2' build argument 'cmake_clean_cache' from command line to 'False'
[0.310s] Level 5:colcon.colcon_core.verb:set package 'mini_challenge_2' build argument 'cmake_clean_first' from command line to 'False'
[0.310s] Level 5:colcon.colcon_core.verb:set package 'mini_challenge_2' build argument 'cmake_force_configure' from command line to 'False'
[0.310s] Level 5:colcon.colcon_core.verb:set package 'mini_challenge_2' build argument 'ament_cmake_args' from command line to 'None'
[0.310s] Level 5:colcon.colcon_core.verb:set package 'mini_challenge_2' build argument 'catkin_cmake_args' from command line to 'None'
[0.310s] Level 5:colcon.colcon_core.verb:set package 'mini_challenge_2' build argument 'catkin_skip_building_tests' from command line to 'False'
[0.310s] DEBUG:colcon.colcon_core.verb:Building package 'mini_challenge_2' with the following arguments: {'ament_cmake_args': None, 'build_base': '/home/rllaguno/mini_challenges_eq5/build/mini_challenge_2', 'catkin_cmake_args': None, 'catkin_skip_building_tests': False, 'cmake_args': None, 'cmake_clean_cache': False, 'cmake_clean_first': False, 'cmake_force_configure': False, 'cmake_target': None, 'cmake_target_skip_unavailable': False, 'install_base': '/home/rllaguno/mini_challenges_eq5/install/mini_challenge_2', 'merge_install': False, 'path': '/home/rllaguno/mini_challenges_eq5/src/mini_challenge_2', 'symlink_install': False, 'test_result_base': None}
[0.310s] Level 5:colcon.colcon_core.verb:set package 'mini_challenge_3' build argument 'cmake_args' from command line to 'None'
[0.310s] Level 5:colcon.colcon_core.verb:set package 'mini_challenge_3' build argument 'cmake_target' from command line to 'None'
[0.310s] Level 5:colcon.colcon_core.verb:set package 'mini_challenge_3' build argument 'cmake_target_skip_unavailable' from command line to 'False'
[0.310s] Level 5:colcon.colcon_core.verb:set package 'mini_challenge_3' build argument 'cmake_clean_cache' from command line to 'False'
[0.310s] Level 5:colcon.colcon_core.verb:set package 'mini_challenge_3' build argument 'cmake_clean_first' from command line to 'False'
[0.310s] Level 5:colcon.colcon_core.verb:set package 'mini_challenge_3' build argument 'cmake_force_configure' from command line to 'False'
[0.310s] Level 5:colcon.colcon_core.verb:set package 'mini_challenge_3' build argument 'ament_cmake_args' from command line to 'None'
[0.310s] Level 5:colcon.colcon_core.verb:set package 'mini_challenge_3' build argument 'catkin_cmake_args' from command line to 'None'
[0.310s] Level 5:colcon.colcon_core.verb:set package 'mini_challenge_3' build argument 'catkin_skip_building_tests' from command line to 'False'
[0.310s] DEBUG:colcon.colcon_core.verb:Building package 'mini_challenge_3' with the following arguments: {'ament_cmake_args': None, 'build_base': '/home/rllaguno/mini_challenges_eq5/build/mini_challenge_3', 'catkin_cmake_args': None, 'catkin_skip_building_tests': False, 'cmake_args': None, 'cmake_clean_cache': False, 'cmake_clean_first': False, 'cmake_force_configure': False, 'cmake_target': None, 'cmake_target_skip_unavailable': False, 'install_base': '/home/rllaguno/mini_challenges_eq5/install/mini_challenge_3', 'merge_install': False, 'path': '/home/rllaguno/mini_challenges_eq5/src/mini_challenge_3', 'symlink_install': False, 'test_result_base': None}
[0.311s] Level 5:colcon.colcon_core.verb:set package 'usb_cam' build argument 'cmake_args' from command line to 'None'
[0.311s] Level 5:colcon.colcon_core.verb:set package 'usb_cam' build argument 'cmake_target' from command line to 'None'
[0.311s] Level 5:colcon.colcon_core.verb:set package 'usb_cam' build argument 'cmake_target_skip_unavailable' from command line to 'False'
[0.311s] Level 5:colcon.colcon_core.verb:set package 'usb_cam' build argument 'cmake_clean_cache' from command line to 'False'
[0.311s] Level 5:colcon.colcon_core.verb:set package 'usb_cam' build argument 'cmake_clean_first' from command line to 'False'
[0.311s] Level 5:colcon.colcon_core.verb:set package 'usb_cam' build argument 'cmake_force_configure' from command line to 'False'
[0.311s] Level 5:colcon.colcon_core.verb:set package 'usb_cam' build argument 'ament_cmake_args' from command line to 'None'
[0.311s] Level 5:colcon.colcon_core.verb:set package 'usb_cam' build argument 'catkin_cmake_args' from command line to 'None'
[0.311s] Level 5:colcon.colcon_core.verb:set package 'usb_cam' build argument 'catkin_skip_building_tests' from command line to 'False'
[0.311s] DEBUG:colcon.colcon_core.verb:Building package 'usb_cam' with the following arguments: {'ament_cmake_args': None, 'build_base': '/home/rllaguno/mini_challenges_eq5/build/usb_cam', 'catkin_cmake_args': None, 'catkin_skip_building_tests': False, 'cmake_args': None, 'cmake_clean_cache': False, 'cmake_clean_first': False, 'cmake_force_configure': False, 'cmake_target': None, 'cmake_target_skip_unavailable': False, 'install_base': '/home/rllaguno/mini_challenges_eq5/install/usb_cam', 'merge_install': False, 'path': '/home/rllaguno/mini_challenges_eq5/src/usb_cam', 'symlink_install': False, 'test_result_base': None}
[0.311s] Level 5:colcon.colcon_core.verb:set package 'mini_challenge_4' build argument 'cmake_args' from command line to 'None'
[0.311s] Level 5:colcon.colcon_core.verb:set package 'mini_challenge_4' build argument 'cmake_target' from command line to 'None'
[0.311s] Level 5:colcon.colcon_core.verb:set package 'mini_challenge_4' build argument 'cmake_target_skip_unavailable' from command line to 'False'
[0.311s] Level 5:colcon.colcon_core.verb:set package 'mini_challenge_4' build argument 'cmake_clean_cache' from command line to 'False'
[0.311s] Level 5:colcon.colcon_core.verb:set package 'mini_challenge_4' build argument 'cmake_clean_first' from command line to 'False'
[0.311s] Level 5:colcon.colcon_core.verb:set package 'mini_challenge_4' build argument 'cmake_force_configure' from command line to 'False'
[0.311s] Level 5:colcon.colcon_core.verb:set package 'mini_challenge_4' build argument 'ament_cmake_args' from command line to 'None'
[0.311s] Level 5:colcon.colcon_core.verb:set package 'mini_challenge_4' build argument 'catkin_cmake_args' from command line to 'None'
[0.311s] Level 5:colcon.colcon_core.verb:set package 'mini_challenge_4' build argument 'catkin_skip_building_tests' from command line to 'False'
[0.311s] DEBUG:colcon.colcon_core.verb:Building package 'mini_challenge_4' with the following arguments: {'ament_cmake_args': None, 'build_base': '/home/rllaguno/mini_challenges_eq5/build/mini_challenge_4', 'catkin_cmake_args': None, 'catkin_skip_building_tests': False, 'cmake_args': None, 'cmake_clean_cache': False, 'cmake_clean_first': False, 'cmake_force_configure': False, 'cmake_target': None, 'cmake_target_skip_unavailable': False, 'install_base': '/home/rllaguno/mini_challenges_eq5/install/mini_challenge_4', 'merge_install': False, 'path': '/home/rllaguno/mini_challenges_eq5/src/mini_challenge_4', 'symlink_install': False, 'test_result_base': None}
[0.311s] INFO:colcon.colcon_core.executor:Executing jobs using 'parallel' executor
[0.312s] DEBUG:colcon.colcon_parallel_executor.executor.parallel:run_until_complete
[0.312s] INFO:colcon.colcon_ros.task.ament_cmake.build:Building ROS package in '/home/rllaguno/mini_challenges_eq5/src/challenge_msgs' with build type 'ament_cmake'
[0.313s] INFO:colcon.colcon_cmake.task.cmake.build:Building CMake package in '/home/rllaguno/mini_challenges_eq5/src/challenge_msgs'
[0.315s] INFO:colcon.colcon_core.plugin_system:Skipping extension 'colcon_core.shell.bat': Not used on non-Windows systems
[0.315s] INFO:colcon.colcon_core.shell:Skip shell extension 'powershell' for command environment: Not usable outside of PowerShell
[0.315s] DEBUG:colcon.colcon_core.shell:Skip shell extension 'dsv' for command environment
[0.318s] INFO:colcon.colcon_ros.task.ament_python.build:Building ROS package in '/home/rllaguno/mini_challenges_eq5/src/mini_challenge_2' with build type 'ament_python'
[0.318s] Level 1:colcon.colcon_core.shell:create_environment_hook('mini_challenge_2', 'ament_prefix_path')
[0.319s] INFO:colcon.colcon_core.shell:Creating environment hook '/home/rllaguno/mini_challenges_eq5/install/mini_challenge_2/share/mini_challenge_2/hook/ament_prefix_path.ps1'
[0.319s] INFO:colcon.colcon_core.shell:Creating environment descriptor '/home/rllaguno/mini_challenges_eq5/install/mini_challenge_2/share/mini_challenge_2/hook/ament_prefix_path.dsv'
[0.320s] INFO:colcon.colcon_core.shell:Creating environment hook '/home/rllaguno/mini_challenges_eq5/install/mini_challenge_2/share/mini_challenge_2/hook/ament_prefix_path.sh'
[0.320s] INFO:colcon.colcon_core.shell:Skip shell extension 'powershell' for command environment: Not usable outside of PowerShell
[0.320s] DEBUG:colcon.colcon_core.shell:Skip shell extension 'dsv' for command environment
[0.323s] INFO:colcon.colcon_ros.task.ament_python.build:Building ROS package in '/home/rllaguno/mini_challenges_eq5/src/mini_challenge_3' with build type 'ament_python'
[0.324s] Level 1:colcon.colcon_core.shell:create_environment_hook('mini_challenge_3', 'ament_prefix_path')
[0.324s] INFO:colcon.colcon_core.shell:Creating environment hook '/home/rllaguno/mini_challenges_eq5/install/mini_challenge_3/share/mini_challenge_3/hook/ament_prefix_path.ps1'
[0.324s] INFO:colcon.colcon_core.shell:Creating environment descriptor '/home/rllaguno/mini_challenges_eq5/install/mini_challenge_3/share/mini_challenge_3/hook/ament_prefix_path.dsv'
[0.324s] INFO:colcon.colcon_core.shell:Creating environment hook '/home/rllaguno/mini_challenges_eq5/install/mini_challenge_3/share/mini_challenge_3/hook/ament_prefix_path.sh'
[0.325s] INFO:colcon.colcon_core.shell:Skip shell extension 'powershell' for command environment: Not usable outside of PowerShell
[0.325s] DEBUG:colcon.colcon_core.shell:Skip shell extension 'dsv' for command environment
[0.328s] INFO:colcon.colcon_ros.task.ament_cmake.build:Building ROS package in '/home/rllaguno/mini_challenges_eq5/src/usb_cam' with build type 'ament_cmake'
[0.328s] INFO:colcon.colcon_cmake.task.cmake.build:Building CMake package in '/home/rllaguno/mini_challenges_eq5/src/usb_cam'
[0.329s] INFO:colcon.colcon_core.shell:Skip shell extension 'powershell' for command environment: Not usable outside of PowerShell
[0.329s] DEBUG:colcon.colcon_core.shell:Skip shell extension 'dsv' for command environment
[0.336s] DEBUG:colcon.colcon_core.event_handler.log_command:Invoking command in '/home/rllaguno/mini_challenges_eq5/build/challenge_msgs': CMAKE_PREFIX_PATH=${CMAKE_PREFIX_PATH}:/home/rllaguno/mini_challenges_eq5/install/mini_challenge_4:/home/rllaguno/mini_challenges_eq5/install/mini_challenge_3:/home/rllaguno/mini_challenges_eq5/install/mini_challenge_2:/opt/ros/humble /usr/bin/cmake --build /home/rllaguno/mini_challenges_eq5/build/challenge_msgs -- -j16 -l16
[0.563s] INFO:colcon.colcon_core.task.python.build:Building Python package in '/home/rllaguno/mini_challenges_eq5/src/mini_challenge_2'
[0.563s] INFO:colcon.colcon_core.shell:Skip shell extension 'powershell' for command environment: Not usable outside of PowerShell
[0.563s] DEBUG:colcon.colcon_core.shell:Skip shell extension 'dsv' for command environment
[0.792s] INFO:colcon.colcon_core.task.python.build:Building Python package in '/home/rllaguno/mini_challenges_eq5/src/mini_challenge_3'
[0.792s] INFO:colcon.colcon_core.shell:Skip shell extension 'powershell' for command environment: Not usable outside of PowerShell
[0.792s] DEBUG:colcon.colcon_core.shell:Skip shell extension 'dsv' for command environment
[0.813s] DEBUG:colcon.colcon_core.event_handler.log_command:Invoking command in '/home/rllaguno/mini_challenges_eq5/build/usb_cam': CMAKE_PREFIX_PATH=${CMAKE_PREFIX_PATH}:/home/rllaguno/mini_challenges_eq5/install/mini_challenge_4:/home/rllaguno/mini_challenges_eq5/install/mini_challenge_3:/home/rllaguno/mini_challenges_eq5/install/mini_challenge_2:/opt/ros/humble /usr/bin/cmake --build /home/rllaguno/mini_challenges_eq5/build/usb_cam -- -j16 -l16
[0.813s] DEBUG:colcon.colcon_core.event_handler.log_command:Invoked command in '/home/rllaguno/mini_challenges_eq5/build/challenge_msgs' returned '0': CMAKE_PREFIX_PATH=${CMAKE_PREFIX_PATH}:/home/rllaguno/mini_challenges_eq5/install/mini_challenge_4:/home/rllaguno/mini_challenges_eq5/install/mini_challenge_3:/home/rllaguno/mini_challenges_eq5/install/mini_challenge_2:/opt/ros/humble /usr/bin/cmake --build /home/rllaguno/mini_challenges_eq5/build/challenge_msgs -- -j16 -l16
[0.897s] DEBUG:colcon.colcon_core.event_handler.log_command:Invoking command in '/home/rllaguno/mini_challenges_eq5/build/challenge_msgs': CMAKE_PREFIX_PATH=${CMAKE_PREFIX_PATH}:/home/rllaguno/mini_challenges_eq5/install/mini_challenge_4:/home/rllaguno/mini_challenges_eq5/install/mini_challenge_3:/home/rllaguno/mini_challenges_eq5/install/mini_challenge_2:/opt/ros/humble /usr/bin/cmake --install /home/rllaguno/mini_challenges_eq5/build/challenge_msgs
[0.937s] DEBUG:colcon.colcon_core.event_handler.log_command:Invoked command in '/home/rllaguno/mini_challenges_eq5/build/usb_cam' returned '0': CMAKE_PREFIX_PATH=${CMAKE_PREFIX_PATH}:/home/rllaguno/mini_challenges_eq5/install/mini_challenge_4:/home/rllaguno/mini_challenges_eq5/install/mini_challenge_3:/home/rllaguno/mini_challenges_eq5/install/mini_challenge_2:/opt/ros/humble /usr/bin/cmake --build /home/rllaguno/mini_challenges_eq5/build/usb_cam -- -j16 -l16
[0.949s] Level 1:colcon.colcon_core.environment:create_environment_scripts_only(challenge_msgs)
[0.950s] DEBUG:colcon.colcon_core.event_handler.log_command:Invoked command in '/home/rllaguno/mini_challenges_eq5/build/challenge_msgs' returned '0': CMAKE_PREFIX_PATH=${CMAKE_PREFIX_PATH}:/home/rllaguno/mini_challenges_eq5/install/mini_challenge_4:/home/rllaguno/mini_challenges_eq5/install/mini_challenge_3:/home/rllaguno/mini_challenges_eq5/install/mini_challenge_2:/opt/ros/humble /usr/bin/cmake --install /home/rllaguno/mini_challenges_eq5/build/challenge_msgs
[0.951s] Level 1:colcon.colcon_core.environment:checking '/home/rllaguno/mini_challenges_eq5/install/challenge_msgs' for CMake module files
[0.952s] Level 1:colcon.colcon_core.environment:checking '/home/rllaguno/mini_challenges_eq5/install/challenge_msgs' for CMake config files
[0.952s] Level 1:colcon.colcon_core.shell:create_environment_hook('challenge_msgs', 'cmake_prefix_path')
[0.952s] INFO:colcon.colcon_core.shell:Creating environment hook '/home/rllaguno/mini_challenges_eq5/install/challenge_msgs/share/challenge_msgs/hook/cmake_prefix_path.ps1'
[0.953s] INFO:colcon.colcon_core.shell:Creating environment descriptor '/home/rllaguno/mini_challenges_eq5/install/challenge_msgs/share/challenge_msgs/hook/cmake_prefix_path.dsv'
[0.953s] INFO:colcon.colcon_core.shell:Creating environment hook '/home/rllaguno/mini_challenges_eq5/install/challenge_msgs/share/challenge_msgs/hook/cmake_prefix_path.sh'
[0.953s] Level 1:colcon.colcon_core.environment:checking '/home/rllaguno/mini_challenges_eq5/install/challenge_msgs/lib'
[0.954s] Level 1:colcon.colcon_core.shell:create_environment_hook('challenge_msgs', 'ld_library_path_lib')
[0.954s] INFO:colcon.colcon_core.shell:Creating environment hook '/home/rllaguno/mini_challenges_eq5/install/challenge_msgs/share/challenge_msgs/hook/ld_library_path_lib.ps1'
[0.954s] INFO:colcon.colcon_core.shell:Creating environment descriptor '/home/rllaguno/mini_challenges_eq5/install/challenge_msgs/share/challenge_msgs/hook/ld_library_path_lib.dsv'
[0.954s] INFO:colcon.colcon_core.shell:Creating environment hook '/home/rllaguno/mini_challenges_eq5/install/challenge_msgs/share/challenge_msgs/hook/ld_library_path_lib.sh'
[0.955s] Level 1:colcon.colcon_core.environment:checking '/home/rllaguno/mini_challenges_eq5/install/challenge_msgs/bin'
[0.955s] Level 1:colcon.colcon_core.environment:checking '/home/rllaguno/mini_challenges_eq5/install/challenge_msgs/lib/pkgconfig/challenge_msgs.pc'
[0.955s] Level 1:colcon.colcon_core.environment:checking '/home/rllaguno/mini_challenges_eq5/install/challenge_msgs/lib/python3.10/site-packages'
[0.955s] Level 1:colcon.colcon_core.environment:checking '/home/rllaguno/mini_challenges_eq5/install/challenge_msgs/bin'
[0.955s] INFO:colcon.colcon_core.shell:Creating package script '/home/rllaguno/mini_challenges_eq5/install/challenge_msgs/share/challenge_msgs/package.ps1'
[0.956s] INFO:colcon.colcon_core.shell:Creating package descriptor '/home/rllaguno/mini_challenges_eq5/install/challenge_msgs/share/challenge_msgs/package.dsv'
[0.956s] INFO:colcon.colcon_core.shell:Creating package script '/home/rllaguno/mini_challenges_eq5/install/challenge_msgs/share/challenge_msgs/package.sh'
[0.957s] INFO:colcon.colcon_core.shell:Creating package script '/home/rllaguno/mini_challenges_eq5/install/challenge_msgs/share/challenge_msgs/package.bash'
[0.958s] INFO:colcon.colcon_core.shell:Creating package script '/home/rllaguno/mini_challenges_eq5/install/challenge_msgs/share/challenge_msgs/package.zsh'
[0.958s] Level 1:colcon.colcon_core.environment:create_file_with_runtime_dependencies(/home/rllaguno/mini_challenges_eq5/install/challenge_msgs/share/colcon-core/packages/challenge_msgs)
[0.982s] DEBUG:colcon.colcon_core.event_handler.log_command:Invoking command in '/home/rllaguno/mini_challenges_eq5/build/usb_cam': CMAKE_PREFIX_PATH=${CMAKE_PREFIX_PATH}:/home/rllaguno/mini_challenges_eq5/install/mini_challenge_4:/home/rllaguno/mini_challenges_eq5/install/mini_challenge_3:/home/rllaguno/mini_challenges_eq5/install/mini_challenge_2:/opt/ros/humble /usr/bin/cmake --install /home/rllaguno/mini_challenges_eq5/build/usb_cam
[0.999s] Level 1:colcon.colcon_core.environment:create_environment_scripts_only(usb_cam)
[0.999s] Level 1:colcon.colcon_core.environment:checking '/home/rllaguno/mini_challenges_eq5/install/usb_cam' for CMake module files
[1.000s] DEBUG:colcon.colcon_core.event_handler.log_command:Invoked command in '/home/rllaguno/mini_challenges_eq5/build/usb_cam' returned '0': CMAKE_PREFIX_PATH=${CMAKE_PREFIX_PATH}:/home/rllaguno/mini_challenges_eq5/install/mini_challenge_4:/home/rllaguno/mini_challenges_eq5/install/mini_challenge_3:/home/rllaguno/mini_challenges_eq5/install/mini_challenge_2:/opt/ros/humble /usr/bin/cmake --install /home/rllaguno/mini_challenges_eq5/build/usb_cam
[1.001s] Level 1:colcon.colcon_core.environment:checking '/home/rllaguno/mini_challenges_eq5/install/usb_cam' for CMake config files
[1.001s] Level 1:colcon.colcon_core.shell:create_environment_hook('usb_cam', 'cmake_prefix_path')
[1.002s] INFO:colcon.colcon_core.shell:Creating environment hook '/home/rllaguno/mini_challenges_eq5/install/usb_cam/share/usb_cam/hook/cmake_prefix_path.ps1'
[1.002s] INFO:colcon.colcon_core.shell:Creating environment descriptor '/home/rllaguno/mini_challenges_eq5/install/usb_cam/share/usb_cam/hook/cmake_prefix_path.dsv'
[1.003s] INFO:colcon.colcon_core.shell:Creating environment hook '/home/rllaguno/mini_challenges_eq5/install/usb_cam/share/usb_cam/hook/cmake_prefix_path.sh'
[1.003s] Level 1:colcon.colcon_core.environment:checking '/home/rllaguno/mini_challenges_eq5/install/usb_cam/lib'
[1.004s] Level 1:colcon.colcon_core.shell:create_environment_hook('usb_cam', 'ld_library_path_lib')
[1.004s] INFO:colcon.colcon_core.shell:Creating environment hook '/home/rllaguno/mini_challenges_eq5/install/usb_cam/share/usb_cam/hook/ld_library_path_lib.ps1'
[1.004s] INFO:colcon.colcon_core.shell:Creating environment descriptor '/home/rllaguno/mini_challenges_eq5/install/usb_cam/share/usb_cam/hook/ld_library_path_lib.dsv'
[1.005s] INFO:colcon.colcon_core.shell:Creating environment hook '/home/rllaguno/mini_challenges_eq5/install/usb_cam/share/usb_cam/hook/ld_library_path_lib.sh'
[1.005s] Level 1:colcon.colcon_core.environment:checking '/home/rllaguno/mini_challenges_eq5/install/usb_cam/bin'
[1.006s] Level 1:colcon.colcon_core.environment:checking '/home/rllaguno/mini_challenges_eq5/install/usb_cam/lib/pkgconfig/usb_cam.pc'
[1.006s] Level 1:colcon.colcon_core.environment:checking '/home/rllaguno/mini_challenges_eq5/install/usb_cam/lib/python3.10/site-packages'
[1.006s] Level 1:colcon.colcon_core.environment:checking '/home/rllaguno/mini_challenges_eq5/install/usb_cam/bin'
[1.006s] INFO:colcon.colcon_core.shell:Creating package script '/home/rllaguno/mini_challenges_eq5/install/usb_cam/share/usb_cam/package.ps1'
[1.007s] INFO:colcon.colcon_core.shell:Creating package descriptor '/home/rllaguno/mini_challenges_eq5/install/usb_cam/share/usb_cam/package.dsv'
[1.008s] INFO:colcon.colcon_core.shell:Creating package script '/home/rllaguno/mini_challenges_eq5/install/usb_cam/share/usb_cam/package.sh'
[1.008s] INFO:colcon.colcon_core.shell:Creating package script '/home/rllaguno/mini_challenges_eq5/install/usb_cam/share/usb_cam/package.bash'
[1.009s] INFO:colcon.colcon_core.shell:Creating package script '/home/rllaguno/mini_challenges_eq5/install/usb_cam/share/usb_cam/package.zsh'
[1.009s] Level 1:colcon.colcon_core.environment:create_file_with_runtime_dependencies(/home/rllaguno/mini_challenges_eq5/install/usb_cam/share/colcon-core/packages/usb_cam)
[1.034s] Level 1:colcon.colcon_core.environment:create_environment_scripts_only(challenge_msgs)
[1.034s] Level 1:colcon.colcon_core.environment:checking '/home/rllaguno/mini_challenges_eq5/install/challenge_msgs' for CMake module files
[1.034s] Level 1:colcon.colcon_core.environment:checking '/home/rllaguno/mini_challenges_eq5/install/challenge_msgs' for CMake config files
[1.034s] Level 1:colcon.colcon_core.shell:create_environment_hook('challenge_msgs', 'cmake_prefix_path')
[1.035s] INFO:colcon.colcon_core.shell:Creating environment hook '/home/rllaguno/mini_challenges_eq5/install/challenge_msgs/share/challenge_msgs/hook/cmake_prefix_path.ps1'
[1.035s] INFO:colcon.colcon_core.shell:Creating environment descriptor '/home/rllaguno/mini_challenges_eq5/install/challenge_msgs/share/challenge_msgs/hook/cmake_prefix_path.dsv'
[1.035s] INFO:colcon.colcon_core.shell:Creating environment hook '/home/rllaguno/mini_challenges_eq5/install/challenge_msgs/share/challenge_msgs/hook/cmake_prefix_path.sh'
[1.036s] Level 1:colcon.colcon_core.environment:checking '/home/rllaguno/mini_challenges_eq5/install/challenge_msgs/lib'
[1.036s] Level 1:colcon.colcon_core.shell:create_environment_hook('challenge_msgs', 'ld_library_path_lib')
[1.036s] INFO:colcon.colcon_core.shell:Creating environment hook '/home/rllaguno/mini_challenges_eq5/install/challenge_msgs/share/challenge_msgs/hook/ld_library_path_lib.ps1'
[1.036s] INFO:colcon.colcon_core.shell:Creating environment descriptor '/home/rllaguno/mini_challenges_eq5/install/challenge_msgs/share/challenge_msgs/hook/ld_library_path_lib.dsv'
[1.037s] INFO:colcon.colcon_core.shell:Creating environment hook '/home/rllaguno/mini_challenges_eq5/install/challenge_msgs/share/challenge_msgs/hook/ld_library_path_lib.sh'
[1.037s] Level 1:colcon.colcon_core.environment:checking '/home/rllaguno/mini_challenges_eq5/install/challenge_msgs/bin'
[1.037s] Level 1:colcon.colcon_core.environment:checking '/home/rllaguno/mini_challenges_eq5/install/challenge_msgs/lib/pkgconfig/challenge_msgs.pc'
[1.037s] Level 1:colcon.colcon_core.environment:checking '/home/rllaguno/mini_challenges_eq5/install/challenge_msgs/lib/python3.10/site-packages'
[1.037s] Level 1:colcon.colcon_core.environment:checking '/home/rllaguno/mini_challenges_eq5/install/challenge_msgs/bin'
[1.038s] INFO:colcon.colcon_core.shell:Creating package script '/home/rllaguno/mini_challenges_eq5/install/challenge_msgs/share/challenge_msgs/package.ps1'
[1.038s] INFO:colcon.colcon_core.shell:Creating package descriptor '/home/rllaguno/mini_challenges_eq5/install/challenge_msgs/share/challenge_msgs/package.dsv'
[1.038s] INFO:colcon.colcon_core.shell:Creating package script '/home/rllaguno/mini_challenges_eq5/install/challenge_msgs/share/challenge_msgs/package.sh'
[1.039s] INFO:colcon.colcon_core.shell:Creating package script '/home/rllaguno/mini_challenges_eq5/install/challenge_msgs/share/challenge_msgs/package.bash'
[1.039s] INFO:colcon.colcon_core.shell:Creating package script '/home/rllaguno/mini_challenges_eq5/install/challenge_msgs/share/challenge_msgs/package.zsh'
[1.039s] Level 1:colcon.colcon_core.environment:create_file_with_runtime_dependencies(/home/rllaguno/mini_challenges_eq5/install/challenge_msgs/share/colcon-core/packages/challenge_msgs)
[1.040s] INFO:colcon.colcon_ros.task.ament_python.build:Building ROS package in '/home/rllaguno/mini_challenges_eq5/src/mini_challenge_4' with build type 'ament_python'
[1.040s] Level 1:colcon.colcon_core.shell:create_environment_hook('mini_challenge_4', 'ament_prefix_path')
[1.040s] INFO:colcon.colcon_core.shell:Creating environment hook '/home/rllaguno/mini_challenges_eq5/install/mini_challenge_4/share/mini_challenge_4/hook/ament_prefix_path.ps1'
[1.041s] INFO:colcon.colcon_core.shell:Creating environment descriptor '/home/rllaguno/mini_challenges_eq5/install/mini_challenge_4/share/mini_challenge_4/hook/ament_prefix_path.dsv'
[1.041s] INFO:colcon.colcon_core.shell:Creating environment hook '/home/rllaguno/mini_challenges_eq5/install/mini_challenge_4/share/mini_challenge_4/hook/ament_prefix_path.sh'
[1.042s] INFO:colcon.colcon_core.shell:Skip shell extension 'powershell' for command environment: Not usable outside of PowerShell
[1.042s] DEBUG:colcon.colcon_core.shell:Skip shell extension 'dsv' for command environment
[1.272s] INFO:colcon.colcon_core.task.python.build:Building Python package in '/home/rllaguno/mini_challenges_eq5/src/mini_challenge_4'
[1.272s] INFO:colcon.colcon_core.shell:Skip shell extension 'powershell' for command environment: Not usable outside of PowerShell
[1.272s] DEBUG:colcon.colcon_core.shell:Skip shell extension 'dsv' for command environment
[1.281s] Level 1:colcon.colcon_core.environment:create_environment_scripts_only(usb_cam)
[1.281s] Level 1:colcon.colcon_core.environment:checking '/home/rllaguno/mini_challenges_eq5/install/usb_cam' for CMake module files
[1.282s] Level 1:colcon.colcon_core.environment:checking '/home/rllaguno/mini_challenges_eq5/install/usb_cam' for CMake config files
[1.283s] Level 1:colcon.colcon_core.shell:create_environment_hook('usb_cam', 'cmake_prefix_path')
[1.283s] INFO:colcon.colcon_core.shell:Creating environment hook '/home/rllaguno/mini_challenges_eq5/install/usb_cam/share/usb_cam/hook/cmake_prefix_path.ps1'
[1.284s] INFO:colcon.colcon_core.shell:Creating environment descriptor '/home/rllaguno/mini_challenges_eq5/install/usb_cam/share/usb_cam/hook/cmake_prefix_path.dsv'
[1.284s] INFO:colcon.colcon_core.shell:Creating environment hook '/home/rllaguno/mini_challenges_eq5/install/usb_cam/share/usb_cam/hook/cmake_prefix_path.sh'
[1.285s] Level 1:colcon.colcon_core.environment:checking '/home/rllaguno/mini_challenges_eq5/install/usb_cam/lib'
[1.285s] Level 1:colcon.colcon_core.shell:create_environment_hook('usb_cam', 'ld_library_path_lib')
[1.286s] INFO:colcon.colcon_core.shell:Creating environment hook '/home/rllaguno/mini_challenges_eq5/install/usb_cam/share/usb_cam/hook/ld_library_path_lib.ps1'
[1.286s] INFO:colcon.colcon_core.shell:Creating environment descriptor '/home/rllaguno/mini_challenges_eq5/install/usb_cam/share/usb_cam/hook/ld_library_path_lib.dsv'
[1.287s] INFO:colcon.colcon_core.shell:Creating environment hook '/home/rllaguno/mini_challenges_eq5/install/usb_cam/share/usb_cam/hook/ld_library_path_lib.sh'
[1.287s] Level 1:colcon.colcon_core.environment:checking '/home/rllaguno/mini_challenges_eq5/install/usb_cam/bin'
[1.287s] Level 1:colcon.colcon_core.environment:checking '/home/rllaguno/mini_challenges_eq5/install/usb_cam/lib/pkgconfig/usb_cam.pc'
[1.288s] Level 1:colcon.colcon_core.environment:checking '/home/rllaguno/mini_challenges_eq5/install/usb_cam/lib/python3.10/site-packages'
[1.288s] Level 1:colcon.colcon_core.environment:checking '/home/rllaguno/mini_challenges_eq5/install/usb_cam/bin'
[1.289s] INFO:colcon.colcon_core.shell:Creating package script '/home/rllaguno/mini_challenges_eq5/install/usb_cam/share/usb_cam/package.ps1'
[1.290s] INFO:colcon.colcon_core.shell:Creating package descriptor '/home/rllaguno/mini_challenges_eq5/install/usb_cam/share/usb_cam/package.dsv'
[1.290s] INFO:colcon.colcon_core.shell:Creating package script '/home/rllaguno/mini_challenges_eq5/install/usb_cam/share/usb_cam/package.sh'
[1.291s] INFO:colcon.colcon_core.shell:Creating package script '/home/rllaguno/mini_challenges_eq5/install/usb_cam/share/usb_cam/package.bash'
[1.292s] INFO:colcon.colcon_core.shell:Creating package script '/home/rllaguno/mini_challenges_eq5/install/usb_cam/share/usb_cam/package.zsh'
[1.292s] Level 1:colcon.colcon_core.environment:create_file_with_runtime_dependencies(/home/rllaguno/mini_challenges_eq5/install/usb_cam/share/colcon-core/packages/usb_cam)
[1.300s] DEBUG:colcon.colcon_core.event_handler.log_command:Invoking command in '/home/rllaguno/mini_challenges_eq5/src/mini_challenge_2': PYTHONPATH=/home/rllaguno/mini_challenges_eq5/build/mini_challenge_2/prefix_override:/home/rllaguno/mini_challenges_eq5/install/mini_challenge_2/lib/python3.10/site-packages:${PYTHONPATH} /usr/bin/python3 -W ignore:setup.py install is deprecated setup.py egg_info --egg-base ../../build/mini_challenge_2 build --build-base /home/rllaguno/mini_challenges_eq5/build/mini_challenge_2/build install --record /home/rllaguno/mini_challenges_eq5/build/mini_challenge_2/install.log --single-version-externally-managed install_data
[1.302s] DEBUG:colcon.colcon_core.event_handler.log_command:Invoking command in '/home/rllaguno/mini_challenges_eq5/src/mini_challenge_3': PYTHONPATH=/home/rllaguno/mini_challenges_eq5/build/mini_challenge_3/prefix_override:/home/rllaguno/mini_challenges_eq5/install/mini_challenge_3/lib/python3.10/site-packages:${PYTHONPATH} /usr/bin/python3 -W ignore:setup.py install is deprecated setup.py egg_info --egg-base ../../build/mini_challenge_3 build --build-base /home/rllaguno/mini_challenges_eq5/build/mini_challenge_3/build install --record /home/rllaguno/mini_challenges_eq5/build/mini_challenge_3/install.log --single-version-externally-managed install_data
[1.558s] Level 1:colcon.colcon_core.environment:checking '/home/rllaguno/mini_challenges_eq5/install/mini_challenge_3' for CMake module files
[1.559s] DEBUG:colcon.colcon_core.event_handler.log_command:Invoked command in '/home/rllaguno/mini_challenges_eq5/src/mini_challenge_3' returned '0': PYTHONPATH=/home/rllaguno/mini_challenges_eq5/build/mini_challenge_3/prefix_override:/home/rllaguno/mini_challenges_eq5/install/mini_challenge_3/lib/python3.10/site-packages:${PYTHONPATH} /usr/bin/python3 -W ignore:setup.py install is deprecated setup.py egg_info --egg-base ../../build/mini_challenge_3 build --build-base /home/rllaguno/mini_challenges_eq5/build/mini_challenge_3/build install --record /home/rllaguno/mini_challenges_eq5/build/mini_challenge_3/install.log --single-version-externally-managed install_data
[1.559s] Level 1:colcon.colcon_core.environment:checking '/home/rllaguno/mini_challenges_eq5/install/mini_challenge_3' for CMake config files
[1.560s] Level 1:colcon.colcon_core.environment:checking '/home/rllaguno/mini_challenges_eq5/install/mini_challenge_3/lib'
[1.560s] Level 1:colcon.colcon_core.environment:checking '/home/rllaguno/mini_challenges_eq5/install/mini_challenge_3/bin'
[1.560s] Level 1:colcon.colcon_core.environment:checking '/home/rllaguno/mini_challenges_eq5/install/mini_challenge_3/lib/pkgconfig/mini_challenge_3.pc'
[1.561s] Level 1:colcon.colcon_core.environment:checking '/home/rllaguno/mini_challenges_eq5/install/mini_challenge_3/lib/python3.10/site-packages'
[1.561s] Level 1:colcon.colcon_core.shell:create_environment_hook('mini_challenge_3', 'pythonpath')
[1.561s] INFO:colcon.colcon_core.shell:Creating environment hook '/home/rllaguno/mini_challenges_eq5/install/mini_challenge_3/share/mini_challenge_3/hook/pythonpath.ps1'
[1.562s] INFO:colcon.colcon_core.shell:Creating environment descriptor '/home/rllaguno/mini_challenges_eq5/install/mini_challenge_3/share/mini_challenge_3/hook/pythonpath.dsv'
[1.562s] INFO:colcon.colcon_core.shell:Creating environment hook '/home/rllaguno/mini_challenges_eq5/install/mini_challenge_3/share/mini_challenge_3/hook/pythonpath.sh'
[1.564s] Level 1:colcon.colcon_core.environment:checking '/home/rllaguno/mini_challenges_eq5/install/mini_challenge_3/bin'
[1.564s] Level 1:colcon.colcon_core.environment:create_environment_scripts_only(mini_challenge_3)
[1.564s] INFO:colcon.colcon_core.shell:Creating package script '/home/rllaguno/mini_challenges_eq5/install/mini_challenge_3/share/mini_challenge_3/package.ps1'
[1.565s] INFO:colcon.colcon_core.shell:Creating package descriptor '/home/rllaguno/mini_challenges_eq5/install/mini_challenge_3/share/mini_challenge_3/package.dsv'
[1.566s] INFO:colcon.colcon_core.shell:Creating package script '/home/rllaguno/mini_challenges_eq5/install/mini_challenge_3/share/mini_challenge_3/package.sh'
[1.566s] INFO:colcon.colcon_core.shell:Creating package script '/home/rllaguno/mini_challenges_eq5/install/mini_challenge_3/share/mini_challenge_3/package.bash'
[1.567s] INFO:colcon.colcon_core.shell:Creating package script '/home/rllaguno/mini_challenges_eq5/install/mini_challenge_3/share/mini_challenge_3/package.zsh'
[1.568s] Level 1:colcon.colcon_core.environment:create_file_with_runtime_dependencies(/home/rllaguno/mini_challenges_eq5/install/mini_challenge_3/share/colcon-core/packages/mini_challenge_3)
[1.574s] Level 1:colcon.colcon_core.environment:checking '/home/rllaguno/mini_challenges_eq5/install/mini_challenge_2' for CMake module files
[1.575s] DEBUG:colcon.colcon_core.event_handler.log_command:Invoked command in '/home/rllaguno/mini_challenges_eq5/src/mini_challenge_2' returned '0': PYTHONPATH=/home/rllaguno/mini_challenges_eq5/build/mini_challenge_2/prefix_override:/home/rllaguno/mini_challenges_eq5/install/mini_challenge_2/lib/python3.10/site-packages:${PYTHONPATH} /usr/bin/python3 -W ignore:setup.py install is deprecated setup.py egg_info --egg-base ../../build/mini_challenge_2 build --build-base /home/rllaguno/mini_challenges_eq5/build/mini_challenge_2/build install --record /home/rllaguno/mini_challenges_eq5/build/mini_challenge_2/install.log --single-version-externally-managed install_data
[1.576s] Level 1:colcon.colcon_core.environment:checking '/home/rllaguno/mini_challenges_eq5/install/mini_challenge_2' for CMake config files
[1.577s] Level 1:colcon.colcon_core.environment:checking '/home/rllaguno/mini_challenges_eq5/install/mini_challenge_2/lib'
[1.577s] Level 1:colcon.colcon_core.environment:checking '/home/rllaguno/mini_challenges_eq5/install/mini_challenge_2/bin'
[1.577s] Level 1:colcon.colcon_core.environment:checking '/home/rllaguno/mini_challenges_eq5/install/mini_challenge_2/lib/pkgconfig/mini_challenge_2.pc'
[1.578s] Level 1:colcon.colcon_core.environment:checking '/home/rllaguno/mini_challenges_eq5/install/mini_challenge_2/lib/python3.10/site-packages'
[1.578s] Level 1:colcon.colcon_core.shell:create_environment_hook('mini_challenge_2', 'pythonpath')
[1.578s] INFO:colcon.colcon_core.shell:Creating environment hook '/home/rllaguno/mini_challenges_eq5/install/mini_challenge_2/share/mini_challenge_2/hook/pythonpath.ps1'
[1.579s] INFO:colcon.colcon_core.shell:Creating environment descriptor '/home/rllaguno/mini_challenges_eq5/install/mini_challenge_2/share/mini_challenge_2/hook/pythonpath.dsv'
[1.579s] INFO:colcon.colcon_core.shell:Creating environment hook '/home/rllaguno/mini_challenges_eq5/install/mini_challenge_2/share/mini_challenge_2/hook/pythonpath.sh'
[1.580s] Level 1:colcon.colcon_core.environment:checking '/home/rllaguno/mini_challenges_eq5/install/mini_challenge_2/bin'
[1.580s] Level 1:colcon.colcon_core.environment:create_environment_scripts_only(mini_challenge_2)
[1.581s] INFO:colcon.colcon_core.shell:Creating package script '/home/rllaguno/mini_challenges_eq5/install/mini_challenge_2/share/mini_challenge_2/package.ps1'
[1.582s] INFO:colcon.colcon_core.shell:Creating package descriptor '/home/rllaguno/mini_challenges_eq5/install/mini_challenge_2/share/mini_challenge_2/package.dsv'
[1.582s] INFO:colcon.colcon_core.shell:Creating package script '/home/rllaguno/mini_challenges_eq5/install/mini_challenge_2/share/mini_challenge_2/package.sh'
[1.583s] INFO:colcon.colcon_core.shell:Creating package script '/home/rllaguno/mini_challenges_eq5/install/mini_challenge_2/share/mini_challenge_2/package.bash'
[1.584s] INFO:colcon.colcon_core.shell:Creating package script '/home/rllaguno/mini_challenges_eq5/install/mini_challenge_2/share/mini_challenge_2/package.zsh'
[1.584s] Level 1:colcon.colcon_core.environment:create_file_with_runtime_dependencies(/home/rllaguno/mini_challenges_eq5/install/mini_challenge_2/share/colcon-core/packages/mini_challenge_2)
[1.652s] DEBUG:colcon.colcon_core.event_handler.log_command:Invoking command in '/home/rllaguno/mini_challenges_eq5/src/mini_challenge_4': PYTHONPATH=/home/rllaguno/mini_challenges_eq5/build/mini_challenge_4/prefix_override:/home/rllaguno/mini_challenges_eq5/install/mini_challenge_4/lib/python3.10/site-packages:${PYTHONPATH} /usr/bin/python3 -W ignore:setup.py install is deprecated setup.py egg_info --egg-base ../../build/mini_challenge_4 build --build-base /home/rllaguno/mini_challenges_eq5/build/mini_challenge_4/build install --record /home/rllaguno/mini_challenges_eq5/build/mini_challenge_4/install.log --single-version-externally-managed install_data
[1.928s] Level 1:colcon.colcon_core.environment:checking '/home/rllaguno/mini_challenges_eq5/install/mini_challenge_4' for CMake module files
[1.930s] DEBUG:colcon.colcon_core.event_handler.log_command:Invoked command in '/home/rllaguno/mini_challenges_eq5/src/mini_challenge_4' returned '0': PYTHONPATH=/home/rllaguno/mini_challenges_eq5/build/mini_challenge_4/prefix_override:/home/rllaguno/mini_challenges_eq5/install/mini_challenge_4/lib/python3.10/site-packages:${PYTHONPATH} /usr/bin/python3 -W ignore:setup.py install is deprecated setup.py egg_info --egg-base ../../build/mini_challenge_4 build --build-base /home/rllaguno/mini_challenges_eq5/build/mini_challenge_4/build install --record /home/rllaguno/mini_challenges_eq5/build/mini_challenge_4/install.log --single-version-externally-managed install_data
[1.930s] Level 1:colcon.colcon_core.environment:checking '/home/rllaguno/mini_challenges_eq5/install/mini_challenge_4' for CMake config files
[1.931s] Level 1:colcon.colcon_core.environment:checking '/home/rllaguno/mini_challenges_eq5/install/mini_challenge_4/lib'
[1.932s] Level 1:colcon.colcon_core.environment:checking '/home/rllaguno/mini_challenges_eq5/install/mini_challenge_4/bin'
[1.932s] Level 1:colcon.colcon_core.environment:checking '/home/rllaguno/mini_challenges_eq5/install/mini_challenge_4/lib/pkgconfig/mini_challenge_4.pc'
[1.932s] Level 1:colcon.colcon_core.environment:checking '/home/rllaguno/mini_challenges_eq5/install/mini_challenge_4/lib/python3.10/site-packages'
[1.932s] Level 1:colcon.colcon_core.shell:create_environment_hook('mini_challenge_4', 'pythonpath')
[1.933s] INFO:colcon.colcon_core.shell:Creating environment hook '/home/rllaguno/mini_challenges_eq5/install/mini_challenge_4/share/mini_challenge_4/hook/pythonpath.ps1'
[1.934s] INFO:colcon.colcon_core.shell:Creating environment descriptor '/home/rllaguno/mini_challenges_eq5/install/mini_challenge_4/share/mini_challenge_4/hook/pythonpath.dsv'
[1.934s] INFO:colcon.colcon_core.shell:Creating environment hook '/home/rllaguno/mini_challenges_eq5/install/mini_challenge_4/share/mini_challenge_4/hook/pythonpath.sh'
[1.935s] Level 1:colcon.colcon_core.environment:checking '/home/rllaguno/mini_challenges_eq5/install/mini_challenge_4/bin'
[1.936s] Level 1:colcon.colcon_core.environment:create_environment_scripts_only(mini_challenge_4)
[1.936s] INFO:colcon.colcon_core.shell:Creating package script '/home/rllaguno/mini_challenges_eq5/install/mini_challenge_4/share/mini_challenge_4/package.ps1'
[1.937s] INFO:colcon.colcon_core.shell:Creating package descriptor '/home/rllaguno/mini_challenges_eq5/install/mini_challenge_4/share/mini_challenge_4/package.dsv'
[1.938s] INFO:colcon.colcon_core.shell:Creating package script '/home/rllaguno/mini_challenges_eq5/install/mini_challenge_4/share/mini_challenge_4/package.sh'
[1.939s] INFO:colcon.colcon_core.shell:Creating package script '/home/rllaguno/mini_challenges_eq5/install/mini_challenge_4/share/mini_challenge_4/package.bash'
[1.940s] INFO:colcon.colcon_core.shell:Creating package script '/home/rllaguno/mini_challenges_eq5/install/mini_challenge_4/share/mini_challenge_4/package.zsh'
[1.940s] Level 1:colcon.colcon_core.environment:create_file_with_runtime_dependencies(/home/rllaguno/mini_challenges_eq5/install/mini_challenge_4/share/colcon-core/packages/mini_challenge_4)
[1.941s] DEBUG:colcon.colcon_parallel_executor.executor.parallel:closing loop
[1.941s] DEBUG:colcon.colcon_parallel_executor.executor.parallel:loop closed
[1.942s] DEBUG:colcon.colcon_parallel_executor.executor.parallel:run_until_complete finished with '0'
[1.942s] DEBUG:colcon.colcon_core.event_reactor:joining thread
[1.953s] INFO:colcon.colcon_core.plugin_system:Skipping extension 'colcon_notification.desktop_notification.terminal_notifier': Not used on non-Darwin systems
[1.953s] INFO:colcon.colcon_core.plugin_system:Skipping extension 'colcon_notification.desktop_notification.win32': Not used on non-Windows systems
[1.954s] INFO:colcon.colcon_notification.desktop_notification:Sending desktop notification using 'notify2'
[1.965s] DEBUG:colcon.colcon_core.event_reactor:joined thread
[1.966s] INFO:colcon.colcon_core.shell:Creating prefix script '/home/rllaguno/mini_challenges_eq5/install/local_setup.ps1'
[1.968s] INFO:colcon.colcon_core.shell:Creating prefix util module '/home/rllaguno/mini_challenges_eq5/install/_local_setup_util_ps1.py'
[1.971s] INFO:colcon.colcon_core.shell:Creating prefix chain script '/home/rllaguno/mini_challenges_eq5/install/setup.ps1'
[1.973s] INFO:colcon.colcon_core.shell:Creating prefix script '/home/rllaguno/mini_challenges_eq5/install/local_setup.sh'
[1.974s] INFO:colcon.colcon_core.shell:Creating prefix util module '/home/rllaguno/mini_challenges_eq5/install/_local_setup_util_sh.py'
[1.975s] INFO:colcon.colcon_core.shell:Creating prefix chain script '/home/rllaguno/mini_challenges_eq5/install/setup.sh'
[1.977s] INFO:colcon.colcon_core.shell:Creating prefix script '/home/rllaguno/mini_challenges_eq5/install/local_setup.bash'
[1.978s] INFO:colcon.colcon_core.shell:Creating prefix chain script '/home/rllaguno/mini_challenges_eq5/install/setup.bash'
[1.980s] INFO:colcon.colcon_core.shell:Creating prefix script '/home/rllaguno/mini_challenges_eq5/install/local_setup.zsh'
[1.981s] INFO:colcon.colcon_core.shell:Creating prefix chain script '/home/rllaguno/mini_challenges_eq5/install/setup.zsh'
