/home/puzzlebot/github/mini_challenges_eq5/install/mini_challenge_4/lib/python3.8/site-packages/mini_challenge_4/Vision.py
/home/puzzlebot/github/mini_challenges_eq5/install/mini_challenge_4/lib/python3.8/site-packages/mini_challenge_4/__init__.py
/home/puzzlebot/github/mini_challenges_eq5/install/mini_challenge_4/lib/python3.8/site-packages/mini_challenge_4/Controller.py
/home/puzzlebot/github/mini_challenges_eq5/install/mini_challenge_4/lib/python3.8/site-packages/mini_challenge_4/Odometry.py
/home/puzzlebot/github/mini_challenges_eq5/install/mini_challenge_4/lib/python3.8/site-packages/mini_challenge_4/__pycache__/Vision.cpython-38.pyc
/home/puzzlebot/github/mini_challenges_eq5/install/mini_challenge_4/lib/python3.8/site-packages/mini_challenge_4/__pycache__/__init__.cpython-38.pyc
/home/puzzlebot/github/mini_challenges_eq5/install/mini_challenge_4/lib/python3.8/site-packages/mini_challenge_4/__pycache__/Controller.cpython-38.pyc
/home/puzzlebot/github/mini_challenges_eq5/install/mini_challenge_4/lib/python3.8/site-packages/mini_challenge_4/__pycache__/Odometry.cpython-38.pyc
/home/puzzlebot/github/mini_challenges_eq5/install/mini_challenge_4/share/ament_index/resource_index/packages/mini_challenge_4
/home/puzzlebot/github/mini_challenges_eq5/install/mini_challenge_4/share/mini_challenge_4/package.xml
/home/puzzlebot/github/mini_challenges_eq5/install/mini_challenge_4/share/mini_challenge_4/launch/mini4_launch.py
/home/puzzlebot/github/mini_challenges_eq5/install/mini_challenge_4/lib/python3.8/site-packages/mini_challenge_4-0.0.0-py3.8.egg-info/top_level.txt
/home/puzzlebot/github/mini_challenges_eq5/install/mini_challenge_4/lib/python3.8/site-packages/mini_challenge_4-0.0.0-py3.8.egg-info/requires.txt
/home/puzzlebot/github/mini_challenges_eq5/install/mini_challenge_4/lib/python3.8/site-packages/mini_challenge_4-0.0.0-py3.8.egg-info/PKG-INFO
/home/puzzlebot/github/mini_challenges_eq5/install/mini_challenge_4/lib/python3.8/site-packages/mini_challenge_4-0.0.0-py3.8.egg-info/entry_points.txt
/home/puzzlebot/github/mini_challenges_eq5/install/mini_challenge_4/lib/python3.8/site-packages/mini_challenge_4-0.0.0-py3.8.egg-info/zip-safe
/home/puzzlebot/github/mini_challenges_eq5/install/mini_challenge_4/lib/python3.8/site-packages/mini_challenge_4-0.0.0-py3.8.egg-info/SOURCES.txt
/home/puzzlebot/github/mini_challenges_eq5/install/mini_challenge_4/lib/python3.8/site-packages/mini_challenge_4-0.0.0-py3.8.egg-info/dependency_links.txt
/home/puzzlebot/github/mini_challenges_eq5/install/mini_challenge_4/lib/mini_challenge_4/Controller
/home/puzzlebot/github/mini_challenges_eq5/install/mini_challenge_4/lib/mini_challenge_4/Odometry
/home/puzzlebot/github/mini_challenges_eq5/install/mini_challenge_4/lib/mini_challenge_4/Vision
