[3.433s] Invoking command in '/home/puzzlebot/github/mini_challenges_eq5/src/final_challenge': PYTHONPATH=/home/puzzlebot/github/mini_challenges_eq5/build/final_challenge/prefix_override:/home/puzzlebot/github/mini_challenges_eq5/install/final_challenge/lib/python3.8/site-packages:/home/puzzlebot/github/mini_challenges_eq5/install/yolo_msg/lib/python3.8/site-packages:/home/puzzlebot/github/mini_challenges_eq5/install/signal_msg/lib/python3.8/site-packages:/home/puzzlebot/github/mini_challenges_eq5/install/final_challenge/lib/python3.8/site-packages:/home/puzzlebot/github/mini_challenges_eq5/install/mini_challenge_4/lib/python3.8/site-packages:/home/puzzlebot/github/mini_challenges_eq5/install/mini_challenge_3/lib/python3.8/site-packages:/home/puzzlebot/github/mini_challenges_eq5/install/mini_challenge_2/lib/python3.8/site-packages:/home/puzzlebot/ros2_ws/install/puzzlebot_ros/lib/python3.8/site-packages:/home/puzzlebot/ros2_ws/install/camera_compressor/lib/python3.8/site-packages:/home/puzzlebot/ros2_packages_ws/install/micro_ros_msgs/lib/python3.8/site-packages:/opt/ros/humble/lib/python3.8/site-packages /usr/bin/python3 -W ignore:setup.py install is deprecated setup.py egg_info --egg-base ../../build/final_challenge build --build-base /home/puzzlebot/github/mini_challenges_eq5/build/final_challenge/build install --record /home/puzzlebot/github/mini_challenges_eq5/build/final_challenge/install.log --single-version-externally-managed install_data
[4.565s] running egg_info
[4.567s] writing ../../build/final_challenge/final_challenge.egg-info/PKG-INFO
[4.572s] writing dependency_links to ../../build/final_challenge/final_challenge.egg-info/dependency_links.txt
[4.572s] writing entry points to ../../build/final_challenge/final_challenge.egg-info/entry_points.txt
[4.573s] writing requirements to ../../build/final_challenge/final_challenge.egg-info/requires.txt
[4.573s] writing top-level names to ../../build/final_challenge/final_challenge.egg-info/top_level.txt
[4.729s] reading manifest file '../../build/final_challenge/final_challenge.egg-info/SOURCES.txt'
[4.733s] writing manifest file '../../build/final_challenge/final_challenge.egg-info/SOURCES.txt'
[4.734s] running build
[4.735s] running build_py
[4.735s] copying final_challenge/Vision.py -> /home/puzzlebot/github/mini_challenges_eq5/build/final_challenge/build/lib/final_challenge
[4.736s] copying final_challenge/Controller.py -> /home/puzzlebot/github/mini_challenges_eq5/build/final_challenge/build/lib/final_challenge
[4.737s] running install
[4.741s] running install_lib
[4.745s] copying /home/puzzlebot/github/mini_challenges_eq5/build/final_challenge/build/lib/final_challenge/Vision.py -> /home/puzzlebot/github/mini_challenges_eq5/install/final_challenge/lib/python3.8/site-packages/final_challenge
[4.745s] copying /home/puzzlebot/github/mini_challenges_eq5/build/final_challenge/build/lib/final_challenge/Controller.py -> /home/puzzlebot/github/mini_challenges_eq5/install/final_challenge/lib/python3.8/site-packages/final_challenge
[4.748s] byte-compiling /home/puzzlebot/github/mini_challenges_eq5/install/final_challenge/lib/python3.8/site-packages/final_challenge/Vision.py to Vision.cpython-38.pyc
[4.757s] byte-compiling /home/puzzlebot/github/mini_challenges_eq5/install/final_challenge/lib/python3.8/site-packages/final_challenge/Controller.py to Controller.cpython-38.pyc
[4.763s] running install_data
[4.764s] running install_egg_info
[4.772s] removing '/home/puzzlebot/github/mini_challenges_eq5/install/final_challenge/lib/python3.8/site-packages/final_challenge-0.0.0-py3.8.egg-info' (and everything under it)
[4.773s] Copying ../../build/final_challenge/final_challenge.egg-info to /home/puzzlebot/github/mini_challenges_eq5/install/final_challenge/lib/python3.8/site-packages/final_challenge-0.0.0-py3.8.egg-info
[4.778s] running install_scripts
[4.846s] Installing Controller script to /home/puzzlebot/github/mini_challenges_eq5/install/final_challenge/lib/final_challenge
[4.847s] Installing ML script to /home/puzzlebot/github/mini_challenges_eq5/install/final_challenge/lib/final_challenge
[4.848s] Installing Odometry script to /home/puzzlebot/github/mini_challenges_eq5/install/final_challenge/lib/final_challenge
[4.848s] Installing Vision script to /home/puzzlebot/github/mini_challenges_eq5/install/final_challenge/lib/final_challenge
[4.849s] writing list of installed files to '/home/puzzlebot/github/mini_challenges_eq5/build/final_challenge/install.log'
[4.947s] Invoked command in '/home/puzzlebot/github/mini_challenges_eq5/src/final_challenge' returned '0': PYTHONPATH=/home/puzzlebot/github/mini_challenges_eq5/build/final_challenge/prefix_override:/home/puzzlebot/github/mini_challenges_eq5/install/final_challenge/lib/python3.8/site-packages:/home/puzzlebot/github/mini_challenges_eq5/install/yolo_msg/lib/python3.8/site-packages:/home/puzzlebot/github/mini_challenges_eq5/install/signal_msg/lib/python3.8/site-packages:/home/puzzlebot/github/mini_challenges_eq5/install/final_challenge/lib/python3.8/site-packages:/home/puzzlebot/github/mini_challenges_eq5/install/mini_challenge_4/lib/python3.8/site-packages:/home/puzzlebot/github/mini_challenges_eq5/install/mini_challenge_3/lib/python3.8/site-packages:/home/puzzlebot/github/mini_challenges_eq5/install/mini_challenge_2/lib/python3.8/site-packages:/home/puzzlebot/ros2_ws/install/puzzlebot_ros/lib/python3.8/site-packages:/home/puzzlebot/ros2_ws/install/camera_compressor/lib/python3.8/site-packages:/home/puzzlebot/ros2_packages_ws/install/micro_ros_msgs/lib/python3.8/site-packages:/opt/ros/humble/lib/python3.8/site-packages /usr/bin/python3 -W ignore:setup.py install is deprecated setup.py egg_info --egg-base ../../build/final_challenge build --build-base /home/puzzlebot/github/mini_challenges_eq5/build/final_challenge/build install --record /home/puzzlebot/github/mini_challenges_eq5/build/final_challenge/install.log --single-version-externally-managed install_data
