[0.818s] Invoking command in '/home/rllaguno/mini_challenges_eq5/build/usb_cam': CMAKE_PREFIX_PATH=/opt/ros/humble /usr/bin/cmake --build /home/rllaguno/mini_challenges_eq5/build/usb_cam -- -j16 -l16
[3.100s] [ 14%] Built target gtest_main
[3.201s] [ 28%] Built target gtest
[3.560s] [ 42%] Built target usb_cam
[3.822s] [ 57%] Built target test_usb_cam_utils
[3.847s] [ 71%] Built target test_pixel_formats
[4.154s] [ 85%] Built target usb_cam_node_exe
[4.186s] [100%] Built target usb_cam_node
[4.214s] Invoked command in '/home/rllaguno/mini_challenges_eq5/build/usb_cam' returned '0': CMAKE_PREFIX_PATH=/opt/ros/humble /usr/bin/cmake --build /home/rllaguno/mini_challenges_eq5/build/usb_cam -- -j16 -l16
[4.280s] Invoking command in '/home/rllaguno/mini_challenges_eq5/build/usb_cam': CMAKE_PREFIX_PATH=/opt/ros/humble /usr/bin/cmake --install /home/rllaguno/mini_challenges_eq5/build/usb_cam
[4.372s] -- Install configuration: ""
[4.400s] -- Up-to-date: /home/rllaguno/mini_challenges_eq5/install/usb_cam/share/usb_cam/environment/library_path.sh
[4.400s] -- Up-to-date: /home/rllaguno/mini_challenges_eq5/install/usb_cam/share/usb_cam/environment/library_path.dsv
[4.430s] -- Up-to-date: /home/rllaguno/mini_challenges_eq5/install/usb_cam/lib/usb_cam/usb_cam_node_exe
[4.431s] -- Up-to-date: /home/rllaguno/mini_challenges_eq5/install/usb_cam/lib/usb_cam/show_image.py
[4.431s] -- Up-to-date: /home/rllaguno/mini_challenges_eq5/install/usb_cam/lib/libusb_cam.so
[4.432s] -- Up-to-date: /home/rllaguno/mini_challenges_eq5/install/usb_cam/lib/libusb_cam_node.so
[4.432s] -- Up-to-date: /home/rllaguno/mini_challenges_eq5/install/usb_cam/include
[4.433s] -- Up-to-date: /home/rllaguno/mini_challenges_eq5/install/usb_cam/include/usb_cam
[4.433s] -- Up-to-date: /home/rllaguno/mini_challenges_eq5/install/usb_cam/include/usb_cam/utils.hpp
[4.433s] -- Up-to-date: /home/rllaguno/mini_challenges_eq5/install/usb_cam/include/usb_cam/constants.hpp
[4.434s] -- Up-to-date: /home/rllaguno/mini_challenges_eq5/install/usb_cam/include/usb_cam/formats
[4.434s] -- Up-to-date: /home/rllaguno/mini_challenges_eq5/install/usb_cam/include/usb_cam/formats/utils.hpp
[4.434s] -- Up-to-date: /home/rllaguno/mini_challenges_eq5/install/usb_cam/include/usb_cam/formats/m420.hpp
[4.434s] -- Up-to-date: /home/rllaguno/mini_challenges_eq5/install/usb_cam/include/usb_cam/formats/av_pixel_format_helper.hpp
[4.434s] -- Up-to-date: /home/rllaguno/mini_challenges_eq5/install/usb_cam/include/usb_cam/formats/pixel_format_base.hpp
[4.434s] -- Up-to-date: /home/rllaguno/mini_challenges_eq5/install/usb_cam/include/usb_cam/formats/mono.hpp
[4.435s] -- Up-to-date: /home/rllaguno/mini_challenges_eq5/install/usb_cam/include/usb_cam/formats/rgb.hpp
[4.435s] -- Up-to-date: /home/rllaguno/mini_challenges_eq5/install/usb_cam/include/usb_cam/formats/mjpeg.hpp
[4.435s] -- Up-to-date: /home/rllaguno/mini_challenges_eq5/install/usb_cam/include/usb_cam/formats/uyvy.hpp
[4.435s] -- Up-to-date: /home/rllaguno/mini_challenges_eq5/install/usb_cam/include/usb_cam/formats/yuyv.hpp
[4.435s] -- Up-to-date: /home/rllaguno/mini_challenges_eq5/install/usb_cam/include/usb_cam/usb_cam.hpp
[4.436s] -- Up-to-date: /home/rllaguno/mini_challenges_eq5/install/usb_cam/include/usb_cam/usb_cam_node.hpp
[4.436s] -- Up-to-date: /home/rllaguno/mini_challenges_eq5/install/usb_cam/include/usb_cam/conversions.hpp
[4.436s] -- Up-to-date: /home/rllaguno/mini_challenges_eq5/install/usb_cam/lib/libusb_cam_node.so
[4.436s] -- Up-to-date: /home/rllaguno/mini_challenges_eq5/install/usb_cam/share/usb_cam/launch
[4.437s] -- Up-to-date: /home/rllaguno/mini_challenges_eq5/install/usb_cam/share/usb_cam/launch/camera_config.py
[4.437s] -- Up-to-date: /home/rllaguno/mini_challenges_eq5/install/usb_cam/share/usb_cam/launch/__init__.py
[4.437s] -- Up-to-date: /home/rllaguno/mini_challenges_eq5/install/usb_cam/share/usb_cam/launch/camera.launch.py
[4.437s] -- Up-to-date: /home/rllaguno/mini_challenges_eq5/install/usb_cam/share/usb_cam/config
[4.437s] -- Up-to-date: /home/rllaguno/mini_challenges_eq5/install/usb_cam/share/usb_cam/config/params_1.yaml
[4.437s] -- Up-to-date: /home/rllaguno/mini_challenges_eq5/install/usb_cam/share/usb_cam/config/camera_info.yaml
[4.438s] -- Up-to-date: /home/rllaguno/mini_challenges_eq5/install/usb_cam/share/usb_cam/config/params_2.yaml
[4.438s] -- Up-to-date: /home/rllaguno/mini_challenges_eq5/install/usb_cam/share/ament_index/resource_index/package_run_dependencies/usb_cam
[4.438s] -- Up-to-date: /home/rllaguno/mini_challenges_eq5/install/usb_cam/share/ament_index/resource_index/parent_prefix_path/usb_cam
[4.438s] -- Up-to-date: /home/rllaguno/mini_challenges_eq5/install/usb_cam/share/usb_cam/environment/ament_prefix_path.sh
[4.438s] -- Up-to-date: /home/rllaguno/mini_challenges_eq5/install/usb_cam/share/usb_cam/environment/ament_prefix_path.dsv
[4.438s] -- Up-to-date: /home/rllaguno/mini_challenges_eq5/install/usb_cam/share/usb_cam/environment/path.sh
[4.439s] -- Up-to-date: /home/rllaguno/mini_challenges_eq5/install/usb_cam/share/usb_cam/environment/path.dsv
[4.439s] -- Up-to-date: /home/rllaguno/mini_challenges_eq5/install/usb_cam/share/usb_cam/local_setup.bash
[4.439s] -- Up-to-date: /home/rllaguno/mini_challenges_eq5/install/usb_cam/share/usb_cam/local_setup.sh
[4.439s] -- Up-to-date: /home/rllaguno/mini_challenges_eq5/install/usb_cam/share/usb_cam/local_setup.zsh
[4.439s] -- Up-to-date: /home/rllaguno/mini_challenges_eq5/install/usb_cam/share/usb_cam/local_setup.dsv
[4.439s] -- Installing: /home/rllaguno/mini_challenges_eq5/install/usb_cam/share/usb_cam/package.dsv
[4.462s] -- Up-to-date: /home/rllaguno/mini_challenges_eq5/install/usb_cam/share/ament_index/resource_index/packages/usb_cam
[4.462s] -- Up-to-date: /home/rllaguno/mini_challenges_eq5/install/usb_cam/share/ament_index/resource_index/rclcpp_components/usb_cam
[4.462s] -- Up-to-date: /home/rllaguno/mini_challenges_eq5/install/usb_cam/share/usb_cam/cmake/ament_cmake_export_libraries-extras.cmake
[4.463s] -- Up-to-date: /home/rllaguno/mini_challenges_eq5/install/usb_cam/share/usb_cam/cmake/ament_cmake_export_dependencies-extras.cmake
[4.463s] -- Up-to-date: /home/rllaguno/mini_challenges_eq5/install/usb_cam/share/usb_cam/cmake/ament_cmake_export_include_directories-extras.cmake
[4.463s] -- Up-to-date: /home/rllaguno/mini_challenges_eq5/install/usb_cam/share/usb_cam/cmake/usb_camConfig.cmake
[4.463s] -- Up-to-date: /home/rllaguno/mini_challenges_eq5/install/usb_cam/share/usb_cam/cmake/usb_camConfig-version.cmake
[4.463s] -- Up-to-date: /home/rllaguno/mini_challenges_eq5/install/usb_cam/share/usb_cam/package.xml
[4.513s] Invoked command in '/home/rllaguno/mini_challenges_eq5/build/usb_cam' returned '0': CMAKE_PREFIX_PATH=/opt/ros/humble /usr/bin/cmake --install /home/rllaguno/mini_challenges_eq5/build/usb_cam
