[6.314s] Invoking command in '/home/puzzlebot/github/mini_challenges_eq5/src/mini_challenge_2': PYTHONPATH=/home/puzzlebot/github/mini_challenges_eq5/build/mini_challenge_2/prefix_override:/home/puzzlebot/github/mini_challenges_eq5/install/mini_challenge_2/lib/python3.8/site-packages:${PYTHONPATH} /usr/bin/python3 -W ignore:setup.py install is deprecated setup.py egg_info --egg-base ../../build/mini_challenge_2 build --build-base /home/puzzlebot/github/mini_challenges_eq5/build/mini_challenge_2/build install --record /home/puzzlebot/github/mini_challenges_eq5/build/mini_challenge_2/install.log --single-version-externally-managed install_data
[8.116s] running egg_info
[8.121s] writing ../../build/mini_challenge_2/mini_challenge_2.egg-info/PKG-INFO
[8.125s] writing dependency_links to ../../build/mini_challenge_2/mini_challenge_2.egg-info/dependency_links.txt
[8.126s] writing entry points to ../../build/mini_challenge_2/mini_challenge_2.egg-info/entry_points.txt
[8.128s] writing requirements to ../../build/mini_challenge_2/mini_challenge_2.egg-info/requires.txt
[8.129s] writing top-level names to ../../build/mini_challenge_2/mini_challenge_2.egg-info/top_level.txt
[8.363s] reading manifest file '../../build/mini_challenge_2/mini_challenge_2.egg-info/SOURCES.txt'
[8.369s] writing manifest file '../../build/mini_challenge_2/mini_challenge_2.egg-info/SOURCES.txt'
[8.378s] running build
[8.378s] running build_py
[8.379s] running install
[8.385s] running install_lib
[8.386s] creating /home/puzzlebot/github/mini_challenges_eq5/install/mini_challenge_2/lib/python3.8/site-packages/mini_challenge_2
[8.388s] copying /home/puzzlebot/github/mini_challenges_eq5/build/mini_challenge_2/build/lib/mini_challenge_2/PointGenerator.py -> /home/puzzlebot/github/mini_challenges_eq5/install/mini_challenge_2/lib/python3.8/site-packages/mini_challenge_2
[8.390s] copying /home/puzzlebot/github/mini_challenges_eq5/build/mini_challenge_2/build/lib/mini_challenge_2/__init__.py -> /home/puzzlebot/github/mini_challenges_eq5/install/mini_challenge_2/lib/python3.8/site-packages/mini_challenge_2
[8.390s] copying /home/puzzlebot/github/mini_challenges_eq5/build/mini_challenge_2/build/lib/mini_challenge_2/Controller.py -> /home/puzzlebot/github/mini_challenges_eq5/install/mini_challenge_2/lib/python3.8/site-packages/mini_challenge_2
[8.392s] copying /home/puzzlebot/github/mini_challenges_eq5/build/mini_challenge_2/build/lib/mini_challenge_2/Odometry.py -> /home/puzzlebot/github/mini_challenges_eq5/install/mini_challenge_2/lib/python3.8/site-packages/mini_challenge_2
[8.398s] byte-compiling /home/puzzlebot/github/mini_challenges_eq5/install/mini_challenge_2/lib/python3.8/site-packages/mini_challenge_2/PointGenerator.py to PointGenerator.cpython-38.pyc
[8.406s] byte-compiling /home/puzzlebot/github/mini_challenges_eq5/install/mini_challenge_2/lib/python3.8/site-packages/mini_challenge_2/__init__.py to __init__.cpython-38.pyc
[8.407s] byte-compiling /home/puzzlebot/github/mini_challenges_eq5/install/mini_challenge_2/lib/python3.8/site-packages/mini_challenge_2/Controller.py to Controller.cpython-38.pyc
[8.415s] byte-compiling /home/puzzlebot/github/mini_challenges_eq5/install/mini_challenge_2/lib/python3.8/site-packages/mini_challenge_2/Odometry.py to Odometry.cpython-38.pyc
[8.419s] running install_data
[8.419s] running install_egg_info
[8.428s] Copying ../../build/mini_challenge_2/mini_challenge_2.egg-info to /home/puzzlebot/github/mini_challenges_eq5/install/mini_challenge_2/lib/python3.8/site-packages/mini_challenge_2-0.0.0-py3.8.egg-info
[8.434s] running install_scripts
[8.524s] Installing Controller script to /home/puzzlebot/github/mini_challenges_eq5/install/mini_challenge_2/lib/mini_challenge_2
[8.525s] Installing Odometry script to /home/puzzlebot/github/mini_challenges_eq5/install/mini_challenge_2/lib/mini_challenge_2
[8.527s] Installing PointGenerator script to /home/puzzlebot/github/mini_challenges_eq5/install/mini_challenge_2/lib/mini_challenge_2
[8.529s] writing list of installed files to '/home/puzzlebot/github/mini_challenges_eq5/build/mini_challenge_2/install.log'
[8.664s] Invoked command in '/home/puzzlebot/github/mini_challenges_eq5/src/mini_challenge_2' returned '0': PYTHONPATH=/home/puzzlebot/github/mini_challenges_eq5/build/mini_challenge_2/prefix_override:/home/puzzlebot/github/mini_challenges_eq5/install/mini_challenge_2/lib/python3.8/site-packages:${PYTHONPATH} /usr/bin/python3 -W ignore:setup.py install is deprecated setup.py egg_info --egg-base ../../build/mini_challenge_2 build --build-base /home/puzzlebot/github/mini_challenges_eq5/build/mini_challenge_2/build install --record /home/puzzlebot/github/mini_challenges_eq5/build/mini_challenge_2/install.log --single-version-externally-managed install_data
