[0.932s] Invoking command in '/home/rllaguno/mini_challenges_eq5/build/usb_cam': CMAKE_PREFIX_PATH=/opt/ros/humble /usr/bin/cmake /home/rllaguno/mini_challenges_eq5/src/usb_cam -DCMAKE_INSTALL_PREFIX=/home/rllaguno/mini_challenges_eq5/install/usb_cam
[4.582s] -- The C compiler identification is GNU 11.4.0
[6.288s] -- The CXX compiler identification is GNU 11.4.0
[6.483s] -- Detecting C compiler ABI info
[6.869s] -- Detecting C compiler ABI info - done
[6.887s] -- Check for working C compiler: /usr/bin/cc - skipped
[6.888s] -- Detecting C compile features
[6.913s] -- Detecting C compile features - done
[6.946s] -- Detecting CXX compiler ABI info
[7.187s] -- Detecting CXX compiler ABI info - done
[7.206s] -- Check for working CXX compiler: /usr/bin/c++ - skipped
[7.207s] -- Detecting CXX compile features
[7.208s] -- Detecting CXX compile features - done
[7.256s] -- Found ament_cmake_auto: 1.3.8 (/opt/ros/humble/share/ament_cmake_auto/cmake)
[7.717s] -- Found Python3: /usr/bin/python3 (found version "3.10.12") found components: Interpreter 
[8.696s] -- Found rosidl_generator_c: 3.1.5 (/opt/ros/humble/share/rosidl_generator_c/cmake)
[8.748s] -- Found rosidl_adapter: 3.1.5 (/opt/ros/humble/share/rosidl_adapter/cmake)
[8.818s] -- Found rosidl_generator_cpp: 3.1.5 (/opt/ros/humble/share/rosidl_generator_cpp/cmake)
[8.952s] -- Using all available rosidl_typesupport_c: rosidl_typesupport_fastrtps_c;rosidl_typesupport_introspection_c
[9.104s] -- Using all available rosidl_typesupport_cpp: rosidl_typesupport_fastrtps_cpp;rosidl_typesupport_introspection_cpp
[9.842s] -- Found rmw_implementation_cmake: 6.1.1 (/opt/ros/humble/share/rmw_implementation_cmake/cmake)
[9.873s] -- Found rmw_fastrtps_cpp: 6.2.6 (/opt/ros/humble/share/rmw_fastrtps_cpp/cmake)
[10.600s] -- Found OpenSSL: /usr/lib/x86_64-linux-gnu/libcrypto.so (found version "3.0.2")  
[10.725s] -- Found FastRTPS: /opt/ros/humble/include  
[10.859s] -- Using RMW implementation 'rmw_fastrtps_cpp' as default
[11.032s] -- Looking for pthread.h
[11.439s] -- Looking for pthread.h - found
[11.440s] -- Performing Test CMAKE_HAVE_LIBC_PTHREAD
[11.624s] -- Performing Test CMAKE_HAVE_LIBC_PTHREAD - Success
[11.627s] -- Found Threads: TRUE  
[13.125s] -- Found OpenCV: /usr (found version "4.5.4") 
[13.135s] -- Found PkgConfig: /usr/bin/pkg-config (found version "0.29.2") 
[13.136s] -- Checking for module 'libavcodec'
[13.206s] --   Found libavcodec, version 58.134.100
[13.317s] -- Checking for module 'libavutil'
[13.357s] --   Found libavutil, version 56.70.100
[13.460s] -- Checking for module 'libswscale'
[13.516s] --   Found libswscale, version 5.9.100
[13.689s] -- Found ament_lint_auto: 0.12.10 (/opt/ros/humble/share/ament_lint_auto/cmake)
[13.930s] -- Found gtest sources under '/opt/ros/humble/src/gtest_vendor': C++ tests using 'Google Test' will be built
[14.046s] -- Added test 'copyright' to check source files copyright and LICENSE
[14.065s] -- Added test 'cppcheck' to perform static code analysis on C / C++ code
[14.066s] -- Configured cppcheck include dirs: /home/rllaguno/mini_challenges_eq5/src/usb_cam/include
[14.066s] -- Configured cppcheck exclude dirs and/or files: 
[14.084s] -- Added test 'cpplint' to check C / C++ code against the Google style
[14.084s] -- Configured cpplint exclude dirs and/or files: 
[14.087s] -- Added test 'flake8' to check Python code syntax and style conventions
[14.093s] -- Added test 'lint_cmake' to check CMake code style
[14.097s] -- Added test 'pep257' to check Python code against some of the docstring style conventions in PEP 257
[14.115s] -- Added test 'uncrustify' to check C / C++ code style
[14.115s] -- Configured uncrustify additional arguments: 
[14.118s] -- Added test 'xmllint' to check XML markup files
[14.234s] -- Configuring done
[14.317s] -- Generating done
[14.320s] -- Build files have been written to: /home/rllaguno/mini_challenges_eq5/build/usb_cam
[14.343s] Invoked command in '/home/rllaguno/mini_challenges_eq5/build/usb_cam' returned '0': CMAKE_PREFIX_PATH=/opt/ros/humble /usr/bin/cmake /home/rllaguno/mini_challenges_eq5/src/usb_cam -DCMAKE_INSTALL_PREFIX=/home/rllaguno/mini_challenges_eq5/install/usb_cam
[14.347s] Invoking command in '/home/rllaguno/mini_challenges_eq5/build/usb_cam': CMAKE_PREFIX_PATH=/opt/ros/humble /usr/bin/cmake --build /home/rllaguno/mini_challenges_eq5/build/usb_cam -- -j16 -l16
[14.456s] [ 14%] [32mBuilding CXX object CMakeFiles/usb_cam_node_exe.dir/rclcpp_components/node_main_usb_cam_node_exe.cpp.o[0m
[14.457s] [ 14%] [32mBuilding CXX object gtest/CMakeFiles/gtest_main.dir/src/gtest_main.cc.o[0m
[14.457s] [ 21%] [32mBuilding CXX object gtest/CMakeFiles/gtest.dir/src/gtest-all.cc.o[0m
[14.474s] [ 28%] [32mBuilding CXX object CMakeFiles/usb_cam.dir/src/usb_cam.cpp.o[0m
[20.639s] [ 35%] [32m[1mLinking CXX static library libgtest_main.a[0m
[23.620s] [ 42%] [32m[1mLinking CXX shared library libusb_cam.so[0m
[24.868s] [ 50%] [32m[1mLinking CXX static library libgtest.a[0m
[28.342s] [ 50%] Built target usb_cam
[28.383s] [ 57%] [32mBuilding CXX object CMakeFiles/usb_cam_node.dir/src/ros2/usb_cam_node.cpp.o[0m
[29.228s] [ 57%] Built target gtest_main
[29.260s] [ 57%] Built target gtest
[29.312s] [ 64%] [32mBuilding CXX object CMakeFiles/test_usb_cam_utils.dir/test/test_usb_cam_utils.cpp.o[0m
[29.319s] [ 71%] [32mBuilding CXX object CMakeFiles/test_pixel_formats.dir/test/test_pixel_formats.cpp.o[0m
[30.966s] [ 78%] [32m[1mLinking CXX executable test_usb_cam_utils[0m
[31.270s] [ 78%] Built target test_usb_cam_utils
[31.387s] [ 85%] [32m[1mLinking CXX executable test_pixel_formats[0m
[31.660s] [ 85%] Built target test_pixel_formats
[31.713s] [ 92%] [32m[1mLinking CXX executable usb_cam_node_exe[0m
[32.071s] [ 92%] Built target usb_cam_node_exe
[38.130s] [100%] [32m[1mLinking CXX shared library libusb_cam_node.so[0m
[39.112s] [100%] Built target usb_cam_node
[39.141s] Invoked command in '/home/rllaguno/mini_challenges_eq5/build/usb_cam' returned '0': CMAKE_PREFIX_PATH=/opt/ros/humble /usr/bin/cmake --build /home/rllaguno/mini_challenges_eq5/build/usb_cam -- -j16 -l16
[39.253s] Invoking command in '/home/rllaguno/mini_challenges_eq5/build/usb_cam': CMAKE_PREFIX_PATH=/opt/ros/humble /usr/bin/cmake --install /home/rllaguno/mini_challenges_eq5/build/usb_cam
[39.263s] -- Install configuration: ""
[39.263s] -- Installing: /home/rllaguno/mini_challenges_eq5/install/usb_cam/share/usb_cam/environment/library_path.sh
[39.264s] -- Installing: /home/rllaguno/mini_challenges_eq5/install/usb_cam/share/usb_cam/environment/library_path.dsv
[39.264s] -- Installing: /home/rllaguno/mini_challenges_eq5/install/usb_cam/lib/usb_cam/usb_cam_node_exe
[39.265s] -- Set runtime path of "/home/rllaguno/mini_challenges_eq5/install/usb_cam/lib/usb_cam/usb_cam_node_exe" to ""
[39.265s] -- Installing: /home/rllaguno/mini_challenges_eq5/install/usb_cam/lib/usb_cam/show_image.py
[39.266s] -- Installing: /home/rllaguno/mini_challenges_eq5/install/usb_cam/lib/libusb_cam.so
[39.267s] -- Installing: /home/rllaguno/mini_challenges_eq5/install/usb_cam/lib/libusb_cam_node.so
[39.275s] -- Set runtime path of "/home/rllaguno/mini_challenges_eq5/install/usb_cam/lib/libusb_cam_node.so" to ""
[39.275s] -- Installing: /home/rllaguno/mini_challenges_eq5/install/usb_cam/include
[39.276s] -- Installing: /home/rllaguno/mini_challenges_eq5/install/usb_cam/include/usb_cam
[39.276s] -- Installing: /home/rllaguno/mini_challenges_eq5/install/usb_cam/include/usb_cam/utils.hpp
[39.276s] -- Installing: /home/rllaguno/mini_challenges_eq5/install/usb_cam/include/usb_cam/constants.hpp
[39.276s] -- Installing: /home/rllaguno/mini_challenges_eq5/install/usb_cam/include/usb_cam/formats
[39.276s] -- Installing: /home/rllaguno/mini_challenges_eq5/install/usb_cam/include/usb_cam/formats/utils.hpp
[39.276s] -- Installing: /home/rllaguno/mini_challenges_eq5/install/usb_cam/include/usb_cam/formats/m420.hpp
[39.277s] -- Installing: /home/rllaguno/mini_challenges_eq5/install/usb_cam/include/usb_cam/formats/av_pixel_format_helper.hpp
[39.277s] -- Installing: /home/rllaguno/mini_challenges_eq5/install/usb_cam/include/usb_cam/formats/pixel_format_base.hpp
[39.277s] -- Installing: /home/rllaguno/mini_challenges_eq5/install/usb_cam/include/usb_cam/formats/mono.hpp
[39.278s] -- Installing: /home/rllaguno/mini_challenges_eq5/install/usb_cam/include/usb_cam/formats/rgb.hpp
[39.278s] -- Installing: /home/rllaguno/mini_challenges_eq5/install/usb_cam/include/usb_cam/formats/mjpeg.hpp
[39.278s] -- Installing: /home/rllaguno/mini_challenges_eq5/install/usb_cam/include/usb_cam/formats/uyvy.hpp
[39.278s] -- Installing: /home/rllaguno/mini_challenges_eq5/install/usb_cam/include/usb_cam/formats/yuyv.hpp
[39.278s] -- Installing: /home/rllaguno/mini_challenges_eq5/install/usb_cam/include/usb_cam/usb_cam.hpp
[39.279s] -- Installing: /home/rllaguno/mini_challenges_eq5/install/usb_cam/include/usb_cam/usb_cam_node.hpp
[39.279s] -- Installing: /home/rllaguno/mini_challenges_eq5/install/usb_cam/include/usb_cam/conversions.hpp
[39.279s] -- Up-to-date: /home/rllaguno/mini_challenges_eq5/install/usb_cam/lib/libusb_cam_node.so
[39.280s] -- Installing: /home/rllaguno/mini_challenges_eq5/install/usb_cam/share/usb_cam/launch
[39.280s] -- Installing: /home/rllaguno/mini_challenges_eq5/install/usb_cam/share/usb_cam/launch/camera_config.py
[39.280s] -- Installing: /home/rllaguno/mini_challenges_eq5/install/usb_cam/share/usb_cam/launch/__init__.py
[39.280s] -- Installing: /home/rllaguno/mini_challenges_eq5/install/usb_cam/share/usb_cam/launch/camera.launch.py
[39.281s] -- Installing: /home/rllaguno/mini_challenges_eq5/install/usb_cam/share/usb_cam/config
[39.281s] -- Installing: /home/rllaguno/mini_challenges_eq5/install/usb_cam/share/usb_cam/config/params_1.yaml
[39.281s] -- Installing: /home/rllaguno/mini_challenges_eq5/install/usb_cam/share/usb_cam/config/camera_info.yaml
[39.281s] -- Installing: /home/rllaguno/mini_challenges_eq5/install/usb_cam/share/usb_cam/config/params_2.yaml
[39.282s] -- Installing: /home/rllaguno/mini_challenges_eq5/install/usb_cam/share/ament_index/resource_index/package_run_dependencies/usb_cam
[39.282s] -- Installing: /home/rllaguno/mini_challenges_eq5/install/usb_cam/share/ament_index/resource_index/parent_prefix_path/usb_cam
[39.282s] -- Installing: /home/rllaguno/mini_challenges_eq5/install/usb_cam/share/usb_cam/environment/ament_prefix_path.sh
[39.283s] -- Installing: /home/rllaguno/mini_challenges_eq5/install/usb_cam/share/usb_cam/environment/ament_prefix_path.dsv
[39.283s] -- Installing: /home/rllaguno/mini_challenges_eq5/install/usb_cam/share/usb_cam/environment/path.sh
[39.283s] -- Installing: /home/rllaguno/mini_challenges_eq5/install/usb_cam/share/usb_cam/environment/path.dsv
[39.283s] -- Installing: /home/rllaguno/mini_challenges_eq5/install/usb_cam/share/usb_cam/local_setup.bash
[39.284s] -- Installing: /home/rllaguno/mini_challenges_eq5/install/usb_cam/share/usb_cam/local_setup.sh
[39.284s] -- Installing: /home/rllaguno/mini_challenges_eq5/install/usb_cam/share/usb_cam/local_setup.zsh
[39.303s] -- Installing: /home/rllaguno/mini_challenges_eq5/install/usb_cam/share/usb_cam/local_setup.dsv
[39.304s] -- Installing: /home/rllaguno/mini_challenges_eq5/install/usb_cam/share/usb_cam/package.dsv
[39.304s] -- Installing: /home/rllaguno/mini_challenges_eq5/install/usb_cam/share/ament_index/resource_index/packages/usb_cam
[39.305s] -- Installing: /home/rllaguno/mini_challenges_eq5/install/usb_cam/share/ament_index/resource_index/rclcpp_components/usb_cam
[39.305s] -- Installing: /home/rllaguno/mini_challenges_eq5/install/usb_cam/share/usb_cam/cmake/ament_cmake_export_libraries-extras.cmake
[39.305s] -- Installing: /home/rllaguno/mini_challenges_eq5/install/usb_cam/share/usb_cam/cmake/ament_cmake_export_dependencies-extras.cmake
[39.306s] -- Installing: /home/rllaguno/mini_challenges_eq5/install/usb_cam/share/usb_cam/cmake/ament_cmake_export_include_directories-extras.cmake
[39.306s] -- Installing: /home/rllaguno/mini_challenges_eq5/install/usb_cam/share/usb_cam/cmake/usb_camConfig.cmake
[39.306s] -- Installing: /home/rllaguno/mini_challenges_eq5/install/usb_cam/share/usb_cam/cmake/usb_camConfig-version.cmake
[39.306s] -- Installing: /home/rllaguno/mini_challenges_eq5/install/usb_cam/share/usb_cam/package.xml
[39.310s] Invoked command in '/home/rllaguno/mini_challenges_eq5/build/usb_cam' returned '0': CMAKE_PREFIX_PATH=/opt/ros/humble /usr/bin/cmake --install /home/rllaguno/mini_challenges_eq5/build/usb_cam
