[1.191s] Invoking command in '/home/rllaguno/mini_challenges_eq5/src/mini_challenge_2': PYTHONPATH=/home/rllaguno/mini_challenges_eq5/build/mini_challenge_2/prefix_override:/home/rllaguno/mini_challenges_eq5/install/mini_challenge_2/lib/python3.10/site-packages:${PYTHONPATH} /usr/bin/python3 -W ignore:setup.py install is deprecated setup.py egg_info --egg-base ../../build/mini_challenge_2 build --build-base /home/rllaguno/mini_challenges_eq5/build/mini_challenge_2/build install --record /home/rllaguno/mini_challenges_eq5/build/mini_challenge_2/install.log --single-version-externally-managed install_data
[1.500s] running egg_info
[1.501s] writing ../../build/mini_challenge_2/mini_challenge_2.egg-info/PKG-INFO
[1.501s] writing dependency_links to ../../build/mini_challenge_2/mini_challenge_2.egg-info/dependency_links.txt
[1.501s] writing entry points to ../../build/mini_challenge_2/mini_challenge_2.egg-info/entry_points.txt
[1.502s] writing requirements to ../../build/mini_challenge_2/mini_challenge_2.egg-info/requires.txt
[1.502s] writing top-level names to ../../build/mini_challenge_2/mini_challenge_2.egg-info/top_level.txt
[1.504s] reading manifest file '../../build/mini_challenge_2/mini_challenge_2.egg-info/SOURCES.txt'
[1.505s] adding license file 'LICENSE'
[1.506s] writing manifest file '../../build/mini_challenge_2/mini_challenge_2.egg-info/SOURCES.txt'
[1.506s] running build
[1.506s] running build_py
[1.506s] running install
[1.507s] running install_lib
[1.508s] running install_data
[1.509s] running install_egg_info
[1.510s] removing '/home/rllaguno/mini_challenges_eq5/install/mini_challenge_2/lib/python3.10/site-packages/mini_challenge_2-0.0.0-py3.10.egg-info' (and everything under it)
[1.511s] Copying ../../build/mini_challenge_2/mini_challenge_2.egg-info to /home/rllaguno/mini_challenges_eq5/install/mini_challenge_2/lib/python3.10/site-packages/mini_challenge_2-0.0.0-py3.10.egg-info
[1.512s] running install_scripts
[1.538s] Installing Controller script to /home/rllaguno/mini_challenges_eq5/install/mini_challenge_2/lib/mini_challenge_2
[1.539s] Installing Odometry script to /home/rllaguno/mini_challenges_eq5/install/mini_challenge_2/lib/mini_challenge_2
[1.539s] Installing PointGenerator script to /home/rllaguno/mini_challenges_eq5/install/mini_challenge_2/lib/mini_challenge_2
[1.539s] writing list of installed files to '/home/rllaguno/mini_challenges_eq5/build/mini_challenge_2/install.log'
[1.575s] Invoked command in '/home/rllaguno/mini_challenges_eq5/src/mini_challenge_2' returned '0': PYTHONPATH=/home/rllaguno/mini_challenges_eq5/build/mini_challenge_2/prefix_override:/home/rllaguno/mini_challenges_eq5/install/mini_challenge_2/lib/python3.10/site-packages:${PYTHONPATH} /usr/bin/python3 -W ignore:setup.py install is deprecated setup.py egg_info --egg-base ../../build/mini_challenge_2 build --build-base /home/rllaguno/mini_challenges_eq5/build/mini_challenge_2/build install --record /home/rllaguno/mini_challenges_eq5/build/mini_challenge_2/install.log --single-version-externally-managed install_data
