[1.891s] Invoking command in '/home/rllaguno/mini_challenges_eq5/src/mini_challenge_3': PYTHONPATH=/home/rllaguno/mini_challenges_eq5/build/mini_challenge_3/prefix_override:/home/rllaguno/mini_challenges_eq5/install/mini_challenge_3/lib/python3.10/site-packages:${PYTHONPATH} /usr/bin/python3 -W ignore:setup.py install is deprecated setup.py egg_info --egg-base ../../build/mini_challenge_3 build --build-base /home/rllaguno/mini_challenges_eq5/build/mini_challenge_3/build install --record /home/rllaguno/mini_challenges_eq5/build/mini_challenge_3/install.log --single-version-externally-managed install_data
[2.300s] running egg_info
[2.300s] writing ../../build/mini_challenge_3/mini_challenge_3.egg-info/PKG-INFO
[2.301s] writing dependency_links to ../../build/mini_challenge_3/mini_challenge_3.egg-info/dependency_links.txt
[2.301s] writing entry points to ../../build/mini_challenge_3/mini_challenge_3.egg-info/entry_points.txt
[2.301s] writing requirements to ../../build/mini_challenge_3/mini_challenge_3.egg-info/requires.txt
[2.302s] writing top-level names to ../../build/mini_challenge_3/mini_challenge_3.egg-info/top_level.txt
[2.305s] reading manifest file '../../build/mini_challenge_3/mini_challenge_3.egg-info/SOURCES.txt'
[2.305s] adding license file 'LICENSE'
[2.307s] writing manifest file '../../build/mini_challenge_3/mini_challenge_3.egg-info/SOURCES.txt'
[2.307s] running build
[2.308s] running build_py
[2.308s] copying mini_challenge_3/semaphore_detection.py -> /home/rllaguno/mini_challenges_eq5/build/mini_challenge_3/build/lib/mini_challenge_3
[2.319s] running install
[2.320s] running install_lib
[2.320s] copying /home/rllaguno/mini_challenges_eq5/build/mini_challenge_3/build/lib/mini_challenge_3/semaphore_detection.py -> /home/rllaguno/mini_challenges_eq5/install/mini_challenge_3/lib/python3.10/site-packages/mini_challenge_3
[2.321s] byte-compiling /home/rllaguno/mini_challenges_eq5/install/mini_challenge_3/lib/python3.10/site-packages/mini_challenge_3/semaphore_detection.py to semaphore_detection.cpython-310.pyc
[2.322s] running install_data
[2.322s] running install_egg_info
[2.325s] removing '/home/rllaguno/mini_challenges_eq5/install/mini_challenge_3/lib/python3.10/site-packages/mini_challenge_3-0.0.0-py3.10.egg-info' (and everything under it)
[2.326s] Copying ../../build/mini_challenge_3/mini_challenge_3.egg-info to /home/rllaguno/mini_challenges_eq5/install/mini_challenge_3/lib/python3.10/site-packages/mini_challenge_3-0.0.0-py3.10.egg-info
[2.327s] running install_scripts
[2.369s] Installing Controller script to /home/rllaguno/mini_challenges_eq5/install/mini_challenge_3/lib/mini_challenge_3
[2.370s] Installing Odometry script to /home/rllaguno/mini_challenges_eq5/install/mini_challenge_3/lib/mini_challenge_3
[2.370s] Installing PointGenerator script to /home/rllaguno/mini_challenges_eq5/install/mini_challenge_3/lib/mini_challenge_3
[2.370s] Installing Vision script to /home/rllaguno/mini_challenges_eq5/install/mini_challenge_3/lib/mini_challenge_3
[2.371s] Installing semaphore_detection script to /home/rllaguno/mini_challenges_eq5/install/mini_challenge_3/lib/mini_challenge_3
[2.374s] writing list of installed files to '/home/rllaguno/mini_challenges_eq5/build/mini_challenge_3/install.log'
[2.509s] Invoked command in '/home/rllaguno/mini_challenges_eq5/src/mini_challenge_3' returned '0': PYTHONPATH=/home/rllaguno/mini_challenges_eq5/build/mini_challenge_3/prefix_override:/home/rllaguno/mini_challenges_eq5/install/mini_challenge_3/lib/python3.10/site-packages:${PYTHONPATH} /usr/bin/python3 -W ignore:setup.py install is deprecated setup.py egg_info --egg-base ../../build/mini_challenge_3 build --build-base /home/rllaguno/mini_challenges_eq5/build/mini_challenge_3/build install --record /home/rllaguno/mini_challenges_eq5/build/mini_challenge_3/install.log --single-version-externally-managed install_data
