[0.025s] Invoking command in '/home/rllaguno/mini_challenges_eq5/build/challenge_msgs': CMAKE_PREFIX_PATH=${CMAKE_PREFIX_PATH}:/home/rllaguno/mini_challenges_eq5/install/mini_challenge_4:/home/rllaguno/mini_challenges_eq5/install/mini_challenge_3:/home/rllaguno/mini_challenges_eq5/install/mini_challenge_2:/opt/ros/humble /usr/bin/cmake --build /home/rllaguno/mini_challenges_eq5/build/challenge_msgs -- -j16 -l16
[0.531s] [  3%] Built target challenge_msgs__cpp
[0.532s] [ 12%] Built target challenge_msgs__rosidl_generator_c
[0.532s] [ 12%] Built target ament_cmake_python_copy_challenge_msgs
[0.532s] [ 22%] Built target challenge_msgs__rosidl_typesupport_cpp
[0.532s] [ 32%] Built target challenge_msgs__rosidl_typesupport_introspection_cpp
[0.532s] [ 41%] Built target challenge_msgs__rosidl_typesupport_fastrtps_cpp
[0.532s] [ 51%] Built target challenge_msgs__rosidl_typesupport_introspection_c
[0.532s] [ 61%] Built target challenge_msgs__rosidl_typesupport_c
[0.532s] [ 70%] Built target challenge_msgs__rosidl_typesupport_fastrtps_c
[0.532s] [ 70%] Built target challenge_msgs
[0.532s] [ 74%] Built target challenge_msgs__py
[0.532s] [ 80%] Built target challenge_msgs__rosidl_generator_py
[0.534s] [ 87%] Built target challenge_msgs__rosidl_typesupport_fastrtps_c__pyext
[0.535s] [ 93%] Built target challenge_msgs__rosidl_typesupport_c__pyext
[0.535s] [100%] Built target challenge_msgs__rosidl_typesupport_introspection_c__pyext
[0.535s] running egg_info
[0.535s] writing challenge_msgs.egg-info/PKG-INFO
[0.535s] writing dependency_links to challenge_msgs.egg-info/dependency_links.txt
[0.536s] writing top-level names to challenge_msgs.egg-info/top_level.txt
[0.536s] reading manifest file 'challenge_msgs.egg-info/SOURCES.txt'
[0.536s] writing manifest file 'challenge_msgs.egg-info/SOURCES.txt'
[0.536s] [100%] Built target ament_cmake_python_build_challenge_msgs_egg
[0.540s] Invoked command in '/home/rllaguno/mini_challenges_eq5/build/challenge_msgs' returned '0': CMAKE_PREFIX_PATH=${CMAKE_PREFIX_PATH}:/home/rllaguno/mini_challenges_eq5/install/mini_challenge_4:/home/rllaguno/mini_challenges_eq5/install/mini_challenge_3:/home/rllaguno/mini_challenges_eq5/install/mini_challenge_2:/opt/ros/humble /usr/bin/cmake --build /home/rllaguno/mini_challenges_eq5/build/challenge_msgs -- -j16 -l16
[0.628s] Invoking command in '/home/rllaguno/mini_challenges_eq5/build/challenge_msgs': CMAKE_PREFIX_PATH=${CMAKE_PREFIX_PATH}:/home/rllaguno/mini_challenges_eq5/install/mini_challenge_4:/home/rllaguno/mini_challenges_eq5/install/mini_challenge_3:/home/rllaguno/mini_challenges_eq5/install/mini_challenge_2:/opt/ros/humble /usr/bin/cmake --install /home/rllaguno/mini_challenges_eq5/build/challenge_msgs
[0.636s] -- Install configuration: ""
[0.636s] -- Up-to-date: /home/rllaguno/mini_challenges_eq5/install/challenge_msgs/share/ament_index/resource_index/rosidl_interfaces/challenge_msgs
[0.636s] -- Up-to-date: /home/rllaguno/mini_challenges_eq5/install/challenge_msgs/include/challenge_msgs/challenge_msgs
[0.637s] -- Up-to-date: /home/rllaguno/mini_challenges_eq5/install/challenge_msgs/include/challenge_msgs/challenge_msgs/msg
[0.637s] -- Up-to-date: /home/rllaguno/mini_challenges_eq5/install/challenge_msgs/include/challenge_msgs/challenge_msgs/msg/rosidl_generator_c__visibility_control.h
[0.637s] -- Up-to-date: /home/rllaguno/mini_challenges_eq5/install/challenge_msgs/include/challenge_msgs/challenge_msgs/msg/error.h
[0.637s] -- Up-to-date: /home/rllaguno/mini_challenges_eq5/install/challenge_msgs/include/challenge_msgs/challenge_msgs/msg/detail
[0.637s] -- Up-to-date: /home/rllaguno/mini_challenges_eq5/install/challenge_msgs/include/challenge_msgs/challenge_msgs/msg/detail/error__functions.c
[0.637s] -- Up-to-date: /home/rllaguno/mini_challenges_eq5/install/challenge_msgs/include/challenge_msgs/challenge_msgs/msg/detail/error__type_support.h
[0.637s] -- Up-to-date: /home/rllaguno/mini_challenges_eq5/install/challenge_msgs/include/challenge_msgs/challenge_msgs/msg/detail/error__functions.h
[0.637s] -- Up-to-date: /home/rllaguno/mini_challenges_eq5/install/challenge_msgs/include/challenge_msgs/challenge_msgs/msg/detail/error__struct.h
[0.638s] -- Up-to-date: /home/rllaguno/mini_challenges_eq5/install/challenge_msgs/share/challenge_msgs/environment/library_path.sh
[0.638s] -- Up-to-date: /home/rllaguno/mini_challenges_eq5/install/challenge_msgs/share/challenge_msgs/environment/library_path.dsv
[0.638s] -- Up-to-date: /home/rllaguno/mini_challenges_eq5/install/challenge_msgs/lib/libchallenge_msgs__rosidl_generator_c.so
[0.638s] -- Up-to-date: /home/rllaguno/mini_challenges_eq5/install/challenge_msgs/include/challenge_msgs/challenge_msgs
[0.638s] -- Up-to-date: /home/rllaguno/mini_challenges_eq5/install/challenge_msgs/include/challenge_msgs/challenge_msgs/msg
[0.638s] -- Up-to-date: /home/rllaguno/mini_challenges_eq5/install/challenge_msgs/include/challenge_msgs/challenge_msgs/msg/rosidl_typesupport_fastrtps_c__visibility_control.h
[0.638s] -- Up-to-date: /home/rllaguno/mini_challenges_eq5/install/challenge_msgs/include/challenge_msgs/challenge_msgs/msg/detail
[0.638s] -- Up-to-date: /home/rllaguno/mini_challenges_eq5/install/challenge_msgs/include/challenge_msgs/challenge_msgs/msg/detail/error__rosidl_typesupport_fastrtps_c.h
[0.638s] -- Up-to-date: /home/rllaguno/mini_challenges_eq5/install/challenge_msgs/lib/libchallenge_msgs__rosidl_typesupport_fastrtps_c.so
[0.638s] -- Up-to-date: /home/rllaguno/mini_challenges_eq5/install/challenge_msgs/include/challenge_msgs/challenge_msgs
[0.638s] -- Up-to-date: /home/rllaguno/mini_challenges_eq5/install/challenge_msgs/include/challenge_msgs/challenge_msgs/msg
[0.638s] -- Up-to-date: /home/rllaguno/mini_challenges_eq5/install/challenge_msgs/include/challenge_msgs/challenge_msgs/msg/detail
[0.638s] -- Up-to-date: /home/rllaguno/mini_challenges_eq5/install/challenge_msgs/include/challenge_msgs/challenge_msgs/msg/detail/error__type_support.c
[0.638s] -- Up-to-date: /home/rllaguno/mini_challenges_eq5/install/challenge_msgs/include/challenge_msgs/challenge_msgs/msg/detail/error__rosidl_typesupport_introspection_c.h
[0.639s] -- Up-to-date: /home/rllaguno/mini_challenges_eq5/install/challenge_msgs/include/challenge_msgs/challenge_msgs/msg/rosidl_typesupport_introspection_c__visibility_control.h
[0.639s] -- Up-to-date: /home/rllaguno/mini_challenges_eq5/install/challenge_msgs/lib/libchallenge_msgs__rosidl_typesupport_introspection_c.so
[0.639s] -- Up-to-date: /home/rllaguno/mini_challenges_eq5/install/challenge_msgs/lib/libchallenge_msgs__rosidl_typesupport_c.so
[0.639s] -- Up-to-date: /home/rllaguno/mini_challenges_eq5/install/challenge_msgs/include/challenge_msgs/challenge_msgs
[0.639s] -- Up-to-date: /home/rllaguno/mini_challenges_eq5/install/challenge_msgs/include/challenge_msgs/challenge_msgs/msg
[0.639s] -- Up-to-date: /home/rllaguno/mini_challenges_eq5/install/challenge_msgs/include/challenge_msgs/challenge_msgs/msg/detail
[0.639s] -- Up-to-date: /home/rllaguno/mini_challenges_eq5/install/challenge_msgs/include/challenge_msgs/challenge_msgs/msg/detail/error__struct.hpp
[0.639s] -- Up-to-date: /home/rllaguno/mini_challenges_eq5/install/challenge_msgs/include/challenge_msgs/challenge_msgs/msg/detail/error__traits.hpp
[0.639s] -- Up-to-date: /home/rllaguno/mini_challenges_eq5/install/challenge_msgs/include/challenge_msgs/challenge_msgs/msg/detail/error__builder.hpp
[0.639s] -- Up-to-date: /home/rllaguno/mini_challenges_eq5/install/challenge_msgs/include/challenge_msgs/challenge_msgs/msg/error.hpp
[0.639s] -- Up-to-date: /home/rllaguno/mini_challenges_eq5/install/challenge_msgs/include/challenge_msgs/challenge_msgs
[0.639s] -- Up-to-date: /home/rllaguno/mini_challenges_eq5/install/challenge_msgs/include/challenge_msgs/challenge_msgs/msg
[0.639s] -- Up-to-date: /home/rllaguno/mini_challenges_eq5/install/challenge_msgs/include/challenge_msgs/challenge_msgs/msg/rosidl_typesupport_fastrtps_cpp__visibility_control.h
[0.639s] -- Up-to-date: /home/rllaguno/mini_challenges_eq5/install/challenge_msgs/include/challenge_msgs/challenge_msgs/msg/detail
[0.639s] -- Up-to-date: /home/rllaguno/mini_challenges_eq5/install/challenge_msgs/include/challenge_msgs/challenge_msgs/msg/detail/error__rosidl_typesupport_fastrtps_cpp.hpp
[0.639s] -- Up-to-date: /home/rllaguno/mini_challenges_eq5/install/challenge_msgs/include/challenge_msgs/challenge_msgs/msg/detail/dds_fastrtps
[0.640s] -- Up-to-date: /home/rllaguno/mini_challenges_eq5/install/challenge_msgs/lib/libchallenge_msgs__rosidl_typesupport_fastrtps_cpp.so
[0.640s] -- Up-to-date: /home/rllaguno/mini_challenges_eq5/install/challenge_msgs/include/challenge_msgs/challenge_msgs
[0.640s] -- Up-to-date: /home/rllaguno/mini_challenges_eq5/install/challenge_msgs/include/challenge_msgs/challenge_msgs/msg
[0.640s] -- Up-to-date: /home/rllaguno/mini_challenges_eq5/install/challenge_msgs/include/challenge_msgs/challenge_msgs/msg/detail
[0.640s] -- Up-to-date: /home/rllaguno/mini_challenges_eq5/install/challenge_msgs/include/challenge_msgs/challenge_msgs/msg/detail/error__rosidl_typesupport_introspection_cpp.hpp
[0.640s] -- Up-to-date: /home/rllaguno/mini_challenges_eq5/install/challenge_msgs/include/challenge_msgs/challenge_msgs/msg/detail/error__type_support.cpp
[0.640s] -- Up-to-date: /home/rllaguno/mini_challenges_eq5/install/challenge_msgs/lib/libchallenge_msgs__rosidl_typesupport_introspection_cpp.so
[0.640s] -- Up-to-date: /home/rllaguno/mini_challenges_eq5/install/challenge_msgs/lib/libchallenge_msgs__rosidl_typesupport_cpp.so
[0.640s] -- Up-to-date: /home/rllaguno/mini_challenges_eq5/install/challenge_msgs/share/challenge_msgs/environment/pythonpath.sh
[0.640s] -- Up-to-date: /home/rllaguno/mini_challenges_eq5/install/challenge_msgs/share/challenge_msgs/environment/pythonpath.dsv
[0.640s] -- Up-to-date: /home/rllaguno/mini_challenges_eq5/install/challenge_msgs/local/lib/python3.10/dist-packages/challenge_msgs-0.0.0-py3.10.egg-info
[0.640s] -- Installing: /home/rllaguno/mini_challenges_eq5/install/challenge_msgs/local/lib/python3.10/dist-packages/challenge_msgs-0.0.0-py3.10.egg-info/SOURCES.txt
[0.640s] -- Installing: /home/rllaguno/mini_challenges_eq5/install/challenge_msgs/local/lib/python3.10/dist-packages/challenge_msgs-0.0.0-py3.10.egg-info/top_level.txt
[0.640s] -- Installing: /home/rllaguno/mini_challenges_eq5/install/challenge_msgs/local/lib/python3.10/dist-packages/challenge_msgs-0.0.0-py3.10.egg-info/PKG-INFO
[0.640s] -- Installing: /home/rllaguno/mini_challenges_eq5/install/challenge_msgs/local/lib/python3.10/dist-packages/challenge_msgs-0.0.0-py3.10.egg-info/dependency_links.txt
[0.641s] -- Up-to-date: /home/rllaguno/mini_challenges_eq5/install/challenge_msgs/local/lib/python3.10/dist-packages/challenge_msgs
[0.641s] -- Up-to-date: /home/rllaguno/mini_challenges_eq5/install/challenge_msgs/local/lib/python3.10/dist-packages/challenge_msgs/libchallenge_msgs__rosidl_generator_py.so
[0.641s] -- Up-to-date: /home/rllaguno/mini_challenges_eq5/install/challenge_msgs/local/lib/python3.10/dist-packages/challenge_msgs/challenge_msgs_s__rosidl_typesupport_introspection_c.cpython-310-x86_64-linux-gnu.so
[0.641s] -- Up-to-date: /home/rllaguno/mini_challenges_eq5/install/challenge_msgs/local/lib/python3.10/dist-packages/challenge_msgs/__init__.py
[0.641s] -- Up-to-date: /home/rllaguno/mini_challenges_eq5/install/challenge_msgs/local/lib/python3.10/dist-packages/challenge_msgs/msg
[0.641s] -- Up-to-date: /home/rllaguno/mini_challenges_eq5/install/challenge_msgs/local/lib/python3.10/dist-packages/challenge_msgs/msg/_error.py
[0.641s] -- Up-to-date: /home/rllaguno/mini_challenges_eq5/install/challenge_msgs/local/lib/python3.10/dist-packages/challenge_msgs/msg/__init__.py
[0.641s] -- Up-to-date: /home/rllaguno/mini_challenges_eq5/install/challenge_msgs/local/lib/python3.10/dist-packages/challenge_msgs/msg/_error_s.c
[0.641s] -- Up-to-date: /home/rllaguno/mini_challenges_eq5/install/challenge_msgs/local/lib/python3.10/dist-packages/challenge_msgs/_challenge_msgs_s.ep.rosidl_typesupport_introspection_c.c
[0.641s] -- Up-to-date: /home/rllaguno/mini_challenges_eq5/install/challenge_msgs/local/lib/python3.10/dist-packages/challenge_msgs/_challenge_msgs_s.ep.rosidl_typesupport_fastrtps_c.c
[0.642s] -- Up-to-date: /home/rllaguno/mini_challenges_eq5/install/challenge_msgs/local/lib/python3.10/dist-packages/challenge_msgs/challenge_msgs_s__rosidl_typesupport_c.cpython-310-x86_64-linux-gnu.so
[0.642s] -- Up-to-date: /home/rllaguno/mini_challenges_eq5/install/challenge_msgs/local/lib/python3.10/dist-packages/challenge_msgs/_challenge_msgs_s.ep.rosidl_typesupport_c.c
[0.642s] -- Up-to-date: /home/rllaguno/mini_challenges_eq5/install/challenge_msgs/local/lib/python3.10/dist-packages/challenge_msgs/challenge_msgs_s__rosidl_typesupport_fastrtps_c.cpython-310-x86_64-linux-gnu.so
[0.671s] Listing '/home/rllaguno/mini_challenges_eq5/install/challenge_msgs/local/lib/python3.10/dist-packages/challenge_msgs'...
[0.671s] Listing '/home/rllaguno/mini_challenges_eq5/install/challenge_msgs/local/lib/python3.10/dist-packages/challenge_msgs/msg'...
[0.677s] -- Up-to-date: /home/rllaguno/mini_challenges_eq5/install/challenge_msgs/local/lib/python3.10/dist-packages/challenge_msgs/challenge_msgs_s__rosidl_typesupport_fastrtps_c.cpython-310-x86_64-linux-gnu.so
[0.677s] -- Up-to-date: /home/rllaguno/mini_challenges_eq5/install/challenge_msgs/local/lib/python3.10/dist-packages/challenge_msgs/challenge_msgs_s__rosidl_typesupport_introspection_c.cpython-310-x86_64-linux-gnu.so
[0.677s] -- Up-to-date: /home/rllaguno/mini_challenges_eq5/install/challenge_msgs/local/lib/python3.10/dist-packages/challenge_msgs/challenge_msgs_s__rosidl_typesupport_c.cpython-310-x86_64-linux-gnu.so
[0.677s] -- Up-to-date: /home/rllaguno/mini_challenges_eq5/install/challenge_msgs/lib/libchallenge_msgs__rosidl_generator_py.so
[0.678s] -- Up-to-date: /home/rllaguno/mini_challenges_eq5/install/challenge_msgs/share/challenge_msgs/msg/Error.idl
[0.678s] -- Up-to-date: /home/rllaguno/mini_challenges_eq5/install/challenge_msgs/share/challenge_msgs/msg/Error.msg
[0.678s] -- Up-to-date: /home/rllaguno/mini_challenges_eq5/install/challenge_msgs/share/ament_index/resource_index/package_run_dependencies/challenge_msgs
[0.678s] -- Up-to-date: /home/rllaguno/mini_challenges_eq5/install/challenge_msgs/share/ament_index/resource_index/parent_prefix_path/challenge_msgs
[0.678s] -- Up-to-date: /home/rllaguno/mini_challenges_eq5/install/challenge_msgs/share/challenge_msgs/environment/ament_prefix_path.sh
[0.678s] -- Up-to-date: /home/rllaguno/mini_challenges_eq5/install/challenge_msgs/share/challenge_msgs/environment/ament_prefix_path.dsv
[0.678s] -- Up-to-date: /home/rllaguno/mini_challenges_eq5/install/challenge_msgs/share/challenge_msgs/environment/path.sh
[0.679s] -- Up-to-date: /home/rllaguno/mini_challenges_eq5/install/challenge_msgs/share/challenge_msgs/environment/path.dsv
[0.679s] -- Up-to-date: /home/rllaguno/mini_challenges_eq5/install/challenge_msgs/share/challenge_msgs/local_setup.bash
[0.679s] -- Up-to-date: /home/rllaguno/mini_challenges_eq5/install/challenge_msgs/share/challenge_msgs/local_setup.sh
[0.679s] -- Up-to-date: /home/rllaguno/mini_challenges_eq5/install/challenge_msgs/share/challenge_msgs/local_setup.zsh
[0.679s] -- Up-to-date: /home/rllaguno/mini_challenges_eq5/install/challenge_msgs/share/challenge_msgs/local_setup.dsv
[0.679s] -- Installing: /home/rllaguno/mini_challenges_eq5/install/challenge_msgs/share/challenge_msgs/package.dsv
[0.679s] -- Up-to-date: /home/rllaguno/mini_challenges_eq5/install/challenge_msgs/share/ament_index/resource_index/packages/challenge_msgs
[0.679s] -- Up-to-date: /home/rllaguno/mini_challenges_eq5/install/challenge_msgs/share/challenge_msgs/cmake/export_challenge_msgs__rosidl_generator_cExport.cmake
[0.679s] -- Up-to-date: /home/rllaguno/mini_challenges_eq5/install/challenge_msgs/share/challenge_msgs/cmake/export_challenge_msgs__rosidl_generator_cExport-noconfig.cmake
[0.679s] -- Up-to-date: /home/rllaguno/mini_challenges_eq5/install/challenge_msgs/share/challenge_msgs/cmake/export_challenge_msgs__rosidl_typesupport_fastrtps_cExport.cmake
[0.679s] -- Up-to-date: /home/rllaguno/mini_challenges_eq5/install/challenge_msgs/share/challenge_msgs/cmake/export_challenge_msgs__rosidl_typesupport_fastrtps_cExport-noconfig.cmake
[0.679s] -- Up-to-date: /home/rllaguno/mini_challenges_eq5/install/challenge_msgs/share/challenge_msgs/cmake/challenge_msgs__rosidl_typesupport_introspection_cExport.cmake
[0.679s] -- Up-to-date: /home/rllaguno/mini_challenges_eq5/install/challenge_msgs/share/challenge_msgs/cmake/challenge_msgs__rosidl_typesupport_introspection_cExport-noconfig.cmake
[0.680s] -- Up-to-date: /home/rllaguno/mini_challenges_eq5/install/challenge_msgs/share/challenge_msgs/cmake/challenge_msgs__rosidl_typesupport_cExport.cmake
[0.680s] -- Up-to-date: /home/rllaguno/mini_challenges_eq5/install/challenge_msgs/share/challenge_msgs/cmake/challenge_msgs__rosidl_typesupport_cExport-noconfig.cmake
[0.680s] -- Up-to-date: /home/rllaguno/mini_challenges_eq5/install/challenge_msgs/share/challenge_msgs/cmake/export_challenge_msgs__rosidl_generator_cppExport.cmake
[0.680s] -- Up-to-date: /home/rllaguno/mini_challenges_eq5/install/challenge_msgs/share/challenge_msgs/cmake/export_challenge_msgs__rosidl_typesupport_fastrtps_cppExport.cmake
[0.680s] -- Up-to-date: /home/rllaguno/mini_challenges_eq5/install/challenge_msgs/share/challenge_msgs/cmake/export_challenge_msgs__rosidl_typesupport_fastrtps_cppExport-noconfig.cmake
[0.680s] -- Up-to-date: /home/rllaguno/mini_challenges_eq5/install/challenge_msgs/share/challenge_msgs/cmake/challenge_msgs__rosidl_typesupport_introspection_cppExport.cmake
[0.680s] -- Up-to-date: /home/rllaguno/mini_challenges_eq5/install/challenge_msgs/share/challenge_msgs/cmake/challenge_msgs__rosidl_typesupport_introspection_cppExport-noconfig.cmake
[0.680s] -- Up-to-date: /home/rllaguno/mini_challenges_eq5/install/challenge_msgs/share/challenge_msgs/cmake/challenge_msgs__rosidl_typesupport_cppExport.cmake
[0.680s] -- Up-to-date: /home/rllaguno/mini_challenges_eq5/install/challenge_msgs/share/challenge_msgs/cmake/challenge_msgs__rosidl_typesupport_cppExport-noconfig.cmake
[0.680s] -- Up-to-date: /home/rllaguno/mini_challenges_eq5/install/challenge_msgs/share/challenge_msgs/cmake/export_challenge_msgs__rosidl_generator_pyExport.cmake
[0.680s] -- Up-to-date: /home/rllaguno/mini_challenges_eq5/install/challenge_msgs/share/challenge_msgs/cmake/export_challenge_msgs__rosidl_generator_pyExport-noconfig.cmake
[0.680s] -- Up-to-date: /home/rllaguno/mini_challenges_eq5/install/challenge_msgs/share/challenge_msgs/cmake/rosidl_cmake-extras.cmake
[0.680s] -- Up-to-date: /home/rllaguno/mini_challenges_eq5/install/challenge_msgs/share/challenge_msgs/cmake/ament_cmake_export_include_directories-extras.cmake
[0.681s] -- Up-to-date: /home/rllaguno/mini_challenges_eq5/install/challenge_msgs/share/challenge_msgs/cmake/ament_cmake_export_libraries-extras.cmake
[0.681s] -- Up-to-date: /home/rllaguno/mini_challenges_eq5/install/challenge_msgs/share/challenge_msgs/cmake/ament_cmake_export_targets-extras.cmake
[0.681s] -- Up-to-date: /home/rllaguno/mini_challenges_eq5/install/challenge_msgs/share/challenge_msgs/cmake/rosidl_cmake_export_typesupport_targets-extras.cmake
[0.681s] -- Up-to-date: /home/rllaguno/mini_challenges_eq5/install/challenge_msgs/share/challenge_msgs/cmake/ament_cmake_export_dependencies-extras.cmake
[0.681s] -- Up-to-date: /home/rllaguno/mini_challenges_eq5/install/challenge_msgs/share/challenge_msgs/cmake/rosidl_cmake_export_typesupport_libraries-extras.cmake
[0.681s] -- Up-to-date: /home/rllaguno/mini_challenges_eq5/install/challenge_msgs/share/challenge_msgs/cmake/challenge_msgsConfig.cmake
[0.681s] -- Up-to-date: /home/rllaguno/mini_challenges_eq5/install/challenge_msgs/share/challenge_msgs/cmake/challenge_msgsConfig-version.cmake
[0.681s] -- Up-to-date: /home/rllaguno/mini_challenges_eq5/install/challenge_msgs/share/challenge_msgs/package.xml
[0.682s] Invoked command in '/home/rllaguno/mini_challenges_eq5/build/challenge_msgs' returned '0': CMAKE_PREFIX_PATH=${CMAKE_PREFIX_PATH}:/home/rllaguno/mini_challenges_eq5/install/mini_challenge_4:/home/rllaguno/mini_challenges_eq5/install/mini_challenge_3:/home/rllaguno/mini_challenges_eq5/install/mini_challenge_2:/opt/ros/humble /usr/bin/cmake --install /home/rllaguno/mini_challenges_eq5/build/challenge_msgs
