[0.189s] Invoking command in '/home/puzzlebot/github/mini_challenges_eq5/build/signal_msg': CMAKE_PREFIX_PATH=/home/puzzlebot/github/mini_challenges_eq5/install/yolo_msg:/home/puzzlebot/github/mini_challenges_eq5/install/usb_cam:/home/puzzlebot/github/mini_challenges_eq5/install/signal_msg:/home/puzzlebot/github/mini_challenges_eq5/install/challenge_msgs:/home/puzzlebot/ros2_ws/install/ros2_bag_to_image:/home/puzzlebot/github/mini_challenges_eq5/install/final_challenge:/home/puzzlebot/github/mini_challenges_eq5/install/mini_challenge_4:/home/puzzlebot/github/mini_challenges_eq5/install/mini_challenge_3:/home/puzzlebot/github/mini_challenges_eq5/install/mini_challenge_2:/home/puzzlebot/ros2_ws/install/puzzlebot_ros:/home/puzzlebot/ros2_ws/install/camera_compressor:/opt/ros/humble:/home/puzzlebot/ros2_packages_ws/install/ros_deep_learning:/home/puzzlebot/ros2_packages_ws/install/micro_ros_setup:/home/puzzlebot/ros2_packages_ws/install/micro_ros_agent:/home/puzzlebot/ros2_packages_ws/install/micro_ros_msgs:/home/puzzlebot/ros2_packages_ws/install/camera_info_publisher /usr/bin/cmake /home/puzzlebot/github/mini_challenges_eq5/src/signal_msg -DCMAKE_INSTALL_PREFIX=/home/puzzlebot/github/mini_challenges_eq5/install/signal_msg
[1.824s] -- The C compiler identification is GNU 8.4.0
[1.894s] -- The CXX compiler identification is GNU 8.4.0
[1.930s] -- Check for working C compiler: /usr/bin/cc
[2.264s] -- Check for working C compiler: /usr/bin/cc -- works
[2.272s] -- Detecting C compiler ABI info
[2.620s] -- Detecting C compiler ABI info - done
[2.679s] -- Detecting C compile features
[2.681s] -- Detecting C compile features - done
[2.694s] -- Check for working CXX compiler: /usr/bin/c++
[3.107s] -- Check for working CXX compiler: /usr/bin/c++ -- works
[3.111s] -- Detecting CXX compiler ABI info
[3.493s] -- Detecting CXX compiler ABI info - done
[3.545s] -- Detecting CXX compile features
[3.550s] -- Detecting CXX compile features - done
[3.597s] -- Found ament_cmake: 1.3.6 (/opt/ros/humble/share/ament_cmake/cmake)
[4.531s] -- Found Python3: /usr/bin/python3.8 (found version "3.8.10") found components: Interpreter 
[5.322s] -- Found std_msgs: 4.2.3 (/opt/ros/humble/share/std_msgs/cmake)
[5.682s] -- Found rosidl_generator_c: 3.1.5 (/opt/ros/humble/share/rosidl_generator_c/cmake)
[5.736s] -- Found rosidl_adapter: 3.1.5 (/opt/ros/humble/share/rosidl_adapter/cmake)
[5.823s] -- Found rosidl_generator_cpp: 3.1.5 (/opt/ros/humble/share/rosidl_generator_cpp/cmake)
[5.998s] -- Using all available rosidl_typesupport_c: rosidl_typesupport_fastrtps_c;rosidl_typesupport_introspection_c
[6.170s] -- Using all available rosidl_typesupport_cpp: rosidl_typesupport_fastrtps_cpp;rosidl_typesupport_introspection_cpp
[6.675s] -- Found rosidl_default_generators: 1.2.0 (/opt/ros/humble/share/rosidl_default_generators/cmake)
[9.600s] -- Found ament_cmake_ros: 0.10.0 (/opt/ros/humble/share/ament_cmake_ros/cmake)
[12.822s] -- Using all available rosidl_typesupport_c: rosidl_typesupport_fastrtps_c;rosidl_typesupport_introspection_c
[14.033s] -- Using all available rosidl_typesupport_cpp: rosidl_typesupport_fastrtps_cpp;rosidl_typesupport_introspection_cpp
[14.164s] -- Found PythonInterp: /usr/bin/python3 (found suitable version "3.8.10", minimum required is "3.6") 
[14.171s] -- Found python_cmake_module: 0.10.0 (/opt/ros/humble/share/python_cmake_module/cmake)
[14.305s] -- Found PythonLibs: /usr/lib/aarch64-linux-gnu/libpython3.8.so (found suitable version "3.8.10", minimum required is "3.5") 
[14.305s] -- Using PYTHON_EXECUTABLE: /usr/bin/python3
[14.306s] -- Using PYTHON_INCLUDE_DIRS: /usr/include/python3.8
[14.306s] -- Using PYTHON_LIBRARIES: /usr/lib/aarch64-linux-gnu/libpython3.8.so
[14.419s] -- Found PythonExtra: .so  
[14.757s] -- Found ament_lint_auto: 0.12.9 (/opt/ros/humble/share/ament_lint_auto/cmake)
[14.918s] -- Added test 'lint_cmake' to check CMake code style
[14.924s] -- Added test 'xmllint' to check XML markup files
[14.958s] -- Configuring done
[15.123s] -- Generating done
[15.135s] -- Build files have been written to: /home/puzzlebot/github/mini_challenges_eq5/build/signal_msg
