[0.932s] Invoking command in '/home/rllaguno/mini_challenges_eq5/src/mini_challenge_3': PYTHONPATH=/home/rllaguno/mini_challenges_eq5/build/mini_challenge_3/prefix_override:/home/rllaguno/mini_challenges_eq5/install/mini_challenge_3/lib/python3.10/site-packages:${PYTHONPATH} /usr/bin/python3 -W ignore:setup.py install is deprecated setup.py egg_info --egg-base ../../build/mini_challenge_3 build --build-base /home/rllaguno/mini_challenges_eq5/build/mini_challenge_3/build install --record /home/rllaguno/mini_challenges_eq5/build/mini_challenge_3/install.log --single-version-externally-managed install_data
[1.169s] running egg_info
[1.170s] writing ../../build/mini_challenge_3/mini_challenge_3.egg-info/PKG-INFO
[1.170s] writing dependency_links to ../../build/mini_challenge_3/mini_challenge_3.egg-info/dependency_links.txt
[1.170s] writing entry points to ../../build/mini_challenge_3/mini_challenge_3.egg-info/entry_points.txt
[1.172s] writing requirements to ../../build/mini_challenge_3/mini_challenge_3.egg-info/requires.txt
[1.172s] writing top-level names to ../../build/mini_challenge_3/mini_challenge_3.egg-info/top_level.txt
[1.173s] reading manifest file '../../build/mini_challenge_3/mini_challenge_3.egg-info/SOURCES.txt'
[1.173s] adding license file 'LICENSE'
[1.174s] writing manifest file '../../build/mini_challenge_3/mini_challenge_3.egg-info/SOURCES.txt'
[1.174s] running build
[1.174s] running build_py
[1.174s] copying mini_challenge_3/Vision.py -> /home/rllaguno/mini_challenges_eq5/build/mini_challenge_3/build/lib/mini_challenge_3
[1.175s] running install
[1.175s] running install_lib
[1.175s] copying /home/rllaguno/mini_challenges_eq5/build/mini_challenge_3/build/lib/mini_challenge_3/Vision.py -> /home/rllaguno/mini_challenges_eq5/install/mini_challenge_3/lib/python3.10/site-packages/mini_challenge_3
[1.175s] byte-compiling /home/rllaguno/mini_challenges_eq5/install/mini_challenge_3/lib/python3.10/site-packages/mini_challenge_3/Vision.py to Vision.cpython-310.pyc
[1.176s] running install_data
[1.177s] running install_egg_info
[1.178s] removing '/home/rllaguno/mini_challenges_eq5/install/mini_challenge_3/lib/python3.10/site-packages/mini_challenge_3-0.0.0-py3.10.egg-info' (and everything under it)
[1.179s] Copying ../../build/mini_challenge_3/mini_challenge_3.egg-info to /home/rllaguno/mini_challenges_eq5/install/mini_challenge_3/lib/python3.10/site-packages/mini_challenge_3-0.0.0-py3.10.egg-info
[1.179s] running install_scripts
[1.198s] Installing Controller script to /home/rllaguno/mini_challenges_eq5/install/mini_challenge_3/lib/mini_challenge_3
[1.198s] Installing Odometry script to /home/rllaguno/mini_challenges_eq5/install/mini_challenge_3/lib/mini_challenge_3
[1.198s] Installing PointGenerator script to /home/rllaguno/mini_challenges_eq5/install/mini_challenge_3/lib/mini_challenge_3
[1.198s] Installing Vision script to /home/rllaguno/mini_challenges_eq5/install/mini_challenge_3/lib/mini_challenge_3
[1.199s] writing list of installed files to '/home/rllaguno/mini_challenges_eq5/build/mini_challenge_3/install.log'
[1.231s] Invoked command in '/home/rllaguno/mini_challenges_eq5/src/mini_challenge_3' returned '0': PYTHONPATH=/home/rllaguno/mini_challenges_eq5/build/mini_challenge_3/prefix_override:/home/rllaguno/mini_challenges_eq5/install/mini_challenge_3/lib/python3.10/site-packages:${PYTHONPATH} /usr/bin/python3 -W ignore:setup.py install is deprecated setup.py egg_info --egg-base ../../build/mini_challenge_3 build --build-base /home/rllaguno/mini_challenges_eq5/build/mini_challenge_3/build install --record /home/rllaguno/mini_challenges_eq5/build/mini_challenge_3/install.log --single-version-externally-managed install_data
