/home/puzzlebot/github/mini_challenges_eq5/install/mini_challenge_2/lib/python3.8/site-packages/mini_challenge_2/PointGenerator.py
/home/puzzlebot/github/mini_challenges_eq5/install/mini_challenge_2/lib/python3.8/site-packages/mini_challenge_2/__init__.py
/home/puzzlebot/github/mini_challenges_eq5/install/mini_challenge_2/lib/python3.8/site-packages/mini_challenge_2/Controller.py
/home/puzzlebot/github/mini_challenges_eq5/install/mini_challenge_2/lib/python3.8/site-packages/mini_challenge_2/Odometry.py
/home/puzzlebot/github/mini_challenges_eq5/install/mini_challenge_2/lib/python3.8/site-packages/mini_challenge_2/__pycache__/PointGenerator.cpython-38.pyc
/home/puzzlebot/github/mini_challenges_eq5/install/mini_challenge_2/lib/python3.8/site-packages/mini_challenge_2/__pycache__/__init__.cpython-38.pyc
/home/puzzlebot/github/mini_challenges_eq5/install/mini_challenge_2/lib/python3.8/site-packages/mini_challenge_2/__pycache__/Controller.cpython-38.pyc
/home/puzzlebot/github/mini_challenges_eq5/install/mini_challenge_2/lib/python3.8/site-packages/mini_challenge_2/__pycache__/Odometry.cpython-38.pyc
/home/puzzlebot/github/mini_challenges_eq5/install/mini_challenge_2/share/ament_index/resource_index/packages/mini_challenge_2
/home/puzzlebot/github/mini_challenges_eq5/install/mini_challenge_2/share/mini_challenge_2/package.xml
/home/puzzlebot/github/mini_challenges_eq5/install/mini_challenge_2/share/mini_challenge_2/launch/mini2_launch.py
/home/puzzlebot/github/mini_challenges_eq5/install/mini_challenge_2/lib/python3.8/site-packages/mini_challenge_2-0.0.0-py3.8.egg-info/top_level.txt
/home/puzzlebot/github/mini_challenges_eq5/install/mini_challenge_2/lib/python3.8/site-packages/mini_challenge_2-0.0.0-py3.8.egg-info/requires.txt
/home/puzzlebot/github/mini_challenges_eq5/install/mini_challenge_2/lib/python3.8/site-packages/mini_challenge_2-0.0.0-py3.8.egg-info/PKG-INFO
/home/puzzlebot/github/mini_challenges_eq5/install/mini_challenge_2/lib/python3.8/site-packages/mini_challenge_2-0.0.0-py3.8.egg-info/entry_points.txt
/home/puzzlebot/github/mini_challenges_eq5/install/mini_challenge_2/lib/python3.8/site-packages/mini_challenge_2-0.0.0-py3.8.egg-info/zip-safe
/home/puzzlebot/github/mini_challenges_eq5/install/mini_challenge_2/lib/python3.8/site-packages/mini_challenge_2-0.0.0-py3.8.egg-info/SOURCES.txt
/home/puzzlebot/github/mini_challenges_eq5/install/mini_challenge_2/lib/python3.8/site-packages/mini_challenge_2-0.0.0-py3.8.egg-info/dependency_links.txt
/home/puzzlebot/github/mini_challenges_eq5/install/mini_challenge_2/lib/mini_challenge_2/Controller
/home/puzzlebot/github/mini_challenges_eq5/install/mini_challenge_2/lib/mini_challenge_2/Odometry
/home/puzzlebot/github/mini_challenges_eq5/install/mini_challenge_2/lib/mini_challenge_2/PointGenerator
