[1.205s] DEBUG:colcon:Command line arguments: ['/usr/bin/colcon', 'build', '--packages-select', 'final_challenge']
[1.206s] DEBUG:colcon:Parsed command line arguments: Namespace(allow_overriding=[], ament_cmake_args=None, base_paths=['.'], build_base='build', catkin_cmake_args=None, catkin_skip_building_tests=False, cmake_args=None, cmake_clean_cache=False, cmake_clean_first=False, cmake_force_configure=False, cmake_target=None, cmake_target_skip_unavailable=False, continue_on_error=False, event_handlers=None, executor='parallel', ignore_user_meta=False, install_base='install', log_base=None, log_level=None, main=<bound method BuildVerb.main of <colcon_core.verb.build.BuildVerb object at 0x7f9327ffd0>>, merge_install=False, metas=['./colcon.meta'], packages_above=None, packages_above_and_dependencies=None, packages_above_depth=None, packages_end=None, packages_ignore=None, packages_ignore_regex=None, packages_select=['final_challenge'], packages_select_build_failed=False, packages_select_by_dep=None, packages_select_regex=None, packages_select_test_failures=False, packages_skip=None, packages_skip_build_finished=False, packages_skip_by_dep=None, packages_skip_regex=None, packages_skip_test_passed=False, packages_skip_up_to=None, packages_start=None, packages_up_to=None, packages_up_to_regex=None, parallel_workers=4, paths=None, symlink_install=False, test_result_base=None, verb_extension=<colcon_core.verb.build.BuildVerb object at 0x7f9327ffd0>, verb_name='build', verb_parser=<colcon_defaults.argument_parser.defaults.DefaultArgumentsDecorator object at 0x7f93288490>)
[2.151s] Level 1:colcon.colcon_core.package_discovery:discover_packages(colcon_meta) check parameters
[2.152s] Level 1:colcon.colcon_core.package_discovery:discover_packages(recursive) check parameters
[2.152s] Level 1:colcon.colcon_core.package_discovery:discover_packages(ignore) check parameters
[2.152s] Level 1:colcon.colcon_core.package_discovery:discover_packages(path) check parameters
[2.152s] Level 1:colcon.colcon_core.package_discovery:discover_packages(colcon_meta) discover
[2.152s] Level 1:colcon.colcon_core.package_discovery:discover_packages(recursive) discover
[2.152s] INFO:colcon.colcon_core.package_discovery:Crawling recursively for packages in '/home/puzzlebot/github/mini_challenges_eq5'
[2.153s] Level 1:colcon.colcon_core.package_identification:_identify(.) by extensions ['ignore', 'ignore_ament_install']
[2.153s] Level 1:colcon.colcon_core.package_identification:_identify(.) by extension 'ignore'
[2.153s] Level 1:colcon.colcon_core.package_identification:_identify(.) by extension 'ignore_ament_install'
[2.154s] Level 1:colcon.colcon_core.package_identification:_identify(.) by extensions ['colcon_pkg']
[2.154s] Level 1:colcon.colcon_core.package_identification:_identify(.) by extension 'colcon_pkg'
[2.154s] Level 1:colcon.colcon_core.package_identification:_identify(.) by extensions ['colcon_meta']
[2.154s] Level 1:colcon.colcon_core.package_identification:_identify(.) by extension 'colcon_meta'
[2.154s] Level 1:colcon.colcon_core.package_identification:_identify(.) by extensions ['ros']
[2.154s] Level 1:colcon.colcon_core.package_identification:_identify(.) by extension 'ros'
[2.216s] Level 1:colcon.colcon_core.package_identification:_identify(.) by extensions ['cmake', 'python']
[2.217s] Level 1:colcon.colcon_core.package_identification:_identify(.) by extension 'cmake'
[2.217s] Level 1:colcon.colcon_core.package_identification:_identify(.) by extension 'python'
[2.217s] Level 1:colcon.colcon_core.package_identification:_identify(.) by extensions ['python_setup_py']
[2.217s] Level 1:colcon.colcon_core.package_identification:_identify(.) by extension 'python_setup_py'
[2.218s] Level 1:colcon.colcon_core.package_identification:_identify(build) by extensions ['ignore', 'ignore_ament_install']
[2.218s] Level 1:colcon.colcon_core.package_identification:_identify(build) by extension 'ignore'
[2.218s] Level 1:colcon.colcon_core.package_identification:_identify(build) ignored
[2.219s] Level 1:colcon.colcon_core.package_identification:_identify(install) by extensions ['ignore', 'ignore_ament_install']
[2.219s] Level 1:colcon.colcon_core.package_identification:_identify(install) by extension 'ignore'
[2.219s] Level 1:colcon.colcon_core.package_identification:_identify(install) ignored
[2.220s] Level 1:colcon.colcon_core.package_identification:_identify(log) by extensions ['ignore', 'ignore_ament_install']
[2.220s] Level 1:colcon.colcon_core.package_identification:_identify(log) by extension 'ignore'
[2.220s] Level 1:colcon.colcon_core.package_identification:_identify(log) ignored
[2.221s] Level 1:colcon.colcon_core.package_identification:_identify(src) by extensions ['ignore', 'ignore_ament_install']
[2.221s] Level 1:colcon.colcon_core.package_identification:_identify(src) by extension 'ignore'
[2.221s] Level 1:colcon.colcon_core.package_identification:_identify(src) by extension 'ignore_ament_install'
[2.221s] Level 1:colcon.colcon_core.package_identification:_identify(src) by extensions ['colcon_pkg']
[2.221s] Level 1:colcon.colcon_core.package_identification:_identify(src) by extension 'colcon_pkg'
[2.222s] Level 1:colcon.colcon_core.package_identification:_identify(src) by extensions ['colcon_meta']
[2.222s] Level 1:colcon.colcon_core.package_identification:_identify(src) by extension 'colcon_meta'
[2.222s] Level 1:colcon.colcon_core.package_identification:_identify(src) by extensions ['ros']
[2.222s] Level 1:colcon.colcon_core.package_identification:_identify(src) by extension 'ros'
[2.223s] Level 1:colcon.colcon_core.package_identification:_identify(src) by extensions ['cmake', 'python']
[2.223s] Level 1:colcon.colcon_core.package_identification:_identify(src) by extension 'cmake'
[2.223s] Level 1:colcon.colcon_core.package_identification:_identify(src) by extension 'python'
[2.223s] Level 1:colcon.colcon_core.package_identification:_identify(src) by extensions ['python_setup_py']
[2.223s] Level 1:colcon.colcon_core.package_identification:_identify(src) by extension 'python_setup_py'
[2.224s] Level 1:colcon.colcon_core.package_identification:_identify(src/final_challenge) by extensions ['ignore', 'ignore_ament_install']
[2.224s] Level 1:colcon.colcon_core.package_identification:_identify(src/final_challenge) by extension 'ignore'
[2.224s] Level 1:colcon.colcon_core.package_identification:_identify(src/final_challenge) by extension 'ignore_ament_install'
[2.225s] Level 1:colcon.colcon_core.package_identification:_identify(src/final_challenge) by extensions ['colcon_pkg']
[2.225s] Level 1:colcon.colcon_core.package_identification:_identify(src/final_challenge) by extension 'colcon_pkg'
[2.225s] Level 1:colcon.colcon_core.package_identification:_identify(src/final_challenge) by extensions ['colcon_meta']
[2.225s] Level 1:colcon.colcon_core.package_identification:_identify(src/final_challenge) by extension 'colcon_meta'
[2.225s] Level 1:colcon.colcon_core.package_identification:_identify(src/final_challenge) by extensions ['ros']
[2.225s] Level 1:colcon.colcon_core.package_identification:_identify(src/final_challenge) by extension 'ros'
[2.240s] DEBUG:colcon.colcon_core.package_identification:Package 'src/final_challenge' with type 'ros.ament_python' and name 'final_challenge'
[2.241s] Level 1:colcon.colcon_core.package_identification:_identify(src/mini_challenge_2) by extensions ['ignore', 'ignore_ament_install']
[2.241s] Level 1:colcon.colcon_core.package_identification:_identify(src/mini_challenge_2) by extension 'ignore'
[2.242s] Level 1:colcon.colcon_core.package_identification:_identify(src/mini_challenge_2) by extension 'ignore_ament_install'
[2.242s] Level 1:colcon.colcon_core.package_identification:_identify(src/mini_challenge_2) by extensions ['colcon_pkg']
[2.242s] Level 1:colcon.colcon_core.package_identification:_identify(src/mini_challenge_2) by extension 'colcon_pkg'
[2.242s] Level 1:colcon.colcon_core.package_identification:_identify(src/mini_challenge_2) by extensions ['colcon_meta']
[2.242s] Level 1:colcon.colcon_core.package_identification:_identify(src/mini_challenge_2) by extension 'colcon_meta'
[2.243s] Level 1:colcon.colcon_core.package_identification:_identify(src/mini_challenge_2) by extensions ['ros']
[2.243s] Level 1:colcon.colcon_core.package_identification:_identify(src/mini_challenge_2) by extension 'ros'
[2.246s] DEBUG:colcon.colcon_core.package_identification:Package 'src/mini_challenge_2' with type 'ros.ament_python' and name 'mini_challenge_2'
[2.247s] Level 1:colcon.colcon_core.package_identification:_identify(src/mini_challenge_3) by extensions ['ignore', 'ignore_ament_install']
[2.247s] Level 1:colcon.colcon_core.package_identification:_identify(src/mini_challenge_3) by extension 'ignore'
[2.247s] Level 1:colcon.colcon_core.package_identification:_identify(src/mini_challenge_3) by extension 'ignore_ament_install'
[2.247s] Level 1:colcon.colcon_core.package_identification:_identify(src/mini_challenge_3) by extensions ['colcon_pkg']
[2.247s] Level 1:colcon.colcon_core.package_identification:_identify(src/mini_challenge_3) by extension 'colcon_pkg'
[2.248s] Level 1:colcon.colcon_core.package_identification:_identify(src/mini_challenge_3) by extensions ['colcon_meta']
[2.248s] Level 1:colcon.colcon_core.package_identification:_identify(src/mini_challenge_3) by extension 'colcon_meta'
[2.248s] Level 1:colcon.colcon_core.package_identification:_identify(src/mini_challenge_3) by extensions ['ros']
[2.248s] Level 1:colcon.colcon_core.package_identification:_identify(src/mini_challenge_3) by extension 'ros'
[2.252s] DEBUG:colcon.colcon_core.package_identification:Package 'src/mini_challenge_3' with type 'ros.ament_python' and name 'mini_challenge_3'
[2.253s] Level 1:colcon.colcon_core.package_identification:_identify(src/mini_challenge_4) by extensions ['ignore', 'ignore_ament_install']
[2.253s] Level 1:colcon.colcon_core.package_identification:_identify(src/mini_challenge_4) by extension 'ignore'
[2.253s] Level 1:colcon.colcon_core.package_identification:_identify(src/mini_challenge_4) by extension 'ignore_ament_install'
[2.253s] Level 1:colcon.colcon_core.package_identification:_identify(src/mini_challenge_4) by extensions ['colcon_pkg']
[2.254s] Level 1:colcon.colcon_core.package_identification:_identify(src/mini_challenge_4) by extension 'colcon_pkg'
[2.254s] Level 1:colcon.colcon_core.package_identification:_identify(src/mini_challenge_4) by extensions ['colcon_meta']
[2.254s] Level 1:colcon.colcon_core.package_identification:_identify(src/mini_challenge_4) by extension 'colcon_meta'
[2.254s] Level 1:colcon.colcon_core.package_identification:_identify(src/mini_challenge_4) by extensions ['ros']
[2.254s] Level 1:colcon.colcon_core.package_identification:_identify(src/mini_challenge_4) by extension 'ros'
[2.258s] DEBUG:colcon.colcon_core.package_identification:Package 'src/mini_challenge_4' with type 'ros.ament_python' and name 'mini_challenge_4'
[2.259s] Level 1:colcon.colcon_core.package_identification:_identify(src/signal_msg) by extensions ['ignore', 'ignore_ament_install']
[2.259s] Level 1:colcon.colcon_core.package_identification:_identify(src/signal_msg) by extension 'ignore'
[2.259s] Level 1:colcon.colcon_core.package_identification:_identify(src/signal_msg) by extension 'ignore_ament_install'
[2.260s] Level 1:colcon.colcon_core.package_identification:_identify(src/signal_msg) by extensions ['colcon_pkg']
[2.260s] Level 1:colcon.colcon_core.package_identification:_identify(src/signal_msg) by extension 'colcon_pkg'
[2.260s] Level 1:colcon.colcon_core.package_identification:_identify(src/signal_msg) by extensions ['colcon_meta']
[2.260s] Level 1:colcon.colcon_core.package_identification:_identify(src/signal_msg) by extension 'colcon_meta'
[2.260s] Level 1:colcon.colcon_core.package_identification:_identify(src/signal_msg) by extensions ['ros']
[2.260s] Level 1:colcon.colcon_core.package_identification:_identify(src/signal_msg) by extension 'ros'
[2.263s] DEBUG:colcon.colcon_core.package_identification:Package 'src/signal_msg' with type 'ros.ament_cmake' and name 'signal_msg'
[2.263s] Level 1:colcon.colcon_core.package_identification:_identify(src/yolo_msg) by extensions ['ignore', 'ignore_ament_install']
[2.264s] Level 1:colcon.colcon_core.package_identification:_identify(src/yolo_msg) by extension 'ignore'
[2.264s] Level 1:colcon.colcon_core.package_identification:_identify(src/yolo_msg) by extension 'ignore_ament_install'
[2.264s] Level 1:colcon.colcon_core.package_identification:_identify(src/yolo_msg) by extensions ['colcon_pkg']
[2.264s] Level 1:colcon.colcon_core.package_identification:_identify(src/yolo_msg) by extension 'colcon_pkg'
[2.265s] Level 1:colcon.colcon_core.package_identification:_identify(src/yolo_msg) by extensions ['colcon_meta']
[2.265s] Level 1:colcon.colcon_core.package_identification:_identify(src/yolo_msg) by extension 'colcon_meta'
[2.265s] Level 1:colcon.colcon_core.package_identification:_identify(src/yolo_msg) by extensions ['ros']
[2.265s] Level 1:colcon.colcon_core.package_identification:_identify(src/yolo_msg) by extension 'ros'
[2.267s] DEBUG:colcon.colcon_core.package_identification:Package 'src/yolo_msg' with type 'ros.ament_cmake' and name 'yolo_msg'
[2.268s] Level 1:colcon.colcon_core.package_discovery:discover_packages(recursive) using defaults
[2.268s] Level 1:colcon.colcon_core.package_discovery:discover_packages(ignore) discover
[2.268s] Level 1:colcon.colcon_core.package_discovery:discover_packages(ignore) using defaults
[2.268s] Level 1:colcon.colcon_core.package_discovery:discover_packages(path) discover
[2.268s] Level 1:colcon.colcon_core.package_discovery:discover_packages(path) using defaults
[2.401s] INFO:colcon.colcon_core.package_selection:Skipping not selected package 'mini_challenge_2' in 'src/mini_challenge_2'
[2.401s] INFO:colcon.colcon_core.package_selection:Skipping not selected package 'mini_challenge_3' in 'src/mini_challenge_3'
[2.401s] INFO:colcon.colcon_core.package_selection:Skipping not selected package 'mini_challenge_4' in 'src/mini_challenge_4'
[2.402s] INFO:colcon.colcon_core.package_selection:Skipping not selected package 'signal_msg' in 'src/signal_msg'
[2.402s] INFO:colcon.colcon_core.package_selection:Skipping not selected package 'yolo_msg' in 'src/yolo_msg'
[2.404s] Level 1:colcon.colcon_core.package_discovery:discover_packages(prefix_path) check parameters
[2.404s] Level 1:colcon.colcon_core.package_discovery:discover_packages(prefix_path) discover
[2.421s] DEBUG:colcon.colcon_installed_package_information.package_discovery:Found 6 installed packages in /home/puzzlebot/github/mini_challenges_eq5/install
[2.423s] DEBUG:colcon.colcon_installed_package_information.package_discovery:Found 3 installed packages in /home/puzzlebot/ros2_ws/install
[2.426s] DEBUG:colcon.colcon_installed_package_information.package_discovery:Found 5 installed packages in /home/puzzlebot/ros2_packages_ws/install
[2.433s] DEBUG:colcon.colcon_installed_package_information.package_discovery:Found 281 installed packages in /opt/ros/humble
[2.442s] Level 1:colcon.colcon_core.package_discovery:discover_packages(prefix_path) using defaults
[2.874s] Level 5:colcon.colcon_core.verb:set package 'final_challenge' build argument 'cmake_args' from command line to 'None'
[2.874s] Level 5:colcon.colcon_core.verb:set package 'final_challenge' build argument 'cmake_target' from command line to 'None'
[2.874s] Level 5:colcon.colcon_core.verb:set package 'final_challenge' build argument 'cmake_target_skip_unavailable' from command line to 'False'
[2.874s] Level 5:colcon.colcon_core.verb:set package 'final_challenge' build argument 'cmake_clean_cache' from command line to 'False'
[2.874s] Level 5:colcon.colcon_core.verb:set package 'final_challenge' build argument 'cmake_clean_first' from command line to 'False'
[2.874s] Level 5:colcon.colcon_core.verb:set package 'final_challenge' build argument 'cmake_force_configure' from command line to 'False'
[2.874s] Level 5:colcon.colcon_core.verb:set package 'final_challenge' build argument 'ament_cmake_args' from command line to 'None'
[2.875s] Level 5:colcon.colcon_core.verb:set package 'final_challenge' build argument 'catkin_cmake_args' from command line to 'None'
[2.875s] Level 5:colcon.colcon_core.verb:set package 'final_challenge' build argument 'catkin_skip_building_tests' from command line to 'False'
[2.875s] DEBUG:colcon.colcon_core.verb:Building package 'final_challenge' with the following arguments: {'ament_cmake_args': None, 'build_base': '/home/puzzlebot/github/mini_challenges_eq5/build/final_challenge', 'catkin_cmake_args': None, 'catkin_skip_building_tests': False, 'cmake_args': None, 'cmake_clean_cache': False, 'cmake_clean_first': False, 'cmake_force_configure': False, 'cmake_target': None, 'cmake_target_skip_unavailable': False, 'install_base': '/home/puzzlebot/github/mini_challenges_eq5/install/final_challenge', 'merge_install': False, 'path': '/home/puzzlebot/github/mini_challenges_eq5/src/final_challenge', 'symlink_install': False, 'test_result_base': None}
[2.875s] INFO:colcon.colcon_core.executor:Executing jobs using 'parallel' executor
[2.879s] DEBUG:colcon.colcon_parallel_executor.executor.parallel:run_until_complete
[2.880s] INFO:colcon.colcon_ros.task.ament_python.build:Building ROS package in '/home/puzzlebot/github/mini_challenges_eq5/src/final_challenge' with build type 'ament_python'
[2.880s] Level 1:colcon.colcon_core.shell:create_environment_hook('final_challenge', 'ament_prefix_path')
[2.897s] INFO:colcon.colcon_core.plugin_system:Skipping extension 'colcon_core.shell.bat': Not used on non-Windows systems
[2.898s] INFO:colcon.colcon_core.shell:Creating environment hook '/home/puzzlebot/github/mini_challenges_eq5/install/final_challenge/share/final_challenge/hook/ament_prefix_path.ps1'
[2.900s] INFO:colcon.colcon_core.shell:Creating environment descriptor '/home/puzzlebot/github/mini_challenges_eq5/install/final_challenge/share/final_challenge/hook/ament_prefix_path.dsv'
[2.903s] INFO:colcon.colcon_core.shell:Creating environment hook '/home/puzzlebot/github/mini_challenges_eq5/install/final_challenge/share/final_challenge/hook/ament_prefix_path.sh'
[2.908s] INFO:colcon.colcon_core.shell:Skip shell extension 'powershell' for command environment: Not usable outside of PowerShell
[2.909s] DEBUG:colcon.colcon_core.shell:Skip shell extension 'dsv' for command environment
[4.166s] INFO:colcon.colcon_core.task.python.build:Building Python package in '/home/puzzlebot/github/mini_challenges_eq5/src/final_challenge'
[4.168s] INFO:colcon.colcon_core.shell:Skip shell extension 'powershell' for command environment: Not usable outside of PowerShell
[4.168s] DEBUG:colcon.colcon_core.shell:Skip shell extension 'dsv' for command environment
[6.350s] DEBUG:colcon.colcon_core.event_handler.log_command:Invoking command in '/home/puzzlebot/github/mini_challenges_eq5/src/final_challenge': PYTHONPATH=/home/puzzlebot/github/mini_challenges_eq5/build/final_challenge/prefix_override:/home/puzzlebot/github/mini_challenges_eq5/install/final_challenge/lib/python3.8/site-packages:/home/puzzlebot/github/mini_challenges_eq5/install/yolo_msg/lib/python3.8/site-packages:/home/puzzlebot/github/mini_challenges_eq5/install/signal_msg/lib/python3.8/site-packages:/home/puzzlebot/github/mini_challenges_eq5/install/final_challenge/lib/python3.8/site-packages:/home/puzzlebot/github/mini_challenges_eq5/install/mini_challenge_4/lib/python3.8/site-packages:/home/puzzlebot/github/mini_challenges_eq5/install/mini_challenge_3/lib/python3.8/site-packages:/home/puzzlebot/github/mini_challenges_eq5/install/mini_challenge_2/lib/python3.8/site-packages:/home/puzzlebot/ros2_ws/install/puzzlebot_ros/lib/python3.8/site-packages:/home/puzzlebot/ros2_ws/install/camera_compressor/lib/python3.8/site-packages:/home/puzzlebot/ros2_packages_ws/install/micro_ros_msgs/lib/python3.8/site-packages:/opt/ros/humble/lib/python3.8/site-packages /usr/bin/python3 -W ignore:setup.py install is deprecated setup.py egg_info --egg-base ../../build/final_challenge build --build-base /home/puzzlebot/github/mini_challenges_eq5/build/final_challenge/build install --record /home/puzzlebot/github/mini_challenges_eq5/build/final_challenge/install.log --single-version-externally-managed install_data
[7.897s] DEBUG:colcon.colcon_core.event_handler.log_command:Invoked command in '/home/puzzlebot/github/mini_challenges_eq5/src/final_challenge' returned '0': PYTHONPATH=/home/puzzlebot/github/mini_challenges_eq5/build/final_challenge/prefix_override:/home/puzzlebot/github/mini_challenges_eq5/install/final_challenge/lib/python3.8/site-packages:/home/puzzlebot/github/mini_challenges_eq5/install/yolo_msg/lib/python3.8/site-packages:/home/puzzlebot/github/mini_challenges_eq5/install/signal_msg/lib/python3.8/site-packages:/home/puzzlebot/github/mini_challenges_eq5/install/final_challenge/lib/python3.8/site-packages:/home/puzzlebot/github/mini_challenges_eq5/install/mini_challenge_4/lib/python3.8/site-packages:/home/puzzlebot/github/mini_challenges_eq5/install/mini_challenge_3/lib/python3.8/site-packages:/home/puzzlebot/github/mini_challenges_eq5/install/mini_challenge_2/lib/python3.8/site-packages:/home/puzzlebot/ros2_ws/install/puzzlebot_ros/lib/python3.8/site-packages:/home/puzzlebot/ros2_ws/install/camera_compressor/lib/python3.8/site-packages:/home/puzzlebot/ros2_packages_ws/install/micro_ros_msgs/lib/python3.8/site-packages:/opt/ros/humble/lib/python3.8/site-packages /usr/bin/python3 -W ignore:setup.py install is deprecated setup.py egg_info --egg-base ../../build/final_challenge build --build-base /home/puzzlebot/github/mini_challenges_eq5/build/final_challenge/build install --record /home/puzzlebot/github/mini_challenges_eq5/build/final_challenge/install.log --single-version-externally-managed install_data
[7.917s] Level 1:colcon.colcon_core.environment:checking '/home/puzzlebot/github/mini_challenges_eq5/install/final_challenge' for CMake module files
[7.919s] Level 1:colcon.colcon_core.environment:checking '/home/puzzlebot/github/mini_challenges_eq5/install/final_challenge' for CMake config files
[7.923s] Level 1:colcon.colcon_core.environment:checking '/home/puzzlebot/github/mini_challenges_eq5/install/final_challenge/lib'
[7.923s] Level 1:colcon.colcon_core.environment:checking '/home/puzzlebot/github/mini_challenges_eq5/install/final_challenge/bin'
[7.923s] Level 1:colcon.colcon_core.environment:checking '/home/puzzlebot/github/mini_challenges_eq5/install/final_challenge/lib/pkgconfig/final_challenge.pc'
[7.924s] Level 1:colcon.colcon_core.environment:checking '/home/puzzlebot/github/mini_challenges_eq5/install/final_challenge/lib/python3.8/site-packages'
[7.925s] Level 1:colcon.colcon_core.shell:create_environment_hook('final_challenge', 'pythonpath')
[7.926s] INFO:colcon.colcon_core.shell:Creating environment hook '/home/puzzlebot/github/mini_challenges_eq5/install/final_challenge/share/final_challenge/hook/pythonpath.ps1'
[7.927s] INFO:colcon.colcon_core.shell:Creating environment descriptor '/home/puzzlebot/github/mini_challenges_eq5/install/final_challenge/share/final_challenge/hook/pythonpath.dsv'
[7.929s] INFO:colcon.colcon_core.shell:Creating environment hook '/home/puzzlebot/github/mini_challenges_eq5/install/final_challenge/share/final_challenge/hook/pythonpath.sh'
[7.930s] Level 1:colcon.colcon_core.environment:checking '/home/puzzlebot/github/mini_challenges_eq5/install/final_challenge/bin'
[7.931s] Level 1:colcon.colcon_core.environment:create_environment_scripts_only(final_challenge)
[7.932s] INFO:colcon.colcon_core.shell:Creating package script '/home/puzzlebot/github/mini_challenges_eq5/install/final_challenge/share/final_challenge/package.ps1'
[7.936s] INFO:colcon.colcon_core.shell:Creating package descriptor '/home/puzzlebot/github/mini_challenges_eq5/install/final_challenge/share/final_challenge/package.dsv'
[7.940s] INFO:colcon.colcon_core.shell:Creating package script '/home/puzzlebot/github/mini_challenges_eq5/install/final_challenge/share/final_challenge/package.sh'
[7.944s] INFO:colcon.colcon_core.shell:Creating package script '/home/puzzlebot/github/mini_challenges_eq5/install/final_challenge/share/final_challenge/package.bash'
[7.948s] INFO:colcon.colcon_core.shell:Creating package script '/home/puzzlebot/github/mini_challenges_eq5/install/final_challenge/share/final_challenge/package.zsh'
[7.953s] Level 1:colcon.colcon_core.environment:create_file_with_runtime_dependencies(/home/puzzlebot/github/mini_challenges_eq5/install/final_challenge/share/colcon-core/packages/final_challenge)
[7.954s] DEBUG:colcon.colcon_parallel_executor.executor.parallel:closing loop
[7.955s] DEBUG:colcon.colcon_parallel_executor.executor.parallel:loop closed
[7.955s] DEBUG:colcon.colcon_parallel_executor.executor.parallel:run_until_complete finished with '0'
[7.956s] DEBUG:colcon.colcon_core.event_reactor:joining thread
[7.979s] INFO:colcon.colcon_core.plugin_system:Skipping extension 'colcon_notification.desktop_notification.terminal_notifier': Not used on non-Darwin systems
[7.980s] INFO:colcon.colcon_core.plugin_system:Skipping extension 'colcon_notification.desktop_notification.win32': Not used on non-Windows systems
[7.980s] INFO:colcon.colcon_notification.desktop_notification:Sending desktop notification using 'notify2'
[8.025s] DEBUG:colcon.colcon_core.event_reactor:joined thread
[8.027s] INFO:colcon.colcon_core.shell:Creating prefix script '/home/puzzlebot/github/mini_challenges_eq5/install/local_setup.ps1'
[8.033s] INFO:colcon.colcon_core.shell:Creating prefix util module '/home/puzzlebot/github/mini_challenges_eq5/install/_local_setup_util_ps1.py'
[8.040s] INFO:colcon.colcon_core.shell:Creating prefix chain script '/home/puzzlebot/github/mini_challenges_eq5/install/setup.ps1'
[8.048s] INFO:colcon.colcon_core.shell:Creating prefix script '/home/puzzlebot/github/mini_challenges_eq5/install/local_setup.sh'
[8.052s] INFO:colcon.colcon_core.shell:Creating prefix util module '/home/puzzlebot/github/mini_challenges_eq5/install/_local_setup_util_sh.py'
[8.053s] INFO:colcon.colcon_core.shell:Creating prefix chain script '/home/puzzlebot/github/mini_challenges_eq5/install/setup.sh'
[8.062s] INFO:colcon.colcon_core.shell:Creating prefix script '/home/puzzlebot/github/mini_challenges_eq5/install/local_setup.bash'
[8.065s] INFO:colcon.colcon_core.shell:Creating prefix chain script '/home/puzzlebot/github/mini_challenges_eq5/install/setup.bash'
[8.073s] INFO:colcon.colcon_core.shell:Creating prefix script '/home/puzzlebot/github/mini_challenges_eq5/install/local_setup.zsh'
[8.077s] INFO:colcon.colcon_core.shell:Creating prefix chain script '/home/puzzlebot/github/mini_challenges_eq5/install/setup.zsh'
