running egg_info
creating ../../build/final_challenge/final_challenge.egg-info
writing ../../build/final_challenge/final_challenge.egg-info/PKG-INFO
writing dependency_links to ../../build/final_challenge/final_challenge.egg-info/dependency_links.txt
writing entry points to ../../build/final_challenge/final_challenge.egg-info/entry_points.txt
writing requirements to ../../build/final_challenge/final_challenge.egg-info/requires.txt
writing top-level names to ../../build/final_challenge/final_challenge.egg-info/top_level.txt
writing manifest file '../../build/final_challenge/final_challenge.egg-info/SOURCES.txt'
reading manifest file '../../build/final_challenge/final_challenge.egg-info/SOURCES.txt'
writing manifest file '../../build/final_challenge/final_challenge.egg-info/SOURCES.txt'
running build
running build_py
creating /home/puzzlebot/github/mini_challenges_eq5/build/final_challenge/build
creating /home/puzzlebot/github/mini_challenges_eq5/build/final_challenge/build/lib
creating /home/puzzlebot/github/mini_challenges_eq5/build/final_challenge/build/lib/final_challenge
copying final_challenge/Vision.py -> /home/puzzlebot/github/mini_challenges_eq5/build/final_challenge/build/lib/final_challenge
copying final_challenge/__init__.py -> /home/puzzlebot/github/mini_challenges_eq5/build/final_challenge/build/lib/final_challenge
copying final_challenge/Controller.py -> /home/puzzlebot/github/mini_challenges_eq5/build/final_challenge/build/lib/final_challenge
copying final_challenge/ML.py -> /home/puzzlebot/github/mini_challenges_eq5/build/final_challenge/build/lib/final_challenge
copying final_challenge/Odometry.py -> /home/puzzlebot/github/mini_challenges_eq5/build/final_challenge/build/lib/final_challenge
running install
running install_lib
creating /home/puzzlebot/github/mini_challenges_eq5/install/final_challenge/lib/python3.8/site-packages/final_challenge
copying /home/puzzlebot/github/mini_challenges_eq5/build/final_challenge/build/lib/final_challenge/Vision.py -> /home/puzzlebot/github/mini_challenges_eq5/install/final_challenge/lib/python3.8/site-packages/final_challenge
copying /home/puzzlebot/github/mini_challenges_eq5/build/final_challenge/build/lib/final_challenge/__init__.py -> /home/puzzlebot/github/mini_challenges_eq5/install/final_challenge/lib/python3.8/site-packages/final_challenge
copying /home/puzzlebot/github/mini_challenges_eq5/build/final_challenge/build/lib/final_challenge/Controller.py -> /home/puzzlebot/github/mini_challenges_eq5/install/final_challenge/lib/python3.8/site-packages/final_challenge
copying /home/puzzlebot/github/mini_challenges_eq5/build/final_challenge/build/lib/final_challenge/ML.py -> /home/puzzlebot/github/mini_challenges_eq5/install/final_challenge/lib/python3.8/site-packages/final_challenge
copying /home/puzzlebot/github/mini_challenges_eq5/build/final_challenge/build/lib/final_challenge/Odometry.py -> /home/puzzlebot/github/mini_challenges_eq5/install/final_challenge/lib/python3.8/site-packages/final_challenge
byte-compiling /home/puzzlebot/github/mini_challenges_eq5/install/final_challenge/lib/python3.8/site-packages/final_challenge/Vision.py to Vision.cpython-38.pyc
byte-compiling /home/puzzlebot/github/mini_challenges_eq5/install/final_challenge/lib/python3.8/site-packages/final_challenge/__init__.py to __init__.cpython-38.pyc
byte-compiling /home/puzzlebot/github/mini_challenges_eq5/install/final_challenge/lib/python3.8/site-packages/final_challenge/Controller.py to Controller.cpython-38.pyc
byte-compiling /home/puzzlebot/github/mini_challenges_eq5/install/final_challenge/lib/python3.8/site-packages/final_challenge/ML.py to ML.cpython-38.pyc
byte-compiling /home/puzzlebot/github/mini_challenges_eq5/install/final_challenge/lib/python3.8/site-packages/final_challenge/Odometry.py to Odometry.cpython-38.pyc
running install_data
creating /home/puzzlebot/github/mini_challenges_eq5/install/final_challenge/share/ament_index
creating /home/puzzlebot/github/mini_challenges_eq5/install/final_challenge/share/ament_index/resource_index
creating /home/puzzlebot/github/mini_challenges_eq5/install/final_challenge/share/ament_index/resource_index/packages
copying resource/final_challenge -> /home/puzzlebot/github/mini_challenges_eq5/install/final_challenge/share/ament_index/resource_index/packages
copying package.xml -> /home/puzzlebot/github/mini_challenges_eq5/install/final_challenge/share/final_challenge
creating /home/puzzlebot/github/mini_challenges_eq5/install/final_challenge/share/final_challenge/launch
copying launch/final_launch.py -> /home/puzzlebot/github/mini_challenges_eq5/install/final_challenge/share/final_challenge/launch
running install_egg_info
Copying ../../build/final_challenge/final_challenge.egg-info to /home/puzzlebot/github/mini_challenges_eq5/install/final_challenge/lib/python3.8/site-packages/final_challenge-0.0.0-py3.8.egg-info
running install_scripts
Installing Controller script to /home/puzzlebot/github/mini_challenges_eq5/install/final_challenge/lib/final_challenge
Installing ML script to /home/puzzlebot/github/mini_challenges_eq5/install/final_challenge/lib/final_challenge
Installing Odometry script to /home/puzzlebot/github/mini_challenges_eq5/install/final_challenge/lib/final_challenge
Installing Vision script to /home/puzzlebot/github/mini_challenges_eq5/install/final_challenge/lib/final_challenge
writing list of installed files to '/home/puzzlebot/github/mini_challenges_eq5/build/final_challenge/install.log'
