[1.232s] Invoking command in '/home/rllaguno/mini_challenges_eq5/src/mini_challenge_3': PYTHONPATH=/home/rllaguno/mini_challenges_eq5/build/mini_challenge_3/prefix_override:/home/rllaguno/mini_challenges_eq5/install/mini_challenge_3/lib/python3.10/site-packages:${PYTHONPATH} /usr/bin/python3 -W ignore:setup.py install is deprecated setup.py egg_info --egg-base ../../build/mini_challenge_3 build --build-base /home/rllaguno/mini_challenges_eq5/build/mini_challenge_3/build install --record /home/rllaguno/mini_challenges_eq5/build/mini_challenge_3/install.log --single-version-externally-managed install_data
[1.564s] running egg_info
[1.565s] writing ../../build/mini_challenge_3/mini_challenge_3.egg-info/PKG-INFO
[1.565s] writing dependency_links to ../../build/mini_challenge_3/mini_challenge_3.egg-info/dependency_links.txt
[1.566s] writing entry points to ../../build/mini_challenge_3/mini_challenge_3.egg-info/entry_points.txt
[1.566s] writing requirements to ../../build/mini_challenge_3/mini_challenge_3.egg-info/requires.txt
[1.566s] writing top-level names to ../../build/mini_challenge_3/mini_challenge_3.egg-info/top_level.txt
[1.568s] reading manifest file '../../build/mini_challenge_3/mini_challenge_3.egg-info/SOURCES.txt'
[1.569s] adding license file 'LICENSE'
[1.570s] writing manifest file '../../build/mini_challenge_3/mini_challenge_3.egg-info/SOURCES.txt'
[1.570s] running build
[1.570s] running build_py
[1.570s] copying mini_challenge_3/Vision.py -> /home/rllaguno/mini_challenges_eq5/build/mini_challenge_3/build/lib/mini_challenge_3
[1.571s] running install
[1.571s] running install_lib
[1.572s] copying /home/rllaguno/mini_challenges_eq5/build/mini_challenge_3/build/lib/mini_challenge_3/Vision.py -> /home/rllaguno/mini_challenges_eq5/install/mini_challenge_3/lib/python3.10/site-packages/mini_challenge_3
[1.573s] byte-compiling /home/rllaguno/mini_challenges_eq5/install/mini_challenge_3/lib/python3.10/site-packages/mini_challenge_3/Vision.py to Vision.cpython-310.pyc
[1.575s] running install_data
[1.576s] running install_egg_info
[1.578s] removing '/home/rllaguno/mini_challenges_eq5/install/mini_challenge_3/lib/python3.10/site-packages/mini_challenge_3-0.0.0-py3.10.egg-info' (and everything under it)
[1.578s] Copying ../../build/mini_challenge_3/mini_challenge_3.egg-info to /home/rllaguno/mini_challenges_eq5/install/mini_challenge_3/lib/python3.10/site-packages/mini_challenge_3-0.0.0-py3.10.egg-info
[1.579s] running install_scripts
[1.611s] Installing Controller script to /home/rllaguno/mini_challenges_eq5/install/mini_challenge_3/lib/mini_challenge_3
[1.611s] Installing Odometry script to /home/rllaguno/mini_challenges_eq5/install/mini_challenge_3/lib/mini_challenge_3
[1.612s] Installing PointGenerator script to /home/rllaguno/mini_challenges_eq5/install/mini_challenge_3/lib/mini_challenge_3
[1.612s] Installing Vision script to /home/rllaguno/mini_challenges_eq5/install/mini_challenge_3/lib/mini_challenge_3
[1.613s] writing list of installed files to '/home/rllaguno/mini_challenges_eq5/build/mini_challenge_3/install.log'
[1.646s] Invoked command in '/home/rllaguno/mini_challenges_eq5/src/mini_challenge_3' returned '0': PYTHONPATH=/home/rllaguno/mini_challenges_eq5/build/mini_challenge_3/prefix_override:/home/rllaguno/mini_challenges_eq5/install/mini_challenge_3/lib/python3.10/site-packages:${PYTHONPATH} /usr/bin/python3 -W ignore:setup.py install is deprecated setup.py egg_info --egg-base ../../build/mini_challenge_3 build --build-base /home/rllaguno/mini_challenges_eq5/build/mini_challenge_3/build install --record /home/rllaguno/mini_challenges_eq5/build/mini_challenge_3/install.log --single-version-externally-managed install_data
