[1.419s] DEBUG:colcon:Command line arguments: ['/usr/bin/colcon', 'build', '--packages-select', 'mini_challenge_2']
[1.419s] DEBUG:colcon:Parsed command line arguments: Namespace(log_base=None, log_level=None, verb_name='build', build_base='build', install_base='install', merge_install=False, symlink_install=False, test_result_base=None, continue_on_error=False, executor='parallel', parallel_workers=16, event_handlers=None, ignore_user_meta=False, metas=['./colcon.meta'], base_paths=['.'], packages_ignore=None, packages_ignore_regex=None, paths=None, packages_up_to=None, packages_up_to_regex=None, packages_above=None, packages_above_and_dependencies=None, packages_above_depth=None, packages_select_by_dep=None, packages_skip_by_dep=None, packages_skip_up_to=None, packages_select_build_failed=False, packages_skip_build_finished=False, packages_select_test_failures=False, packages_skip_test_passed=False, packages_select=['mini_challenge_2'], packages_skip=None, packages_select_regex=None, packages_skip_regex=None, packages_start=None, packages_end=None, allow_overriding=[], cmake_args=None, cmake_target=None, cmake_target_skip_unavailable=False, cmake_clean_cache=False, cmake_clean_first=False, cmake_force_configure=False, ament_cmake_args=None, catkin_cmake_args=None, catkin_skip_building_tests=False, verb_parser=<colcon_defaults.argument_parser.defaults.DefaultArgumentsDecorator object at 0x7ef315d46b60>, verb_extension=<colcon_core.verb.build.BuildVerb object at 0x7ef315d46c50>, main=<bound method BuildVerb.main of <colcon_core.verb.build.BuildVerb object at 0x7ef315d46c50>>)
[1.477s] Level 1:colcon.colcon_core.package_discovery:discover_packages(colcon_meta) check parameters
[1.477s] Level 1:colcon.colcon_core.package_discovery:discover_packages(recursive) check parameters
[1.477s] Level 1:colcon.colcon_core.package_discovery:discover_packages(ignore) check parameters
[1.478s] Level 1:colcon.colcon_core.package_discovery:discover_packages(path) check parameters
[1.478s] Level 1:colcon.colcon_core.package_discovery:discover_packages(colcon_meta) discover
[1.478s] Level 1:colcon.colcon_core.package_discovery:discover_packages(recursive) discover
[1.478s] INFO:colcon.colcon_core.package_discovery:Crawling recursively for packages in '/home/mcr2/mini_challenges_eq5'
[1.478s] Level 1:colcon.colcon_core.package_identification:_identify(.) by extensions ['ignore', 'ignore_ament_install']
[1.478s] Level 1:colcon.colcon_core.package_identification:_identify(.) by extension 'ignore'
[1.478s] Level 1:colcon.colcon_core.package_identification:_identify(.) by extension 'ignore_ament_install'
[1.478s] Level 1:colcon.colcon_core.package_identification:_identify(.) by extensions ['colcon_pkg']
[1.478s] Level 1:colcon.colcon_core.package_identification:_identify(.) by extension 'colcon_pkg'
[1.478s] Level 1:colcon.colcon_core.package_identification:_identify(.) by extensions ['colcon_meta']
[1.478s] Level 1:colcon.colcon_core.package_identification:_identify(.) by extension 'colcon_meta'
[1.478s] Level 1:colcon.colcon_core.package_identification:_identify(.) by extensions ['ros']
[1.478s] Level 1:colcon.colcon_core.package_identification:_identify(.) by extension 'ros'
[1.500s] Level 1:colcon.colcon_core.package_identification:_identify(.) by extensions ['cmake', 'python']
[1.500s] Level 1:colcon.colcon_core.package_identification:_identify(.) by extension 'cmake'
[1.500s] Level 1:colcon.colcon_core.package_identification:_identify(.) by extension 'python'
[1.500s] Level 1:colcon.colcon_core.package_identification:_identify(.) by extensions ['python_setup_py']
[1.500s] Level 1:colcon.colcon_core.package_identification:_identify(.) by extension 'python_setup_py'
[1.500s] Level 1:colcon.colcon_core.package_identification:_identify(build) by extensions ['ignore', 'ignore_ament_install']
[1.500s] Level 1:colcon.colcon_core.package_identification:_identify(build) by extension 'ignore'
[1.501s] Level 1:colcon.colcon_core.package_identification:_identify(build) ignored
[1.501s] Level 1:colcon.colcon_core.package_identification:_identify(install) by extensions ['ignore', 'ignore_ament_install']
[1.501s] Level 1:colcon.colcon_core.package_identification:_identify(install) by extension 'ignore'
[1.501s] Level 1:colcon.colcon_core.package_identification:_identify(install) ignored
[1.501s] Level 1:colcon.colcon_core.package_identification:_identify(log) by extensions ['ignore', 'ignore_ament_install']
[1.502s] Level 1:colcon.colcon_core.package_identification:_identify(log) by extension 'ignore'
[1.502s] Level 1:colcon.colcon_core.package_identification:_identify(log) ignored
[1.502s] Level 1:colcon.colcon_core.package_identification:_identify(src) by extensions ['ignore', 'ignore_ament_install']
[1.502s] Level 1:colcon.colcon_core.package_identification:_identify(src) by extension 'ignore'
[1.502s] Level 1:colcon.colcon_core.package_identification:_identify(src) by extension 'ignore_ament_install'
[1.502s] Level 1:colcon.colcon_core.package_identification:_identify(src) by extensions ['colcon_pkg']
[1.502s] Level 1:colcon.colcon_core.package_identification:_identify(src) by extension 'colcon_pkg'
[1.502s] Level 1:colcon.colcon_core.package_identification:_identify(src) by extensions ['colcon_meta']
[1.502s] Level 1:colcon.colcon_core.package_identification:_identify(src) by extension 'colcon_meta'
[1.502s] Level 1:colcon.colcon_core.package_identification:_identify(src) by extensions ['ros']
[1.502s] Level 1:colcon.colcon_core.package_identification:_identify(src) by extension 'ros'
[1.502s] Level 1:colcon.colcon_core.package_identification:_identify(src) by extensions ['cmake', 'python']
[1.502s] Level 1:colcon.colcon_core.package_identification:_identify(src) by extension 'cmake'
[1.503s] Level 1:colcon.colcon_core.package_identification:_identify(src) by extension 'python'
[1.503s] Level 1:colcon.colcon_core.package_identification:_identify(src) by extensions ['python_setup_py']
[1.503s] Level 1:colcon.colcon_core.package_identification:_identify(src) by extension 'python_setup_py'
[1.503s] Level 1:colcon.colcon_core.package_identification:_identify(src/mini_challenge_2) by extensions ['ignore', 'ignore_ament_install']
[1.503s] Level 1:colcon.colcon_core.package_identification:_identify(src/mini_challenge_2) by extension 'ignore'
[1.503s] Level 1:colcon.colcon_core.package_identification:_identify(src/mini_challenge_2) by extension 'ignore_ament_install'
[1.503s] Level 1:colcon.colcon_core.package_identification:_identify(src/mini_challenge_2) by extensions ['colcon_pkg']
[1.503s] Level 1:colcon.colcon_core.package_identification:_identify(src/mini_challenge_2) by extension 'colcon_pkg'
[1.503s] Level 1:colcon.colcon_core.package_identification:_identify(src/mini_challenge_2) by extensions ['colcon_meta']
[1.503s] Level 1:colcon.colcon_core.package_identification:_identify(src/mini_challenge_2) by extension 'colcon_meta'
[1.503s] Level 1:colcon.colcon_core.package_identification:_identify(src/mini_challenge_2) by extensions ['ros']
[1.503s] Level 1:colcon.colcon_core.package_identification:_identify(src/mini_challenge_2) by extension 'ros'
[1.509s] DEBUG:colcon.colcon_core.package_identification:Package 'src/mini_challenge_2' with type 'ros.ament_python' and name 'mini_challenge_2'
[1.509s] Level 1:colcon.colcon_core.package_identification:_identify(src/mini_challenge_3) by extensions ['ignore', 'ignore_ament_install']
[1.509s] Level 1:colcon.colcon_core.package_identification:_identify(src/mini_challenge_3) by extension 'ignore'
[1.509s] Level 1:colcon.colcon_core.package_identification:_identify(src/mini_challenge_3) by extension 'ignore_ament_install'
[1.509s] Level 1:colcon.colcon_core.package_identification:_identify(src/mini_challenge_3) by extensions ['colcon_pkg']
[1.509s] Level 1:colcon.colcon_core.package_identification:_identify(src/mini_challenge_3) by extension 'colcon_pkg'
[1.510s] Level 1:colcon.colcon_core.package_identification:_identify(src/mini_challenge_3) by extensions ['colcon_meta']
[1.510s] Level 1:colcon.colcon_core.package_identification:_identify(src/mini_challenge_3) by extension 'colcon_meta'
[1.510s] Level 1:colcon.colcon_core.package_identification:_identify(src/mini_challenge_3) by extensions ['ros']
[1.510s] Level 1:colcon.colcon_core.package_identification:_identify(src/mini_challenge_3) by extension 'ros'
[1.511s] DEBUG:colcon.colcon_core.package_identification:Package 'src/mini_challenge_3' with type 'ros.ament_python' and name 'mini_challenge_3'
[1.511s] Level 1:colcon.colcon_core.package_discovery:discover_packages(recursive) using defaults
[1.511s] Level 1:colcon.colcon_core.package_discovery:discover_packages(ignore) discover
[1.511s] Level 1:colcon.colcon_core.package_discovery:discover_packages(ignore) using defaults
[1.511s] Level 1:colcon.colcon_core.package_discovery:discover_packages(path) discover
[1.511s] Level 1:colcon.colcon_core.package_discovery:discover_packages(path) using defaults
[1.595s] INFO:colcon.colcon_core.package_selection:Skipping not selected package 'mini_challenge_3' in 'src/mini_challenge_3'
[1.628s] Level 1:colcon.colcon_core.package_discovery:discover_packages(prefix_path) check parameters
[1.628s] Level 1:colcon.colcon_core.package_discovery:discover_packages(prefix_path) discover
[1.643s] DEBUG:colcon.colcon_installed_package_information.package_discovery:Found 2 installed packages in /home/mcr2/mini_challenges_eq5/install
[1.658s] DEBUG:colcon.colcon_installed_package_information.package_discovery:Found 18 installed packages in /home/mcr2/ros2_utilities_ws/install
[1.683s] DEBUG:colcon.colcon_installed_package_information.package_discovery:Found 346 installed packages in /opt/ros/humble
[1.686s] Level 1:colcon.colcon_core.package_discovery:discover_packages(prefix_path) using defaults
[1.853s] Level 5:colcon.colcon_core.verb:set package 'mini_challenge_2' build argument 'cmake_args' from command line to 'None'
[1.853s] Level 5:colcon.colcon_core.verb:set package 'mini_challenge_2' build argument 'cmake_target' from command line to 'None'
[1.853s] Level 5:colcon.colcon_core.verb:set package 'mini_challenge_2' build argument 'cmake_target_skip_unavailable' from command line to 'False'
[1.853s] Level 5:colcon.colcon_core.verb:set package 'mini_challenge_2' build argument 'cmake_clean_cache' from command line to 'False'
[1.853s] Level 5:colcon.colcon_core.verb:set package 'mini_challenge_2' build argument 'cmake_clean_first' from command line to 'False'
[1.853s] Level 5:colcon.colcon_core.verb:set package 'mini_challenge_2' build argument 'cmake_force_configure' from command line to 'False'
[1.853s] Level 5:colcon.colcon_core.verb:set package 'mini_challenge_2' build argument 'ament_cmake_args' from command line to 'None'
[1.853s] Level 5:colcon.colcon_core.verb:set package 'mini_challenge_2' build argument 'catkin_cmake_args' from command line to 'None'
[1.853s] Level 5:colcon.colcon_core.verb:set package 'mini_challenge_2' build argument 'catkin_skip_building_tests' from command line to 'False'
[1.853s] DEBUG:colcon.colcon_core.verb:Building package 'mini_challenge_2' with the following arguments: {'ament_cmake_args': None, 'build_base': '/home/mcr2/mini_challenges_eq5/build/mini_challenge_2', 'catkin_cmake_args': None, 'catkin_skip_building_tests': False, 'cmake_args': None, 'cmake_clean_cache': False, 'cmake_clean_first': False, 'cmake_force_configure': False, 'cmake_target': None, 'cmake_target_skip_unavailable': False, 'install_base': '/home/mcr2/mini_challenges_eq5/install/mini_challenge_2', 'merge_install': False, 'path': '/home/mcr2/mini_challenges_eq5/src/mini_challenge_2', 'symlink_install': False, 'test_result_base': None}
[1.859s] INFO:colcon.colcon_core.executor:Executing jobs using 'parallel' executor
[1.872s] DEBUG:colcon.colcon_parallel_executor.executor.parallel:run_until_complete
[1.872s] INFO:colcon.colcon_ros.task.ament_python.build:Building ROS package in '/home/mcr2/mini_challenges_eq5/src/mini_challenge_2' with build type 'ament_python'
[1.873s] Level 1:colcon.colcon_core.shell:create_environment_hook('mini_challenge_2', 'ament_prefix_path')
[1.897s] INFO:colcon.colcon_core.plugin_system:Skipping extension 'colcon_core.shell.bat': Not used on non-Windows systems
[1.897s] INFO:colcon.colcon_core.shell:Creating environment hook '/home/mcr2/mini_challenges_eq5/install/mini_challenge_2/share/mini_challenge_2/hook/ament_prefix_path.ps1'
[1.899s] INFO:colcon.colcon_core.shell:Creating environment descriptor '/home/mcr2/mini_challenges_eq5/install/mini_challenge_2/share/mini_challenge_2/hook/ament_prefix_path.dsv'
[1.899s] INFO:colcon.colcon_core.shell:Creating environment hook '/home/mcr2/mini_challenges_eq5/install/mini_challenge_2/share/mini_challenge_2/hook/ament_prefix_path.sh'
[1.923s] INFO:colcon.colcon_core.shell:Skip shell extension 'powershell' for command environment: Not usable outside of PowerShell
[1.923s] DEBUG:colcon.colcon_core.shell:Skip shell extension 'dsv' for command environment
[2.531s] INFO:colcon.colcon_core.task.python.build:Building Python package in '/home/mcr2/mini_challenges_eq5/src/mini_challenge_2'
[2.546s] INFO:colcon.colcon_core.shell:Skip shell extension 'powershell' for command environment: Not usable outside of PowerShell
[2.546s] DEBUG:colcon.colcon_core.shell:Skip shell extension 'dsv' for command environment
[3.140s] DEBUG:colcon.colcon_core.event_handler.log_command:Invoking command in '/home/mcr2/mini_challenges_eq5/src/mini_challenge_2': PYTHONPATH=/home/mcr2/mini_challenges_eq5/build/mini_challenge_2/prefix_override:/home/mcr2/mini_challenges_eq5/install/mini_challenge_2/lib/python3.10/site-packages:${PYTHONPATH} /usr/bin/python3 setup.py egg_info --egg-base ../../build/mini_challenge_2 build --build-base /home/mcr2/mini_challenges_eq5/build/mini_challenge_2/build install --record /home/mcr2/mini_challenges_eq5/build/mini_challenge_2/install.log --single-version-externally-managed
[3.653s] DEBUG:colcon.colcon_core.event_handler.log_command:Invoked command in '/home/mcr2/mini_challenges_eq5/src/mini_challenge_2' returned '0': PYTHONPATH=/home/mcr2/mini_challenges_eq5/build/mini_challenge_2/prefix_override:/home/mcr2/mini_challenges_eq5/install/mini_challenge_2/lib/python3.10/site-packages:${PYTHONPATH} /usr/bin/python3 setup.py egg_info --egg-base ../../build/mini_challenge_2 build --build-base /home/mcr2/mini_challenges_eq5/build/mini_challenge_2/build install --record /home/mcr2/mini_challenges_eq5/build/mini_challenge_2/install.log --single-version-externally-managed
[3.681s] Level 1:colcon.colcon_core.environment:checking '/home/mcr2/mini_challenges_eq5/install/mini_challenge_2' for CMake module files
[3.682s] Level 1:colcon.colcon_core.environment:checking '/home/mcr2/mini_challenges_eq5/install/mini_challenge_2' for CMake config files
[3.683s] Level 1:colcon.colcon_core.environment:checking '/home/mcr2/mini_challenges_eq5/install/mini_challenge_2/lib'
[3.683s] Level 1:colcon.colcon_core.environment:checking '/home/mcr2/mini_challenges_eq5/install/mini_challenge_2/bin'
[3.683s] Level 1:colcon.colcon_core.environment:checking '/home/mcr2/mini_challenges_eq5/install/mini_challenge_2/lib/pkgconfig/mini_challenge_2.pc'
[3.684s] Level 1:colcon.colcon_core.environment:checking '/home/mcr2/mini_challenges_eq5/install/mini_challenge_2/lib/python3.10/site-packages'
[3.684s] Level 1:colcon.colcon_core.shell:create_environment_hook('mini_challenge_2', 'pythonpath')
[3.709s] INFO:colcon.colcon_core.shell:Creating environment hook '/home/mcr2/mini_challenges_eq5/install/mini_challenge_2/share/mini_challenge_2/hook/pythonpath.ps1'
[3.710s] INFO:colcon.colcon_core.shell:Creating environment descriptor '/home/mcr2/mini_challenges_eq5/install/mini_challenge_2/share/mini_challenge_2/hook/pythonpath.dsv'
[3.711s] INFO:colcon.colcon_core.shell:Creating environment hook '/home/mcr2/mini_challenges_eq5/install/mini_challenge_2/share/mini_challenge_2/hook/pythonpath.sh'
[3.712s] Level 1:colcon.colcon_core.environment:checking '/home/mcr2/mini_challenges_eq5/install/mini_challenge_2/bin'
[3.712s] Level 1:colcon.colcon_core.environment:create_environment_scripts_only(mini_challenge_2)
[3.723s] INFO:colcon.colcon_core.shell:Creating package script '/home/mcr2/mini_challenges_eq5/install/mini_challenge_2/share/mini_challenge_2/package.ps1'
[3.725s] INFO:colcon.colcon_core.shell:Creating package descriptor '/home/mcr2/mini_challenges_eq5/install/mini_challenge_2/share/mini_challenge_2/package.dsv'
[3.726s] INFO:colcon.colcon_core.shell:Creating package script '/home/mcr2/mini_challenges_eq5/install/mini_challenge_2/share/mini_challenge_2/package.sh'
[3.728s] INFO:colcon.colcon_core.shell:Creating package script '/home/mcr2/mini_challenges_eq5/install/mini_challenge_2/share/mini_challenge_2/package.bash'
[3.729s] INFO:colcon.colcon_core.shell:Creating package script '/home/mcr2/mini_challenges_eq5/install/mini_challenge_2/share/mini_challenge_2/package.zsh'
[3.730s] Level 1:colcon.colcon_core.environment:create_file_with_runtime_dependencies(/home/mcr2/mini_challenges_eq5/install/mini_challenge_2/share/colcon-core/packages/mini_challenge_2)
[3.731s] DEBUG:colcon.colcon_parallel_executor.executor.parallel:closing loop
[3.731s] DEBUG:colcon.colcon_parallel_executor.executor.parallel:loop closed
[3.732s] DEBUG:colcon.colcon_parallel_executor.executor.parallel:run_until_complete finished with '0'
[3.732s] DEBUG:colcon.colcon_core.event_reactor:joining thread
[3.766s] INFO:colcon.colcon_core.plugin_system:Skipping extension 'colcon_notification.desktop_notification.terminal_notifier': Not used on non-Darwin systems
[3.766s] INFO:colcon.colcon_core.plugin_system:Skipping extension 'colcon_notification.desktop_notification.win32': Not used on non-Windows systems
[3.767s] INFO:colcon.colcon_notification.desktop_notification:Sending desktop notification using 'notify2'
[3.789s] DEBUG:colcon.colcon_core.event_reactor:joined thread
[3.812s] INFO:colcon.colcon_core.shell:Creating prefix script '/home/mcr2/mini_challenges_eq5/install/local_setup.ps1'
[3.814s] INFO:colcon.colcon_core.shell:Creating prefix util module '/home/mcr2/mini_challenges_eq5/install/_local_setup_util_ps1.py'
[3.816s] INFO:colcon.colcon_core.shell:Creating prefix chain script '/home/mcr2/mini_challenges_eq5/install/setup.ps1'
[3.829s] INFO:colcon.colcon_core.shell:Creating prefix script '/home/mcr2/mini_challenges_eq5/install/local_setup.sh'
[3.829s] INFO:colcon.colcon_core.shell:Creating prefix util module '/home/mcr2/mini_challenges_eq5/install/_local_setup_util_sh.py'
[3.830s] INFO:colcon.colcon_core.shell:Creating prefix chain script '/home/mcr2/mini_challenges_eq5/install/setup.sh'
[3.836s] INFO:colcon.colcon_core.shell:Creating prefix script '/home/mcr2/mini_challenges_eq5/install/local_setup.bash'
[3.837s] INFO:colcon.colcon_core.shell:Creating prefix chain script '/home/mcr2/mini_challenges_eq5/install/setup.bash'
[3.864s] INFO:colcon.colcon_core.shell:Creating prefix script '/home/mcr2/mini_challenges_eq5/install/local_setup.zsh'
[3.865s] INFO:colcon.colcon_core.shell:Creating prefix chain script '/home/mcr2/mini_challenges_eq5/install/setup.zsh'
