running egg_info
creating ../../build/mini_challenge_2/mini_challenge_2.egg-info
writing ../../build/mini_challenge_2/mini_challenge_2.egg-info/PKG-INFO
writing dependency_links to ../../build/mini_challenge_2/mini_challenge_2.egg-info/dependency_links.txt
writing entry points to ../../build/mini_challenge_2/mini_challenge_2.egg-info/entry_points.txt
writing requirements to ../../build/mini_challenge_2/mini_challenge_2.egg-info/requires.txt
writing top-level names to ../../build/mini_challenge_2/mini_challenge_2.egg-info/top_level.txt
writing manifest file '../../build/mini_challenge_2/mini_challenge_2.egg-info/SOURCES.txt'
reading manifest file '../../build/mini_challenge_2/mini_challenge_2.egg-info/SOURCES.txt'
adding license file 'LICENSE'
writing manifest file '../../build/mini_challenge_2/mini_challenge_2.egg-info/SOURCES.txt'
running build
running build_py
creating /home/rllaguno/mini_challenge_2/build/mini_challenge_2/build
creating /home/rllaguno/mini_challenge_2/build/mini_challenge_2/build/lib
creating /home/rllaguno/mini_challenge_2/build/mini_challenge_2/build/lib/mini_challenge_2
copying mini_challenge_2/Odometry.py -> /home/rllaguno/mini_challenge_2/build/mini_challenge_2/build/lib/mini_challenge_2
copying mini_challenge_2/PointGenerator.py -> /home/rllaguno/mini_challenge_2/build/mini_challenge_2/build/lib/mini_challenge_2
copying mini_challenge_2/Controller.py -> /home/rllaguno/mini_challenge_2/build/mini_challenge_2/build/lib/mini_challenge_2
copying mini_challenge_2/__init__.py -> /home/rllaguno/mini_challenge_2/build/mini_challenge_2/build/lib/mini_challenge_2
running install
running install_lib
creating /home/rllaguno/mini_challenge_2/install/mini_challenge_2/lib/python3.10/site-packages/mini_challenge_2
copying /home/rllaguno/mini_challenge_2/build/mini_challenge_2/build/lib/mini_challenge_2/Odometry.py -> /home/rllaguno/mini_challenge_2/install/mini_challenge_2/lib/python3.10/site-packages/mini_challenge_2
copying /home/rllaguno/mini_challenge_2/build/mini_challenge_2/build/lib/mini_challenge_2/PointGenerator.py -> /home/rllaguno/mini_challenge_2/install/mini_challenge_2/lib/python3.10/site-packages/mini_challenge_2
copying /home/rllaguno/mini_challenge_2/build/mini_challenge_2/build/lib/mini_challenge_2/Controller.py -> /home/rllaguno/mini_challenge_2/install/mini_challenge_2/lib/python3.10/site-packages/mini_challenge_2
copying /home/rllaguno/mini_challenge_2/build/mini_challenge_2/build/lib/mini_challenge_2/__init__.py -> /home/rllaguno/mini_challenge_2/install/mini_challenge_2/lib/python3.10/site-packages/mini_challenge_2
byte-compiling /home/rllaguno/mini_challenge_2/install/mini_challenge_2/lib/python3.10/site-packages/mini_challenge_2/Odometry.py to Odometry.cpython-310.pyc
byte-compiling /home/rllaguno/mini_challenge_2/install/mini_challenge_2/lib/python3.10/site-packages/mini_challenge_2/PointGenerator.py to PointGenerator.cpython-310.pyc
byte-compiling /home/rllaguno/mini_challenge_2/install/mini_challenge_2/lib/python3.10/site-packages/mini_challenge_2/Controller.py to Controller.cpython-310.pyc
byte-compiling /home/rllaguno/mini_challenge_2/install/mini_challenge_2/lib/python3.10/site-packages/mini_challenge_2/__init__.py to __init__.cpython-310.pyc
running install_data
creating /home/rllaguno/mini_challenge_2/install/mini_challenge_2/share
creating /home/rllaguno/mini_challenge_2/install/mini_challenge_2/share/ament_index
creating /home/rllaguno/mini_challenge_2/install/mini_challenge_2/share/ament_index/resource_index
creating /home/rllaguno/mini_challenge_2/install/mini_challenge_2/share/ament_index/resource_index/packages
copying resource/mini_challenge_2 -> /home/rllaguno/mini_challenge_2/install/mini_challenge_2/share/ament_index/resource_index/packages
creating /home/rllaguno/mini_challenge_2/install/mini_challenge_2/share/mini_challenge_2
copying package.xml -> /home/rllaguno/mini_challenge_2/install/mini_challenge_2/share/mini_challenge_2
creating /home/rllaguno/mini_challenge_2/install/mini_challenge_2/share/mini_challenge_2/launch
copying launch/mini2_launch.py -> /home/rllaguno/mini_challenge_2/install/mini_challenge_2/share/mini_challenge_2/launch
running install_egg_info
Copying ../../build/mini_challenge_2/mini_challenge_2.egg-info to /home/rllaguno/mini_challenge_2/install/mini_challenge_2/lib/python3.10/site-packages/mini_challenge_2-0.0.0-py3.10.egg-info
running install_scripts
Installing Controller script to /home/rllaguno/mini_challenge_2/install/mini_challenge_2/lib/mini_challenge_2
Installing Odometry script to /home/rllaguno/mini_challenge_2/install/mini_challenge_2/lib/mini_challenge_2
Installing PointGenerator script to /home/rllaguno/mini_challenge_2/install/mini_challenge_2/lib/mini_challenge_2
writing list of installed files to '/home/rllaguno/mini_challenge_2/build/mini_challenge_2/install.log'
