[0.487s] Invoking command in '/home/rllaguno/mini_challenge_2/src/mini_challenge_2': PYTHONPATH=/home/rllaguno/mini_challenge_2/build/mini_challenge_2/prefix_override:/home/rllaguno/mini_challenge_2/install/mini_challenge_2/lib/python3.10/site-packages: /usr/bin/python3 -W ignore:setup.py install is deprecated setup.py egg_info --egg-base ../../build/mini_challenge_2 build --build-base /home/rllaguno/mini_challenge_2/build/mini_challenge_2/build install --record /home/rllaguno/mini_challenge_2/build/mini_challenge_2/install.log --single-version-externally-managed install_data
[0.632s] running egg_info
[0.632s] creating ../../build/mini_challenge_2/mini_challenge_2.egg-info
[0.633s] writing ../../build/mini_challenge_2/mini_challenge_2.egg-info/PKG-INFO
[0.633s] writing dependency_links to ../../build/mini_challenge_2/mini_challenge_2.egg-info/dependency_links.txt
[0.633s] writing entry points to ../../build/mini_challenge_2/mini_challenge_2.egg-info/entry_points.txt
[0.633s] writing requirements to ../../build/mini_challenge_2/mini_challenge_2.egg-info/requires.txt
[0.634s] writing top-level names to ../../build/mini_challenge_2/mini_challenge_2.egg-info/top_level.txt
[0.634s] writing manifest file '../../build/mini_challenge_2/mini_challenge_2.egg-info/SOURCES.txt'
[0.634s] reading manifest file '../../build/mini_challenge_2/mini_challenge_2.egg-info/SOURCES.txt'
[0.634s] adding license file 'LICENSE'
[0.635s] writing manifest file '../../build/mini_challenge_2/mini_challenge_2.egg-info/SOURCES.txt'
[0.635s] running build
[0.635s] running build_py
[0.636s] creating /home/rllaguno/mini_challenge_2/build/mini_challenge_2/build
[0.636s] creating /home/rllaguno/mini_challenge_2/build/mini_challenge_2/build/lib
[0.636s] creating /home/rllaguno/mini_challenge_2/build/mini_challenge_2/build/lib/mini_challenge_2
[0.636s] copying mini_challenge_2/Odometry.py -> /home/rllaguno/mini_challenge_2/build/mini_challenge_2/build/lib/mini_challenge_2
[0.636s] copying mini_challenge_2/PointGenerator.py -> /home/rllaguno/mini_challenge_2/build/mini_challenge_2/build/lib/mini_challenge_2
[0.636s] copying mini_challenge_2/Controller.py -> /home/rllaguno/mini_challenge_2/build/mini_challenge_2/build/lib/mini_challenge_2
[0.637s] copying mini_challenge_2/__init__.py -> /home/rllaguno/mini_challenge_2/build/mini_challenge_2/build/lib/mini_challenge_2
[0.637s] running install
[0.637s] running install_lib
[0.637s] creating /home/rllaguno/mini_challenge_2/install/mini_challenge_2/lib/python3.10/site-packages/mini_challenge_2
[0.637s] copying /home/rllaguno/mini_challenge_2/build/mini_challenge_2/build/lib/mini_challenge_2/Odometry.py -> /home/rllaguno/mini_challenge_2/install/mini_challenge_2/lib/python3.10/site-packages/mini_challenge_2
[0.638s] copying /home/rllaguno/mini_challenge_2/build/mini_challenge_2/build/lib/mini_challenge_2/PointGenerator.py -> /home/rllaguno/mini_challenge_2/install/mini_challenge_2/lib/python3.10/site-packages/mini_challenge_2
[0.638s] copying /home/rllaguno/mini_challenge_2/build/mini_challenge_2/build/lib/mini_challenge_2/Controller.py -> /home/rllaguno/mini_challenge_2/install/mini_challenge_2/lib/python3.10/site-packages/mini_challenge_2
[0.638s] copying /home/rllaguno/mini_challenge_2/build/mini_challenge_2/build/lib/mini_challenge_2/__init__.py -> /home/rllaguno/mini_challenge_2/install/mini_challenge_2/lib/python3.10/site-packages/mini_challenge_2
[0.638s] byte-compiling /home/rllaguno/mini_challenge_2/install/mini_challenge_2/lib/python3.10/site-packages/mini_challenge_2/Odometry.py to Odometry.cpython-310.pyc
[0.638s] byte-compiling /home/rllaguno/mini_challenge_2/install/mini_challenge_2/lib/python3.10/site-packages/mini_challenge_2/PointGenerator.py to PointGenerator.cpython-310.pyc
[0.638s] byte-compiling /home/rllaguno/mini_challenge_2/install/mini_challenge_2/lib/python3.10/site-packages/mini_challenge_2/Controller.py to Controller.cpython-310.pyc
[0.639s] byte-compiling /home/rllaguno/mini_challenge_2/install/mini_challenge_2/lib/python3.10/site-packages/mini_challenge_2/__init__.py to __init__.cpython-310.pyc
[0.639s] running install_data
[0.640s] creating /home/rllaguno/mini_challenge_2/install/mini_challenge_2/share
[0.640s] creating /home/rllaguno/mini_challenge_2/install/mini_challenge_2/share/ament_index
[0.640s] creating /home/rllaguno/mini_challenge_2/install/mini_challenge_2/share/ament_index/resource_index
[0.640s] creating /home/rllaguno/mini_challenge_2/install/mini_challenge_2/share/ament_index/resource_index/packages
[0.640s] copying resource/mini_challenge_2 -> /home/rllaguno/mini_challenge_2/install/mini_challenge_2/share/ament_index/resource_index/packages
[0.640s] creating /home/rllaguno/mini_challenge_2/install/mini_challenge_2/share/mini_challenge_2
[0.641s] copying package.xml -> /home/rllaguno/mini_challenge_2/install/mini_challenge_2/share/mini_challenge_2
[0.641s] creating /home/rllaguno/mini_challenge_2/install/mini_challenge_2/share/mini_challenge_2/launch
[0.641s] copying launch/mini2_launch.py -> /home/rllaguno/mini_challenge_2/install/mini_challenge_2/share/mini_challenge_2/launch
[0.641s] running install_egg_info
[0.641s] Copying ../../build/mini_challenge_2/mini_challenge_2.egg-info to /home/rllaguno/mini_challenge_2/install/mini_challenge_2/lib/python3.10/site-packages/mini_challenge_2-0.0.0-py3.10.egg-info
[0.642s] running install_scripts
[0.657s] Installing Controller script to /home/rllaguno/mini_challenge_2/install/mini_challenge_2/lib/mini_challenge_2
[0.658s] Installing Odometry script to /home/rllaguno/mini_challenge_2/install/mini_challenge_2/lib/mini_challenge_2
[0.658s] Installing PointGenerator script to /home/rllaguno/mini_challenge_2/install/mini_challenge_2/lib/mini_challenge_2
[0.658s] writing list of installed files to '/home/rllaguno/mini_challenge_2/build/mini_challenge_2/install.log'
[0.682s] Invoked command in '/home/rllaguno/mini_challenge_2/src/mini_challenge_2' returned '0': PYTHONPATH=/home/rllaguno/mini_challenge_2/build/mini_challenge_2/prefix_override:/home/rllaguno/mini_challenge_2/install/mini_challenge_2/lib/python3.10/site-packages: /usr/bin/python3 -W ignore:setup.py install is deprecated setup.py egg_info --egg-base ../../build/mini_challenge_2 build --build-base /home/rllaguno/mini_challenge_2/build/mini_challenge_2/build install --record /home/rllaguno/mini_challenge_2/build/mini_challenge_2/install.log --single-version-externally-managed install_data
