[1.753s] Invoking command in '/home/rllaguno/mini_challenges_eq5/src/mini_challenge_2': PYTHONPATH=/home/rllaguno/mini_challenges_eq5/build/mini_challenge_2/prefix_override:/home/rllaguno/mini_challenges_eq5/install/mini_challenge_2/lib/python3.10/site-packages:${PYTHONPATH} /usr/bin/python3 -W ignore:setup.py install is deprecated setup.py egg_info --egg-base ../../build/mini_challenge_2 build --build-base /home/rllaguno/mini_challenges_eq5/build/mini_challenge_2/build install --record /home/rllaguno/mini_challenges_eq5/build/mini_challenge_2/install.log --single-version-externally-managed install_data
[2.072s] running egg_info
[2.074s] writing ../../build/mini_challenge_2/mini_challenge_2.egg-info/PKG-INFO
[2.074s] writing dependency_links to ../../build/mini_challenge_2/mini_challenge_2.egg-info/dependency_links.txt
[2.074s] writing entry points to ../../build/mini_challenge_2/mini_challenge_2.egg-info/entry_points.txt
[2.074s] writing requirements to ../../build/mini_challenge_2/mini_challenge_2.egg-info/requires.txt
[2.075s] writing top-level names to ../../build/mini_challenge_2/mini_challenge_2.egg-info/top_level.txt
[2.076s] reading manifest file '../../build/mini_challenge_2/mini_challenge_2.egg-info/SOURCES.txt'
[2.076s] adding license file 'LICENSE'
[2.078s] writing manifest file '../../build/mini_challenge_2/mini_challenge_2.egg-info/SOURCES.txt'
[2.079s] running build
[2.079s] running build_py
[2.079s] running install
[2.079s] running install_lib
[2.081s] running install_data
[2.081s] running install_egg_info
[2.083s] removing '/home/rllaguno/mini_challenges_eq5/install/mini_challenge_2/lib/python3.10/site-packages/mini_challenge_2-0.0.0-py3.10.egg-info' (and everything under it)
[2.084s] Copying ../../build/mini_challenge_2/mini_challenge_2.egg-info to /home/rllaguno/mini_challenges_eq5/install/mini_challenge_2/lib/python3.10/site-packages/mini_challenge_2-0.0.0-py3.10.egg-info
[2.085s] running install_scripts
[2.110s] Installing Controller script to /home/rllaguno/mini_challenges_eq5/install/mini_challenge_2/lib/mini_challenge_2
[2.111s] Installing Odometry script to /home/rllaguno/mini_challenges_eq5/install/mini_challenge_2/lib/mini_challenge_2
[2.111s] Installing PointGenerator script to /home/rllaguno/mini_challenges_eq5/install/mini_challenge_2/lib/mini_challenge_2
[2.111s] writing list of installed files to '/home/rllaguno/mini_challenges_eq5/build/mini_challenge_2/install.log'
[2.163s] Invoked command in '/home/rllaguno/mini_challenges_eq5/src/mini_challenge_2' returned '0': PYTHONPATH=/home/rllaguno/mini_challenges_eq5/build/mini_challenge_2/prefix_override:/home/rllaguno/mini_challenges_eq5/install/mini_challenge_2/lib/python3.10/site-packages:${PYTHONPATH} /usr/bin/python3 -W ignore:setup.py install is deprecated setup.py egg_info --egg-base ../../build/mini_challenge_2 build --build-base /home/rllaguno/mini_challenges_eq5/build/mini_challenge_2/build install --record /home/rllaguno/mini_challenges_eq5/build/mini_challenge_2/install.log --single-version-externally-managed install_data
