[8.962s] Invoking command in '/home/rllaguno/mini_challenges_eq5/src/mini_challenge_3': PYTHONPATH=/home/rllaguno/mini_challenges_eq5/build/mini_challenge_3/prefix_override:/home/rllaguno/mini_challenges_eq5/install/mini_challenge_3/lib/python3.10/site-packages:${PYTHONPATH} /usr/bin/python3 -W ignore:setup.py install is deprecated setup.py egg_info --egg-base ../../build/mini_challenge_3 build --build-base /home/rllaguno/mini_challenges_eq5/build/mini_challenge_3/build install --record /home/rllaguno/mini_challenges_eq5/build/mini_challenge_3/install.log --single-version-externally-managed install_data
[9.281s] running egg_info
[9.282s] writing ../../build/mini_challenge_3/mini_challenge_3.egg-info/PKG-INFO
[9.300s] writing dependency_links to ../../build/mini_challenge_3/mini_challenge_3.egg-info/dependency_links.txt
[9.301s] writing entry points to ../../build/mini_challenge_3/mini_challenge_3.egg-info/entry_points.txt
[9.301s] writing requirements to ../../build/mini_challenge_3/mini_challenge_3.egg-info/requires.txt
[9.301s] writing top-level names to ../../build/mini_challenge_3/mini_challenge_3.egg-info/top_level.txt
[9.305s] reading manifest file '../../build/mini_challenge_3/mini_challenge_3.egg-info/SOURCES.txt'
[9.325s] adding license file 'LICENSE'
[9.328s] writing manifest file '../../build/mini_challenge_3/mini_challenge_3.egg-info/SOURCES.txt'
[9.335s] running build
[9.335s] running build_py
[9.360s] copying mini_challenge_3/Vision.py -> /home/rllaguno/mini_challenges_eq5/build/mini_challenge_3/build/lib/mini_challenge_3
[9.399s] running install
[9.400s] running install_lib
[9.436s] copying /home/rllaguno/mini_challenges_eq5/build/mini_challenge_3/build/lib/mini_challenge_3/Vision.py -> /home/rllaguno/mini_challenges_eq5/install/mini_challenge_3/lib/python3.10/site-packages/mini_challenge_3
[9.438s] byte-compiling /home/rllaguno/mini_challenges_eq5/install/mini_challenge_3/lib/python3.10/site-packages/mini_challenge_3/Vision.py to Vision.cpython-310.pyc
[9.441s] running install_data
[9.462s] running install_egg_info
[9.465s] removing '/home/rllaguno/mini_challenges_eq5/install/mini_challenge_3/lib/python3.10/site-packages/mini_challenge_3-0.0.0-py3.10.egg-info' (and everything under it)
[9.466s] Copying ../../build/mini_challenge_3/mini_challenge_3.egg-info to /home/rllaguno/mini_challenges_eq5/install/mini_challenge_3/lib/python3.10/site-packages/mini_challenge_3-0.0.0-py3.10.egg-info
[9.489s] running install_scripts
[9.537s] Installing Controller script to /home/rllaguno/mini_challenges_eq5/install/mini_challenge_3/lib/mini_challenge_3
[9.538s] Installing Odometry script to /home/rllaguno/mini_challenges_eq5/install/mini_challenge_3/lib/mini_challenge_3
[9.538s] Installing PointGenerator script to /home/rllaguno/mini_challenges_eq5/install/mini_challenge_3/lib/mini_challenge_3
[9.538s] Installing Vision script to /home/rllaguno/mini_challenges_eq5/install/mini_challenge_3/lib/mini_challenge_3
[9.539s] writing list of installed files to '/home/rllaguno/mini_challenges_eq5/build/mini_challenge_3/install.log'
[9.603s] Invoked command in '/home/rllaguno/mini_challenges_eq5/src/mini_challenge_3' returned '0': PYTHONPATH=/home/rllaguno/mini_challenges_eq5/build/mini_challenge_3/prefix_override:/home/rllaguno/mini_challenges_eq5/install/mini_challenge_3/lib/python3.10/site-packages:${PYTHONPATH} /usr/bin/python3 -W ignore:setup.py install is deprecated setup.py egg_info --egg-base ../../build/mini_challenge_3 build --build-base /home/rllaguno/mini_challenges_eq5/build/mini_challenge_3/build install --record /home/rllaguno/mini_challenges_eq5/build/mini_challenge_3/install.log --single-version-externally-managed install_data
