[1.984s] Invoking command in '/home/mcr2/mini_challenges_eq5/src/mini_challenge_3': PYTHONPATH=/home/mcr2/mini_challenges_eq5/build/mini_challenge_3/prefix_override:/home/mcr2/mini_challenges_eq5/install/mini_challenge_3/lib/python3.10/site-packages:${PYTHONPATH} /usr/bin/python3 setup.py egg_info --egg-base ../../build/mini_challenge_3 build --build-base /home/mcr2/mini_challenges_eq5/build/mini_challenge_3/build install --record /home/mcr2/mini_challenges_eq5/build/mini_challenge_3/install.log --single-version-externally-managed
[2.450s] running egg_info
[2.450s] writing ../../build/mini_challenge_3/mini_challenge_3.egg-info/PKG-INFO
[2.452s] writing dependency_links to ../../build/mini_challenge_3/mini_challenge_3.egg-info/dependency_links.txt
[2.453s] writing entry points to ../../build/mini_challenge_3/mini_challenge_3.egg-info/entry_points.txt
[2.454s] writing requirements to ../../build/mini_challenge_3/mini_challenge_3.egg-info/requires.txt
[2.454s] writing top-level names to ../../build/mini_challenge_3/mini_challenge_3.egg-info/top_level.txt
[2.455s] reading manifest file '../../build/mini_challenge_3/mini_challenge_3.egg-info/SOURCES.txt'
[2.456s] adding license file 'LICENSE'
[2.457s] writing manifest file '../../build/mini_challenge_3/mini_challenge_3.egg-info/SOURCES.txt'
[2.458s] running build
[2.459s] running build_py
[2.459s] running install
[2.460s] /usr/lib/python3/dist-packages/setuptools/command/install.py:34: SetuptoolsDeprecationWarning: setup.py install is deprecated. Use build and pip and other standards-based tools.
[2.461s]   warnings.warn(
[2.464s] running install_lib
[2.464s] running install_data
[2.465s] running install_egg_info
[2.466s] removing '/home/mcr2/mini_challenges_eq5/install/mini_challenge_3/lib/python3.10/site-packages/mini_challenge_3-0.0.0-py3.10.egg-info' (and everything under it)
[2.472s] Copying ../../build/mini_challenge_3/mini_challenge_3.egg-info to /home/mcr2/mini_challenges_eq5/install/mini_challenge_3/lib/python3.10/site-packages/mini_challenge_3-0.0.0-py3.10.egg-info
[2.472s] running install_scripts
[2.495s] Installing Controller script to /home/mcr2/mini_challenges_eq5/install/mini_challenge_3/lib/mini_challenge_3
[2.497s] Installing Odometry script to /home/mcr2/mini_challenges_eq5/install/mini_challenge_3/lib/mini_challenge_3
[2.498s] Installing PointGenerator script to /home/mcr2/mini_challenges_eq5/install/mini_challenge_3/lib/mini_challenge_3
[2.500s] Installing Vision script to /home/mcr2/mini_challenges_eq5/install/mini_challenge_3/lib/mini_challenge_3
[2.501s] writing list of installed files to '/home/mcr2/mini_challenges_eq5/build/mini_challenge_3/install.log'
[2.587s] Invoked command in '/home/mcr2/mini_challenges_eq5/src/mini_challenge_3' returned '0': PYTHONPATH=/home/mcr2/mini_challenges_eq5/build/mini_challenge_3/prefix_override:/home/mcr2/mini_challenges_eq5/install/mini_challenge_3/lib/python3.10/site-packages:${PYTHONPATH} /usr/bin/python3 setup.py egg_info --egg-base ../../build/mini_challenge_3 build --build-base /home/mcr2/mini_challenges_eq5/build/mini_challenge_3/build install --record /home/mcr2/mini_challenges_eq5/build/mini_challenge_3/install.log --single-version-externally-managed
