[1.980s] Invoking command in '/home/mcr2/mini_challenges_eq5/src/mini_challenge_2': PYTHONPATH=/home/mcr2/mini_challenges_eq5/build/mini_challenge_2/prefix_override:/home/mcr2/mini_challenges_eq5/install/mini_challenge_2/lib/python3.10/site-packages:${PYTHONPATH} /usr/bin/python3 setup.py egg_info --egg-base ../../build/mini_challenge_2 build --build-base /home/mcr2/mini_challenges_eq5/build/mini_challenge_2/build install --record /home/mcr2/mini_challenges_eq5/build/mini_challenge_2/install.log --single-version-externally-managed
[2.369s] running egg_info
[2.371s] writing ../../build/mini_challenge_2/mini_challenge_2.egg-info/PKG-INFO
[2.373s] writing dependency_links to ../../build/mini_challenge_2/mini_challenge_2.egg-info/dependency_links.txt
[2.373s] writing entry points to ../../build/mini_challenge_2/mini_challenge_2.egg-info/entry_points.txt
[2.373s] writing requirements to ../../build/mini_challenge_2/mini_challenge_2.egg-info/requires.txt
[2.374s] writing top-level names to ../../build/mini_challenge_2/mini_challenge_2.egg-info/top_level.txt
[2.379s] reading manifest file '../../build/mini_challenge_2/mini_challenge_2.egg-info/SOURCES.txt'
[2.379s] adding license file 'LICENSE'
[2.380s] writing manifest file '../../build/mini_challenge_2/mini_challenge_2.egg-info/SOURCES.txt'
[2.380s] running build
[2.380s] running build_py
[2.393s] running install
[2.394s] /usr/lib/python3/dist-packages/setuptools/command/install.py:34: SetuptoolsDeprecationWarning: setup.py install is deprecated. Use build and pip and other standards-based tools.
[2.394s]   warnings.warn(
[2.395s] running install_lib
[2.397s] running install_data
[2.405s] running install_egg_info
[2.405s] removing '/home/mcr2/mini_challenges_eq5/install/mini_challenge_2/lib/python3.10/site-packages/mini_challenge_2-0.0.0-py3.10.egg-info' (and everything under it)
[2.405s] Copying ../../build/mini_challenge_2/mini_challenge_2.egg-info to /home/mcr2/mini_challenges_eq5/install/mini_challenge_2/lib/python3.10/site-packages/mini_challenge_2-0.0.0-py3.10.egg-info
[2.405s] running install_scripts
[2.441s] Installing Controller script to /home/mcr2/mini_challenges_eq5/install/mini_challenge_2/lib/mini_challenge_2
[2.442s] Installing Odometry script to /home/mcr2/mini_challenges_eq5/install/mini_challenge_2/lib/mini_challenge_2
[2.442s] Installing PointGenerator script to /home/mcr2/mini_challenges_eq5/install/mini_challenge_2/lib/mini_challenge_2
[2.443s] writing list of installed files to '/home/mcr2/mini_challenges_eq5/build/mini_challenge_2/install.log'
[2.581s] Invoked command in '/home/mcr2/mini_challenges_eq5/src/mini_challenge_2' returned '0': PYTHONPATH=/home/mcr2/mini_challenges_eq5/build/mini_challenge_2/prefix_override:/home/mcr2/mini_challenges_eq5/install/mini_challenge_2/lib/python3.10/site-packages:${PYTHONPATH} /usr/bin/python3 setup.py egg_info --egg-base ../../build/mini_challenge_2 build --build-base /home/mcr2/mini_challenges_eq5/build/mini_challenge_2/build install --record /home/mcr2/mini_challenges_eq5/build/mini_challenge_2/install.log --single-version-externally-managed
