[0.103s] DEBUG:colcon:Command line arguments: ['/usr/bin/colcon', 'build']
[0.103s] DEBUG:colcon:Parsed command line arguments: Namespace(log_base=None, log_level=None, verb_name='build', build_base='build', install_base='install', merge_install=False, symlink_install=False, test_result_base=None, continue_on_error=False, executor='parallel', parallel_workers=16, event_handlers=None, ignore_user_meta=False, metas=['./colcon.meta'], base_paths=['.'], packages_ignore=None, packages_ignore_regex=None, paths=None, packages_up_to=None, packages_up_to_regex=None, packages_above=None, packages_above_and_dependencies=None, packages_above_depth=None, packages_select_by_dep=None, packages_skip_by_dep=None, packages_skip_up_to=None, packages_select_build_failed=False, packages_skip_build_finished=False, packages_select_test_failures=False, packages_skip_test_passed=False, packages_select=None, packages_skip=None, packages_select_regex=None, packages_skip_regex=None, packages_start=None, packages_end=None, allow_overriding=[], cmake_args=None, cmake_target=None, cmake_target_skip_unavailable=False, cmake_clean_cache=False, cmake_clean_first=False, cmake_force_configure=False, ament_cmake_args=None, catkin_cmake_args=None, catkin_skip_building_tests=False, mixin_files=None, mixin=None, verb_parser=<colcon_mixin.mixin.mixin_argument.MixinArgumentDecorator object at 0x7bcbfe92b070>, verb_extension=<colcon_core.verb.build.BuildVerb object at 0x7bcbfe92ab00>, main=<bound method BuildVerb.main of <colcon_core.verb.build.BuildVerb object at 0x7bcbfe92ab00>>, mixin_verb=('build',))
[0.287s] Level 1:colcon.colcon_core.package_discovery:discover_packages(colcon_meta) check parameters
[0.287s] Level 1:colcon.colcon_core.package_discovery:discover_packages(recursive) check parameters
[0.287s] Level 1:colcon.colcon_core.package_discovery:discover_packages(ignore) check parameters
[0.287s] Level 1:colcon.colcon_core.package_discovery:discover_packages(path) check parameters
[0.287s] Level 1:colcon.colcon_core.package_discovery:discover_packages(colcon_meta) discover
[0.287s] Level 1:colcon.colcon_core.package_discovery:discover_packages(recursive) discover
[0.287s] INFO:colcon.colcon_core.package_discovery:Crawling recursively for packages in '/home/rllaguno/mini_challenges_eq5'
[0.287s] Level 1:colcon.colcon_core.package_identification:_identify(.) by extensions ['ignore', 'ignore_ament_install']
[0.287s] Level 1:colcon.colcon_core.package_identification:_identify(.) by extension 'ignore'
[0.287s] Level 1:colcon.colcon_core.package_identification:_identify(.) by extension 'ignore_ament_install'
[0.287s] Level 1:colcon.colcon_core.package_identification:_identify(.) by extensions ['colcon_pkg']
[0.287s] Level 1:colcon.colcon_core.package_identification:_identify(.) by extension 'colcon_pkg'
[0.287s] Level 1:colcon.colcon_core.package_identification:_identify(.) by extensions ['colcon_meta']
[0.287s] Level 1:colcon.colcon_core.package_identification:_identify(.) by extension 'colcon_meta'
[0.287s] Level 1:colcon.colcon_core.package_identification:_identify(.) by extensions ['ros']
[0.287s] Level 1:colcon.colcon_core.package_identification:_identify(.) by extension 'ros'
[0.298s] Level 1:colcon.colcon_core.package_identification:_identify(.) by extensions ['cmake', 'python']
[0.298s] Level 1:colcon.colcon_core.package_identification:_identify(.) by extension 'cmake'
[0.298s] Level 1:colcon.colcon_core.package_identification:_identify(.) by extension 'python'
[0.298s] Level 1:colcon.colcon_core.package_identification:_identify(.) by extensions ['python_setup_py']
[0.298s] Level 1:colcon.colcon_core.package_identification:_identify(.) by extension 'python_setup_py'
[0.298s] Level 1:colcon.colcon_core.package_identification:_identify(build) by extensions ['ignore', 'ignore_ament_install']
[0.298s] Level 1:colcon.colcon_core.package_identification:_identify(build) by extension 'ignore'
[0.298s] Level 1:colcon.colcon_core.package_identification:_identify(build) ignored
[0.298s] Level 1:colcon.colcon_core.package_identification:_identify(install) by extensions ['ignore', 'ignore_ament_install']
[0.298s] Level 1:colcon.colcon_core.package_identification:_identify(install) by extension 'ignore'
[0.298s] Level 1:colcon.colcon_core.package_identification:_identify(install) ignored
[0.298s] Level 1:colcon.colcon_core.package_identification:_identify(log) by extensions ['ignore', 'ignore_ament_install']
[0.298s] Level 1:colcon.colcon_core.package_identification:_identify(log) by extension 'ignore'
[0.298s] Level 1:colcon.colcon_core.package_identification:_identify(log) ignored
[0.299s] Level 1:colcon.colcon_core.package_identification:_identify(src) by extensions ['ignore', 'ignore_ament_install']
[0.299s] Level 1:colcon.colcon_core.package_identification:_identify(src) by extension 'ignore'
[0.299s] Level 1:colcon.colcon_core.package_identification:_identify(src) by extension 'ignore_ament_install'
[0.299s] Level 1:colcon.colcon_core.package_identification:_identify(src) by extensions ['colcon_pkg']
[0.299s] Level 1:colcon.colcon_core.package_identification:_identify(src) by extension 'colcon_pkg'
[0.299s] Level 1:colcon.colcon_core.package_identification:_identify(src) by extensions ['colcon_meta']
[0.299s] Level 1:colcon.colcon_core.package_identification:_identify(src) by extension 'colcon_meta'
[0.299s] Level 1:colcon.colcon_core.package_identification:_identify(src) by extensions ['ros']
[0.299s] Level 1:colcon.colcon_core.package_identification:_identify(src) by extension 'ros'
[0.299s] Level 1:colcon.colcon_core.package_identification:_identify(src) by extensions ['cmake', 'python']
[0.299s] Level 1:colcon.colcon_core.package_identification:_identify(src) by extension 'cmake'
[0.299s] Level 1:colcon.colcon_core.package_identification:_identify(src) by extension 'python'
[0.299s] Level 1:colcon.colcon_core.package_identification:_identify(src) by extensions ['python_setup_py']
[0.299s] Level 1:colcon.colcon_core.package_identification:_identify(src) by extension 'python_setup_py'
[0.299s] Level 1:colcon.colcon_core.package_identification:_identify(src/challenge_msgs) by extensions ['ignore', 'ignore_ament_install']
[0.299s] Level 1:colcon.colcon_core.package_identification:_identify(src/challenge_msgs) by extension 'ignore'
[0.299s] Level 1:colcon.colcon_core.package_identification:_identify(src/challenge_msgs) by extension 'ignore_ament_install'
[0.299s] Level 1:colcon.colcon_core.package_identification:_identify(src/challenge_msgs) by extensions ['colcon_pkg']
[0.300s] Level 1:colcon.colcon_core.package_identification:_identify(src/challenge_msgs) by extension 'colcon_pkg'
[0.300s] Level 1:colcon.colcon_core.package_identification:_identify(src/challenge_msgs) by extensions ['colcon_meta']
[0.300s] Level 1:colcon.colcon_core.package_identification:_identify(src/challenge_msgs) by extension 'colcon_meta'
[0.300s] Level 1:colcon.colcon_core.package_identification:_identify(src/challenge_msgs) by extensions ['ros']
[0.300s] Level 1:colcon.colcon_core.package_identification:_identify(src/challenge_msgs) by extension 'ros'
[0.302s] DEBUG:colcon.colcon_core.package_identification:Package 'src/challenge_msgs' with type 'ros.ament_cmake' and name 'challenge_msgs'
[0.302s] Level 1:colcon.colcon_core.package_identification:_identify(src/mini_challenge_2) by extensions ['ignore', 'ignore_ament_install']
[0.302s] Level 1:colcon.colcon_core.package_identification:_identify(src/mini_challenge_2) by extension 'ignore'
[0.302s] Level 1:colcon.colcon_core.package_identification:_identify(src/mini_challenge_2) by extension 'ignore_ament_install'
[0.302s] Level 1:colcon.colcon_core.package_identification:_identify(src/mini_challenge_2) by extensions ['colcon_pkg']
[0.302s] Level 1:colcon.colcon_core.package_identification:_identify(src/mini_challenge_2) by extension 'colcon_pkg'
[0.302s] Level 1:colcon.colcon_core.package_identification:_identify(src/mini_challenge_2) by extensions ['colcon_meta']
[0.302s] Level 1:colcon.colcon_core.package_identification:_identify(src/mini_challenge_2) by extension 'colcon_meta'
[0.302s] Level 1:colcon.colcon_core.package_identification:_identify(src/mini_challenge_2) by extensions ['ros']
[0.302s] Level 1:colcon.colcon_core.package_identification:_identify(src/mini_challenge_2) by extension 'ros'
[0.303s] DEBUG:colcon.colcon_core.package_identification:Package 'src/mini_challenge_2' with type 'ros.ament_python' and name 'mini_challenge_2'
[0.303s] Level 1:colcon.colcon_core.package_identification:_identify(src/mini_challenge_3) by extensions ['ignore', 'ignore_ament_install']
[0.303s] Level 1:colcon.colcon_core.package_identification:_identify(src/mini_challenge_3) by extension 'ignore'
[0.303s] Level 1:colcon.colcon_core.package_identification:_identify(src/mini_challenge_3) by extension 'ignore_ament_install'
[0.303s] Level 1:colcon.colcon_core.package_identification:_identify(src/mini_challenge_3) by extensions ['colcon_pkg']
[0.303s] Level 1:colcon.colcon_core.package_identification:_identify(src/mini_challenge_3) by extension 'colcon_pkg'
[0.303s] Level 1:colcon.colcon_core.package_identification:_identify(src/mini_challenge_3) by extensions ['colcon_meta']
[0.303s] Level 1:colcon.colcon_core.package_identification:_identify(src/mini_challenge_3) by extension 'colcon_meta'
[0.303s] Level 1:colcon.colcon_core.package_identification:_identify(src/mini_challenge_3) by extensions ['ros']
[0.303s] Level 1:colcon.colcon_core.package_identification:_identify(src/mini_challenge_3) by extension 'ros'
[0.304s] DEBUG:colcon.colcon_core.package_identification:Package 'src/mini_challenge_3' with type 'ros.ament_python' and name 'mini_challenge_3'
[0.304s] Level 1:colcon.colcon_core.package_identification:_identify(src/mini_challenge_4) by extensions ['ignore', 'ignore_ament_install']
[0.304s] Level 1:colcon.colcon_core.package_identification:_identify(src/mini_challenge_4) by extension 'ignore'
[0.304s] Level 1:colcon.colcon_core.package_identification:_identify(src/mini_challenge_4) by extension 'ignore_ament_install'
[0.304s] Level 1:colcon.colcon_core.package_identification:_identify(src/mini_challenge_4) by extensions ['colcon_pkg']
[0.304s] Level 1:colcon.colcon_core.package_identification:_identify(src/mini_challenge_4) by extension 'colcon_pkg'
[0.304s] Level 1:colcon.colcon_core.package_identification:_identify(src/mini_challenge_4) by extensions ['colcon_meta']
[0.304s] Level 1:colcon.colcon_core.package_identification:_identify(src/mini_challenge_4) by extension 'colcon_meta'
[0.304s] Level 1:colcon.colcon_core.package_identification:_identify(src/mini_challenge_4) by extensions ['ros']
[0.304s] Level 1:colcon.colcon_core.package_identification:_identify(src/mini_challenge_4) by extension 'ros'
[0.305s] DEBUG:colcon.colcon_core.package_identification:Package 'src/mini_challenge_4' with type 'ros.ament_python' and name 'mini_challenge_4'
[0.305s] Level 1:colcon.colcon_core.package_identification:_identify(src/usb_cam) by extensions ['ignore', 'ignore_ament_install']
[0.305s] Level 1:colcon.colcon_core.package_identification:_identify(src/usb_cam) by extension 'ignore'
[0.306s] Level 1:colcon.colcon_core.package_identification:_identify(src/usb_cam) by extension 'ignore_ament_install'
[0.306s] Level 1:colcon.colcon_core.package_identification:_identify(src/usb_cam) by extensions ['colcon_pkg']
[0.306s] Level 1:colcon.colcon_core.package_identification:_identify(src/usb_cam) by extension 'colcon_pkg'
[0.306s] Level 1:colcon.colcon_core.package_identification:_identify(src/usb_cam) by extensions ['colcon_meta']
[0.306s] Level 1:colcon.colcon_core.package_identification:_identify(src/usb_cam) by extension 'colcon_meta'
[0.306s] Level 1:colcon.colcon_core.package_identification:_identify(src/usb_cam) by extensions ['ros']
[0.306s] Level 1:colcon.colcon_core.package_identification:_identify(src/usb_cam) by extension 'ros'
[0.327s] DEBUG:colcon.colcon_core.package_identification:Package 'src/usb_cam' with type 'ros.ament_cmake' and name 'usb_cam'
[0.327s] Level 1:colcon.colcon_core.package_discovery:discover_packages(recursive) using defaults
[0.327s] Level 1:colcon.colcon_core.package_discovery:discover_packages(ignore) discover
[0.327s] Level 1:colcon.colcon_core.package_discovery:discover_packages(ignore) using defaults
[0.327s] Level 1:colcon.colcon_core.package_discovery:discover_packages(path) discover
[0.327s] Level 1:colcon.colcon_core.package_discovery:discover_packages(path) using defaults
[0.347s] Level 1:colcon.colcon_core.package_discovery:discover_packages(prefix_path) check parameters
[0.347s] Level 1:colcon.colcon_core.package_discovery:discover_packages(prefix_path) discover
[0.349s] DEBUG:colcon.colcon_installed_package_information.package_discovery:Found 5 installed packages in /home/rllaguno/mini_challenges_eq5/install
[0.350s] DEBUG:colcon.colcon_installed_package_information.package_discovery:Found 342 installed packages in /opt/ros/humble
[0.353s] Level 1:colcon.colcon_core.package_discovery:discover_packages(prefix_path) using defaults
[0.393s] Level 5:colcon.colcon_core.verb:set package 'challenge_msgs' build argument 'cmake_args' from command line to 'None'
[0.393s] Level 5:colcon.colcon_core.verb:set package 'challenge_msgs' build argument 'cmake_target' from command line to 'None'
[0.393s] Level 5:colcon.colcon_core.verb:set package 'challenge_msgs' build argument 'cmake_target_skip_unavailable' from command line to 'False'
[0.393s] Level 5:colcon.colcon_core.verb:set package 'challenge_msgs' build argument 'cmake_clean_cache' from command line to 'False'
[0.393s] Level 5:colcon.colcon_core.verb:set package 'challenge_msgs' build argument 'cmake_clean_first' from command line to 'False'
[0.393s] Level 5:colcon.colcon_core.verb:set package 'challenge_msgs' build argument 'cmake_force_configure' from command line to 'False'
[0.393s] Level 5:colcon.colcon_core.verb:set package 'challenge_msgs' build argument 'ament_cmake_args' from command line to 'None'
[0.393s] Level 5:colcon.colcon_core.verb:set package 'challenge_msgs' build argument 'catkin_cmake_args' from command line to 'None'
[0.393s] Level 5:colcon.colcon_core.verb:set package 'challenge_msgs' build argument 'catkin_skip_building_tests' from command line to 'False'
[0.393s] DEBUG:colcon.colcon_core.verb:Building package 'challenge_msgs' with the following arguments: {'ament_cmake_args': None, 'build_base': '/home/rllaguno/mini_challenges_eq5/build/challenge_msgs', 'catkin_cmake_args': None, 'catkin_skip_building_tests': False, 'cmake_args': None, 'cmake_clean_cache': False, 'cmake_clean_first': False, 'cmake_force_configure': False, 'cmake_target': None, 'cmake_target_skip_unavailable': False, 'install_base': '/home/rllaguno/mini_challenges_eq5/install/challenge_msgs', 'merge_install': False, 'path': '/home/rllaguno/mini_challenges_eq5/src/challenge_msgs', 'symlink_install': False, 'test_result_base': None}
[0.394s] Level 5:colcon.colcon_core.verb:set package 'mini_challenge_2' build argument 'cmake_args' from command line to 'None'
[0.394s] Level 5:colcon.colcon_core.verb:set package 'mini_challenge_2' build argument 'cmake_target' from command line to 'None'
[0.394s] Level 5:colcon.colcon_core.verb:set package 'mini_challenge_2' build argument 'cmake_target_skip_unavailable' from command line to 'False'
[0.394s] Level 5:colcon.colcon_core.verb:set package 'mini_challenge_2' build argument 'cmake_clean_cache' from command line to 'False'
[0.394s] Level 5:colcon.colcon_core.verb:set package 'mini_challenge_2' build argument 'cmake_clean_first' from command line to 'False'
[0.394s] Level 5:colcon.colcon_core.verb:set package 'mini_challenge_2' build argument 'cmake_force_configure' from command line to 'False'
[0.394s] Level 5:colcon.colcon_core.verb:set package 'mini_challenge_2' build argument 'ament_cmake_args' from command line to 'None'
[0.394s] Level 5:colcon.colcon_core.verb:set package 'mini_challenge_2' build argument 'catkin_cmake_args' from command line to 'None'
[0.394s] Level 5:colcon.colcon_core.verb:set package 'mini_challenge_2' build argument 'catkin_skip_building_tests' from command line to 'False'
[0.394s] DEBUG:colcon.colcon_core.verb:Building package 'mini_challenge_2' with the following arguments: {'ament_cmake_args': None, 'build_base': '/home/rllaguno/mini_challenges_eq5/build/mini_challenge_2', 'catkin_cmake_args': None, 'catkin_skip_building_tests': False, 'cmake_args': None, 'cmake_clean_cache': False, 'cmake_clean_first': False, 'cmake_force_configure': False, 'cmake_target': None, 'cmake_target_skip_unavailable': False, 'install_base': '/home/rllaguno/mini_challenges_eq5/install/mini_challenge_2', 'merge_install': False, 'path': '/home/rllaguno/mini_challenges_eq5/src/mini_challenge_2', 'symlink_install': False, 'test_result_base': None}
[0.395s] Level 5:colcon.colcon_core.verb:set package 'mini_challenge_3' build argument 'cmake_args' from command line to 'None'
[0.395s] Level 5:colcon.colcon_core.verb:set package 'mini_challenge_3' build argument 'cmake_target' from command line to 'None'
[0.395s] Level 5:colcon.colcon_core.verb:set package 'mini_challenge_3' build argument 'cmake_target_skip_unavailable' from command line to 'False'
[0.395s] Level 5:colcon.colcon_core.verb:set package 'mini_challenge_3' build argument 'cmake_clean_cache' from command line to 'False'
[0.395s] Level 5:colcon.colcon_core.verb:set package 'mini_challenge_3' build argument 'cmake_clean_first' from command line to 'False'
[0.395s] Level 5:colcon.colcon_core.verb:set package 'mini_challenge_3' build argument 'cmake_force_configure' from command line to 'False'
[0.395s] Level 5:colcon.colcon_core.verb:set package 'mini_challenge_3' build argument 'ament_cmake_args' from command line to 'None'
[0.395s] Level 5:colcon.colcon_core.verb:set package 'mini_challenge_3' build argument 'catkin_cmake_args' from command line to 'None'
[0.395s] Level 5:colcon.colcon_core.verb:set package 'mini_challenge_3' build argument 'catkin_skip_building_tests' from command line to 'False'
[0.395s] DEBUG:colcon.colcon_core.verb:Building package 'mini_challenge_3' with the following arguments: {'ament_cmake_args': None, 'build_base': '/home/rllaguno/mini_challenges_eq5/build/mini_challenge_3', 'catkin_cmake_args': None, 'catkin_skip_building_tests': False, 'cmake_args': None, 'cmake_clean_cache': False, 'cmake_clean_first': False, 'cmake_force_configure': False, 'cmake_target': None, 'cmake_target_skip_unavailable': False, 'install_base': '/home/rllaguno/mini_challenges_eq5/install/mini_challenge_3', 'merge_install': False, 'path': '/home/rllaguno/mini_challenges_eq5/src/mini_challenge_3', 'symlink_install': False, 'test_result_base': None}
[0.395s] Level 5:colcon.colcon_core.verb:set package 'usb_cam' build argument 'cmake_args' from command line to 'None'
[0.395s] Level 5:colcon.colcon_core.verb:set package 'usb_cam' build argument 'cmake_target' from command line to 'None'
[0.395s] Level 5:colcon.colcon_core.verb:set package 'usb_cam' build argument 'cmake_target_skip_unavailable' from command line to 'False'
[0.395s] Level 5:colcon.colcon_core.verb:set package 'usb_cam' build argument 'cmake_clean_cache' from command line to 'False'
[0.396s] Level 5:colcon.colcon_core.verb:set package 'usb_cam' build argument 'cmake_clean_first' from command line to 'False'
[0.396s] Level 5:colcon.colcon_core.verb:set package 'usb_cam' build argument 'cmake_force_configure' from command line to 'False'
[0.396s] Level 5:colcon.colcon_core.verb:set package 'usb_cam' build argument 'ament_cmake_args' from command line to 'None'
[0.396s] Level 5:colcon.colcon_core.verb:set package 'usb_cam' build argument 'catkin_cmake_args' from command line to 'None'
[0.396s] Level 5:colcon.colcon_core.verb:set package 'usb_cam' build argument 'catkin_skip_building_tests' from command line to 'False'
[0.396s] DEBUG:colcon.colcon_core.verb:Building package 'usb_cam' with the following arguments: {'ament_cmake_args': None, 'build_base': '/home/rllaguno/mini_challenges_eq5/build/usb_cam', 'catkin_cmake_args': None, 'catkin_skip_building_tests': False, 'cmake_args': None, 'cmake_clean_cache': False, 'cmake_clean_first': False, 'cmake_force_configure': False, 'cmake_target': None, 'cmake_target_skip_unavailable': False, 'install_base': '/home/rllaguno/mini_challenges_eq5/install/usb_cam', 'merge_install': False, 'path': '/home/rllaguno/mini_challenges_eq5/src/usb_cam', 'symlink_install': False, 'test_result_base': None}
[0.396s] Level 5:colcon.colcon_core.verb:set package 'mini_challenge_4' build argument 'cmake_args' from command line to 'None'
[0.396s] Level 5:colcon.colcon_core.verb:set package 'mini_challenge_4' build argument 'cmake_target' from command line to 'None'
[0.396s] Level 5:colcon.colcon_core.verb:set package 'mini_challenge_4' build argument 'cmake_target_skip_unavailable' from command line to 'False'
[0.396s] Level 5:colcon.colcon_core.verb:set package 'mini_challenge_4' build argument 'cmake_clean_cache' from command line to 'False'
[0.396s] Level 5:colcon.colcon_core.verb:set package 'mini_challenge_4' build argument 'cmake_clean_first' from command line to 'False'
[0.396s] Level 5:colcon.colcon_core.verb:set package 'mini_challenge_4' build argument 'cmake_force_configure' from command line to 'False'
[0.396s] Level 5:colcon.colcon_core.verb:set package 'mini_challenge_4' build argument 'ament_cmake_args' from command line to 'None'
[0.396s] Level 5:colcon.colcon_core.verb:set package 'mini_challenge_4' build argument 'catkin_cmake_args' from command line to 'None'
[0.396s] Level 5:colcon.colcon_core.verb:set package 'mini_challenge_4' build argument 'catkin_skip_building_tests' from command line to 'False'
[0.396s] DEBUG:colcon.colcon_core.verb:Building package 'mini_challenge_4' with the following arguments: {'ament_cmake_args': None, 'build_base': '/home/rllaguno/mini_challenges_eq5/build/mini_challenge_4', 'catkin_cmake_args': None, 'catkin_skip_building_tests': False, 'cmake_args': None, 'cmake_clean_cache': False, 'cmake_clean_first': False, 'cmake_force_configure': False, 'cmake_target': None, 'cmake_target_skip_unavailable': False, 'install_base': '/home/rllaguno/mini_challenges_eq5/install/mini_challenge_4', 'merge_install': False, 'path': '/home/rllaguno/mini_challenges_eq5/src/mini_challenge_4', 'symlink_install': False, 'test_result_base': None}
[0.396s] INFO:colcon.colcon_core.executor:Executing jobs using 'parallel' executor
[0.398s] DEBUG:colcon.colcon_parallel_executor.executor.parallel:run_until_complete
[0.398s] INFO:colcon.colcon_ros.task.ament_cmake.build:Building ROS package in '/home/rllaguno/mini_challenges_eq5/src/challenge_msgs' with build type 'ament_cmake'
[0.398s] INFO:colcon.colcon_cmake.task.cmake.build:Building CMake package in '/home/rllaguno/mini_challenges_eq5/src/challenge_msgs'
[0.400s] INFO:colcon.colcon_core.plugin_system:Skipping extension 'colcon_core.shell.bat': Not used on non-Windows systems
[0.401s] INFO:colcon.colcon_core.shell:Skip shell extension 'powershell' for command environment: Not usable outside of PowerShell
[0.401s] DEBUG:colcon.colcon_core.shell:Skip shell extension 'dsv' for command environment
[0.404s] INFO:colcon.colcon_ros.task.ament_python.build:Building ROS package in '/home/rllaguno/mini_challenges_eq5/src/mini_challenge_2' with build type 'ament_python'
[0.404s] Level 1:colcon.colcon_core.shell:create_environment_hook('mini_challenge_2', 'ament_prefix_path')
[0.405s] INFO:colcon.colcon_core.shell:Creating environment hook '/home/rllaguno/mini_challenges_eq5/install/mini_challenge_2/share/mini_challenge_2/hook/ament_prefix_path.ps1'
[0.405s] INFO:colcon.colcon_core.shell:Creating environment descriptor '/home/rllaguno/mini_challenges_eq5/install/mini_challenge_2/share/mini_challenge_2/hook/ament_prefix_path.dsv'
[0.406s] INFO:colcon.colcon_core.shell:Creating environment hook '/home/rllaguno/mini_challenges_eq5/install/mini_challenge_2/share/mini_challenge_2/hook/ament_prefix_path.sh'
[0.406s] INFO:colcon.colcon_core.shell:Skip shell extension 'powershell' for command environment: Not usable outside of PowerShell
[0.407s] DEBUG:colcon.colcon_core.shell:Skip shell extension 'dsv' for command environment
[0.410s] INFO:colcon.colcon_ros.task.ament_python.build:Building ROS package in '/home/rllaguno/mini_challenges_eq5/src/mini_challenge_3' with build type 'ament_python'
[0.410s] Level 1:colcon.colcon_core.shell:create_environment_hook('mini_challenge_3', 'ament_prefix_path')
[0.411s] INFO:colcon.colcon_core.shell:Creating environment hook '/home/rllaguno/mini_challenges_eq5/install/mini_challenge_3/share/mini_challenge_3/hook/ament_prefix_path.ps1'
[0.411s] INFO:colcon.colcon_core.shell:Creating environment descriptor '/home/rllaguno/mini_challenges_eq5/install/mini_challenge_3/share/mini_challenge_3/hook/ament_prefix_path.dsv'
[0.412s] INFO:colcon.colcon_core.shell:Creating environment hook '/home/rllaguno/mini_challenges_eq5/install/mini_challenge_3/share/mini_challenge_3/hook/ament_prefix_path.sh'
[0.413s] INFO:colcon.colcon_core.shell:Skip shell extension 'powershell' for command environment: Not usable outside of PowerShell
[0.413s] DEBUG:colcon.colcon_core.shell:Skip shell extension 'dsv' for command environment
[0.417s] INFO:colcon.colcon_ros.task.ament_cmake.build:Building ROS package in '/home/rllaguno/mini_challenges_eq5/src/usb_cam' with build type 'ament_cmake'
[0.417s] INFO:colcon.colcon_cmake.task.cmake.build:Building CMake package in '/home/rllaguno/mini_challenges_eq5/src/usb_cam'
[0.417s] INFO:colcon.colcon_core.shell:Skip shell extension 'powershell' for command environment: Not usable outside of PowerShell
[0.417s] DEBUG:colcon.colcon_core.shell:Skip shell extension 'dsv' for command environment
[0.432s] DEBUG:colcon.colcon_core.event_handler.log_command:Invoking command in '/home/rllaguno/mini_challenges_eq5/build/challenge_msgs': CMAKE_PREFIX_PATH=${CMAKE_PREFIX_PATH}:/home/rllaguno/mini_challenges_eq5/install/mini_challenge_4:/home/rllaguno/mini_challenges_eq5/install/mini_challenge_3:/home/rllaguno/mini_challenges_eq5/install/mini_challenge_2:/opt/ros/humble /usr/bin/cmake --build /home/rllaguno/mini_challenges_eq5/build/challenge_msgs -- -j16 -l16
[0.741s] INFO:colcon.colcon_core.task.python.build:Building Python package in '/home/rllaguno/mini_challenges_eq5/src/mini_challenge_2'
[0.741s] INFO:colcon.colcon_core.shell:Skip shell extension 'powershell' for command environment: Not usable outside of PowerShell
[0.741s] DEBUG:colcon.colcon_core.shell:Skip shell extension 'dsv' for command environment
[1.027s] INFO:colcon.colcon_core.task.python.build:Building Python package in '/home/rllaguno/mini_challenges_eq5/src/mini_challenge_3'
[1.028s] INFO:colcon.colcon_core.shell:Skip shell extension 'powershell' for command environment: Not usable outside of PowerShell
[1.028s] DEBUG:colcon.colcon_core.shell:Skip shell extension 'dsv' for command environment
[1.042s] DEBUG:colcon.colcon_core.event_handler.log_command:Invoking command in '/home/rllaguno/mini_challenges_eq5/build/usb_cam': CMAKE_PREFIX_PATH=${CMAKE_PREFIX_PATH}:/home/rllaguno/mini_challenges_eq5/install/mini_challenge_4:/home/rllaguno/mini_challenges_eq5/install/mini_challenge_3:/home/rllaguno/mini_challenges_eq5/install/mini_challenge_2:/opt/ros/humble /usr/bin/cmake --build /home/rllaguno/mini_challenges_eq5/build/usb_cam -- -j16 -l16
[1.043s] DEBUG:colcon.colcon_core.event_handler.log_command:Invoked command in '/home/rllaguno/mini_challenges_eq5/build/challenge_msgs' returned '0': CMAKE_PREFIX_PATH=${CMAKE_PREFIX_PATH}:/home/rllaguno/mini_challenges_eq5/install/mini_challenge_4:/home/rllaguno/mini_challenges_eq5/install/mini_challenge_3:/home/rllaguno/mini_challenges_eq5/install/mini_challenge_2:/opt/ros/humble /usr/bin/cmake --build /home/rllaguno/mini_challenges_eq5/build/challenge_msgs -- -j16 -l16
[1.152s] DEBUG:colcon.colcon_core.event_handler.log_command:Invoking command in '/home/rllaguno/mini_challenges_eq5/build/challenge_msgs': CMAKE_PREFIX_PATH=${CMAKE_PREFIX_PATH}:/home/rllaguno/mini_challenges_eq5/install/mini_challenge_4:/home/rllaguno/mini_challenges_eq5/install/mini_challenge_3:/home/rllaguno/mini_challenges_eq5/install/mini_challenge_2:/opt/ros/humble /usr/bin/cmake --install /home/rllaguno/mini_challenges_eq5/build/challenge_msgs
[1.172s] DEBUG:colcon.colcon_core.event_handler.log_command:Invoked command in '/home/rllaguno/mini_challenges_eq5/build/usb_cam' returned '0': CMAKE_PREFIX_PATH=${CMAKE_PREFIX_PATH}:/home/rllaguno/mini_challenges_eq5/install/mini_challenge_4:/home/rllaguno/mini_challenges_eq5/install/mini_challenge_3:/home/rllaguno/mini_challenges_eq5/install/mini_challenge_2:/opt/ros/humble /usr/bin/cmake --build /home/rllaguno/mini_challenges_eq5/build/usb_cam -- -j16 -l16
[1.219s] Level 1:colcon.colcon_core.environment:create_environment_scripts_only(challenge_msgs)
[1.220s] DEBUG:colcon.colcon_core.event_handler.log_command:Invoked command in '/home/rllaguno/mini_challenges_eq5/build/challenge_msgs' returned '0': CMAKE_PREFIX_PATH=${CMAKE_PREFIX_PATH}:/home/rllaguno/mini_challenges_eq5/install/mini_challenge_4:/home/rllaguno/mini_challenges_eq5/install/mini_challenge_3:/home/rllaguno/mini_challenges_eq5/install/mini_challenge_2:/opt/ros/humble /usr/bin/cmake --install /home/rllaguno/mini_challenges_eq5/build/challenge_msgs
[1.222s] Level 1:colcon.colcon_core.environment:checking '/home/rllaguno/mini_challenges_eq5/install/challenge_msgs' for CMake module files
[1.223s] Level 1:colcon.colcon_core.environment:checking '/home/rllaguno/mini_challenges_eq5/install/challenge_msgs' for CMake config files
[1.224s] Level 1:colcon.colcon_core.shell:create_environment_hook('challenge_msgs', 'cmake_prefix_path')
[1.224s] INFO:colcon.colcon_core.shell:Creating environment hook '/home/rllaguno/mini_challenges_eq5/install/challenge_msgs/share/challenge_msgs/hook/cmake_prefix_path.ps1'
[1.226s] INFO:colcon.colcon_core.shell:Creating environment descriptor '/home/rllaguno/mini_challenges_eq5/install/challenge_msgs/share/challenge_msgs/hook/cmake_prefix_path.dsv'
[1.227s] INFO:colcon.colcon_core.shell:Creating environment hook '/home/rllaguno/mini_challenges_eq5/install/challenge_msgs/share/challenge_msgs/hook/cmake_prefix_path.sh'
[1.228s] Level 1:colcon.colcon_core.environment:checking '/home/rllaguno/mini_challenges_eq5/install/challenge_msgs/lib'
[1.228s] Level 1:colcon.colcon_core.shell:create_environment_hook('challenge_msgs', 'ld_library_path_lib')
[1.228s] INFO:colcon.colcon_core.shell:Creating environment hook '/home/rllaguno/mini_challenges_eq5/install/challenge_msgs/share/challenge_msgs/hook/ld_library_path_lib.ps1'
[1.229s] INFO:colcon.colcon_core.shell:Creating environment descriptor '/home/rllaguno/mini_challenges_eq5/install/challenge_msgs/share/challenge_msgs/hook/ld_library_path_lib.dsv'
[1.229s] INFO:colcon.colcon_core.shell:Creating environment hook '/home/rllaguno/mini_challenges_eq5/install/challenge_msgs/share/challenge_msgs/hook/ld_library_path_lib.sh'
[1.229s] Level 1:colcon.colcon_core.environment:checking '/home/rllaguno/mini_challenges_eq5/install/challenge_msgs/bin'
[1.229s] Level 1:colcon.colcon_core.environment:checking '/home/rllaguno/mini_challenges_eq5/install/challenge_msgs/lib/pkgconfig/challenge_msgs.pc'
[1.230s] Level 1:colcon.colcon_core.environment:checking '/home/rllaguno/mini_challenges_eq5/install/challenge_msgs/lib/python3.10/site-packages'
[1.230s] Level 1:colcon.colcon_core.environment:checking '/home/rllaguno/mini_challenges_eq5/install/challenge_msgs/bin'
[1.230s] INFO:colcon.colcon_core.shell:Creating package script '/home/rllaguno/mini_challenges_eq5/install/challenge_msgs/share/challenge_msgs/package.ps1'
[1.231s] INFO:colcon.colcon_core.shell:Creating package descriptor '/home/rllaguno/mini_challenges_eq5/install/challenge_msgs/share/challenge_msgs/package.dsv'
[1.232s] INFO:colcon.colcon_core.shell:Creating package script '/home/rllaguno/mini_challenges_eq5/install/challenge_msgs/share/challenge_msgs/package.sh'
[1.233s] INFO:colcon.colcon_core.shell:Creating package script '/home/rllaguno/mini_challenges_eq5/install/challenge_msgs/share/challenge_msgs/package.bash'
[1.234s] INFO:colcon.colcon_core.shell:Creating package script '/home/rllaguno/mini_challenges_eq5/install/challenge_msgs/share/challenge_msgs/package.zsh'
[1.235s] Level 1:colcon.colcon_core.environment:create_file_with_runtime_dependencies(/home/rllaguno/mini_challenges_eq5/install/challenge_msgs/share/colcon-core/packages/challenge_msgs)
[1.239s] DEBUG:colcon.colcon_core.event_handler.log_command:Invoking command in '/home/rllaguno/mini_challenges_eq5/build/usb_cam': CMAKE_PREFIX_PATH=${CMAKE_PREFIX_PATH}:/home/rllaguno/mini_challenges_eq5/install/mini_challenge_4:/home/rllaguno/mini_challenges_eq5/install/mini_challenge_3:/home/rllaguno/mini_challenges_eq5/install/mini_challenge_2:/opt/ros/humble /usr/bin/cmake --install /home/rllaguno/mini_challenges_eq5/build/usb_cam
[1.252s] Level 1:colcon.colcon_core.environment:create_environment_scripts_only(usb_cam)
[1.253s] Level 1:colcon.colcon_core.environment:checking '/home/rllaguno/mini_challenges_eq5/install/usb_cam' for CMake module files
[1.254s] Level 1:colcon.colcon_core.environment:checking '/home/rllaguno/mini_challenges_eq5/install/usb_cam' for CMake config files
[1.254s] Level 1:colcon.colcon_core.shell:create_environment_hook('usb_cam', 'cmake_prefix_path')
[1.255s] INFO:colcon.colcon_core.shell:Creating environment hook '/home/rllaguno/mini_challenges_eq5/install/usb_cam/share/usb_cam/hook/cmake_prefix_path.ps1'
[1.255s] INFO:colcon.colcon_core.shell:Creating environment descriptor '/home/rllaguno/mini_challenges_eq5/install/usb_cam/share/usb_cam/hook/cmake_prefix_path.dsv'
[1.256s] INFO:colcon.colcon_core.shell:Creating environment hook '/home/rllaguno/mini_challenges_eq5/install/usb_cam/share/usb_cam/hook/cmake_prefix_path.sh'
[1.256s] Level 1:colcon.colcon_core.environment:checking '/home/rllaguno/mini_challenges_eq5/install/usb_cam/lib'
[1.253s] DEBUG:colcon.colcon_core.event_handler.log_command:Invoked command in '/home/rllaguno/mini_challenges_eq5/build/usb_cam' returned '0': CMAKE_PREFIX_PATH=${CMAKE_PREFIX_PATH}:/home/rllaguno/mini_challenges_eq5/install/mini_challenge_4:/home/rllaguno/mini_challenges_eq5/install/mini_challenge_3:/home/rllaguno/mini_challenges_eq5/install/mini_challenge_2:/opt/ros/humble /usr/bin/cmake --install /home/rllaguno/mini_challenges_eq5/build/usb_cam
[1.256s] Level 1:colcon.colcon_core.shell:create_environment_hook('usb_cam', 'ld_library_path_lib')
[1.257s] INFO:colcon.colcon_core.shell:Creating environment hook '/home/rllaguno/mini_challenges_eq5/install/usb_cam/share/usb_cam/hook/ld_library_path_lib.ps1'
[1.257s] INFO:colcon.colcon_core.shell:Creating environment descriptor '/home/rllaguno/mini_challenges_eq5/install/usb_cam/share/usb_cam/hook/ld_library_path_lib.dsv'
[1.258s] INFO:colcon.colcon_core.shell:Creating environment hook '/home/rllaguno/mini_challenges_eq5/install/usb_cam/share/usb_cam/hook/ld_library_path_lib.sh'
[1.258s] Level 1:colcon.colcon_core.environment:checking '/home/rllaguno/mini_challenges_eq5/install/usb_cam/bin'
[1.258s] Level 1:colcon.colcon_core.environment:checking '/home/rllaguno/mini_challenges_eq5/install/usb_cam/lib/pkgconfig/usb_cam.pc'
[1.259s] Level 1:colcon.colcon_core.environment:checking '/home/rllaguno/mini_challenges_eq5/install/usb_cam/lib/python3.10/site-packages'
[1.259s] Level 1:colcon.colcon_core.environment:checking '/home/rllaguno/mini_challenges_eq5/install/usb_cam/bin'
[1.259s] INFO:colcon.colcon_core.shell:Creating package script '/home/rllaguno/mini_challenges_eq5/install/usb_cam/share/usb_cam/package.ps1'
[1.260s] INFO:colcon.colcon_core.shell:Creating package descriptor '/home/rllaguno/mini_challenges_eq5/install/usb_cam/share/usb_cam/package.dsv'
[1.261s] INFO:colcon.colcon_core.shell:Creating package script '/home/rllaguno/mini_challenges_eq5/install/usb_cam/share/usb_cam/package.sh'
[1.261s] INFO:colcon.colcon_core.shell:Creating package script '/home/rllaguno/mini_challenges_eq5/install/usb_cam/share/usb_cam/package.bash'
[1.261s] INFO:colcon.colcon_core.shell:Creating package script '/home/rllaguno/mini_challenges_eq5/install/usb_cam/share/usb_cam/package.zsh'
[1.262s] Level 1:colcon.colcon_core.environment:create_file_with_runtime_dependencies(/home/rllaguno/mini_challenges_eq5/install/usb_cam/share/colcon-core/packages/usb_cam)
[1.320s] Level 1:colcon.colcon_core.environment:create_environment_scripts_only(usb_cam)
[1.320s] Level 1:colcon.colcon_core.environment:checking '/home/rllaguno/mini_challenges_eq5/install/usb_cam' for CMake module files
[1.321s] Level 1:colcon.colcon_core.environment:checking '/home/rllaguno/mini_challenges_eq5/install/usb_cam' for CMake config files
[1.321s] Level 1:colcon.colcon_core.shell:create_environment_hook('usb_cam', 'cmake_prefix_path')
[1.322s] INFO:colcon.colcon_core.shell:Creating environment hook '/home/rllaguno/mini_challenges_eq5/install/usb_cam/share/usb_cam/hook/cmake_prefix_path.ps1'
[1.322s] INFO:colcon.colcon_core.shell:Creating environment descriptor '/home/rllaguno/mini_challenges_eq5/install/usb_cam/share/usb_cam/hook/cmake_prefix_path.dsv'
[1.323s] INFO:colcon.colcon_core.shell:Creating environment hook '/home/rllaguno/mini_challenges_eq5/install/usb_cam/share/usb_cam/hook/cmake_prefix_path.sh'
[1.323s] Level 1:colcon.colcon_core.environment:checking '/home/rllaguno/mini_challenges_eq5/install/usb_cam/lib'
[1.324s] Level 1:colcon.colcon_core.shell:create_environment_hook('usb_cam', 'ld_library_path_lib')
[1.324s] INFO:colcon.colcon_core.shell:Creating environment hook '/home/rllaguno/mini_challenges_eq5/install/usb_cam/share/usb_cam/hook/ld_library_path_lib.ps1'
[1.324s] INFO:colcon.colcon_core.shell:Creating environment descriptor '/home/rllaguno/mini_challenges_eq5/install/usb_cam/share/usb_cam/hook/ld_library_path_lib.dsv'
[1.325s] INFO:colcon.colcon_core.shell:Creating environment hook '/home/rllaguno/mini_challenges_eq5/install/usb_cam/share/usb_cam/hook/ld_library_path_lib.sh'
[1.326s] Level 1:colcon.colcon_core.environment:checking '/home/rllaguno/mini_challenges_eq5/install/usb_cam/bin'
[1.326s] Level 1:colcon.colcon_core.environment:checking '/home/rllaguno/mini_challenges_eq5/install/usb_cam/lib/pkgconfig/usb_cam.pc'
[1.326s] Level 1:colcon.colcon_core.environment:checking '/home/rllaguno/mini_challenges_eq5/install/usb_cam/lib/python3.10/site-packages'
[1.326s] Level 1:colcon.colcon_core.environment:checking '/home/rllaguno/mini_challenges_eq5/install/usb_cam/bin'
[1.327s] INFO:colcon.colcon_core.shell:Creating package script '/home/rllaguno/mini_challenges_eq5/install/usb_cam/share/usb_cam/package.ps1'
[1.328s] INFO:colcon.colcon_core.shell:Creating package descriptor '/home/rllaguno/mini_challenges_eq5/install/usb_cam/share/usb_cam/package.dsv'
[1.329s] INFO:colcon.colcon_core.shell:Creating package script '/home/rllaguno/mini_challenges_eq5/install/usb_cam/share/usb_cam/package.sh'
[1.329s] INFO:colcon.colcon_core.shell:Creating package script '/home/rllaguno/mini_challenges_eq5/install/usb_cam/share/usb_cam/package.bash'
[1.330s] INFO:colcon.colcon_core.shell:Creating package script '/home/rllaguno/mini_challenges_eq5/install/usb_cam/share/usb_cam/package.zsh'
[1.331s] Level 1:colcon.colcon_core.environment:create_file_with_runtime_dependencies(/home/rllaguno/mini_challenges_eq5/install/usb_cam/share/colcon-core/packages/usb_cam)
[1.332s] Level 1:colcon.colcon_core.environment:create_environment_scripts_only(challenge_msgs)
[1.332s] Level 1:colcon.colcon_core.environment:checking '/home/rllaguno/mini_challenges_eq5/install/challenge_msgs' for CMake module files
[1.333s] Level 1:colcon.colcon_core.environment:checking '/home/rllaguno/mini_challenges_eq5/install/challenge_msgs' for CMake config files
[1.334s] Level 1:colcon.colcon_core.shell:create_environment_hook('challenge_msgs', 'cmake_prefix_path')
[1.334s] INFO:colcon.colcon_core.shell:Creating environment hook '/home/rllaguno/mini_challenges_eq5/install/challenge_msgs/share/challenge_msgs/hook/cmake_prefix_path.ps1'
[1.335s] INFO:colcon.colcon_core.shell:Creating environment descriptor '/home/rllaguno/mini_challenges_eq5/install/challenge_msgs/share/challenge_msgs/hook/cmake_prefix_path.dsv'
[1.335s] INFO:colcon.colcon_core.shell:Creating environment hook '/home/rllaguno/mini_challenges_eq5/install/challenge_msgs/share/challenge_msgs/hook/cmake_prefix_path.sh'
[1.336s] Level 1:colcon.colcon_core.environment:checking '/home/rllaguno/mini_challenges_eq5/install/challenge_msgs/lib'
[1.336s] Level 1:colcon.colcon_core.shell:create_environment_hook('challenge_msgs', 'ld_library_path_lib')
[1.336s] INFO:colcon.colcon_core.shell:Creating environment hook '/home/rllaguno/mini_challenges_eq5/install/challenge_msgs/share/challenge_msgs/hook/ld_library_path_lib.ps1'
[1.336s] INFO:colcon.colcon_core.shell:Creating environment descriptor '/home/rllaguno/mini_challenges_eq5/install/challenge_msgs/share/challenge_msgs/hook/ld_library_path_lib.dsv'
[1.337s] INFO:colcon.colcon_core.shell:Creating environment hook '/home/rllaguno/mini_challenges_eq5/install/challenge_msgs/share/challenge_msgs/hook/ld_library_path_lib.sh'
[1.338s] Level 1:colcon.colcon_core.environment:checking '/home/rllaguno/mini_challenges_eq5/install/challenge_msgs/bin'
[1.338s] Level 1:colcon.colcon_core.environment:checking '/home/rllaguno/mini_challenges_eq5/install/challenge_msgs/lib/pkgconfig/challenge_msgs.pc'
[1.338s] Level 1:colcon.colcon_core.environment:checking '/home/rllaguno/mini_challenges_eq5/install/challenge_msgs/lib/python3.10/site-packages'
[1.338s] Level 1:colcon.colcon_core.environment:checking '/home/rllaguno/mini_challenges_eq5/install/challenge_msgs/bin'
[1.339s] INFO:colcon.colcon_core.shell:Creating package script '/home/rllaguno/mini_challenges_eq5/install/challenge_msgs/share/challenge_msgs/package.ps1'
[1.339s] INFO:colcon.colcon_core.shell:Creating package descriptor '/home/rllaguno/mini_challenges_eq5/install/challenge_msgs/share/challenge_msgs/package.dsv'
[1.340s] INFO:colcon.colcon_core.shell:Creating package script '/home/rllaguno/mini_challenges_eq5/install/challenge_msgs/share/challenge_msgs/package.sh'
[1.341s] INFO:colcon.colcon_core.shell:Creating package script '/home/rllaguno/mini_challenges_eq5/install/challenge_msgs/share/challenge_msgs/package.bash'
[1.342s] INFO:colcon.colcon_core.shell:Creating package script '/home/rllaguno/mini_challenges_eq5/install/challenge_msgs/share/challenge_msgs/package.zsh'
[1.342s] Level 1:colcon.colcon_core.environment:create_file_with_runtime_dependencies(/home/rllaguno/mini_challenges_eq5/install/challenge_msgs/share/colcon-core/packages/challenge_msgs)
[1.345s] INFO:colcon.colcon_ros.task.ament_python.build:Building ROS package in '/home/rllaguno/mini_challenges_eq5/src/mini_challenge_4' with build type 'ament_python'
[1.346s] Level 1:colcon.colcon_core.shell:create_environment_hook('mini_challenge_4', 'ament_prefix_path')
[1.346s] INFO:colcon.colcon_core.shell:Creating environment hook '/home/rllaguno/mini_challenges_eq5/install/mini_challenge_4/share/mini_challenge_4/hook/ament_prefix_path.ps1'
[1.347s] INFO:colcon.colcon_core.shell:Creating environment descriptor '/home/rllaguno/mini_challenges_eq5/install/mini_challenge_4/share/mini_challenge_4/hook/ament_prefix_path.dsv'
[1.348s] INFO:colcon.colcon_core.shell:Creating environment hook '/home/rllaguno/mini_challenges_eq5/install/mini_challenge_4/share/mini_challenge_4/hook/ament_prefix_path.sh'
[1.349s] INFO:colcon.colcon_core.shell:Skip shell extension 'powershell' for command environment: Not usable outside of PowerShell
[1.349s] DEBUG:colcon.colcon_core.shell:Skip shell extension 'dsv' for command environment
[1.628s] INFO:colcon.colcon_core.task.python.build:Building Python package in '/home/rllaguno/mini_challenges_eq5/src/mini_challenge_4'
[1.628s] INFO:colcon.colcon_core.shell:Skip shell extension 'powershell' for command environment: Not usable outside of PowerShell
[1.629s] DEBUG:colcon.colcon_core.shell:Skip shell extension 'dsv' for command environment
[1.641s] DEBUG:colcon.colcon_core.event_handler.log_command:Invoking command in '/home/rllaguno/mini_challenges_eq5/src/mini_challenge_2': PYTHONPATH=/home/rllaguno/mini_challenges_eq5/build/mini_challenge_2/prefix_override:/home/rllaguno/mini_challenges_eq5/install/mini_challenge_2/lib/python3.10/site-packages:${PYTHONPATH} /usr/bin/python3 -W ignore:setup.py install is deprecated setup.py egg_info --egg-base ../../build/mini_challenge_2 build --build-base /home/rllaguno/mini_challenges_eq5/build/mini_challenge_2/build install --record /home/rllaguno/mini_challenges_eq5/build/mini_challenge_2/install.log --single-version-externally-managed install_data
[1.643s] DEBUG:colcon.colcon_core.event_handler.log_command:Invoking command in '/home/rllaguno/mini_challenges_eq5/src/mini_challenge_3': PYTHONPATH=/home/rllaguno/mini_challenges_eq5/build/mini_challenge_3/prefix_override:/home/rllaguno/mini_challenges_eq5/install/mini_challenge_3/lib/python3.10/site-packages:${PYTHONPATH} /usr/bin/python3 -W ignore:setup.py install is deprecated setup.py egg_info --egg-base ../../build/mini_challenge_3 build --build-base /home/rllaguno/mini_challenges_eq5/build/mini_challenge_3/build install --record /home/rllaguno/mini_challenges_eq5/build/mini_challenge_3/install.log --single-version-externally-managed install_data
[1.980s] Level 1:colcon.colcon_core.environment:checking '/home/rllaguno/mini_challenges_eq5/install/mini_challenge_2' for CMake module files
[1.982s] DEBUG:colcon.colcon_core.event_handler.log_command:Invoked command in '/home/rllaguno/mini_challenges_eq5/src/mini_challenge_2' returned '0': PYTHONPATH=/home/rllaguno/mini_challenges_eq5/build/mini_challenge_2/prefix_override:/home/rllaguno/mini_challenges_eq5/install/mini_challenge_2/lib/python3.10/site-packages:${PYTHONPATH} /usr/bin/python3 -W ignore:setup.py install is deprecated setup.py egg_info --egg-base ../../build/mini_challenge_2 build --build-base /home/rllaguno/mini_challenges_eq5/build/mini_challenge_2/build install --record /home/rllaguno/mini_challenges_eq5/build/mini_challenge_2/install.log --single-version-externally-managed install_data
[1.982s] Level 1:colcon.colcon_core.environment:checking '/home/rllaguno/mini_challenges_eq5/install/mini_challenge_2' for CMake config files
[1.983s] Level 1:colcon.colcon_core.environment:checking '/home/rllaguno/mini_challenges_eq5/install/mini_challenge_2/lib'
[1.983s] Level 1:colcon.colcon_core.environment:checking '/home/rllaguno/mini_challenges_eq5/install/mini_challenge_2/bin'
[1.983s] Level 1:colcon.colcon_core.environment:checking '/home/rllaguno/mini_challenges_eq5/install/mini_challenge_2/lib/pkgconfig/mini_challenge_2.pc'
[1.983s] Level 1:colcon.colcon_core.environment:checking '/home/rllaguno/mini_challenges_eq5/install/mini_challenge_2/lib/python3.10/site-packages'
[1.983s] Level 1:colcon.colcon_core.shell:create_environment_hook('mini_challenge_2', 'pythonpath')
[1.984s] INFO:colcon.colcon_core.shell:Creating environment hook '/home/rllaguno/mini_challenges_eq5/install/mini_challenge_2/share/mini_challenge_2/hook/pythonpath.ps1'
[1.984s] INFO:colcon.colcon_core.shell:Creating environment descriptor '/home/rllaguno/mini_challenges_eq5/install/mini_challenge_2/share/mini_challenge_2/hook/pythonpath.dsv'
[1.985s] INFO:colcon.colcon_core.shell:Creating environment hook '/home/rllaguno/mini_challenges_eq5/install/mini_challenge_2/share/mini_challenge_2/hook/pythonpath.sh'
[1.985s] Level 1:colcon.colcon_core.environment:checking '/home/rllaguno/mini_challenges_eq5/install/mini_challenge_2/bin'
[1.985s] Level 1:colcon.colcon_core.environment:create_environment_scripts_only(mini_challenge_2)
[1.986s] INFO:colcon.colcon_core.shell:Creating package script '/home/rllaguno/mini_challenges_eq5/install/mini_challenge_2/share/mini_challenge_2/package.ps1'
[1.986s] INFO:colcon.colcon_core.shell:Creating package descriptor '/home/rllaguno/mini_challenges_eq5/install/mini_challenge_2/share/mini_challenge_2/package.dsv'
[1.987s] INFO:colcon.colcon_core.shell:Creating package script '/home/rllaguno/mini_challenges_eq5/install/mini_challenge_2/share/mini_challenge_2/package.sh'
[1.988s] INFO:colcon.colcon_core.shell:Creating package script '/home/rllaguno/mini_challenges_eq5/install/mini_challenge_2/share/mini_challenge_2/package.bash'
[1.988s] INFO:colcon.colcon_core.shell:Creating package script '/home/rllaguno/mini_challenges_eq5/install/mini_challenge_2/share/mini_challenge_2/package.zsh'
[1.988s] Level 1:colcon.colcon_core.environment:create_file_with_runtime_dependencies(/home/rllaguno/mini_challenges_eq5/install/mini_challenge_2/share/colcon-core/packages/mini_challenge_2)
[1.990s] Level 1:colcon.colcon_core.environment:checking '/home/rllaguno/mini_challenges_eq5/install/mini_challenge_3' for CMake module files
[1.990s] DEBUG:colcon.colcon_core.event_handler.log_command:Invoked command in '/home/rllaguno/mini_challenges_eq5/src/mini_challenge_3' returned '0': PYTHONPATH=/home/rllaguno/mini_challenges_eq5/build/mini_challenge_3/prefix_override:/home/rllaguno/mini_challenges_eq5/install/mini_challenge_3/lib/python3.10/site-packages:${PYTHONPATH} /usr/bin/python3 -W ignore:setup.py install is deprecated setup.py egg_info --egg-base ../../build/mini_challenge_3 build --build-base /home/rllaguno/mini_challenges_eq5/build/mini_challenge_3/build install --record /home/rllaguno/mini_challenges_eq5/build/mini_challenge_3/install.log --single-version-externally-managed install_data
[1.991s] Level 1:colcon.colcon_core.environment:checking '/home/rllaguno/mini_challenges_eq5/install/mini_challenge_3' for CMake config files
[1.992s] Level 1:colcon.colcon_core.environment:checking '/home/rllaguno/mini_challenges_eq5/install/mini_challenge_3/lib'
[1.992s] Level 1:colcon.colcon_core.environment:checking '/home/rllaguno/mini_challenges_eq5/install/mini_challenge_3/bin'
[1.992s] Level 1:colcon.colcon_core.environment:checking '/home/rllaguno/mini_challenges_eq5/install/mini_challenge_3/lib/pkgconfig/mini_challenge_3.pc'
[1.992s] Level 1:colcon.colcon_core.environment:checking '/home/rllaguno/mini_challenges_eq5/install/mini_challenge_3/lib/python3.10/site-packages'
[1.992s] Level 1:colcon.colcon_core.shell:create_environment_hook('mini_challenge_3', 'pythonpath')
[1.993s] INFO:colcon.colcon_core.shell:Creating environment hook '/home/rllaguno/mini_challenges_eq5/install/mini_challenge_3/share/mini_challenge_3/hook/pythonpath.ps1'
[1.993s] INFO:colcon.colcon_core.shell:Creating environment descriptor '/home/rllaguno/mini_challenges_eq5/install/mini_challenge_3/share/mini_challenge_3/hook/pythonpath.dsv'
[1.994s] INFO:colcon.colcon_core.shell:Creating environment hook '/home/rllaguno/mini_challenges_eq5/install/mini_challenge_3/share/mini_challenge_3/hook/pythonpath.sh'
[1.994s] Level 1:colcon.colcon_core.environment:checking '/home/rllaguno/mini_challenges_eq5/install/mini_challenge_3/bin'
[1.994s] Level 1:colcon.colcon_core.environment:create_environment_scripts_only(mini_challenge_3)
[1.995s] INFO:colcon.colcon_core.shell:Creating package script '/home/rllaguno/mini_challenges_eq5/install/mini_challenge_3/share/mini_challenge_3/package.ps1'
[1.995s] INFO:colcon.colcon_core.shell:Creating package descriptor '/home/rllaguno/mini_challenges_eq5/install/mini_challenge_3/share/mini_challenge_3/package.dsv'
[1.996s] INFO:colcon.colcon_core.shell:Creating package script '/home/rllaguno/mini_challenges_eq5/install/mini_challenge_3/share/mini_challenge_3/package.sh'
[1.996s] INFO:colcon.colcon_core.shell:Creating package script '/home/rllaguno/mini_challenges_eq5/install/mini_challenge_3/share/mini_challenge_3/package.bash'
[1.997s] INFO:colcon.colcon_core.shell:Creating package script '/home/rllaguno/mini_challenges_eq5/install/mini_challenge_3/share/mini_challenge_3/package.zsh'
[1.997s] Level 1:colcon.colcon_core.environment:create_file_with_runtime_dependencies(/home/rllaguno/mini_challenges_eq5/install/mini_challenge_3/share/colcon-core/packages/mini_challenge_3)
[2.096s] DEBUG:colcon.colcon_core.event_handler.log_command:Invoking command in '/home/rllaguno/mini_challenges_eq5/src/mini_challenge_4': PYTHONPATH=/home/rllaguno/mini_challenges_eq5/build/mini_challenge_4/prefix_override:/home/rllaguno/mini_challenges_eq5/install/mini_challenge_4/lib/python3.10/site-packages:${PYTHONPATH} /usr/bin/python3 -W ignore:setup.py install is deprecated setup.py egg_info --egg-base ../../build/mini_challenge_4 build --build-base /home/rllaguno/mini_challenges_eq5/build/mini_challenge_4/build install --record /home/rllaguno/mini_challenges_eq5/build/mini_challenge_4/install.log --single-version-externally-managed install_data
[2.408s] Level 1:colcon.colcon_core.environment:checking '/home/rllaguno/mini_challenges_eq5/install/mini_challenge_4' for CMake module files
[2.409s] DEBUG:colcon.colcon_core.event_handler.log_command:Invoked command in '/home/rllaguno/mini_challenges_eq5/src/mini_challenge_4' returned '0': PYTHONPATH=/home/rllaguno/mini_challenges_eq5/build/mini_challenge_4/prefix_override:/home/rllaguno/mini_challenges_eq5/install/mini_challenge_4/lib/python3.10/site-packages:${PYTHONPATH} /usr/bin/python3 -W ignore:setup.py install is deprecated setup.py egg_info --egg-base ../../build/mini_challenge_4 build --build-base /home/rllaguno/mini_challenges_eq5/build/mini_challenge_4/build install --record /home/rllaguno/mini_challenges_eq5/build/mini_challenge_4/install.log --single-version-externally-managed install_data
[2.409s] Level 1:colcon.colcon_core.environment:checking '/home/rllaguno/mini_challenges_eq5/install/mini_challenge_4' for CMake config files
[2.409s] Level 1:colcon.colcon_core.environment:checking '/home/rllaguno/mini_challenges_eq5/install/mini_challenge_4/lib'
[2.409s] Level 1:colcon.colcon_core.environment:checking '/home/rllaguno/mini_challenges_eq5/install/mini_challenge_4/bin'
[2.410s] Level 1:colcon.colcon_core.environment:checking '/home/rllaguno/mini_challenges_eq5/install/mini_challenge_4/lib/pkgconfig/mini_challenge_4.pc'
[2.410s] Level 1:colcon.colcon_core.environment:checking '/home/rllaguno/mini_challenges_eq5/install/mini_challenge_4/lib/python3.10/site-packages'
[2.410s] Level 1:colcon.colcon_core.shell:create_environment_hook('mini_challenge_4', 'pythonpath')
[2.410s] INFO:colcon.colcon_core.shell:Creating environment hook '/home/rllaguno/mini_challenges_eq5/install/mini_challenge_4/share/mini_challenge_4/hook/pythonpath.ps1'
[2.410s] INFO:colcon.colcon_core.shell:Creating environment descriptor '/home/rllaguno/mini_challenges_eq5/install/mini_challenge_4/share/mini_challenge_4/hook/pythonpath.dsv'
[2.411s] INFO:colcon.colcon_core.shell:Creating environment hook '/home/rllaguno/mini_challenges_eq5/install/mini_challenge_4/share/mini_challenge_4/hook/pythonpath.sh'
[2.411s] Level 1:colcon.colcon_core.environment:checking '/home/rllaguno/mini_challenges_eq5/install/mini_challenge_4/bin'
[2.411s] Level 1:colcon.colcon_core.environment:create_environment_scripts_only(mini_challenge_4)
[2.411s] INFO:colcon.colcon_core.shell:Creating package script '/home/rllaguno/mini_challenges_eq5/install/mini_challenge_4/share/mini_challenge_4/package.ps1'
[2.412s] INFO:colcon.colcon_core.shell:Creating package descriptor '/home/rllaguno/mini_challenges_eq5/install/mini_challenge_4/share/mini_challenge_4/package.dsv'
[2.412s] INFO:colcon.colcon_core.shell:Creating package script '/home/rllaguno/mini_challenges_eq5/install/mini_challenge_4/share/mini_challenge_4/package.sh'
[2.412s] INFO:colcon.colcon_core.shell:Creating package script '/home/rllaguno/mini_challenges_eq5/install/mini_challenge_4/share/mini_challenge_4/package.bash'
[2.412s] INFO:colcon.colcon_core.shell:Creating package script '/home/rllaguno/mini_challenges_eq5/install/mini_challenge_4/share/mini_challenge_4/package.zsh'
[2.413s] Level 1:colcon.colcon_core.environment:create_file_with_runtime_dependencies(/home/rllaguno/mini_challenges_eq5/install/mini_challenge_4/share/colcon-core/packages/mini_challenge_4)
[2.413s] DEBUG:colcon.colcon_parallel_executor.executor.parallel:closing loop
[2.413s] DEBUG:colcon.colcon_parallel_executor.executor.parallel:loop closed
[2.413s] DEBUG:colcon.colcon_parallel_executor.executor.parallel:run_until_complete finished with '0'
[2.414s] DEBUG:colcon.colcon_core.event_reactor:joining thread
[2.425s] INFO:colcon.colcon_core.plugin_system:Skipping extension 'colcon_notification.desktop_notification.terminal_notifier': Not used on non-Darwin systems
[2.425s] INFO:colcon.colcon_core.plugin_system:Skipping extension 'colcon_notification.desktop_notification.win32': Not used on non-Windows systems
[2.425s] INFO:colcon.colcon_notification.desktop_notification:Sending desktop notification using 'notify2'
[2.448s] DEBUG:colcon.colcon_core.event_reactor:joined thread
[2.448s] INFO:colcon.colcon_core.shell:Creating prefix script '/home/rllaguno/mini_challenges_eq5/install/local_setup.ps1'
[2.449s] INFO:colcon.colcon_core.shell:Creating prefix util module '/home/rllaguno/mini_challenges_eq5/install/_local_setup_util_ps1.py'
[2.451s] INFO:colcon.colcon_core.shell:Creating prefix chain script '/home/rllaguno/mini_challenges_eq5/install/setup.ps1'
[2.452s] INFO:colcon.colcon_core.shell:Creating prefix script '/home/rllaguno/mini_challenges_eq5/install/local_setup.sh'
[2.453s] INFO:colcon.colcon_core.shell:Creating prefix util module '/home/rllaguno/mini_challenges_eq5/install/_local_setup_util_sh.py'
[2.453s] INFO:colcon.colcon_core.shell:Creating prefix chain script '/home/rllaguno/mini_challenges_eq5/install/setup.sh'
[2.454s] INFO:colcon.colcon_core.shell:Creating prefix script '/home/rllaguno/mini_challenges_eq5/install/local_setup.bash'
[2.455s] INFO:colcon.colcon_core.shell:Creating prefix chain script '/home/rllaguno/mini_challenges_eq5/install/setup.bash'
[2.456s] INFO:colcon.colcon_core.shell:Creating prefix script '/home/rllaguno/mini_challenges_eq5/install/local_setup.zsh'
[2.456s] INFO:colcon.colcon_core.shell:Creating prefix chain script '/home/rllaguno/mini_challenges_eq5/install/setup.zsh'
