[0.736s] Invoking command in '/home/rllaguno/mini_challenges_eq5/build/usb_cam': CMAKE_PREFIX_PATH=${CMAKE_PREFIX_PATH}:/home/rllaguno/mini_challenges_eq5/install/mini_challenge_3:/home/rllaguno/mini_challenges_eq5/install/mini_challenge_2:/opt/ros/humble /usr/bin/cmake --build /home/rllaguno/mini_challenges_eq5/build/usb_cam -- -j16 -l16
[0.848s] [ 14%] Built target gtest_main
[0.855s] [ 28%] Built target usb_cam_node_exe
[0.860s] [ 42%] Built target gtest
[0.865s] [ 57%] Built target usb_cam
[0.904s] [ 71%] Built target test_pixel_formats
[0.907s] [ 85%] Built target usb_cam_node
[0.914s] [100%] Built target test_usb_cam_utils
[0.938s] Invoked command in '/home/rllaguno/mini_challenges_eq5/build/usb_cam' returned '0': CMAKE_PREFIX_PATH=${CMAKE_PREFIX_PATH}:/home/rllaguno/mini_challenges_eq5/install/mini_challenge_3:/home/rllaguno/mini_challenges_eq5/install/mini_challenge_2:/opt/ros/humble /usr/bin/cmake --build /home/rllaguno/mini_challenges_eq5/build/usb_cam -- -j16 -l16
[1.028s] Invoking command in '/home/rllaguno/mini_challenges_eq5/build/usb_cam': CMAKE_PREFIX_PATH=${CMAKE_PREFIX_PATH}:/home/rllaguno/mini_challenges_eq5/install/mini_challenge_3:/home/rllaguno/mini_challenges_eq5/install/mini_challenge_2:/opt/ros/humble /usr/bin/cmake --install /home/rllaguno/mini_challenges_eq5/build/usb_cam
[1.046s] -- Install configuration: ""
[1.046s] -- Up-to-date: /home/rllaguno/mini_challenges_eq5/install/usb_cam/share/usb_cam/environment/library_path.sh
[1.046s] -- Up-to-date: /home/rllaguno/mini_challenges_eq5/install/usb_cam/share/usb_cam/environment/library_path.dsv
[1.047s] -- Up-to-date: /home/rllaguno/mini_challenges_eq5/install/usb_cam/lib/usb_cam/usb_cam_node_exe
[1.047s] -- Up-to-date: /home/rllaguno/mini_challenges_eq5/install/usb_cam/lib/usb_cam/show_image.py
[1.048s] -- Up-to-date: /home/rllaguno/mini_challenges_eq5/install/usb_cam/lib/libusb_cam.so
[1.049s] -- Up-to-date: /home/rllaguno/mini_challenges_eq5/install/usb_cam/lib/libusb_cam_node.so
[1.049s] -- Up-to-date: /home/rllaguno/mini_challenges_eq5/install/usb_cam/include
[1.049s] -- Up-to-date: /home/rllaguno/mini_challenges_eq5/install/usb_cam/include/usb_cam
[1.049s] -- Up-to-date: /home/rllaguno/mini_challenges_eq5/install/usb_cam/include/usb_cam/utils.hpp
[1.050s] -- Up-to-date: /home/rllaguno/mini_challenges_eq5/install/usb_cam/include/usb_cam/constants.hpp
[1.050s] -- Up-to-date: /home/rllaguno/mini_challenges_eq5/install/usb_cam/include/usb_cam/formats
[1.050s] -- Up-to-date: /home/rllaguno/mini_challenges_eq5/install/usb_cam/include/usb_cam/formats/utils.hpp
[1.050s] -- Up-to-date: /home/rllaguno/mini_challenges_eq5/install/usb_cam/include/usb_cam/formats/m420.hpp
[1.050s] -- Up-to-date: /home/rllaguno/mini_challenges_eq5/install/usb_cam/include/usb_cam/formats/av_pixel_format_helper.hpp
[1.050s] -- Up-to-date: /home/rllaguno/mini_challenges_eq5/install/usb_cam/include/usb_cam/formats/pixel_format_base.hpp
[1.050s] -- Up-to-date: /home/rllaguno/mini_challenges_eq5/install/usb_cam/include/usb_cam/formats/mono.hpp
[1.050s] -- Up-to-date: /home/rllaguno/mini_challenges_eq5/install/usb_cam/include/usb_cam/formats/rgb.hpp
[1.050s] -- Up-to-date: /home/rllaguno/mini_challenges_eq5/install/usb_cam/include/usb_cam/formats/mjpeg.hpp
[1.051s] -- Up-to-date: /home/rllaguno/mini_challenges_eq5/install/usb_cam/include/usb_cam/formats/uyvy.hpp
[1.051s] -- Up-to-date: /home/rllaguno/mini_challenges_eq5/install/usb_cam/include/usb_cam/formats/yuyv.hpp
[1.051s] -- Up-to-date: /home/rllaguno/mini_challenges_eq5/install/usb_cam/include/usb_cam/usb_cam.hpp
[1.051s] -- Up-to-date: /home/rllaguno/mini_challenges_eq5/install/usb_cam/include/usb_cam/usb_cam_node.hpp
[1.051s] -- Up-to-date: /home/rllaguno/mini_challenges_eq5/install/usb_cam/include/usb_cam/conversions.hpp
[1.051s] -- Up-to-date: /home/rllaguno/mini_challenges_eq5/install/usb_cam/lib/libusb_cam_node.so
[1.052s] -- Up-to-date: /home/rllaguno/mini_challenges_eq5/install/usb_cam/share/usb_cam/launch
[1.052s] -- Up-to-date: /home/rllaguno/mini_challenges_eq5/install/usb_cam/share/usb_cam/launch/camera_config.py
[1.052s] -- Up-to-date: /home/rllaguno/mini_challenges_eq5/install/usb_cam/share/usb_cam/launch/__init__.py
[1.052s] -- Up-to-date: /home/rllaguno/mini_challenges_eq5/install/usb_cam/share/usb_cam/launch/camera.launch.py
[1.053s] -- Up-to-date: /home/rllaguno/mini_challenges_eq5/install/usb_cam/share/usb_cam/config
[1.053s] -- Up-to-date: /home/rllaguno/mini_challenges_eq5/install/usb_cam/share/usb_cam/config/params_1.yaml
[1.053s] -- Up-to-date: /home/rllaguno/mini_challenges_eq5/install/usb_cam/share/usb_cam/config/camera_info.yaml
[1.053s] -- Up-to-date: /home/rllaguno/mini_challenges_eq5/install/usb_cam/share/usb_cam/config/params_2.yaml
[1.053s] -- Up-to-date: /home/rllaguno/mini_challenges_eq5/install/usb_cam/share/ament_index/resource_index/package_run_dependencies/usb_cam
[1.053s] -- Up-to-date: /home/rllaguno/mini_challenges_eq5/install/usb_cam/share/ament_index/resource_index/parent_prefix_path/usb_cam
[1.053s] -- Up-to-date: /home/rllaguno/mini_challenges_eq5/install/usb_cam/share/usb_cam/environment/ament_prefix_path.sh
[1.053s] -- Up-to-date: /home/rllaguno/mini_challenges_eq5/install/usb_cam/share/usb_cam/environment/ament_prefix_path.dsv
[1.053s] -- Up-to-date: /home/rllaguno/mini_challenges_eq5/install/usb_cam/share/usb_cam/environment/path.sh
[1.054s] -- Up-to-date: /home/rllaguno/mini_challenges_eq5/install/usb_cam/share/usb_cam/environment/path.dsv
[1.054s] -- Up-to-date: /home/rllaguno/mini_challenges_eq5/install/usb_cam/share/usb_cam/local_setup.bash
[1.054s] -- Up-to-date: /home/rllaguno/mini_challenges_eq5/install/usb_cam/share/usb_cam/local_setup.sh
[1.054s] -- Up-to-date: /home/rllaguno/mini_challenges_eq5/install/usb_cam/share/usb_cam/local_setup.zsh
[1.054s] -- Up-to-date: /home/rllaguno/mini_challenges_eq5/install/usb_cam/share/usb_cam/local_setup.dsv
[1.054s] -- Installing: /home/rllaguno/mini_challenges_eq5/install/usb_cam/share/usb_cam/package.dsv
[1.055s] -- Up-to-date: /home/rllaguno/mini_challenges_eq5/install/usb_cam/share/ament_index/resource_index/packages/usb_cam
[1.055s] -- Up-to-date: /home/rllaguno/mini_challenges_eq5/install/usb_cam/share/ament_index/resource_index/rclcpp_components/usb_cam
[1.055s] -- Up-to-date: /home/rllaguno/mini_challenges_eq5/install/usb_cam/share/usb_cam/cmake/ament_cmake_export_libraries-extras.cmake
[1.055s] -- Up-to-date: /home/rllaguno/mini_challenges_eq5/install/usb_cam/share/usb_cam/cmake/ament_cmake_export_dependencies-extras.cmake
[1.056s] -- Up-to-date: /home/rllaguno/mini_challenges_eq5/install/usb_cam/share/usb_cam/cmake/ament_cmake_export_include_directories-extras.cmake
[1.056s] -- Up-to-date: /home/rllaguno/mini_challenges_eq5/install/usb_cam/share/usb_cam/cmake/usb_camConfig.cmake
[1.056s] -- Up-to-date: /home/rllaguno/mini_challenges_eq5/install/usb_cam/share/usb_cam/cmake/usb_camConfig-version.cmake
[1.056s] -- Up-to-date: /home/rllaguno/mini_challenges_eq5/install/usb_cam/share/usb_cam/package.xml
[1.063s] Invoked command in '/home/rllaguno/mini_challenges_eq5/build/usb_cam' returned '0': CMAKE_PREFIX_PATH=${CMAKE_PREFIX_PATH}:/home/rllaguno/mini_challenges_eq5/install/mini_challenge_3:/home/rllaguno/mini_challenges_eq5/install/mini_challenge_2:/opt/ros/humble /usr/bin/cmake --install /home/rllaguno/mini_challenges_eq5/build/usb_cam
