[6.322s] Invoking command in '/home/puzzlebot/github/mini_challenges_eq5/src/mini_challenge_3': PYTHONPATH=/home/puzzlebot/github/mini_challenges_eq5/build/mini_challenge_3/prefix_override:/home/puzzlebot/github/mini_challenges_eq5/install/mini_challenge_3/lib/python3.8/site-packages:${PYTHONPATH} /usr/bin/python3 -W ignore:setup.py install is deprecated setup.py egg_info --egg-base ../../build/mini_challenge_3 build --build-base /home/puzzlebot/github/mini_challenges_eq5/build/mini_challenge_3/build install --record /home/puzzlebot/github/mini_challenges_eq5/build/mini_challenge_3/install.log --single-version-externally-managed install_data
[8.222s] running egg_info
[8.225s] writing ../../build/mini_challenge_3/mini_challenge_3.egg-info/PKG-INFO
[8.226s] writing dependency_links to ../../build/mini_challenge_3/mini_challenge_3.egg-info/dependency_links.txt
[8.227s] writing entry points to ../../build/mini_challenge_3/mini_challenge_3.egg-info/entry_points.txt
[8.228s] writing requirements to ../../build/mini_challenge_3/mini_challenge_3.egg-info/requires.txt
[8.229s] writing top-level names to ../../build/mini_challenge_3/mini_challenge_3.egg-info/top_level.txt
[8.460s] reading manifest file '../../build/mini_challenge_3/mini_challenge_3.egg-info/SOURCES.txt'
[8.468s] writing manifest file '../../build/mini_challenge_3/mini_challenge_3.egg-info/SOURCES.txt'
[8.471s] running build
[8.473s] running build_py
[8.478s] running install
[8.491s] running install_lib
[8.497s] creating /home/puzzlebot/github/mini_challenges_eq5/install/mini_challenge_3/lib/python3.8/site-packages/mini_challenge_3
[8.507s] copying /home/puzzlebot/github/mini_challenges_eq5/build/mini_challenge_3/build/lib/mini_challenge_3/PointGenerator.py -> /home/puzzlebot/github/mini_challenges_eq5/install/mini_challenge_3/lib/python3.8/site-packages/mini_challenge_3
[8.511s] copying /home/puzzlebot/github/mini_challenges_eq5/build/mini_challenge_3/build/lib/mini_challenge_3/Vision.py -> /home/puzzlebot/github/mini_challenges_eq5/install/mini_challenge_3/lib/python3.8/site-packages/mini_challenge_3
[8.517s] copying /home/puzzlebot/github/mini_challenges_eq5/build/mini_challenge_3/build/lib/mini_challenge_3/__init__.py -> /home/puzzlebot/github/mini_challenges_eq5/install/mini_challenge_3/lib/python3.8/site-packages/mini_challenge_3
[8.519s] copying /home/puzzlebot/github/mini_challenges_eq5/build/mini_challenge_3/build/lib/mini_challenge_3/Controller.py -> /home/puzzlebot/github/mini_challenges_eq5/install/mini_challenge_3/lib/python3.8/site-packages/mini_challenge_3
[8.522s] copying /home/puzzlebot/github/mini_challenges_eq5/build/mini_challenge_3/build/lib/mini_challenge_3/Odometry.py -> /home/puzzlebot/github/mini_challenges_eq5/install/mini_challenge_3/lib/python3.8/site-packages/mini_challenge_3
[8.540s] byte-compiling /home/puzzlebot/github/mini_challenges_eq5/install/mini_challenge_3/lib/python3.8/site-packages/mini_challenge_3/PointGenerator.py to PointGenerator.cpython-38.pyc
[8.550s] byte-compiling /home/puzzlebot/github/mini_challenges_eq5/install/mini_challenge_3/lib/python3.8/site-packages/mini_challenge_3/Vision.py to Vision.cpython-38.pyc
[8.557s] byte-compiling /home/puzzlebot/github/mini_challenges_eq5/install/mini_challenge_3/lib/python3.8/site-packages/mini_challenge_3/__init__.py to __init__.cpython-38.pyc
[8.559s] byte-compiling /home/puzzlebot/github/mini_challenges_eq5/install/mini_challenge_3/lib/python3.8/site-packages/mini_challenge_3/Controller.py to Controller.cpython-38.pyc
[8.567s] byte-compiling /home/puzzlebot/github/mini_challenges_eq5/install/mini_challenge_3/lib/python3.8/site-packages/mini_challenge_3/Odometry.py to Odometry.cpython-38.pyc
[8.570s] running install_data
[8.572s] running install_egg_info
[8.582s] Copying ../../build/mini_challenge_3/mini_challenge_3.egg-info to /home/puzzlebot/github/mini_challenges_eq5/install/mini_challenge_3/lib/python3.8/site-packages/mini_challenge_3-0.0.0-py3.8.egg-info
[8.587s] running install_scripts
[8.672s] Installing Controller script to /home/puzzlebot/github/mini_challenges_eq5/install/mini_challenge_3/lib/mini_challenge_3
[8.678s] Installing Odometry script to /home/puzzlebot/github/mini_challenges_eq5/install/mini_challenge_3/lib/mini_challenge_3
[8.678s] Installing PointGenerator script to /home/puzzlebot/github/mini_challenges_eq5/install/mini_challenge_3/lib/mini_challenge_3
[8.679s] Installing Vision script to /home/puzzlebot/github/mini_challenges_eq5/install/mini_challenge_3/lib/mini_challenge_3
[8.679s] writing list of installed files to '/home/puzzlebot/github/mini_challenges_eq5/build/mini_challenge_3/install.log'
[8.879s] Invoked command in '/home/puzzlebot/github/mini_challenges_eq5/src/mini_challenge_3' returned '0': PYTHONPATH=/home/puzzlebot/github/mini_challenges_eq5/build/mini_challenge_3/prefix_override:/home/puzzlebot/github/mini_challenges_eq5/install/mini_challenge_3/lib/python3.8/site-packages:${PYTHONPATH} /usr/bin/python3 -W ignore:setup.py install is deprecated setup.py egg_info --egg-base ../../build/mini_challenge_3 build --build-base /home/puzzlebot/github/mini_challenges_eq5/build/mini_challenge_3/build install --record /home/puzzlebot/github/mini_challenges_eq5/build/mini_challenge_3/install.log --single-version-externally-managed install_data
