running egg_info
creating ../../build/mini_challenge_3/mini_challenge_3.egg-info
writing ../../build/mini_challenge_3/mini_challenge_3.egg-info/PKG-INFO
writing dependency_links to ../../build/mini_challenge_3/mini_challenge_3.egg-info/dependency_links.txt
writing entry points to ../../build/mini_challenge_3/mini_challenge_3.egg-info/entry_points.txt
writing requirements to ../../build/mini_challenge_3/mini_challenge_3.egg-info/requires.txt
writing top-level names to ../../build/mini_challenge_3/mini_challenge_3.egg-info/top_level.txt
writing manifest file '../../build/mini_challenge_3/mini_challenge_3.egg-info/SOURCES.txt'
reading manifest file '../../build/mini_challenge_3/mini_challenge_3.egg-info/SOURCES.txt'
writing manifest file '../../build/mini_challenge_3/mini_challenge_3.egg-info/SOURCES.txt'
running build
running build_py
creating /home/puzzlebot/github/mini_challenges_eq5/build/mini_challenge_3/build
creating /home/puzzlebot/github/mini_challenges_eq5/build/mini_challenge_3/build/lib
creating /home/puzzlebot/github/mini_challenges_eq5/build/mini_challenge_3/build/lib/mini_challenge_3
copying mini_challenge_3/PointGenerator.py -> /home/puzzlebot/github/mini_challenges_eq5/build/mini_challenge_3/build/lib/mini_challenge_3
copying mini_challenge_3/Vision.py -> /home/puzzlebot/github/mini_challenges_eq5/build/mini_challenge_3/build/lib/mini_challenge_3
copying mini_challenge_3/__init__.py -> /home/puzzlebot/github/mini_challenges_eq5/build/mini_challenge_3/build/lib/mini_challenge_3
copying mini_challenge_3/Controller.py -> /home/puzzlebot/github/mini_challenges_eq5/build/mini_challenge_3/build/lib/mini_challenge_3
copying mini_challenge_3/Odometry.py -> /home/puzzlebot/github/mini_challenges_eq5/build/mini_challenge_3/build/lib/mini_challenge_3
running install
running install_lib
creating /home/puzzlebot/github/mini_challenges_eq5/install/mini_challenge_3/lib/python3.8/site-packages/mini_challenge_3
copying /home/puzzlebot/github/mini_challenges_eq5/build/mini_challenge_3/build/lib/mini_challenge_3/PointGenerator.py -> /home/puzzlebot/github/mini_challenges_eq5/install/mini_challenge_3/lib/python3.8/site-packages/mini_challenge_3
copying /home/puzzlebot/github/mini_challenges_eq5/build/mini_challenge_3/build/lib/mini_challenge_3/Vision.py -> /home/puzzlebot/github/mini_challenges_eq5/install/mini_challenge_3/lib/python3.8/site-packages/mini_challenge_3
copying /home/puzzlebot/github/mini_challenges_eq5/build/mini_challenge_3/build/lib/mini_challenge_3/__init__.py -> /home/puzzlebot/github/mini_challenges_eq5/install/mini_challenge_3/lib/python3.8/site-packages/mini_challenge_3
copying /home/puzzlebot/github/mini_challenges_eq5/build/mini_challenge_3/build/lib/mini_challenge_3/Controller.py -> /home/puzzlebot/github/mini_challenges_eq5/install/mini_challenge_3/lib/python3.8/site-packages/mini_challenge_3
copying /home/puzzlebot/github/mini_challenges_eq5/build/mini_challenge_3/build/lib/mini_challenge_3/Odometry.py -> /home/puzzlebot/github/mini_challenges_eq5/install/mini_challenge_3/lib/python3.8/site-packages/mini_challenge_3
byte-compiling /home/puzzlebot/github/mini_challenges_eq5/install/mini_challenge_3/lib/python3.8/site-packages/mini_challenge_3/PointGenerator.py to PointGenerator.cpython-38.pyc
byte-compiling /home/puzzlebot/github/mini_challenges_eq5/install/mini_challenge_3/lib/python3.8/site-packages/mini_challenge_3/Vision.py to Vision.cpython-38.pyc
byte-compiling /home/puzzlebot/github/mini_challenges_eq5/install/mini_challenge_3/lib/python3.8/site-packages/mini_challenge_3/__init__.py to __init__.cpython-38.pyc
byte-compiling /home/puzzlebot/github/mini_challenges_eq5/install/mini_challenge_3/lib/python3.8/site-packages/mini_challenge_3/Controller.py to Controller.cpython-38.pyc
byte-compiling /home/puzzlebot/github/mini_challenges_eq5/install/mini_challenge_3/lib/python3.8/site-packages/mini_challenge_3/Odometry.py to Odometry.cpython-38.pyc
running install_data
creating /home/puzzlebot/github/mini_challenges_eq5/install/mini_challenge_3/share/ament_index
creating /home/puzzlebot/github/mini_challenges_eq5/install/mini_challenge_3/share/ament_index/resource_index
creating /home/puzzlebot/github/mini_challenges_eq5/install/mini_challenge_3/share/ament_index/resource_index/packages
copying resource/mini_challenge_3 -> /home/puzzlebot/github/mini_challenges_eq5/install/mini_challenge_3/share/ament_index/resource_index/packages
copying package.xml -> /home/puzzlebot/github/mini_challenges_eq5/install/mini_challenge_3/share/mini_challenge_3
creating /home/puzzlebot/github/mini_challenges_eq5/install/mini_challenge_3/share/mini_challenge_3/launch
copying launch/mini3_launch.py -> /home/puzzlebot/github/mini_challenges_eq5/install/mini_challenge_3/share/mini_challenge_3/launch
running install_egg_info
Copying ../../build/mini_challenge_3/mini_challenge_3.egg-info to /home/puzzlebot/github/mini_challenges_eq5/install/mini_challenge_3/lib/python3.8/site-packages/mini_challenge_3-0.0.0-py3.8.egg-info
running install_scripts
Installing Controller script to /home/puzzlebot/github/mini_challenges_eq5/install/mini_challenge_3/lib/mini_challenge_3
Installing Odometry script to /home/puzzlebot/github/mini_challenges_eq5/install/mini_challenge_3/lib/mini_challenge_3
Installing PointGenerator script to /home/puzzlebot/github/mini_challenges_eq5/install/mini_challenge_3/lib/mini_challenge_3
Installing Vision script to /home/puzzlebot/github/mini_challenges_eq5/install/mini_challenge_3/lib/mini_challenge_3
writing list of installed files to '/home/puzzlebot/github/mini_challenges_eq5/build/mini_challenge_3/install.log'
