[1.820s] DEBUG:colcon:Command line arguments: ['/usr/bin/colcon', 'build']
[1.820s] DEBUG:colcon:Parsed command line arguments: Namespace(log_base=None, log_level=None, verb_name='build', build_base='build', install_base='install', merge_install=False, symlink_install=False, test_result_base=None, continue_on_error=False, executor='parallel', parallel_workers=16, event_handlers=None, ignore_user_meta=False, metas=['./colcon.meta'], base_paths=['.'], packages_ignore=None, packages_ignore_regex=None, paths=None, packages_up_to=None, packages_up_to_regex=None, packages_above=None, packages_above_and_dependencies=None, packages_above_depth=None, packages_select_by_dep=None, packages_skip_by_dep=None, packages_skip_up_to=None, packages_select_build_failed=False, packages_skip_build_finished=False, packages_select_test_failures=False, packages_skip_test_passed=False, packages_select=None, packages_skip=None, packages_select_regex=None, packages_skip_regex=None, packages_start=None, packages_end=None, allow_overriding=[], cmake_args=None, cmake_target=None, cmake_target_skip_unavailable=False, cmake_clean_cache=False, cmake_clean_first=False, cmake_force_configure=False, ament_cmake_args=None, catkin_cmake_args=None, catkin_skip_building_tests=False, verb_parser=<colcon_defaults.argument_parser.defaults.DefaultArgumentsDecorator object at 0x7c4e63c58ac0>, verb_extension=<colcon_core.verb.build.BuildVerb object at 0x7c4e63c582e0>, main=<bound method BuildVerb.main of <colcon_core.verb.build.BuildVerb object at 0x7c4e63c582e0>>)
[1.946s] Level 1:colcon.colcon_core.package_discovery:discover_packages(colcon_meta) check parameters
[1.946s] Level 1:colcon.colcon_core.package_discovery:discover_packages(recursive) check parameters
[1.946s] Level 1:colcon.colcon_core.package_discovery:discover_packages(ignore) check parameters
[1.946s] Level 1:colcon.colcon_core.package_discovery:discover_packages(path) check parameters
[1.946s] Level 1:colcon.colcon_core.package_discovery:discover_packages(colcon_meta) discover
[1.946s] Level 1:colcon.colcon_core.package_discovery:discover_packages(recursive) discover
[1.947s] INFO:colcon.colcon_core.package_discovery:Crawling recursively for packages in '/home/mcr2/mini_challenges_eq5'
[1.947s] Level 1:colcon.colcon_core.package_identification:_identify(.) by extensions ['ignore', 'ignore_ament_install']
[1.947s] Level 1:colcon.colcon_core.package_identification:_identify(.) by extension 'ignore'
[1.947s] Level 1:colcon.colcon_core.package_identification:_identify(.) by extension 'ignore_ament_install'
[1.947s] Level 1:colcon.colcon_core.package_identification:_identify(.) by extensions ['colcon_pkg']
[1.947s] Level 1:colcon.colcon_core.package_identification:_identify(.) by extension 'colcon_pkg'
[1.947s] Level 1:colcon.colcon_core.package_identification:_identify(.) by extensions ['colcon_meta']
[1.947s] Level 1:colcon.colcon_core.package_identification:_identify(.) by extension 'colcon_meta'
[1.947s] Level 1:colcon.colcon_core.package_identification:_identify(.) by extensions ['ros']
[1.947s] Level 1:colcon.colcon_core.package_identification:_identify(.) by extension 'ros'
[1.973s] Level 1:colcon.colcon_core.package_identification:_identify(.) by extensions ['cmake', 'python']
[1.973s] Level 1:colcon.colcon_core.package_identification:_identify(.) by extension 'cmake'
[1.973s] Level 1:colcon.colcon_core.package_identification:_identify(.) by extension 'python'
[1.973s] Level 1:colcon.colcon_core.package_identification:_identify(.) by extensions ['python_setup_py']
[1.973s] Level 1:colcon.colcon_core.package_identification:_identify(.) by extension 'python_setup_py'
[1.974s] Level 1:colcon.colcon_core.package_identification:_identify(build) by extensions ['ignore', 'ignore_ament_install']
[1.974s] Level 1:colcon.colcon_core.package_identification:_identify(build) by extension 'ignore'
[1.974s] Level 1:colcon.colcon_core.package_identification:_identify(build) ignored
[1.974s] Level 1:colcon.colcon_core.package_identification:_identify(install) by extensions ['ignore', 'ignore_ament_install']
[1.974s] Level 1:colcon.colcon_core.package_identification:_identify(install) by extension 'ignore'
[1.974s] Level 1:colcon.colcon_core.package_identification:_identify(install) ignored
[1.974s] Level 1:colcon.colcon_core.package_identification:_identify(log) by extensions ['ignore', 'ignore_ament_install']
[1.974s] Level 1:colcon.colcon_core.package_identification:_identify(log) by extension 'ignore'
[1.974s] Level 1:colcon.colcon_core.package_identification:_identify(log) ignored
[1.974s] Level 1:colcon.colcon_core.package_identification:_identify(src) by extensions ['ignore', 'ignore_ament_install']
[1.974s] Level 1:colcon.colcon_core.package_identification:_identify(src) by extension 'ignore'
[1.974s] Level 1:colcon.colcon_core.package_identification:_identify(src) by extension 'ignore_ament_install'
[1.974s] Level 1:colcon.colcon_core.package_identification:_identify(src) by extensions ['colcon_pkg']
[1.974s] Level 1:colcon.colcon_core.package_identification:_identify(src) by extension 'colcon_pkg'
[1.974s] Level 1:colcon.colcon_core.package_identification:_identify(src) by extensions ['colcon_meta']
[1.974s] Level 1:colcon.colcon_core.package_identification:_identify(src) by extension 'colcon_meta'
[1.974s] Level 1:colcon.colcon_core.package_identification:_identify(src) by extensions ['ros']
[1.974s] Level 1:colcon.colcon_core.package_identification:_identify(src) by extension 'ros'
[1.974s] Level 1:colcon.colcon_core.package_identification:_identify(src) by extensions ['cmake', 'python']
[1.974s] Level 1:colcon.colcon_core.package_identification:_identify(src) by extension 'cmake'
[1.974s] Level 1:colcon.colcon_core.package_identification:_identify(src) by extension 'python'
[1.974s] Level 1:colcon.colcon_core.package_identification:_identify(src) by extensions ['python_setup_py']
[1.974s] Level 1:colcon.colcon_core.package_identification:_identify(src) by extension 'python_setup_py'
[1.974s] Level 1:colcon.colcon_core.package_identification:_identify(src/mini_challenge_2) by extensions ['ignore', 'ignore_ament_install']
[1.974s] Level 1:colcon.colcon_core.package_identification:_identify(src/mini_challenge_2) by extension 'ignore'
[1.974s] Level 1:colcon.colcon_core.package_identification:_identify(src/mini_challenge_2) by extension 'ignore_ament_install'
[1.974s] Level 1:colcon.colcon_core.package_identification:_identify(src/mini_challenge_2) by extensions ['colcon_pkg']
[1.974s] Level 1:colcon.colcon_core.package_identification:_identify(src/mini_challenge_2) by extension 'colcon_pkg'
[1.974s] Level 1:colcon.colcon_core.package_identification:_identify(src/mini_challenge_2) by extensions ['colcon_meta']
[1.974s] Level 1:colcon.colcon_core.package_identification:_identify(src/mini_challenge_2) by extension 'colcon_meta'
[1.975s] Level 1:colcon.colcon_core.package_identification:_identify(src/mini_challenge_2) by extensions ['ros']
[1.975s] Level 1:colcon.colcon_core.package_identification:_identify(src/mini_challenge_2) by extension 'ros'
[1.980s] DEBUG:colcon.colcon_core.package_identification:Package 'src/mini_challenge_2' with type 'ros.ament_python' and name 'mini_challenge_2'
[1.980s] Level 1:colcon.colcon_core.package_identification:_identify(src/mini_challenge_3) by extensions ['ignore', 'ignore_ament_install']
[1.980s] Level 1:colcon.colcon_core.package_identification:_identify(src/mini_challenge_3) by extension 'ignore'
[1.981s] Level 1:colcon.colcon_core.package_identification:_identify(src/mini_challenge_3) by extension 'ignore_ament_install'
[1.981s] Level 1:colcon.colcon_core.package_identification:_identify(src/mini_challenge_3) by extensions ['colcon_pkg']
[1.981s] Level 1:colcon.colcon_core.package_identification:_identify(src/mini_challenge_3) by extension 'colcon_pkg'
[1.981s] Level 1:colcon.colcon_core.package_identification:_identify(src/mini_challenge_3) by extensions ['colcon_meta']
[1.981s] Level 1:colcon.colcon_core.package_identification:_identify(src/mini_challenge_3) by extension 'colcon_meta'
[1.981s] Level 1:colcon.colcon_core.package_identification:_identify(src/mini_challenge_3) by extensions ['ros']
[1.981s] Level 1:colcon.colcon_core.package_identification:_identify(src/mini_challenge_3) by extension 'ros'
[1.982s] DEBUG:colcon.colcon_core.package_identification:Package 'src/mini_challenge_3' with type 'ros.ament_python' and name 'mini_challenge_3'
[1.983s] Level 1:colcon.colcon_core.package_discovery:discover_packages(recursive) using defaults
[1.983s] Level 1:colcon.colcon_core.package_discovery:discover_packages(ignore) discover
[1.983s] Level 1:colcon.colcon_core.package_discovery:discover_packages(ignore) using defaults
[1.983s] Level 1:colcon.colcon_core.package_discovery:discover_packages(path) discover
[1.983s] Level 1:colcon.colcon_core.package_discovery:discover_packages(path) using defaults
[2.147s] Level 1:colcon.colcon_core.package_discovery:discover_packages(prefix_path) check parameters
[2.147s] Level 1:colcon.colcon_core.package_discovery:discover_packages(prefix_path) discover
[2.207s] DEBUG:colcon.colcon_installed_package_information.package_discovery:Found 18 installed packages in /home/mcr2/ros2_utilities_ws/install
[2.232s] DEBUG:colcon.colcon_installed_package_information.package_discovery:Found 346 installed packages in /opt/ros/humble
[2.234s] Level 1:colcon.colcon_core.package_discovery:discover_packages(prefix_path) using defaults
[2.571s] Level 5:colcon.colcon_core.verb:set package 'mini_challenge_2' build argument 'cmake_args' from command line to 'None'
[2.571s] Level 5:colcon.colcon_core.verb:set package 'mini_challenge_2' build argument 'cmake_target' from command line to 'None'
[2.571s] Level 5:colcon.colcon_core.verb:set package 'mini_challenge_2' build argument 'cmake_target_skip_unavailable' from command line to 'False'
[2.571s] Level 5:colcon.colcon_core.verb:set package 'mini_challenge_2' build argument 'cmake_clean_cache' from command line to 'False'
[2.571s] Level 5:colcon.colcon_core.verb:set package 'mini_challenge_2' build argument 'cmake_clean_first' from command line to 'False'
[2.571s] Level 5:colcon.colcon_core.verb:set package 'mini_challenge_2' build argument 'cmake_force_configure' from command line to 'False'
[2.571s] Level 5:colcon.colcon_core.verb:set package 'mini_challenge_2' build argument 'ament_cmake_args' from command line to 'None'
[2.571s] Level 5:colcon.colcon_core.verb:set package 'mini_challenge_2' build argument 'catkin_cmake_args' from command line to 'None'
[2.571s] Level 5:colcon.colcon_core.verb:set package 'mini_challenge_2' build argument 'catkin_skip_building_tests' from command line to 'False'
[2.571s] DEBUG:colcon.colcon_core.verb:Building package 'mini_challenge_2' with the following arguments: {'ament_cmake_args': None, 'build_base': '/home/mcr2/mini_challenges_eq5/build/mini_challenge_2', 'catkin_cmake_args': None, 'catkin_skip_building_tests': False, 'cmake_args': None, 'cmake_clean_cache': False, 'cmake_clean_first': False, 'cmake_force_configure': False, 'cmake_target': None, 'cmake_target_skip_unavailable': False, 'install_base': '/home/mcr2/mini_challenges_eq5/install/mini_challenge_2', 'merge_install': False, 'path': '/home/mcr2/mini_challenges_eq5/src/mini_challenge_2', 'symlink_install': False, 'test_result_base': None}
[2.598s] Level 5:colcon.colcon_core.verb:set package 'mini_challenge_3' build argument 'cmake_args' from command line to 'None'
[2.598s] Level 5:colcon.colcon_core.verb:set package 'mini_challenge_3' build argument 'cmake_target' from command line to 'None'
[2.599s] Level 5:colcon.colcon_core.verb:set package 'mini_challenge_3' build argument 'cmake_target_skip_unavailable' from command line to 'False'
[2.599s] Level 5:colcon.colcon_core.verb:set package 'mini_challenge_3' build argument 'cmake_clean_cache' from command line to 'False'
[2.599s] Level 5:colcon.colcon_core.verb:set package 'mini_challenge_3' build argument 'cmake_clean_first' from command line to 'False'
[2.599s] Level 5:colcon.colcon_core.verb:set package 'mini_challenge_3' build argument 'cmake_force_configure' from command line to 'False'
[2.599s] Level 5:colcon.colcon_core.verb:set package 'mini_challenge_3' build argument 'ament_cmake_args' from command line to 'None'
[2.599s] Level 5:colcon.colcon_core.verb:set package 'mini_challenge_3' build argument 'catkin_cmake_args' from command line to 'None'
[2.599s] Level 5:colcon.colcon_core.verb:set package 'mini_challenge_3' build argument 'catkin_skip_building_tests' from command line to 'False'
[2.599s] DEBUG:colcon.colcon_core.verb:Building package 'mini_challenge_3' with the following arguments: {'ament_cmake_args': None, 'build_base': '/home/mcr2/mini_challenges_eq5/build/mini_challenge_3', 'catkin_cmake_args': None, 'catkin_skip_building_tests': False, 'cmake_args': None, 'cmake_clean_cache': False, 'cmake_clean_first': False, 'cmake_force_configure': False, 'cmake_target': None, 'cmake_target_skip_unavailable': False, 'install_base': '/home/mcr2/mini_challenges_eq5/install/mini_challenge_3', 'merge_install': False, 'path': '/home/mcr2/mini_challenges_eq5/src/mini_challenge_3', 'symlink_install': False, 'test_result_base': None}
[2.621s] INFO:colcon.colcon_core.executor:Executing jobs using 'parallel' executor
[2.647s] DEBUG:colcon.colcon_parallel_executor.executor.parallel:run_until_complete
[2.647s] INFO:colcon.colcon_ros.task.ament_python.build:Building ROS package in '/home/mcr2/mini_challenges_eq5/src/mini_challenge_2' with build type 'ament_python'
[2.647s] Level 1:colcon.colcon_core.shell:create_environment_hook('mini_challenge_2', 'ament_prefix_path')
[2.680s] INFO:colcon.colcon_core.plugin_system:Skipping extension 'colcon_core.shell.bat': Not used on non-Windows systems
[2.680s] INFO:colcon.colcon_core.shell:Creating environment hook '/home/mcr2/mini_challenges_eq5/install/mini_challenge_2/share/mini_challenge_2/hook/ament_prefix_path.ps1'
[2.682s] INFO:colcon.colcon_core.shell:Creating environment descriptor '/home/mcr2/mini_challenges_eq5/install/mini_challenge_2/share/mini_challenge_2/hook/ament_prefix_path.dsv'
[2.684s] INFO:colcon.colcon_core.shell:Creating environment hook '/home/mcr2/mini_challenges_eq5/install/mini_challenge_2/share/mini_challenge_2/hook/ament_prefix_path.sh'
[2.705s] INFO:colcon.colcon_core.shell:Skip shell extension 'powershell' for command environment: Not usable outside of PowerShell
[2.705s] DEBUG:colcon.colcon_core.shell:Skip shell extension 'dsv' for command environment
[2.760s] INFO:colcon.colcon_ros.task.ament_python.build:Building ROS package in '/home/mcr2/mini_challenges_eq5/src/mini_challenge_3' with build type 'ament_python'
[2.760s] Level 1:colcon.colcon_core.shell:create_environment_hook('mini_challenge_3', 'ament_prefix_path')
[2.785s] INFO:colcon.colcon_core.shell:Creating environment hook '/home/mcr2/mini_challenges_eq5/install/mini_challenge_3/share/mini_challenge_3/hook/ament_prefix_path.ps1'
[2.786s] INFO:colcon.colcon_core.shell:Creating environment descriptor '/home/mcr2/mini_challenges_eq5/install/mini_challenge_3/share/mini_challenge_3/hook/ament_prefix_path.dsv'
[2.787s] INFO:colcon.colcon_core.shell:Creating environment hook '/home/mcr2/mini_challenges_eq5/install/mini_challenge_3/share/mini_challenge_3/hook/ament_prefix_path.sh'
[2.811s] INFO:colcon.colcon_core.shell:Skip shell extension 'powershell' for command environment: Not usable outside of PowerShell
[2.811s] DEBUG:colcon.colcon_core.shell:Skip shell extension 'dsv' for command environment
[3.447s] INFO:colcon.colcon_core.task.python.build:Building Python package in '/home/mcr2/mini_challenges_eq5/src/mini_challenge_2'
[3.469s] INFO:colcon.colcon_core.shell:Skip shell extension 'powershell' for command environment: Not usable outside of PowerShell
[3.469s] DEBUG:colcon.colcon_core.shell:Skip shell extension 'dsv' for command environment
[3.850s] INFO:colcon.colcon_core.task.python.build:Building Python package in '/home/mcr2/mini_challenges_eq5/src/mini_challenge_3'
[3.877s] INFO:colcon.colcon_core.shell:Skip shell extension 'powershell' for command environment: Not usable outside of PowerShell
[3.877s] DEBUG:colcon.colcon_core.shell:Skip shell extension 'dsv' for command environment
[4.502s] DEBUG:colcon.colcon_core.event_handler.log_command:Invoking command in '/home/mcr2/mini_challenges_eq5/src/mini_challenge_3': PYTHONPATH=/home/mcr2/mini_challenges_eq5/build/mini_challenge_3/prefix_override:/home/mcr2/mini_challenges_eq5/install/mini_challenge_3/lib/python3.10/site-packages:${PYTHONPATH} /usr/bin/python3 setup.py egg_info --egg-base ../../build/mini_challenge_3 build --build-base /home/mcr2/mini_challenges_eq5/build/mini_challenge_3/build install --record /home/mcr2/mini_challenges_eq5/build/mini_challenge_3/install.log --single-version-externally-managed
[4.507s] DEBUG:colcon.colcon_core.event_handler.log_command:Invoking command in '/home/mcr2/mini_challenges_eq5/src/mini_challenge_2': PYTHONPATH=/home/mcr2/mini_challenges_eq5/build/mini_challenge_2/prefix_override:/home/mcr2/mini_challenges_eq5/install/mini_challenge_2/lib/python3.10/site-packages:${PYTHONPATH} /usr/bin/python3 setup.py egg_info --egg-base ../../build/mini_challenge_2 build --build-base /home/mcr2/mini_challenges_eq5/build/mini_challenge_2/build install --record /home/mcr2/mini_challenges_eq5/build/mini_challenge_2/install.log --single-version-externally-managed
[5.113s] DEBUG:colcon.colcon_core.event_handler.log_command:Invoked command in '/home/mcr2/mini_challenges_eq5/src/mini_challenge_3' returned '0': PYTHONPATH=/home/mcr2/mini_challenges_eq5/build/mini_challenge_3/prefix_override:/home/mcr2/mini_challenges_eq5/install/mini_challenge_3/lib/python3.10/site-packages:${PYTHONPATH} /usr/bin/python3 setup.py egg_info --egg-base ../../build/mini_challenge_3 build --build-base /home/mcr2/mini_challenges_eq5/build/mini_challenge_3/build install --record /home/mcr2/mini_challenges_eq5/build/mini_challenge_3/install.log --single-version-externally-managed
[5.153s] Level 1:colcon.colcon_core.environment:checking '/home/mcr2/mini_challenges_eq5/install/mini_challenge_3' for CMake module files
[5.157s] Level 1:colcon.colcon_core.environment:checking '/home/mcr2/mini_challenges_eq5/install/mini_challenge_3' for CMake config files
[5.160s] Level 1:colcon.colcon_core.environment:checking '/home/mcr2/mini_challenges_eq5/install/mini_challenge_3/lib'
[5.161s] Level 1:colcon.colcon_core.environment:checking '/home/mcr2/mini_challenges_eq5/install/mini_challenge_3/bin'
[5.161s] Level 1:colcon.colcon_core.environment:checking '/home/mcr2/mini_challenges_eq5/install/mini_challenge_3/lib/pkgconfig/mini_challenge_3.pc'
[5.162s] Level 1:colcon.colcon_core.environment:checking '/home/mcr2/mini_challenges_eq5/install/mini_challenge_3/lib/python3.10/site-packages'
[5.162s] Level 1:colcon.colcon_core.shell:create_environment_hook('mini_challenge_3', 'pythonpath')
[5.249s] INFO:colcon.colcon_core.shell:Creating environment hook '/home/mcr2/mini_challenges_eq5/install/mini_challenge_3/share/mini_challenge_3/hook/pythonpath.ps1'
[5.250s] INFO:colcon.colcon_core.shell:Creating environment descriptor '/home/mcr2/mini_challenges_eq5/install/mini_challenge_3/share/mini_challenge_3/hook/pythonpath.dsv'
[5.251s] INFO:colcon.colcon_core.shell:Creating environment hook '/home/mcr2/mini_challenges_eq5/install/mini_challenge_3/share/mini_challenge_3/hook/pythonpath.sh'
[5.252s] Level 1:colcon.colcon_core.environment:checking '/home/mcr2/mini_challenges_eq5/install/mini_challenge_3/bin'
[5.253s] Level 1:colcon.colcon_core.environment:create_environment_scripts_only(mini_challenge_3)
[5.280s] INFO:colcon.colcon_core.shell:Creating package script '/home/mcr2/mini_challenges_eq5/install/mini_challenge_3/share/mini_challenge_3/package.ps1'
[5.283s] INFO:colcon.colcon_core.shell:Creating package descriptor '/home/mcr2/mini_challenges_eq5/install/mini_challenge_3/share/mini_challenge_3/package.dsv'
[5.285s] INFO:colcon.colcon_core.shell:Creating package script '/home/mcr2/mini_challenges_eq5/install/mini_challenge_3/share/mini_challenge_3/package.sh'
[5.290s] INFO:colcon.colcon_core.shell:Creating package script '/home/mcr2/mini_challenges_eq5/install/mini_challenge_3/share/mini_challenge_3/package.bash'
[5.295s] INFO:colcon.colcon_core.shell:Creating package script '/home/mcr2/mini_challenges_eq5/install/mini_challenge_3/share/mini_challenge_3/package.zsh'
[5.300s] Level 1:colcon.colcon_core.environment:create_file_with_runtime_dependencies(/home/mcr2/mini_challenges_eq5/install/mini_challenge_3/share/colcon-core/packages/mini_challenge_3)
[5.306s] DEBUG:colcon.colcon_core.event_handler.log_command:Invoked command in '/home/mcr2/mini_challenges_eq5/src/mini_challenge_2' returned '0': PYTHONPATH=/home/mcr2/mini_challenges_eq5/build/mini_challenge_2/prefix_override:/home/mcr2/mini_challenges_eq5/install/mini_challenge_2/lib/python3.10/site-packages:${PYTHONPATH} /usr/bin/python3 setup.py egg_info --egg-base ../../build/mini_challenge_2 build --build-base /home/mcr2/mini_challenges_eq5/build/mini_challenge_2/build install --record /home/mcr2/mini_challenges_eq5/build/mini_challenge_2/install.log --single-version-externally-managed
[5.332s] Level 1:colcon.colcon_core.environment:checking '/home/mcr2/mini_challenges_eq5/install/mini_challenge_2' for CMake module files
[5.333s] Level 1:colcon.colcon_core.environment:checking '/home/mcr2/mini_challenges_eq5/install/mini_challenge_2' for CMake config files
[5.335s] Level 1:colcon.colcon_core.environment:checking '/home/mcr2/mini_challenges_eq5/install/mini_challenge_2/lib'
[5.336s] Level 1:colcon.colcon_core.environment:checking '/home/mcr2/mini_challenges_eq5/install/mini_challenge_2/bin'
[5.336s] Level 1:colcon.colcon_core.environment:checking '/home/mcr2/mini_challenges_eq5/install/mini_challenge_2/lib/pkgconfig/mini_challenge_2.pc'
[5.337s] Level 1:colcon.colcon_core.environment:checking '/home/mcr2/mini_challenges_eq5/install/mini_challenge_2/lib/python3.10/site-packages'
[5.337s] Level 1:colcon.colcon_core.shell:create_environment_hook('mini_challenge_2', 'pythonpath')
[5.396s] INFO:colcon.colcon_core.shell:Creating environment hook '/home/mcr2/mini_challenges_eq5/install/mini_challenge_2/share/mini_challenge_2/hook/pythonpath.ps1'
[5.398s] INFO:colcon.colcon_core.shell:Creating environment descriptor '/home/mcr2/mini_challenges_eq5/install/mini_challenge_2/share/mini_challenge_2/hook/pythonpath.dsv'
[5.400s] INFO:colcon.colcon_core.shell:Creating environment hook '/home/mcr2/mini_challenges_eq5/install/mini_challenge_2/share/mini_challenge_2/hook/pythonpath.sh'
[5.402s] Level 1:colcon.colcon_core.environment:checking '/home/mcr2/mini_challenges_eq5/install/mini_challenge_2/bin'
[5.402s] Level 1:colcon.colcon_core.environment:create_environment_scripts_only(mini_challenge_2)
[5.438s] INFO:colcon.colcon_core.shell:Creating package script '/home/mcr2/mini_challenges_eq5/install/mini_challenge_2/share/mini_challenge_2/package.ps1'
[5.439s] INFO:colcon.colcon_core.shell:Creating package descriptor '/home/mcr2/mini_challenges_eq5/install/mini_challenge_2/share/mini_challenge_2/package.dsv'
[5.440s] INFO:colcon.colcon_core.shell:Creating package script '/home/mcr2/mini_challenges_eq5/install/mini_challenge_2/share/mini_challenge_2/package.sh'
[5.441s] INFO:colcon.colcon_core.shell:Creating package script '/home/mcr2/mini_challenges_eq5/install/mini_challenge_2/share/mini_challenge_2/package.bash'
[5.442s] INFO:colcon.colcon_core.shell:Creating package script '/home/mcr2/mini_challenges_eq5/install/mini_challenge_2/share/mini_challenge_2/package.zsh'
[5.443s] Level 1:colcon.colcon_core.environment:create_file_with_runtime_dependencies(/home/mcr2/mini_challenges_eq5/install/mini_challenge_2/share/colcon-core/packages/mini_challenge_2)
[5.443s] DEBUG:colcon.colcon_parallel_executor.executor.parallel:closing loop
[5.444s] DEBUG:colcon.colcon_parallel_executor.executor.parallel:loop closed
[5.444s] DEBUG:colcon.colcon_parallel_executor.executor.parallel:run_until_complete finished with '0'
[5.444s] DEBUG:colcon.colcon_core.event_reactor:joining thread
[5.489s] INFO:colcon.colcon_core.plugin_system:Skipping extension 'colcon_notification.desktop_notification.terminal_notifier': Not used on non-Darwin systems
[5.489s] INFO:colcon.colcon_core.plugin_system:Skipping extension 'colcon_notification.desktop_notification.win32': Not used on non-Windows systems
[5.489s] INFO:colcon.colcon_notification.desktop_notification:Sending desktop notification using 'notify2'
[5.531s] DEBUG:colcon.colcon_core.event_reactor:joined thread
[5.557s] INFO:colcon.colcon_core.shell:Creating prefix script '/home/mcr2/mini_challenges_eq5/install/local_setup.ps1'
[5.560s] INFO:colcon.colcon_core.shell:Creating prefix util module '/home/mcr2/mini_challenges_eq5/install/_local_setup_util_ps1.py'
[5.563s] INFO:colcon.colcon_core.shell:Creating prefix chain script '/home/mcr2/mini_challenges_eq5/install/setup.ps1'
[5.590s] INFO:colcon.colcon_core.shell:Creating prefix script '/home/mcr2/mini_challenges_eq5/install/local_setup.sh'
[5.592s] INFO:colcon.colcon_core.shell:Creating prefix util module '/home/mcr2/mini_challenges_eq5/install/_local_setup_util_sh.py'
[5.594s] INFO:colcon.colcon_core.shell:Creating prefix chain script '/home/mcr2/mini_challenges_eq5/install/setup.sh'
[5.623s] INFO:colcon.colcon_core.shell:Creating prefix script '/home/mcr2/mini_challenges_eq5/install/local_setup.bash'
[5.626s] INFO:colcon.colcon_core.shell:Creating prefix chain script '/home/mcr2/mini_challenges_eq5/install/setup.bash'
[5.655s] INFO:colcon.colcon_core.shell:Creating prefix script '/home/mcr2/mini_challenges_eq5/install/local_setup.zsh'
[5.658s] INFO:colcon.colcon_core.shell:Creating prefix chain script '/home/mcr2/mini_challenges_eq5/install/setup.zsh'
