running egg_info
writing ../../build/mini_challenge_4/mini_challenge_4.egg-info/PKG-INFO
writing dependency_links to ../../build/mini_challenge_4/mini_challenge_4.egg-info/dependency_links.txt
writing entry points to ../../build/mini_challenge_4/mini_challenge_4.egg-info/entry_points.txt
writing requirements to ../../build/mini_challenge_4/mini_challenge_4.egg-info/requires.txt
writing top-level names to ../../build/mini_challenge_4/mini_challenge_4.egg-info/top_level.txt
reading manifest file '../../build/mini_challenge_4/mini_challenge_4.egg-info/SOURCES.txt'
writing manifest file '../../build/mini_challenge_4/mini_challenge_4.egg-info/SOURCES.txt'
running build
running build_py
running install
running install_lib
creating /home/puzzlebot/github/mini_challenges_eq5/install/mini_challenge_4/lib/python3.8/site-packages/mini_challenge_4
copying /home/puzzlebot/github/mini_challenges_eq5/build/mini_challenge_4/build/lib/mini_challenge_4/Vision.py -> /home/puzzlebot/github/mini_challenges_eq5/install/mini_challenge_4/lib/python3.8/site-packages/mini_challenge_4
copying /home/puzzlebot/github/mini_challenges_eq5/build/mini_challenge_4/build/lib/mini_challenge_4/__init__.py -> /home/puzzlebot/github/mini_challenges_eq5/install/mini_challenge_4/lib/python3.8/site-packages/mini_challenge_4
copying /home/puzzlebot/github/mini_challenges_eq5/build/mini_challenge_4/build/lib/mini_challenge_4/Controller.py -> /home/puzzlebot/github/mini_challenges_eq5/install/mini_challenge_4/lib/python3.8/site-packages/mini_challenge_4
copying /home/puzzlebot/github/mini_challenges_eq5/build/mini_challenge_4/build/lib/mini_challenge_4/Odometry.py -> /home/puzzlebot/github/mini_challenges_eq5/install/mini_challenge_4/lib/python3.8/site-packages/mini_challenge_4
byte-compiling /home/puzzlebot/github/mini_challenges_eq5/install/mini_challenge_4/lib/python3.8/site-packages/mini_challenge_4/Vision.py to Vision.cpython-38.pyc
byte-compiling /home/puzzlebot/github/mini_challenges_eq5/install/mini_challenge_4/lib/python3.8/site-packages/mini_challenge_4/__init__.py to __init__.cpython-38.pyc
byte-compiling /home/puzzlebot/github/mini_challenges_eq5/install/mini_challenge_4/lib/python3.8/site-packages/mini_challenge_4/Controller.py to Controller.cpython-38.pyc
byte-compiling /home/puzzlebot/github/mini_challenges_eq5/install/mini_challenge_4/lib/python3.8/site-packages/mini_challenge_4/Odometry.py to Odometry.cpython-38.pyc
running install_data
running install_egg_info
Copying ../../build/mini_challenge_4/mini_challenge_4.egg-info to /home/puzzlebot/github/mini_challenges_eq5/install/mini_challenge_4/lib/python3.8/site-packages/mini_challenge_4-0.0.0-py3.8.egg-info
running install_scripts
Installing Controller script to /home/puzzlebot/github/mini_challenges_eq5/install/mini_challenge_4/lib/mini_challenge_4
Installing Odometry script to /home/puzzlebot/github/mini_challenges_eq5/install/mini_challenge_4/lib/mini_challenge_4
Installing Vision script to /home/puzzlebot/github/mini_challenges_eq5/install/mini_challenge_4/lib/mini_challenge_4
writing list of installed files to '/home/puzzlebot/github/mini_challenges_eq5/build/mini_challenge_4/install.log'
